# Image grab timer: 2017-12-12 17:34:35.038946
1.086429999999999896e-01
2.152725999999999917e+00
2.621108000000000438e+00
2.593714999999999549e+00
2.586403999999999037e+00
2.590593999999999397e+00
2.583497999999998740e+00
2.572791999999999746e+00
2.591938000000002518e+00
2.586755000000000138e+00
2.631927999999998491e+00
2.607410999999999035e+00
2.605750000000000455e+00
2.594010999999998290e+00
2.604054999999995346e+00
2.591371000000002311e+00
2.589041999999999177e+00
2.589292999999997846e+00
2.597466000000004271e+00
2.587959000000005005e+00
2.588557000000001551e+00
2.588633999999998991e+00
2.603298999999999808e+00
2.605097000000000662e+00
2.603921999999997183e+00
2.597207999999994854e+00
2.598215000000010377e+00
2.717092000000008056e+00
2.596610999999995784e+00
2.598278000000007637e+00
2.601563999999996213e+00
2.591968999999991752e+00
2.629301999999995587e+00
2.608276000000003592e+00
2.599368999999995822e+00
2.599433000000004768e+00
2.593794000000002598e+00
2.597393999999994207e+00
2.638911999999990599e+00
2.587023999999999546e+00
2.637463000000010993e+00
2.599116000000009308e+00
2.609116000000000213e+00
2.602378000000001634e+00
2.596476999999993041e+00
2.589856999999994969e+00
2.602924999999999045e+00
2.593592000000001008e+00
2.586414000000004876e+00
2.590941000000000827e+00
2.595654000000010342e+00
2.600875000000002046e+00
2.594381999999995969e+00
2.601844999999997299e+00
2.652547999999995909e+00
2.595582999999976437e+00
2.590627000000012004e+00
2.606004000000012866e+00
2.600473999999991292e+00
2.663101999999980762e+00
2.596568999999988137e+00
2.604077000000017961e+00
2.600468000000006441e+00
2.595254000000011274e+00
2.585808000000014317e+00
2.588815999999980022e+00
2.589677999999992153e+00
2.590823999999997795e+00
2.591290000000014970e+00
2.593111000000021704e+00
2.592389999999994643e+00
2.601722999999992680e+00
2.587294000000014194e+00
2.594634999999982483e+00
2.602140999999988935e+00
2.604320999999998776e+00
2.578881999999993013e+00
2.590103999999996631e+00
2.598122999999986860e+00
2.590935000000001764e+00
2.589335000000005493e+00
2.606032999999996491e+00
2.600653999999991584e+00
2.594318000000015445e+00
2.588537000000002308e+00
2.584328999999996768e+00
2.587568000000004531e+00
2.690075000000007321e+00
2.586933000000016136e+00
2.589309000000014294e+00
2.606622000000015760e+00
2.608227000000027829e+00
2.598934000000014066e+00
2.614069000000000642e+00
2.600389000000006945e+00
2.598039999999997463e+00
2.587301999999993996e+00
2.598061000000001286e+00
2.591942000000017288e+00
2.589051000000011982e+00
2.605220999999971809e+00
2.599482999999963795e+00
2.605673000000024331e+00
2.592567000000030930e+00
2.603108999999960815e+00
2.595975000000009913e+00
2.613926999999989675e+00
2.605844999999987976e+00
2.625010000000031596e+00
2.602656999999965137e+00
2.605207000000007156e+00
2.585549000000014530e+00
2.597337000000038643e+00
2.595845999999994547e+00
2.678582000000005792e+00
2.588512000000037006e+00
2.591417999999976018e+00
2.600442999999984295e+00
2.591704999999990378e+00
2.596871000000021468e+00
2.581941000000028907e+00
2.583458000000007360e+00
2.592008000000021184e+00
2.596395000000029540e+00
2.603790000000003602e+00
2.629135000000019318e+00
2.594914000000017040e+00
2.609683999999958814e+00
2.639192999999977474e+00
2.594554000000016458e+00
2.607810999999969681e+00
2.599603999999999360e+00
2.591092000000003281e+00
2.594054999999968913e+00
2.604619000000013784e+00
2.604315999999982978e+00
2.599890999999956875e+00
2.588736000000039894e+00
2.588618999999994230e+00
2.598704999999995380e+00
2.580284000000006017e+00
2.593011999999987438e+00
2.606698999999991884e+00
2.602036999999995714e+00
2.606673000000000684e+00
2.606272000000046773e+00
2.601309000000014748e+00
2.606821999999965556e+00
2.594777000000021872e+00
2.638840000000016062e+00
2.597680000000025302e+00
2.601810999999997875e+00
2.596252999999990152e+00
2.597878999999977623e+00
2.589508999999964090e+00
2.597324000000014621e+00
2.591397999999969670e+00
2.610526999999990494e+00
2.707965000000001510e+00
2.592815999999970700e+00
2.598928000000000793e+00
2.589822000000026492e+00
2.598862999999994372e+00
2.596432999999990443e+00
2.601705999999978758e+00
2.603635999999994510e+00
2.598469999999963420e+00
2.601542000000051758e+00
2.580914999999947668e+00
2.594093999999984135e+00
2.593413999999995667e+00
2.595544000000018059e+00
2.606381999999996424e+00
2.606010000000026139e+00
2.603041000000018812e+00
2.593245000000024447e+00
2.592548000000022057e+00
2.589025999999989835e+00
2.592941999999993641e+00
2.590694999999982429e+00
2.596243000000015400e+00
2.587445999999999913e+00
2.598408000000006268e+00
2.602714999999989232e+00
2.588828999999975622e+00
2.579577999999969506e+00
2.583953000000008160e+00
2.593724000000008800e+00
2.603573999999980515e+00
2.594121000000029653e+00
2.592510000000004311e+00
2.591680999999994128e+00
2.581890000000043983e+00
2.587700999999981377e+00
2.582953000000031807e+00
2.590945999999973992e+00
2.588193999999987227e+00
2.596036999999967065e+00
2.599735000000009677e+00
2.598273999999946682e+00
2.595221000000037748e+00
2.594654999999988831e+00
2.591566999999940890e+00
2.592038000000002285e+00
2.640155999999933556e+00
2.591459000000099877e+00
2.584793999999988046e+00
2.636883000000011634e+00
2.605500000000006366e+00
2.602434000000016567e+00
2.581156000000078166e+00
2.594058000000018183e+00
2.603037999999969543e+00
2.584875999999894702e+00
2.597719999999981155e+00
2.715733999999997650e+00
2.597251999999912186e+00
2.603554000000031010e+00
2.638585999999918386e+00
2.585643000000004577e+00
2.597819999999956053e+00
2.598606000000017957e+00
2.593096000000059576e+00
2.591827999999964049e+00
2.578975000000014006e+00
2.596932999999921776e+00
2.625408999999990556e+00
2.600736999999980981e+00
2.594231000000036147e+00
2.586066000000073473e+00
2.614471000000094136e+00
2.598752999999987878e+00
2.597949999999968895e+00
2.594842999999968924e+00
2.594852000000059888e+00
2.581846999999925174e+00
2.683507999999960703e+00
2.608953999999926054e+00
2.598025000000006912e+00
2.595098000000007232e+00
2.594586999999933141e+00
2.597369999999955326e+00
2.604712999999946987e+00
2.602832000000034895e+00
2.599927999999977146e+00
2.605370999999991000e+00
2.587254999999913707e+00
2.602481000000011591e+00
2.584790999999995620e+00
2.594875000000001819e+00
2.597422000000051412e+00
2.598140000000057626e+00
2.601612999999929343e+00
2.593440999999984342e+00
2.600821999999993750e+00
2.600129000000038104e+00
2.604779000000007727e+00
2.602823999999941407e+00
2.599003000000038810e+00
2.594540000000051805e+00
2.585781999999994696e+00
2.612457999999946878e+00
2.602942999999982021e+00
2.597612000000026455e+00
2.598669000000086271e+00
2.587781000000063614e+00
2.586710000000039145e+00
2.588367000000062035e+00
2.582474000000047454e+00
2.597124000000007982e+00
2.594044999999937318e+00
2.591211999999927684e+00
2.601543999999989865e+00
2.603286999999909312e+00
2.599439000000074884e+00
2.596149999999965985e+00
2.599277999999912936e+00
2.663495000000011714e+00
2.587855999999987944e+00
2.611709000000018932e+00
