# Marker Detection timer: 2017-12-12 17:34:35.032893
6.918400000000002326e-02
5.966300000000002157e-02
6.746799999999986142e-02
6.456200000000045236e-02
6.128299999999953229e-02
5.938699999999919044e-02
5.865899999999868442e-02
6.364400000000003388e-02
6.378699999999781767e-02
7.029800000000108184e-02
7.137000000000170985e-02
7.214800000000209934e-02
6.673800000000085220e-02
7.018699999999711281e-02
5.961500000000086175e-02
6.513500000000504997e-02
6.860500000000513410e-02
7.141800000000131377e-02
5.855400000000088312e-02
6.630599999999731153e-02
6.030600000000418959e-02
7.264100000000439650e-02
7.441999999999637794e-02
6.922999999999746024e-02
6.912799999999919009e-02
6.934300000000348518e-02
7.431100000000867567e-02
6.913499999998862222e-02
6.545200000000761520e-02
6.800299999999026568e-02
6.381999999999266038e-02
6.273400000000606269e-02
6.965099999999324609e-02
6.895100000001264107e-02
7.135900000000106047e-02
6.323100000000181353e-02
6.854400000000282489e-02
6.788699999999892043e-02
6.449999999999533884e-02
5.909400000000175623e-02
7.121899999999925512e-02
7.523199999999974352e-02
6.694900000000814089e-02
6.575700000000495038e-02
5.929899999999577176e-02
7.299700000000086675e-02
6.183699999999703323e-02
6.107900000000654472e-02
6.200300000000424916e-02
6.334499999999820830e-02
6.904199999999605097e-02
6.298499999999762622e-02
6.385399999999208376e-02
6.971699999999714237e-02
6.453299999998307612e-02
6.042199999998842941e-02
6.900600000000167711e-02
6.744599999998968087e-02
6.721400000000699038e-02
6.242199999999797910e-02
7.066500000001951776e-02
6.811900000002424349e-02
6.341299999999705506e-02
6.447900000000572618e-02
6.410999999999944521e-02
6.272800000002121124e-02
6.765099999998369640e-02
6.659400000000914588e-02
6.679199999999241300e-02
6.444100000001640183e-02
6.931500000001733497e-02
5.815300000000434011e-02
6.929100000002108573e-02
6.955399999998235216e-02
7.084899999998128806e-02
5.875800000001163426e-02
6.403699999998480052e-02
6.679599999998231397e-02
6.508800000000292130e-02
6.744799999998463136e-02
6.508199999998964813e-02
6.759800000000382170e-02
6.176599999997733903e-02
6.421399999999266583e-02
6.059500000000639375e-02
5.926099999999223655e-02
7.493900000000053296e-02
6.628299999999853753e-02
6.612600000002544220e-02
7.280100000002676097e-02
7.213600000000042201e-02
6.461100000001351873e-02
7.915100000002439629e-02
7.081199999998943895e-02
6.488999999999123247e-02
5.697099999997590203e-02
6.661500000001296939e-02
6.041400000000862747e-02
5.912100000000464206e-02
7.064500000001316948e-02
6.685900000002220622e-02
6.964800000002924207e-02
5.951099999998632484e-02
6.520499999999174179e-02
6.191499999999905413e-02
6.389099999995551116e-02
7.086099999997941268e-02
5.887900000004719914e-02
6.381199999998443673e-02
6.842300000005252514e-02
6.733700000000908403e-02
6.469500000002881279e-02
6.661800000000539512e-02
6.588499999998020940e-02
6.128400000000056025e-02
6.216100000000324144e-02
6.814400000001796798e-02
6.646299999999882857e-02
6.348300000001927401e-02
6.395900000001120134e-02
5.975499999999556167e-02
6.237700000002632805e-02
6.254899999998997373e-02
6.441100000000687942e-02
7.657599999998865314e-02
7.041400000002795423e-02
6.527700000003733294e-02
1.092270000000326036e-01
6.621200000000726504e-02
7.442300000002433080e-02
6.495400000000017826e-02
6.515799999999671854e-02
6.670700000000806540e-02
6.547900000003892274e-02
6.885199999999258580e-02
6.822500000004083631e-02
5.958400000002939123e-02
6.429800000000795990e-02
6.404000000003406967e-02
6.544300000001612716e-02
6.346800000000030195e-02
6.923900000003868627e-02
6.616100000002234083e-02
7.019900000000234286e-02
7.061699999997017585e-02
7.111199999997097621e-02
6.920300000001589069e-02
6.344200000000910222e-02
6.352900000001682201e-02
6.571199999996224506e-02
6.783000000001493390e-02
6.601100000000315049e-02
5.893100000002959860e-02
6.254200000000764703e-02
6.462400000003754030e-02
6.013899999999239299e-02
7.552000000003999958e-02
6.515300000000934233e-02
6.396399999999857755e-02
6.548199999997450504e-02
6.068499999997811756e-02
6.700499999999465217e-02
6.996000000003732566e-02
7.014200000003256719e-02
6.871499999999741704e-02
6.923299999999699139e-02
7.231600000000071304e-02
6.251099999997222767e-02
6.085500000000365617e-02
6.178499999998621206e-02
6.309700000002749221e-02
7.144900000002962770e-02
6.918400000000701766e-02
7.411400000000867294e-02
6.589199999996253609e-02
6.623899999999594002e-02
6.462799999997059786e-02
6.561700000003156674e-02
6.434200000001055741e-02
6.766199999998434578e-02
6.389300000000730506e-02
6.761399999999184729e-02
6.738899999999148349e-02
6.315799999998716885e-02
6.136000000003605237e-02
5.749200000002474553e-02
6.457299999999577267e-02
7.491900000002260640e-02
6.085699999999860665e-02
6.457399999999324791e-02
6.569899999999506690e-02
5.671999999998433850e-02
6.303800000000592263e-02
6.166699999999991633e-02
7.474300000001221633e-02
6.539099999997688428e-02
7.012700000001359513e-02
6.558400000005804031e-02
6.442000000004100002e-02
6.743499999993218808e-02
6.466399999999339343e-02
6.391600000006292248e-02
6.376199999999698775e-02
7.081300000004375761e-02
5.974399999990964716e-02
6.541800000002240267e-02
6.454400000006899063e-02
6.883800000002793240e-02
6.739700000002812885e-02
5.820000000005620677e-02
5.983100000003105379e-02
6.891499999994721293e-02
6.425600000000031287e-02
6.171500000004925823e-02
6.947400000001380249e-02
6.668000000001939043e-02
6.067800000005263428e-02
1.099950000000262662e-01
6.872500000008585630e-02
6.279900000004090543e-02
7.196499999997740815e-02
6.139200000006894697e-02
6.670200000007753260e-02
5.904299999997419945e-02
6.387800000004517642e-02
6.921299999999064312e-02
6.950099999994563404e-02
6.329200000004675530e-02
6.030499999997118721e-02
7.490299999994931568e-02
7.069899999999051943e-02
6.834800000001450826e-02
6.273199999998269050e-02
6.271600000002308661e-02
6.111099999998259591e-02
6.889999999998508429e-02
7.602099999996880797e-02
6.835499999999683496e-02
6.481900000005680340e-02
6.011100000000624277e-02
6.760499999995772669e-02
6.749600000000555156e-02
6.940099999997073610e-02
7.028400000001511216e-02
6.902200000001812441e-02
6.034799999997630948e-02
7.439299999998638668e-02
5.924000000004525646e-02
6.613800000002356683e-02
6.735000000003310561e-02
6.695299999989856587e-02
7.034299999997983832e-02
6.579899999996996485e-02
6.447700000001077569e-02
6.673299999999926513e-02
7.418600000005426409e-02
7.029099999999743886e-02
6.086400000003777677e-02
6.420599999989917706e-02
5.968199999995249527e-02
6.155300000000352156e-02
6.371599999999943975e-02
6.606899999997040140e-02
6.311799999991762888e-02
6.052699999997912528e-02
6.551899999999477586e-02
6.495699999993576057e-02
6.186000000002422894e-02
6.287999999995008693e-02
6.100900000001274748e-02
6.306900000004134199e-02
6.844599999999445572e-02
6.915900000001329317e-02
6.470600000000104046e-02
6.499600000006466871e-02
6.618000000003121386e-02
6.671500000004471076e-02
6.577200000003813329e-02
7.340599999997721170e-02
7.520599999998012208e-02
