# Homography application timer: 2017-12-12 17:34:35.056700
8.655200000000007332e-02
7.542099999999996029e-02
7.079199999999996606e-02
7.038900000000003487e-02
7.049000000000016364e-02
7.155700000000009275e-02
7.472600000000007014e-02
7.064899999999996183e-02
6.984900000000004994e-02
7.273299999999993659e-02
7.250100000000037070e-02
7.176399999999993895e-02
7.249200000000044497e-02
1.429000000000000270e-01
7.117099999999965121e-02
7.227600000000045100e-02
7.415699999999958436e-02
7.312100000000043565e-02
7.162900000000060885e-02
7.258099999999956253e-02
7.117899999999988125e-02
7.248199999999993537e-02
7.253599999999948977e-02
7.248399999999932675e-02
6.977799999999945157e-02
7.107900000000100249e-02
7.250900000000015666e-02
7.143899999999980821e-02
7.254000000000004889e-02
7.462300000000077205e-02
7.298499999999918941e-02
7.228300000000054126e-02
7.166899999999998272e-02
7.155799999999956640e-02
7.388800000000017576e-02
7.409300000000129671e-02
7.386499999999962540e-02
7.363499999999945089e-02
7.215999999999844761e-02
7.401599999999852741e-02
7.057499999999983231e-02
7.253000000000042746e-02
7.239500000000020918e-02
7.242300000000057025e-02
7.145299999999998875e-02
7.117900000000076943e-02
7.238800000000011892e-02
7.262300000000010414e-02
6.977100000000113766e-02
7.243099999999813576e-02
7.237999999999900069e-02
7.255400000000022942e-02
7.037300000000001887e-02
7.244299999999981310e-02
7.223099999999860188e-02
7.143199999999794159e-02
7.495499999999921670e-02
7.352400000000258729e-02
7.182299999999841589e-02
7.122700000000037335e-02
7.233599999999995589e-02
7.232199999999977535e-02
7.225999999999999091e-02
7.138600000000039358e-02
7.237000000000293198e-02
7.215700000000069281e-02
7.213400000000191881e-02
7.187899999999913803e-02
7.245800000000102159e-02
7.277100000000302771e-02
7.243799999999822603e-02
7.545299999999954821e-02
7.231099999999912598e-02
7.226599999999905322e-02
7.555999999999940542e-02
7.221199999999683428e-02
7.432100000000119167e-02
7.471999999999923148e-02
1.454979999999999052e-01
7.363399999999842294e-02
7.447799999999915599e-02
7.507700000000028240e-02
7.430300000000045202e-02
7.519900000000134810e-02
7.441400000000086834e-02
7.231799999999921624e-02
7.506399999999757711e-02
7.536699999999996180e-02
7.100600000000056866e-02
7.595400000000296359e-02
7.480800000000087380e-02
7.453300000000240289e-02
7.488800000000139789e-02
7.198099999999740817e-02
7.327100000000186242e-02
7.282299999999963802e-02
7.008199999999931151e-02
7.261900000000309774e-02
7.205200000000644422e-02
7.435999999999864940e-02
7.501299999999844204e-02
7.499999999999573674e-02
7.492200000000082127e-02
7.351599999999791635e-02
7.232599999999678175e-02
7.451499999999811052e-02
7.252700000000089631e-02
7.308200000000653063e-02
7.206099999999793226e-02
7.388800000000372847e-02
7.438599999999695456e-02
7.426199999999738566e-02
7.369500000000073214e-02
7.515200000000277214e-02
7.338500000000180989e-02
7.439300000000059754e-02
7.264900000000551472e-02
7.444600000000178852e-02
7.318500000000227601e-02
7.277400000000255886e-02
7.436599999999771171e-02
7.294800000000378759e-02
7.313699999999556667e-02
7.247299999999512465e-02
7.226500000000157797e-02
7.207300000000316231e-02
7.475000000000164846e-02
7.326899999999625379e-02
7.074099999999816646e-02
7.149100000000174759e-02
7.470999999999605734e-02
7.117800000000329419e-02
7.085000000000007958e-02
7.102000000000430191e-02
7.065899999999913916e-02
7.381199999999665806e-02
7.061900000000065347e-02
7.419999999999760121e-02
7.497599999999948750e-02
7.437600000000088585e-02
7.476400000000182899e-02
7.450599999999951706e-02
7.358099999999723195e-02
7.222199999999645570e-02
7.395499999999799456e-02
7.307099999999877582e-02
7.419399999999853890e-02
7.268899999999689499e-02
7.204000000000121418e-02
7.232400000000183127e-02
7.256600000000190676e-02
7.123099999999737975e-02
7.069800000000014961e-02
7.154500000000041382e-02
7.230099999999595184e-02
7.162999999999897227e-02
7.256699999999938200e-02
7.249599999999389865e-02
7.266500000000064574e-02
7.168899999999922557e-02
7.126600000000138380e-02
7.246899999999811826e-02
7.177899999999937108e-02
7.161700000000337241e-02
7.215599999999966485e-02
7.147900000000362297e-02
7.347899999999896181e-02
7.506599999999963302e-02
7.444399999999973261e-02
7.180600000000225691e-02
7.315499999999985903e-02
7.455199999999706506e-02
7.181899999999785678e-02
7.250200000000006639e-02
7.245100000000093132e-02
7.561199999999956844e-02
7.140800000000524506e-02
7.542300000000068394e-02
7.444900000000131968e-02
7.381300000000123873e-02
7.401899999999983493e-02
7.554600000000277760e-02
7.548500000000046839e-02
7.541599999999704096e-02
6.997400000000197906e-02
7.440700000000077807e-02
7.505100000000197724e-02
7.384299999999655029e-02
7.544800000000151385e-02
7.537599999999855527e-02
7.533600000000006958e-02
7.587699999999841793e-02
7.349199999999456168e-02
7.575800000000043610e-02
7.296099999999938746e-02
7.345699999999766305e-02
7.507600000000280716e-02
7.506700000000421369e-02
7.559800000001359876e-02
7.392699999999763349e-02
7.457700000000500040e-02
7.501600000000507862e-02
7.486300000000767341e-02
7.489099999999382362e-02
7.498200000000565524e-02
7.143699999998887051e-02
7.319099999999423289e-02
7.093900000000985528e-02
7.149900000000286582e-02
7.333199999999351348e-02
7.357400000000779983e-02
7.185299999999017473e-02
7.440300000000377167e-02
7.380100000000311411e-02
7.361799999999618649e-02
7.475499999999613010e-02
7.122200000000589171e-02
7.188600000000633372e-02
7.207699999999306328e-02
7.228500000000792625e-02
7.159800000000871023e-02
7.319400000000086948e-02
7.472300000000586806e-02
7.369799999999315787e-02
7.054999999999722604e-02
7.289899999999249758e-02
7.457399999999836382e-02
7.492200000000082127e-02
7.286600000000476030e-02
7.460300000001041099e-02
7.519700000000284490e-02
7.472399999998913245e-02
7.207099999999400097e-02
7.468799999999475858e-02
7.199500000000114142e-02
7.499699999999620559e-02
7.467699999999410920e-02
7.198200000000554155e-02
7.305000000000916316e-02
7.360599999999806187e-02
7.313000000000613454e-02
7.310699999999314969e-02
7.071299999999780539e-02
7.095800000000451746e-02
7.453900000000146520e-02
7.251800000000230284e-02
7.338699999999676038e-02
7.116600000000516957e-02
7.429899999999634019e-02
7.079799999999636384e-02
7.430300000000045202e-02
7.156100000000265027e-02
7.279900000000338878e-02
1.454769999999996344e-01
7.114099999999723423e-02
7.513199999999642387e-02
7.596900000000061937e-02
7.520600000000854379e-02
7.183700000000214914e-02
7.494499999999959527e-02
7.485099999999533793e-02
7.243100000000879390e-02
7.532499999999231477e-02
7.504399999999122883e-02
7.081200000000364980e-02
7.513500000000306045e-02
7.787600000000338696e-02
7.450300000000709133e-02
7.507999999999981355e-02
7.497499999999490683e-02
7.484399999999880038e-02
7.457899999999995089e-02
7.122300000000336695e-02
7.161500000000842192e-02
7.254700000000013915e-02
7.163399999998887324e-02
7.146300000000849195e-02
7.221200000000749242e-02
7.180999999999926331e-02
7.183799999999962438e-02
7.438700000000153523e-02
7.195899999999255670e-02
7.231699999999818829e-02
7.204899999999270221e-02
7.283699999999271313e-02
7.235900000000583532e-02
7.193699999999125794e-02
7.240600000000085856e-02
7.067800000000090677e-02
7.152899999999817737e-02
7.238900000000114687e-02
7.410600000000044929e-02
7.478100000000154068e-02
7.317899999999610827e-02
7.475499999999613010e-02
7.331699999998875228e-02
7.166800000000250748e-02
1.476229999999958409e-01
7.510499999999353804e-02
7.517799999999397187e-02
7.519700000000284490e-02
7.508600000001308672e-02
7.315700000000902037e-02
7.528800000000046566e-02
7.300399999999740430e-02
7.202999999999804004e-02
7.176800000000582713e-02
7.206499999999493866e-02
7.128399999999146530e-02
7.201299999999832835e-02
7.192699999998808380e-02
7.218999999999198280e-02
6.959200000000009823e-02
7.339400000000750879e-02
7.485900000000356158e-02
7.473699999999894317e-02
7.141900000000589444e-02
7.272600000000295495e-02
7.439300000000059754e-02
7.380999999999460215e-02
7.092400000000509408e-02
7.531600000000082673e-02
7.521500000000003183e-02
7.378400000000340242e-02
7.446299999999439478e-02
7.316000000000144610e-02
7.326999999999372903e-02
7.384399999999402553e-02
7.079799999999636384e-02
7.505900000001020089e-02
7.452200000000175351e-02
7.404800000000477667e-02
7.496700000000089403e-02
7.446999999999093234e-02
7.381800000000282580e-02
7.453200000000492764e-02
7.394299999999986994e-02
7.505999999999346528e-02
7.509600000000205000e-02
7.521400000000255659e-02
7.490199999999447300e-02
7.349499999999409283e-02
7.270800000000576802e-02
7.344599999998990825e-02
7.192399999999565807e-02
7.438899999999648571e-02
7.473600000000146792e-02
7.533199999998885232e-02
7.520999999999844476e-02
7.453999999999894044e-02
7.515199999998856129e-02
7.507800000000486307e-02
7.087399999998922340e-02
7.475599999999360534e-02
7.420400000000881846e-02
7.507999999999981355e-02
7.293400000000360706e-02
7.463599999999814827e-02
7.300299999999992906e-02
7.354599999999322790e-02
7.075700000000040291e-02
7.456099999998855310e-02
7.197299999999984266e-02
7.410300000000802356e-02
7.183799999999962438e-02
7.469900000000961882e-02
7.467900000000327054e-02
7.472199999999418196e-02
7.495199999999613283e-02
7.292000000001053195e-02
7.319100000000844375e-02
7.329500000000166438e-02
7.319000000001096851e-02
7.320299999999235752e-02
7.292300000000295768e-02
7.291399999999725878e-02
7.233399999999789998e-02
7.139100000000553337e-02
7.229300000000193904e-02
7.309300000000007458e-02
7.354100000000585169e-02
7.120600000000365526e-02
7.213399999999126067e-02
7.425400000001047829e-02
7.062400000000934597e-02
7.481200000000853834e-02
7.252699999999379088e-02
7.202299999998729163e-02
7.295599999999069496e-02
7.254999999999256488e-02
7.265799999998989733e-02
7.298300000000779164e-02
7.081700000000523687e-02
7.189400000001455737e-02
7.175000000000864020e-02
7.388400000002093293e-02
7.119499999998879503e-02
7.100299999999037937e-02
7.329900000001998706e-02
7.340100000001825720e-02
7.152099999998995372e-02
7.493300000001568151e-02
7.339799999999740976e-02
7.494700000000875661e-02
7.137199999999666034e-02
7.353900000001090120e-02
7.298600000001442822e-02
7.322999999999524334e-02
7.069200000000819273e-02
7.305800000000317596e-02
7.320700000002489105e-02
7.268400000000951877e-02
7.225999999999999091e-02
7.257200000000807449e-02
7.446300000000860564e-02
7.192100000000323234e-02
7.485100000002375964e-02
7.176599999999666579e-02
7.546999999999570719e-02
7.573899999999866850e-02
7.470900000001279295e-02
7.340700000000310865e-02
7.474999999999454303e-02
7.507000000001085027e-02
7.079200000001151238e-02
7.284599999999841202e-02
7.398800000001415356e-02
7.481599999999843931e-02
1.458719999999971151e-01
7.463799999999309875e-02
7.224899999999934153e-02
7.447899999999663123e-02
7.079500000000393811e-02
7.382899999998926432e-02
7.476399999998761814e-02
7.492500000000745786e-02
7.507400000000075124e-02
7.482699999999908869e-02
7.502099999999245483e-02
7.445599999999785723e-02
7.360999999997375198e-02
7.341499999998291059e-02
7.343199999999683314e-02
7.309400000002597153e-02
7.283999999998513886e-02
7.284999999998831299e-02
7.352299999999445390e-02
7.329899999999156535e-02
7.305099999999242755e-02
7.485800000000608634e-02
7.171999999999911779e-02
7.252399999998715430e-02
7.248200000000792897e-02
7.470899999998437124e-02
7.433800000001156150e-02
7.315500000001406988e-02
7.159799999999449938e-02
7.274499999999761712e-02
7.487199999999916145e-02
7.458399999998732710e-02
7.312299999998117528e-02
7.491100000001438275e-02
7.089899999999715874e-02
7.352000000000202817e-02
7.260200000001759690e-02
7.298399999999105603e-02
7.167799999999147076e-02
7.465300000001207081e-02
7.465100000001712033e-02
7.322200000001544140e-02
7.471100000000774344e-02
7.508200000000897489e-02
7.400700000002302659e-02
7.465400000000954606e-02
7.478300000002491288e-02
7.509799999999700049e-02
7.522099999999909414e-02
7.287900000000036016e-02
7.510699999997427767e-02
7.430299999998624116e-02
7.078599999999823922e-02
7.151700000000005275e-02
7.223099999998794374e-02
7.471599999999511965e-02
7.368399999998587191e-02
7.183000000000561158e-02
7.487199999999916145e-02
7.438399999998068779e-02
7.268299999998362182e-02
7.072800000000256659e-02
7.387200000002280831e-02
7.362400000002367051e-02
7.221999999998729436e-02
7.403899999999907777e-02
7.391400000000203363e-02
7.426399999999944157e-02
7.535300000000688669e-02
7.365900000002056913e-02
7.351800000000707769e-02
7.272800000001211629e-02
7.075199999999881584e-02
7.316399999999134707e-02
7.316100000002734305e-02
7.416799999998602289e-02
7.069999999998799467e-02
7.368400000001429362e-02
7.262099999999804822e-02
7.173000000000229193e-02
7.343300000002273009e-02
7.133300000000986074e-02
7.196199999998498242e-02
7.139899999998533531e-02
7.028099999999426473e-02
7.262599999998542444e-02
7.203299999997625491e-02
7.246800000001485387e-02
7.201800000001412627e-02
7.228399999999624015e-02
7.079400000000646287e-02
7.210699999998837484e-02
7.246499999999400643e-02
7.131400000000098771e-02
7.270299999998997009e-02
7.117799999997487248e-02
7.229399999999941429e-02
7.247699999999213105e-02
7.232700000000136242e-02
7.253300000002127490e-02
6.978999999998336534e-02
7.246299999999905594e-02
7.256599999999480133e-02
7.236499999999068677e-02
7.131300000000351247e-02
7.253400000001875014e-02
7.248999999998773092e-02
7.159999999998944986e-02
6.981899999999541251e-02
7.229399999999941429e-02
7.148399999999810461e-02
7.228200000000128966e-02
7.078300000000581349e-02
7.572200000001316766e-02
7.540800000001013359e-02
7.377099999999359170e-02
7.086699999999268584e-02
7.478299999999649117e-02
7.485199999999281317e-02
7.340899999999805914e-02
7.191599999998743442e-02
7.117399999998497151e-02
7.147199999999997999e-02
7.435200000000463660e-02
6.978600000002188608e-02
7.177999999998974090e-02
7.240000000001600711e-02
7.248799999999278043e-02
7.255799999998657768e-02
7.582800000000133878e-02
7.548299999999130705e-02
7.455699999999865213e-02
7.422700000000759246e-02
7.215099999999097236e-02
7.521499999998582098e-02
7.534100000000876207e-02
7.479900000001293847e-02
7.507400000000075124e-02
7.523699999998711974e-02
7.495000000000118234e-02
7.210999999998080057e-02
7.294500000000425644e-02
7.487600000001748413e-02
7.501899999999750435e-02
7.575199999999426836e-02
7.343399999999178362e-02
7.310200000000577347e-02
7.245499999999083229e-02
7.234300000001780973e-02
7.484400000001301123e-02
7.186699999999746069e-02
7.138499999999226020e-02
7.250200000001427725e-02
7.411799999999857391e-02
7.302599999999870306e-02
7.395999999999958163e-02
7.363200000000347245e-02
7.400499999999965439e-02
7.367299999998522253e-02
7.364200000000664659e-02
7.236000000000331056e-02
7.268700000000194450e-02
7.130000000000791260e-02
7.371200000000044383e-02
7.204299999997942905e-02
7.281600000001731132e-02
7.300799999998730527e-02
7.302599999999870306e-02
7.271400000001904118e-02
7.221100000001001717e-02
7.109800000000632281e-02
7.229900000001521221e-02
6.983200000001943408e-02
7.131799999999088868e-02
7.253099999999790271e-02
7.137099999999918509e-02
7.142199999998410931e-02
7.223799999999869215e-02
7.217800000000806904e-02
7.204500000000280124e-02
7.048299999999585452e-02
7.147299999999745523e-02
7.224099999999111787e-02
7.066700000001446824e-02
7.167599999999652027e-02
7.132099999998331441e-02
7.105699999999615102e-02
7.259399999998095154e-02
7.187400000000820910e-02
7.237399999999638567e-02
7.263199999999869760e-02
7.196700000000078035e-02
7.242999999999710781e-02
7.112599999999247302e-02
7.268899999999689499e-02
7.242700000000468208e-02
7.557500000001482476e-02
7.237800000001470835e-02
7.253400000001875014e-02
7.240800000002423076e-02
7.266100000001074477e-02
7.244399999999018291e-02
7.109699999998042586e-02
7.083400000001915942e-02
7.011600000001294575e-02
7.228200000000128966e-02
7.257699999999545071e-02
7.247699999999213105e-02
7.250400000000922773e-02
7.265000000001009539e-02
7.232300000001146145e-02
7.162500000001159606e-02
7.159200000000964792e-02
7.414399999998977364e-02
7.440900000000283399e-02
7.163700000000972068e-02
7.656099999999810279e-02
7.384999999999308784e-02
7.429200000001401349e-02
7.406100000000037653e-02
7.224099999999111787e-02
7.136800000000675936e-02
7.128000000000156433e-02
7.172800000000734144e-02
7.550599999999008105e-02
7.495600000001445551e-02
7.243800000000533146e-02
7.376399999998284329e-02
7.335400000002323395e-02
7.408499999999662577e-02
7.506300000000010186e-02
7.365200000000982072e-02
7.514800000001287117e-02
7.556300000001670014e-02
7.203999999998700332e-02
7.211099999997827581e-02
6.991899999999873216e-02
7.230400000000258842e-02
7.199799999997935629e-02
7.217199999999479587e-02
7.179600000000618820e-02
7.179099999999039028e-02
7.217299999999227111e-02
7.096899999999095598e-02
6.974199999999086685e-02
7.268400000000951877e-02
7.150199999998108069e-02
7.259600000000432374e-02
7.240799999999580905e-02
7.250700000000165346e-02
7.246900000001232911e-02
7.163299999999139800e-02
7.042699999999513238e-02
7.124400000000719047e-02
7.241199999998571002e-02
7.143800000000055661e-02
7.389299999999821011e-02
7.556299999998827843e-02
7.589500000000271029e-02
7.369300000001999251e-02
7.485599999998271414e-02
7.072500000001014087e-02
7.538400000001388435e-02
7.543899999998870953e-02
7.595100000000343243e-02
7.138800000001310764e-02
7.191900000000828186e-02
7.238799999998946078e-02
7.003000000000270120e-02
7.283099999997943996e-02
7.174800000001368971e-02
7.156000000000517502e-02
7.209399999999277497e-02
7.206600000000662476e-02
7.249400000000605360e-02
7.178799999999796455e-02
7.375300000001061562e-02
7.233300000001463559e-02
7.224499999998101885e-02
7.254900000000930049e-02
7.260599999997907616e-02
7.262000000000057298e-02
7.246299999999905594e-02
7.567900000000804539e-02
7.116500000000769433e-02
7.540499999998928615e-02
7.538399999998546264e-02
7.547800000000393084e-02
7.147799999998483145e-02
7.620900000000574437e-02
7.544299999997861050e-02
7.376899999999864121e-02
7.411000000001877197e-02
7.186199999998166277e-02
7.264600000002019442e-02
7.398000000000592991e-02
7.192600000001903027e-02
7.166099999997754821e-02
7.416799999998602289e-02
7.162399999998569911e-02
7.331899999999791362e-02
7.406699999998522799e-02
7.278800000000273940e-02
7.503900000000385262e-02
7.598899999999275678e-02
7.362499999999272404e-02
7.378500000001508852e-02
7.555600000000595173e-02
7.064500000001316948e-02
7.466199999998934800e-02
7.574600000000941691e-02
7.541400000002340676e-02
7.550499999999260581e-02
7.554899999999520332e-02
7.626099999998814383e-02
7.427799999999251668e-02
7.223200000001384069e-02
7.218199999999797001e-02
7.127399999998829117e-02
7.409699999999475040e-02
7.185699999999428655e-02
7.428600000000074033e-02
7.386599999998111343e-02
7.207399999998642670e-02
7.559299999999780084e-02
7.090100000002053093e-02
7.148800000001642729e-02
7.241299999998318526e-02
7.421800000000189357e-02
7.393599999997491068e-02
7.414800000000809632e-02
7.370800000001054286e-02
7.285100000001420995e-02
7.252599999998210478e-02
7.126700000000596447e-02
7.274799999999004285e-02
7.257400000000302498e-02
7.117199999999002102e-02
7.362900000001104672e-02
7.292899999998780913e-02
7.513900000000717228e-02
7.375400000000809086e-02
7.394500000000903128e-02
7.302000000001385160e-02
7.498300000000313048e-02
7.144800000000373075e-02
7.407100000000355067e-02
7.229600000002278648e-02
6.985600000001568333e-02
7.144600000000878026e-02
7.240099999998506064e-02
7.258000000001629815e-02
7.411400000000867294e-02
7.389399999999568536e-02
7.298099999999863030e-02
7.191500000001838089e-02
7.202200000000402724e-02
7.362100000000282307e-02
7.395399999998630847e-02
7.391200000000708314e-02
7.420400000000881846e-02
7.514099999997370105e-02
7.418200000000751970e-02
7.519700000000284490e-02
7.276400000000649015e-02
7.392299999997931081e-02
7.386400000001458466e-02
7.330300000000988803e-02
7.244300000002112938e-02
7.336400000002640809e-02
7.412599999997837585e-02
7.353599999999005377e-02
7.324899999997569466e-02
7.232099999998808926e-02
7.230900000001838634e-02
7.159799999999449938e-02
7.459900000003472087e-02
7.251500000000987711e-02
7.244499999995923645e-02
7.247799999998960629e-02
7.346599999999625652e-02
7.399399999997058330e-02
7.454300000000557702e-02
7.326899999998204294e-02
7.272600000004558751e-02
7.166499999999587089e-02
7.293199999998023486e-02
7.342399999998860949e-02
7.215200000001686931e-02
7.181500000001506123e-02
7.413300000001754597e-02
7.514599999996107726e-02
7.512700000000904765e-02
7.218799999998282146e-02
7.217299999996384940e-02
7.445799999999280772e-02
7.414200000005166658e-02
7.410600000002887100e-02
7.166599999999334614e-02
7.335899999998218846e-02
7.158899999996037877e-02
7.415400000002136949e-02
7.396799999997938357e-02
7.413400000001502121e-02
7.346499999999878128e-02
7.546400000001085573e-02
7.299399999999423017e-02
7.458100000002332308e-02
7.347600000002785237e-02
7.112899999998489875e-02
7.179100000001881199e-02
7.093600000001742956e-02
6.995800000004237518e-02
1.424789999999802603e-01
7.125700000000279033e-02
7.133200000004080721e-02
7.235600000001340959e-02
7.226099999996904444e-02
7.278800000000273940e-02
7.332700000000613727e-02
7.436899999999013744e-02
7.413800000000492219e-02
7.382400000000188811e-02
7.465500000000702130e-02
7.459699999998292697e-02
7.343599999995831240e-02
7.246999999995296093e-02
7.262100000002646993e-02
7.065700000003971581e-02
7.186000000001513399e-02
7.216499999998404746e-02
7.226400000001831359e-02
7.178099999998721614e-02
7.323999999999841748e-02
7.353799999998500425e-02
1.475459999999770844e-01
7.454900000004727190e-02
7.309400000002597153e-02
7.262600000001384615e-02
7.411300000001119770e-02
7.509699999997110353e-02
7.204500000000280124e-02
7.250700000003007517e-02
7.509099999998625208e-02
7.406199999996943006e-02
7.360399999998890053e-02
7.507399999997232953e-02
7.412899999997080158e-02
7.534899999996014230e-02
7.491600000003018067e-02
7.502799999997478153e-02
7.375000000001818989e-02
7.448100000004842514e-02
7.184499999999616193e-02
7.251000000002250090e-02
7.240000000001600711e-02
7.212100000003829336e-02
7.333700000003773312e-02
7.200999999997748091e-02
7.203700000002299930e-02
7.049000000000660293e-02
7.282700000001796070e-02
7.177099999995562030e-02
7.213400000000547152e-02
7.236000000000331056e-02
7.216399999998657222e-02
7.222899999999299325e-02
7.076700000004620961e-02
7.384000000001833541e-02
7.383399999997664054e-02
7.368800000000419459e-02
7.347999999996090992e-02
7.320800000002236629e-02
7.276999999999134161e-02
7.318499999996674887e-02
7.304999999996653059e-02
7.056499999998777639e-02
7.242299999995793769e-02
7.326999999997951818e-02
7.302699999996775659e-02
7.294500000000425644e-02
7.316000000002986781e-02
7.319400000000086948e-02
7.276699999999891588e-02
7.071799999999939246e-02
7.160899999996672705e-02
7.272000000000389264e-02
7.319200000000591899e-02
7.315899999997554914e-02
7.330100000001493754e-02
7.212499999997135092e-02
7.109200000002147135e-02
7.132599999999911233e-02
7.225299999998924250e-02
7.170000000002119123e-02
7.101399999999102874e-02
7.292499999999790816e-02
7.331899999996949191e-02
7.301300000000310320e-02
7.500199999998358180e-02
7.599599999997508348e-02
7.318900000001349326e-02
7.239300000003368041e-02
7.031399999999621286e-02
7.336800000001630906e-02
7.441900000003442983e-02
7.460000000003219611e-02
7.216400000004341564e-02
7.093300000002500383e-02
7.358599999997750274e-02
7.494500000001380613e-02
7.250600000003259993e-02
7.470200000000204454e-02
7.241399999998066050e-02
7.244800000000850559e-02
7.189199999999118518e-02
7.401299999997945633e-02
7.148699999999053034e-02
7.141799999999420834e-02
7.322799999997187115e-02
7.208199999996622864e-02
7.322199999998701969e-02
7.462699999996402767e-02
7.144799999997530904e-02
6.999199999995653343e-02
7.232199999998556450e-02
7.161400000001094668e-02
7.194800000002032903e-02
7.217500000001564331e-02
7.212199999997892519e-02
7.226499999995894541e-02
7.195300000000770524e-02
6.979999999998653948e-02
7.262099999996962651e-02
7.236299999999573629e-02
7.339600000000245927e-02
7.311899999996285260e-02
7.339300000001003355e-02
7.113400000002911838e-02
7.218599999998787098e-02
7.148899999998548083e-02
7.273100000003296373e-02
7.170600000000604268e-02
7.238699999999198553e-02
7.136800000000675936e-02
7.268700000003036621e-02
7.245199999999840657e-02
7.292500000005475158e-02
7.164699999998447311e-02
7.241399999998066050e-02
7.342599999998355997e-02
7.332100000002128581e-02
7.334899999995059261e-02
7.295200000004342655e-02
7.579199999997854320e-02
7.291200000003073001e-02
7.603399999999282954e-02
7.247300000000223008e-02
7.354900000001407534e-02
7.471599999996669794e-02
7.552099999998063140e-02
7.579299999997601844e-02
7.567199999999729698e-02
7.419399999997722261e-02
7.078400000000328873e-02
7.395000000002482921e-02
7.439599999997881241e-02
7.313999999996667611e-02
7.435899999995854159e-02
7.306100000005244510e-02
7.448999999996885890e-02
7.237099999997553823e-02
7.084200000002738307e-02
7.473600000002988963e-02
7.443899999998393469e-02
7.464399999997795021e-02
7.435399999997116538e-02
7.467100000002346860e-02
7.188600000000633372e-02
7.149199999997790655e-02
7.299399999999423017e-02
7.193599999999378269e-02
7.493000000005167749e-02
7.472799999999324427e-02
7.449500000001307853e-02
7.271399999996219776e-02
7.460799999995515464e-02
7.218700000004218964e-02
7.075099999997291889e-02
7.167899999996052429e-02
7.456300000001192529e-02
7.235100000002603338e-02
7.388200000002598244e-02
7.184599999999363718e-02
7.462800000001834633e-02
7.487800000001243461e-02
7.046800000000530417e-02
7.320599999997057239e-02
7.408900000001494845e-02
7.461599999999180000e-02
7.172499999995807229e-02
7.215500000000929504e-02
7.206300000001419903e-02
7.350800000000390355e-02
7.066499999996267434e-02
7.152200000001585067e-02
7.494300000001885564e-02
7.398799999998573185e-02
7.324799999997821942e-02
7.436100000001033550e-02
7.498800000001892840e-02
7.546699999994643804e-02
7.049899999998388012e-02
7.408900000001494845e-02
7.416699999998854764e-02
7.483100000001741137e-02
7.458400000001574881e-02
7.519099999996115002e-02
7.478100000002996239e-02
7.356099999998377825e-02
7.300900000001320223e-02
7.208499999995865437e-02
7.269600000000764339e-02
7.233299999995779217e-02
7.263399999999364809e-02
7.128199999999651482e-02
7.272599999998874409e-02
7.239599999996926272e-02
7.132899999999153806e-02
7.145200000002205343e-02
7.219200000002956585e-02
7.238499999999703505e-02
7.262800000000879663e-02
7.198400000004312460e-02
7.289800000000923319e-02
7.480299999997441773e-02
7.401899999996430779e-02
7.245899999998073326e-02
7.404999999999972715e-02
7.378699999998161729e-02
7.335899999998218846e-02
7.461399999999684951e-02
7.233100000001968510e-02
7.502300000004424874e-02
7.265200000000504588e-02
7.244500000001607987e-02
7.293300000003455352e-02
7.457199999998920248e-02
7.450299999999288048e-02
7.434100000000398722e-02
7.266999999995960025e-02
7.457999999996900442e-02
7.346199999994951213e-02
7.468099999999822103e-02
7.267099999995707549e-02
7.311799999996537736e-02
7.294999999999163265e-02
7.299599999998918065e-02
7.208700000001044828e-02
7.339300000001003355e-02
7.435099999997873965e-02
7.266099999998232306e-02
7.323999999999841748e-02
7.323600000000851651e-02
7.226900000000568980e-02
7.157499999999572537e-02
7.139399999999795909e-02
7.077500000002601155e-02
7.331800000002886009e-02
7.243400000004385220e-02
7.240199999995411417e-02
7.264500000002271918e-02
7.253199999996695624e-02
7.246500000002242814e-02
7.247799999998960629e-02
7.249899999999342981e-02
7.409100000000989894e-02
7.462800000001834633e-02
7.499100000001135413e-02
7.464700000002721936e-02
7.435799999996106635e-02
7.143999999999550710e-02
7.217700000001059379e-02
7.133299999998143903e-02
6.994500000001835360e-02
7.160300000003871901e-02
7.222300000000814180e-02
7.243699999997943451e-02
7.265699999999242209e-02
7.096000000001367880e-02
7.265699999999242209e-02
7.276400000000649015e-02
6.980699999996886618e-02
7.248300000003382593e-02
7.229499999999688953e-02
7.516800000001921944e-02
7.271300000002156594e-02
7.547799999997550913e-02
7.557500000001482476e-02
7.556899999997312989e-02
7.527699999997139457e-02
7.707299999998440398e-02
7.551899999998568092e-02
7.562699999999722422e-02
7.533699999999043939e-02
7.563199999998460044e-02
7.553200000000970249e-02
7.448299999998653220e-02
7.607899999999290230e-02
7.224600000000691580e-02
7.384199999995644248e-02
7.493199999998978456e-02
7.264400000002524393e-02
7.390300000002980596e-02
7.350099999996473343e-02
7.494700000000875661e-02
7.513499999998884959e-02
7.502599999997983105e-02
7.494299999996201223e-02
7.454400000000305226e-02
7.408899999995810504e-02
7.421299999998609564e-02
7.415600000001631997e-02
7.410199999998212661e-02
7.492300000001250737e-02
7.509700000002794695e-02
7.138500000002068191e-02
7.503900000000385262e-02
7.523600000001806620e-02
7.367199999998774729e-02
7.356000000004314643e-02
7.379800000001068838e-02
7.196900000002415254e-02
7.351899999997613122e-02
7.514499999996360202e-02
7.245499999999083229e-02
7.431199999996351835e-02
7.315099999999574720e-02
7.501200000001517765e-02
7.332800000000361251e-02
7.566900000000487125e-02
7.429100000001653825e-02
7.247599999999465581e-02
7.427699999999504143e-02
7.421299999998609564e-02
7.464500000003226887e-02
7.308799999998427666e-02
7.299900000003844980e-02
6.977200000000038926e-02
7.265599999999494685e-02
7.245000000000345608e-02
7.134000000002060915e-02
7.445999999998775820e-02
7.346300000000383079e-02
7.238499999999703505e-02
7.210699999995995313e-02
7.372400000002699016e-02
7.307600000001457374e-02
7.163300000001981971e-02
7.269999999999754436e-02
7.267699999999877036e-02
7.361300000002302113e-02
7.300200000003087553e-02
7.289199999996753832e-02
7.277699999997366831e-02
7.333599999998341445e-02
7.257199999997965278e-02
7.217100000002574234e-02
7.259099999998852581e-02
7.187700000002905654e-02
7.142699999997148552e-02
7.453300000003082459e-02
7.112200000000257205e-02
7.467299999996157567e-02
7.453800000001820081e-02
7.296300000001565422e-02
7.448599999997895793e-02
7.428099999998494241e-02
7.252399999998715430e-02
7.339099999995823964e-02
7.383099999998421481e-02
7.158600000002479646e-02
7.281899999998131534e-02
7.320099999998319618e-02
7.279299999999011561e-02
7.145100000002457818e-02
7.083499999998821295e-02
7.455199999998285421e-02
7.497999999998228304e-02
7.166000000000849468e-02
7.260999999999739885e-02
7.400799999999208012e-02
7.480099999997946725e-02
7.448499999998148269e-02
7.177699999999731517e-02
7.444800000001805529e-02
7.063099999999167267e-02
7.409100000000989894e-02
7.353299999999762804e-02
7.409300000000484943e-02
7.484499999998206476e-02
7.288299999999026113e-02
7.272999999997864506e-02
7.174900000001116496e-02
7.263899999998102430e-02
7.217800000000806904e-02
7.235500000001593435e-02
7.189499999998361091e-02
7.253500000001622539e-02
7.264300000002776869e-02
7.127000000002681190e-02
7.163900000000467116e-02
7.396499999998695785e-02
7.171200000004773756e-02
7.254899999998087878e-02
7.118099999996729821e-02
7.349599999997735722e-02
7.380100000000311411e-02
7.528300000001308945e-02
7.331800000002886009e-02
7.237300000002733213e-02
7.493200000004662797e-02
7.267300000000886939e-02
7.371999999998024578e-02
7.258699999999862484e-02
7.411000000001877197e-02
7.257999999995945473e-02
7.383400000003348396e-02
7.323900000000094224e-02
7.445599999999785723e-02
7.170199999995929829e-02
7.508400000000392538e-02
7.492799999999988358e-02
7.494800000000623186e-02
7.092599999998583371e-02
7.146399999999175634e-02
7.354700000001912485e-02
7.353800000004184767e-02
7.083199999999578722e-02
7.234399999998686326e-02
7.203900000001794979e-02
7.249799999999595457e-02
7.233200000001716035e-02
7.114499999994450263e-02
7.206899999999905049e-02
7.218199999999797001e-02
7.239499999997178747e-02
7.235900000000583532e-02
7.120400000002291563e-02
7.124500000003308742e-02
7.423900000003413879e-02
7.137299999999413558e-02
6.965600000000904402e-02
7.200599999998757994e-02
7.468999999997549821e-02
7.488900000004150570e-02
7.504399999999122883e-02
7.532100000003083551e-02
7.190600000001268199e-02
7.249200000001110311e-02
7.024000000001251465e-02
7.362599999999019929e-02
7.401300000003629975e-02
7.377999999999929059e-02
7.158900000001722219e-02
7.337599999999611100e-02
7.413200000002007073e-02
7.367499999998017302e-02
7.034899999996468978e-02
7.413400000001502121e-02
7.361099999997122723e-02
7.355699999999387728e-02
7.393499999994901373e-02
7.377399999995759572e-02
7.425799999998616840e-02
7.331499999997959094e-02
7.369699999998147177e-02
7.392600000002857996e-02
7.376199999998789281e-02
7.367799999997259874e-02
7.386900000000196087e-02
7.393799999999828287e-02
7.406400000002122397e-02
7.393100000001595618e-02
7.503100000002405068e-02
7.355100000000902583e-02
7.138999999995121470e-02
7.195100000001275475e-02
7.253500000001622539e-02
7.194899999996096085e-02
7.387900000003355672e-02
7.419800000002396700e-02
7.033400000000256114e-02
7.422600000001011722e-02
7.498399999997218401e-02
7.497000000000753062e-02
7.551499999999577994e-02
7.559099999997442865e-02
7.555499999995163307e-02
7.424900000000889122e-02
7.007599999997182749e-02
7.467900000000327054e-02
7.408300000003009700e-02
7.463899999999057400e-02
7.437500000003183231e-02
7.544699999999693318e-02
7.500499999997600753e-02
7.569000000000869477e-02
7.080999999999448846e-02
7.220200000000431828e-02
7.234400000004370668e-02
7.196199999998498242e-02
7.117699999997739724e-02
7.196199999998498242e-02
7.048499999996238330e-02
7.210800000001427179e-02
7.447200000001430453e-02
7.400599999999712963e-02
7.230600000002596062e-02
7.131500000002688466e-02
7.172299999996312181e-02
7.223800000002711386e-02
7.187199999998483690e-02
7.241199999998571002e-02
6.976199999996879342e-02
7.168500000000221917e-02
7.166900000004261528e-02
7.301100000000815271e-02
7.351099999999632928e-02
7.552500000002737579e-02
7.287100000002055822e-02
7.252099999999472857e-02
7.190700000001015724e-02
7.309800000001587250e-02
7.144299999998793282e-02
7.485600000001113585e-02
7.589699999999766078e-02
7.551499999999577994e-02
7.540900000003603054e-02
7.534999999995761755e-02
7.122599999996737097e-02
7.507200000003422247e-02
7.532199999997146733e-02
7.279400000004443427e-02
7.515100000000529690e-02
7.551000000000840373e-02
7.481799999999338979e-02
7.558799999998200292e-02
7.403099999999085412e-02
7.175800000004528556e-02
7.519400000001041917e-02
7.367099999999027204e-02
7.541600000001835724e-02
7.539700000000948421e-02
7.517899999999144711e-02
7.503100000002405068e-02
7.059799999996130282e-02
7.132899999999153806e-02
7.362000000000534783e-02
7.116800000000012005e-02
7.280600000001413719e-02
7.404100000002244997e-02
7.391200000000708314e-02
7.492799999999988358e-02
7.124199999998381827e-02
7.445799999999280772e-02
7.456300000001192529e-02
7.473199999998314524e-02
7.504299999999375359e-02
7.491900000002260640e-02
7.352500000001782610e-02
7.465300000001207081e-02
7.427899999998999192e-02
7.483899999999721331e-02
7.199700000001030276e-02
7.022499999999354259e-02
7.247000000000980435e-02
7.312000000001717126e-02
7.302899999996270708e-02
7.301200000000562795e-02
7.351299999999127976e-02
7.119299999999384454e-02
7.312399999995022881e-02
7.126899999997249324e-02
7.331199999998716521e-02
7.207099999999400097e-02
7.151299999998173007e-02
7.477899999997816849e-02
7.304799999997158011e-02
7.465400000000954606e-02
7.395600000000968066e-02
7.497200000000248110e-02
7.502699999997730629e-02
7.366099999995867620e-02
7.074199999999564170e-02
7.184000000000878572e-02
6.979799999999158899e-02
7.188899999999875945e-02
7.205099999998765270e-02
7.090099999999210922e-02
7.249500000000352884e-02
7.285100000001420995e-02
7.281499999999141437e-02
7.426000000003796231e-02
7.182299999999486317e-02
7.451400000002195156e-02
7.083800000003748210e-02
7.258699999999862484e-02
7.487199999997073974e-02
7.435000000003810783e-02
7.483400000000983709e-02
7.488399999999728607e-02
6.978499999996756742e-02
7.454899999999042848e-02
7.441999999997506166e-02
7.226500000001578883e-02
7.444900000001553053e-02
7.460399999996525366e-02
7.196800000002667730e-02
7.484299999998711428e-02
7.093300000002500383e-02
7.486199999999598731e-02
7.361400000002049637e-02
7.365599999997129999e-02
7.370200000002569141e-02
7.393999999999323336e-02
7.433200000002671004e-02
7.460700000001452281e-02
7.425799999998616840e-02
7.508599999999887586e-02
7.527099999998654312e-02
7.351500000004307367e-02
7.458800000000564978e-02
7.268899999996847328e-02
7.435700000002043453e-02
7.153499999998302883e-02
7.148899999998548083e-02
7.149500000002717570e-02
7.338800000002265733e-02
7.243099999999458305e-02
7.258500000000367436e-02
7.251200000001745138e-02
7.228200000002971137e-02
7.154000000002724846e-02
6.974600000000918953e-02
7.126699999997754276e-02
7.238499999999703505e-02
7.259299999998347630e-02
7.160500000003366949e-02
7.285900000005085531e-02
7.241400000003750392e-02
7.179899999999861393e-02
7.178999999996449333e-02
7.257900000001882290e-02
7.084900000000970977e-02
7.263799999998354906e-02
7.132100000001173612e-02
7.253299999996443148e-02
7.163800000000719592e-02
7.240099999995663893e-02
7.089300000001230728e-02
7.242399999995541293e-02
7.156600000001844819e-02
7.113400000002911838e-02
7.510600000000522414e-02
7.541800000001330773e-02
7.246099999997568375e-02
7.564400000001114677e-02
7.088999999996303814e-02
7.539900000000443470e-02
7.343499999996083716e-02
7.241199999998571002e-02
7.206399999995483086e-02
7.200400000004947287e-02
7.217400000001816807e-02
7.166200000000344517e-02
7.442599999995991311e-02
7.150999999998930434e-02
7.190599999995583858e-02
7.232800000002725938e-02
7.237399999996796396e-02
7.211499999999659849e-02
7.256899999998722706e-02
7.473899999996547194e-02
7.296300000001565422e-02
7.219799999995757389e-02
7.404800000000477667e-02
7.294400000000678119e-02
7.472999999998819476e-02
7.442399999996496263e-02
7.102400000002262459e-02
7.278800000000273940e-02
7.294100000001435546e-02
7.268999999996594852e-02
7.332399999995686812e-02
7.184899999998606290e-02
7.302799999996523184e-02
7.323999999999841748e-02
7.262200000002394518e-02
7.289700000001175795e-02
7.185399999997343912e-02
7.186699999999746069e-02
7.197100000001910303e-02
7.297099999999545616e-02
7.290100000000165892e-02
7.348800000005439870e-02
7.298300000002200250e-02
7.317199999999957072e-02
7.317999999997937266e-02
7.312699999999949796e-02
7.356700000002547313e-02
7.352700000001277658e-02
7.354199999997490522e-02
7.322799999997187115e-02
7.248800000002120214e-02
7.347200000003795139e-02
6.983200000001943408e-02
7.204699999999775173e-02
7.115099999998619751e-02
7.203000000004067260e-02
7.222300000000814180e-02
7.095599999996693441e-02
7.214299999998274870e-02
7.264799999995830149e-02
7.076900000004116009e-02
7.179800000000113869e-02
7.252600000003894820e-02
7.146399999999175634e-02
7.258600000000114960e-02
7.251599999995050894e-02
7.235700000001088483e-02
7.230199999997921623e-02
6.981300000001056105e-02
7.249300000000857835e-02
7.109300000001894659e-02
7.270599999998239582e-02
7.188999999999623469e-02
7.323400000001356602e-02
7.552500000002737579e-02
7.566800000000739601e-02
7.120000000003301466e-02
7.274899999998751809e-02
7.201400000002422530e-02
7.336600000002135857e-02
7.094099999994796235e-02
7.063799999997399937e-02
7.377500000001191438e-02
7.485199999996439146e-02
7.310099999995145481e-02
7.369700000003831519e-02
7.317399999999452120e-02
7.314899999994395330e-02
7.387500000004365575e-02
7.183600000007572817e-02
7.474400000000969158e-02
7.478500000001986336e-02
7.069699999999556894e-02
7.547999999997045961e-02
7.471299999997427221e-02
7.475899999997182022e-02
7.339300000001003355e-02
7.317599999998947169e-02
7.474999999999454303e-02
7.523100000003068999e-02
7.376699999997526902e-02
7.439899999997123814e-02
7.462099999997917621e-02
7.471499999996922270e-02
7.311199999992368248e-02
7.124999999996362021e-02
7.134400000006735354e-02
7.232800000008410279e-02
6.974100000002181332e-02
7.193100000006324990e-02
7.126300000004448520e-02
7.180100000005040783e-02
7.153700000003482273e-02
7.193600000005062611e-02
7.247300000005907350e-02
7.186999999998988642e-02
6.982700000003205787e-02
7.237999999995281541e-02
7.377300000007380731e-02
7.431600000006710616e-02
7.359099999996487895e-02
7.421999999996842234e-02
7.466499999998177373e-02
7.397300000002360321e-02
7.227299999999559077e-02
7.165700000007291237e-02
7.140600000002450543e-02
7.229399999994257087e-02
7.233599999995021790e-02
7.260300000007191557e-02
7.374500000003081368e-02
7.190099999991161894e-02
7.335699999998723797e-02
7.243399999993016536e-02
1.445109999999658612e-01
7.337199999994936661e-02
7.144000000005235052e-02
7.273299999997107079e-02
7.467699999995147664e-02
7.183800000007067865e-02
7.349499999997988198e-02
7.245799999998325802e-02
7.225300000004608592e-02
7.248100000003887544e-02
7.245299999999588181e-02
7.270600000003923924e-02
7.164699999998447311e-02
7.285299999989547359e-02
6.967799999995349935e-02
7.249300000000857835e-02
7.210899999995490361e-02
7.196099999998750718e-02
7.094700000004650065e-02
7.251699999994798418e-02
7.288599999992584344e-02
7.423000000005686161e-02
7.031600000004800677e-02
1.462989999999990687e-01
7.394299999998565909e-02
7.407499999999345164e-02
7.127500000001418812e-02
7.377800000006118353e-02
7.412199999998847488e-02
7.438400000000910950e-02
7.028300000001763692e-02
7.404100000007929339e-02
7.425200000000131695e-02
7.201999999995223334e-02
7.186899999999241118e-02
7.629300000007788185e-02
7.198299999993196252e-02
7.478500000001986336e-02
7.256199999994805694e-02
7.362399999999524880e-02
7.290799999998398562e-02
7.441899999992074299e-02
7.287899999994351674e-02
7.458099999996647966e-02
7.255100000008951611e-02
7.276999999999134161e-02
7.101599999998597923e-02
7.225100000005113543e-02
7.436900000004698086e-02
7.476699999995162216e-02
7.198399999992943776e-02
7.086499999991247023e-02
7.051500000000032742e-02
7.077600000002348679e-02
7.306100000005244510e-02
7.135500000003958121e-02
7.232999999996536644e-02
7.181800000000748696e-02
7.431699999995089456e-02
7.213400000000547152e-02
7.463399999994635436e-02
7.348100000001522858e-02
7.094399999994038808e-02
7.293699999991076766e-02
7.324200000005021138e-02
7.564700000000357250e-02
7.567399999993540405e-02
7.349899999996978295e-02
7.222899999999299325e-02
7.088100000009944779e-02
6.957700000009481300e-02
7.167900000001736771e-02
7.181000000002768502e-02
7.167399999991630466e-02
7.250599999997575651e-02
7.265400000005683978e-02
7.154900000000452565e-02
7.264499999996587576e-02
7.074599999998554267e-02
7.260000000007948984e-02
7.248000000004140020e-02
7.138999999995121470e-02
7.152200000007269409e-02
7.527400000003581226e-02
7.231000000001586159e-02
7.564600000000609725e-02
7.097099999998590647e-02
7.303600000000187720e-02
7.263000000000374712e-02
7.539499999995769031e-02
7.220500000005358743e-02
7.496900000001005537e-02
7.530100000008133065e-02
7.505099999991671211e-02
7.061199999998279964e-02
7.397600000001602893e-02
7.251800000005914626e-02
7.388200000002598244e-02
7.397500000001855369e-02
7.156299999996917904e-02
7.412600000009206269e-02
7.274799999993319943e-02
7.476299999996172119e-02
7.306800000003477180e-02
7.312100000001464650e-02
7.343500000001768058e-02
7.286900000008245115e-02
7.339100000001508306e-02
7.148900000004232425e-02
7.198099999993701203e-02
7.075899999995272083e-02
7.153500000003987225e-02
7.241399999998066050e-02
7.235300000002098386e-02
7.151700000008531788e-02
7.221600000002581510e-02
7.238000000006650225e-02
7.085899999992761877e-02
7.107599999994818063e-02
7.309499999996660335e-02
7.312500000000454747e-02
7.139099999994868995e-02
7.283599999993839447e-02
7.269700000006196206e-02
7.250100000010206713e-02
7.107400000006691698e-02
7.455499999991843652e-02
7.247200000006159826e-02
7.504600000004302274e-02
7.365200000003824243e-02
7.456799999999930151e-02
7.489599999996698898e-02
7.507199999997737905e-02
7.507199999997737905e-02
7.102899999995315738e-02
7.407699999998840212e-02
7.413899999994555401e-02
7.249899999999342981e-02
7.212900000001809531e-02
7.237700000007407652e-02
7.173399999999219290e-02
7.230500000002848537e-02
7.087699999999585998e-02
7.220900000004348840e-02
7.484399999998458952e-02
7.576400000004923641e-02
7.536899999990964716e-02
7.563000000004649337e-02
7.439400000009754876e-02
7.396600000004127651e-02
6.967699999995602411e-02
7.236399999999321153e-02
7.134999999993851816e-02
7.250299999998333078e-02
7.262400000001889566e-02
7.232799999997041596e-02
7.241099999998823478e-02
7.157400000005509355e-02
6.974400000001423905e-02
7.245499999999083229e-02
7.242700000006152550e-02
7.241899999996803672e-02
7.202199999994718382e-02
7.251299999995808321e-02
7.232799999997041596e-02
7.250600000008944335e-02
7.220099999994999962e-02
7.302800000002207526e-02
7.253300000002127490e-02
7.139700000004722824e-02
7.236799999998311250e-02
7.213799999999537249e-02
7.494500000007064955e-02
7.508899999993445817e-02
7.054500000003827154e-02
7.236199999999826105e-02
7.485199999996439146e-02
7.504600000004302274e-02
7.275099999992562516e-02
1.154639999999744759e-01
7.473800000002484012e-02
7.329400000003261084e-02
7.432999999991807272e-02
7.495800000003782770e-02
7.464599999991605728e-02
7.200699999998505518e-02
7.469500000001971785e-02
7.523700000001554145e-02
7.202700000004824687e-02
7.201899999995475810e-02
7.358699999997497798e-02
7.083999999997558916e-02
7.081400000004123285e-02
7.276799999999639113e-02
7.396400000004632602e-02
7.484999999996944098e-02
7.414900000003399327e-02
7.512799999994967948e-02
7.109400000001642184e-02
7.228699999996024417e-02
7.186699999999746069e-02
7.185900000001765875e-02
7.250999999996565748e-02
7.445399999994606333e-02
7.236100000000078580e-02
7.370700000001306762e-02
7.467800000006263872e-02
7.537300000001323497e-02
7.529800000008890493e-02
7.297299999993356323e-02
7.457799999997405394e-02
7.552199999997810664e-02
7.474799999999959255e-02
7.557399999996050610e-02
7.080099999996036786e-02
7.424099999991540244e-02
7.354399999996985571e-02
7.215099999996255065e-02
7.266700000002401794e-02
7.382200000006378104e-02
7.237599999996291444e-02
7.395099999996546103e-02
7.192799999995713733e-02
7.309099999997670238e-02
7.362600000010388612e-02
7.248199999992266385e-02
7.264100000008966163e-02
7.281499999999141437e-02
7.192099999997481063e-02
7.210600000007616472e-02
7.147899999995388498e-02
7.246699999996053521e-02
7.136000000002695742e-02
7.230400000003101013e-02
7.141000000001440640e-02
7.336099999997713894e-02
7.146399999999175634e-02
7.416100000000369619e-02
7.182499999998981366e-02
7.419499999991785444e-02
7.529199999999036663e-02
7.185400000003028254e-02
7.550499999990734068e-02
7.424200000002656452e-02
7.570800000007693598e-02
7.319100000006528717e-02
6.968099999994592508e-02
7.263899999998102430e-02
7.247999999992771336e-02
7.243000000005395123e-02
7.247299999994538666e-02
7.257000000004154572e-02
7.271300000002156594e-02
7.194000000004052708e-02
7.333100000005288166e-02
7.588499999997111445e-02
7.301799999993363599e-02
7.366899999999532156e-02
7.192300000008344796e-02
7.204799999999522697e-02
7.211900000004334288e-02
7.208800000000792352e-02
7.173299999999471765e-02
7.266099999992547964e-02
7.244100000002617890e-02
7.233399999995526741e-02
7.271799999989525531e-02
7.290299999999660940e-02
7.259699999997337727e-02
7.401600000002872548e-02
7.213899999999284773e-02
7.150599999999940337e-02
7.431699999995089456e-02
7.284600000002683373e-02
7.494500000007064955e-02
7.306200000004992035e-02
7.303200000001197623e-02
7.472599999994145037e-02
7.504600000004302274e-02
7.226300000002083834e-02
7.203100000003814785e-02
7.124499999997624400e-02
7.215500000006613845e-02
7.238099999995029066e-02
7.116700000005948823e-02
7.117000000005191396e-02
7.284000000004198228e-02
7.276799999999639113e-02
7.517999999993207894e-02
7.335399999999481224e-02
7.496500000002015440e-02
7.484799999997449049e-02
7.410700000002634624e-02
7.377700000006370828e-02
7.396499999993011443e-02
7.378900000003341120e-02
7.109699999989516073e-02
7.232299999998303974e-02
7.202699999993456004e-02
7.252100000005157199e-02
7.204200000001037552e-02
7.184399999994184327e-02
7.341700000006312621e-02
7.256799999993290839e-02
7.361300000002302113e-02
7.300299999997150735e-02
7.267000000001644366e-02
7.550200000002860179e-02
7.341500000006817572e-02
7.540500000004612957e-02
7.390099999997801206e-02
7.546100000001843000e-02
7.528899999999794090e-02
7.334700000001248554e-02
7.298200000002452725e-02
7.256700000004911999e-02
7.540199999994001701e-02
7.385099999999056308e-02
6.987700000001950684e-02
7.181600000001253647e-02
7.467200000007778726e-02
7.472499999994397513e-02
7.379500000001826265e-02
7.513200000005326729e-02
7.293600000002697925e-02
7.260600000006434129e-02
7.193499999993946403e-02
7.279099999993832171e-02
7.328199999994922109e-02
7.345699999996213592e-02
7.220699999993485108e-02
7.216400000004341564e-02
7.125399999995352118e-02
7.463399999994635436e-02
7.047399999999015563e-02
7.220199999994747486e-02
7.416899999998349813e-02
7.442700000001423177e-02
7.498799999996208498e-02
7.195100000001275475e-02
7.235500000001593435e-02
7.262200000002394518e-02
7.029899999997724080e-02
7.221000000004096364e-02
7.316699999989850767e-02
7.310699999993630627e-02
7.102100000008704228e-02
7.296800000005987386e-02
7.234099999993759411e-02
7.279700000003686000e-02
6.996200000003227615e-02
7.254399999999350257e-02
7.295999999996638508e-02
7.543599999996786210e-02
7.532600000001821172e-02
7.556499999998322892e-02
7.275000000004183676e-02
7.544399999994766404e-02
7.389200000000073487e-02
7.432700000003933383e-02
7.472800000005008769e-02
7.466799999997419945e-02
7.428700000002663728e-02
7.305999999994128302e-02
7.555200000001605076e-02
7.455700000002707384e-02
7.423699999992550147e-02
7.497799999998733256e-02
7.372700000007625931e-02
7.258600000000114960e-02
7.459699999992608355e-02
7.459099999994123209e-02
7.222699999999804277e-02
7.443200000000160799e-02
7.455700000002707384e-02
7.163200000002234447e-02
7.445899999993343954e-02
7.120900000006713526e-02
7.240100000001348235e-02
7.138999999995121470e-02
7.390699999996286351e-02
7.380299999999806460e-02
7.365900000002056913e-02
7.279900000003181049e-02
7.497200000000248110e-02
7.181000000002768502e-02
7.303200000001197623e-02
7.234099999993759411e-02
7.233799999994516838e-02
7.228799999995771941e-02
7.385200000010172516e-02
7.168599999999969441e-02
7.226800000000821456e-02
7.246099999997568375e-02
7.229300000005878246e-02
7.241399999998066050e-02
7.232599999997546547e-02
7.215300000007118797e-02
7.336599999996451515e-02
7.550800000001345325e-02
7.281599999998888961e-02
7.533399999999801366e-02
7.528800000000046566e-02
7.552399999997305713e-02
7.550300000002607703e-02
7.305199999996148108e-02
7.439799999997376290e-02
7.514500000002044544e-02
7.477199999993899837e-02
7.252800000003389869e-02
7.351200000005064794e-02
7.491700000002765591e-02
7.350499999995463440e-02
7.192799999995713733e-02
7.080299999995531834e-02
7.515699999999014835e-02
7.317199999999957072e-02
7.158100000003742025e-02
7.250800000008439383e-02
7.242100000007667404e-02
7.155000000000200089e-02
7.174699999995937105e-02
7.404099999996560655e-02
7.336499999996703991e-02
7.500700000002780143e-02
7.420799999999871943e-02
7.205500000009124051e-02
7.351499999992938683e-02
7.374600000002828892e-02
7.360800000003564492e-02
7.354600000007849303e-02
7.203500000002804882e-02
7.248999999990246579e-02
7.077700000002096203e-02
7.465600000000449654e-02
7.193799999993188976e-02
7.248199999992266385e-02
7.439699999997628765e-02
7.091700000000855653e-02
7.261800000003404421e-02
7.195000000001527951e-02
7.397200000002612796e-02
7.357899999999517604e-02
7.352000000003044988e-02
7.423800000003666355e-02
7.309700000007524068e-02
7.201099999997495615e-02
7.400200000006407208e-02
7.331399999998211570e-02
7.325900000000729051e-02
7.333399999993162055e-02
7.351599999992686207e-02
7.339600000000245927e-02
7.284100000003945752e-02
7.013600000004771573e-02
7.182599999998728890e-02
7.325000000003001333e-02
7.218699999998534622e-02
7.234400000004370668e-02
7.256500000005416950e-02
7.128000000000156433e-02
7.281100000000151340e-02
7.148599999993621168e-02
7.547899999997298437e-02
7.539600000006885239e-02
7.497399999999743159e-02
7.516299999997499981e-02
7.482199999992644734e-02
7.309699999996155384e-02
7.373600000005353650e-02
7.394400000009682117e-02
7.136900000000423461e-02
7.385399999998298881e-02
7.432500000004438334e-02
7.494299999996201223e-02
7.443499999999403371e-02
7.222600000000056752e-02
7.488600000010592339e-02
7.212200000003576861e-02
7.290800000009767246e-02
7.471599999996669794e-02
7.460800000001199805e-02
7.261099999993803067e-02
7.473300000003746391e-02
7.472800000005008769e-02
7.372499999996762199e-02
7.038899999997738632e-02
7.241899999996803672e-02
7.401300000003629975e-02
7.430000000010750227e-02
7.464100000004236790e-02
7.324400000004516187e-02
7.176300000003266177e-02
7.453399999997145642e-02
7.409800000004906906e-02
7.317499999999199645e-02
7.284800000002178422e-02
7.320800000002236629e-02
7.329000000004270987e-02
7.297099999993861275e-02
7.073200000002088927e-02
7.217099999991205550e-02
6.990899999993871461e-02
7.207899999991695950e-02
7.250800000008439383e-02
7.157000000006519258e-02
7.251599999995050894e-02
7.145000000002710294e-02
7.261200000004919275e-02
7.270499999992807716e-02
7.000000000005002221e-02
7.189399999992929224e-02
7.260399999995570397e-02
7.238799999993261736e-02
7.147899999995388498e-02
7.245599999998830754e-02
7.177699999999731517e-02
7.258100000001377339e-02
7.120500000007723429e-02
7.347700000002532761e-02
7.295099999998910789e-02
7.364299999994727841e-02
7.549299999993763777e-02
7.265299999994567770e-02
7.178099999998721614e-02
7.233899999994264363e-02
7.220800000004601316e-02
7.257200000003649620e-02
7.266399999991790537e-02
7.112900000004174217e-02
7.453099999997903069e-02
7.537500000000818545e-02
7.357799999999770080e-02
7.268600000008973439e-02
7.407200000000102591e-02
7.489800000007562630e-02
7.217500000001564331e-02
7.367399999998269777e-02
7.312699999999949796e-02
7.334499999990384822e-02
7.455300000003717287e-02
7.123000000001411536e-02
7.263499999999112333e-02
7.327099999997699342e-02
7.194000000004052708e-02
7.257800000002134766e-02
7.436099999995349208e-02
7.459899999992103403e-02
7.390199999997548730e-02
7.262400000001889566e-02
7.122099999992315134e-02
7.468699999992622907e-02
7.432699999992564699e-02
7.428200000003926107e-02
7.440599999995356484e-02
7.437799999991057120e-02
7.424100000002908928e-02
7.466200000010303484e-02
7.484399999998458952e-02
7.106299999998100247e-02
7.256800000004659523e-02
7.195899999999255670e-02
7.169099999998707062e-02
7.122099999992315134e-02
7.267799999999624561e-02
7.245699999998578278e-02
7.253700000001117587e-02
7.132599999999911233e-02
7.263900000009471114e-02
7.117699999992055382e-02
7.216600000003836612e-02
7.237999999995281541e-02
7.266800000002149318e-02
7.231799999999566353e-02
6.986699999993106758e-02
7.428000000004431058e-02
7.495200000005297625e-02
7.490999999993164238e-02
7.269399999995584949e-02
7.255499999996573024e-02
7.462800000007518975e-02
7.224400000006880873e-02
7.472300000006271148e-02
7.454499999994368409e-02
7.300599999996393308e-02
7.280500000001666194e-02
7.492300000001250737e-02
7.304999999996653059e-02
7.367000000010648364e-02
7.276400000000649015e-02
6.996099999992111407e-02
7.447300000001177978e-02
7.114100000001144508e-02
7.205700000008619099e-02
7.163400000001729495e-02
7.194299999991926597e-02
7.201499999996485712e-02
7.252700000003642344e-02
7.319400000005771290e-02
7.552199999997810664e-02
7.363700000007611379e-02
7.578399999999874126e-02
7.556400000009944051e-02
7.615999999995892722e-02
7.536300000003848254e-02
7.466399999998429848e-02
7.110599999998612475e-02
7.523300000002564047e-02
7.527800000002571323e-02
7.503999999994448444e-02
7.375600000000304135e-02
7.072900000002846355e-02
7.306800000003477180e-02
7.046700000000782893e-02
