# Pose Estimation timer: 2017-12-12 17:34:35.044878
1.397499999999995968e-02
9.290000000000020464e-03
9.376999999999746649e-03
9.107000000000198270e-03
9.542000000001493731e-03
9.832000000001173134e-03
8.773000000001474064e-03
1.025999999999882561e-02
1.017999999999830152e-02
9.585000000001286935e-03
9.332000000000562068e-03
1.036399999999915167e-02
9.275999999999839929e-03
9.423999999995658072e-03
9.316000000005431048e-03
9.642999999996959559e-03
9.299999999996089173e-03
9.602999999998473868e-03
1.057399999999830698e-02
9.678000000000963610e-03
1.055500000000364480e-02
1.072700000000281761e-02
1.171199999999572583e-02
8.598999999996692623e-03
9.931000000001688477e-03
9.647000000001071385e-03
1.011099999999487409e-02
9.863000000009947144e-03
1.242700000000240834e-02
1.026899999999386637e-02
9.762999999992416633e-03
1.122400000001277931e-02
1.132099999999525153e-02
9.266000000010876647e-03
1.040400000000829550e-02
8.316999999991026016e-03
1.086300000000051114e-02
9.049000000004525646e-03
1.196500000000355612e-02
8.260999999990303877e-03
1.016099999999653392e-02
1.013199999999869760e-02
9.706000000008430106e-03
1.045799999999985630e-02
8.023000000008551069e-03
1.005299999999920146e-02
9.682000000012180863e-03
9.757999999990829565e-03
9.645000000006120899e-03
9.498000000007777999e-03
1.159799999999222564e-02
1.127999999999929059e-02
8.834000000007335984e-03
1.142699999999763349e-02
1.124400000000491673e-02
1.088000000001443368e-02
1.047600000001125409e-02
1.121600000001876651e-02
1.176300000000196633e-02
9.761999999994941390e-03
9.091000000012172677e-03
9.008999999991829100e-03
9.703000000001793524e-03
1.001700000000482760e-02
1.117100000001869375e-02
1.044699999999920692e-02
1.028599999997936720e-02
9.404999999986785042e-03
1.143399999997996019e-02
1.103800000001342596e-02
8.554000000003725290e-03
9.185000000002219167e-03
7.911999999976160325e-03
1.069699999999329521e-02
9.779000000008863935e-03
1.002300000001810076e-02
1.133199999998169005e-02
1.046099999999228203e-02
1.049600000001760236e-02
9.541999999981953806e-03
1.033600000002365960e-02
9.421000000003232344e-03
9.407000000010157237e-03
9.373000000010733856e-03
9.658000000001720764e-03
8.515999999985979230e-03
8.370000000013533281e-03
7.959999999997080522e-03
7.990000000006602932e-03
1.070400000000404361e-02
1.160899999999287502e-02
8.838999999994712198e-03
9.980999999982032023e-03
9.776000000016438207e-03
9.113999999982524969e-03
1.067899999998189742e-02
1.026699999999891588e-02
1.099099999998998101e-02
8.908999999988509444e-03
9.803999999974166712e-03
9.055999999986852345e-03
8.797000000015486876e-03
9.936999999979434506e-03
1.105799999999135252e-02
8.724000000029263902e-03
1.010999999999739885e-02
1.116400000000794535e-02
9.298999999998613930e-03
1.182999999997491614e-02
1.016900000001896842e-02
8.594999999957053660e-03
1.060599999999567444e-02
8.756000000005315087e-03
1.054099999998925341e-02
8.650999999986197508e-03
1.157100000000355067e-02
8.498999999972056685e-03
9.433000000001356966e-03
9.758000000033462129e-03
1.009699999997337727e-02
9.528999999986353941e-03
1.158000000003767127e-02
9.112999999956628017e-03
9.459999999990031938e-03
1.127900000000181535e-02
1.018499999997857230e-02
1.030600000001413719e-02
9.479999999996380211e-03
1.131800000001703665e-02
8.324000000015985279e-03
8.892000000003008608e-03
9.335000000021409505e-03
9.481999999991330697e-03
1.145700000000715590e-02
1.043900000001940498e-02
1.017100000001391891e-02
1.047099999999545616e-02
1.082600000000866203e-02
9.338000000013835233e-03
9.655000000009295036e-03
8.065000000044619810e-03
9.755000000041036401e-03
7.671999999956824468e-03
9.932999999989533535e-03
1.108099999999012653e-02
9.171999999978197593e-03
1.207799999997405394e-02
1.005600000002004890e-02
1.016800000002149318e-02
1.158299999997325358e-02
9.757999999976618710e-03
8.504000000016276317e-03
1.108599999997750274e-02
7.920000000012805685e-03
9.574000000043270120e-03
9.811000000013336830e-03
1.233600000000478758e-02
1.127900000000181535e-02
1.025399999997489431e-02
1.148399999999583088e-02
1.120200000002569141e-02
9.811000000013336830e-03
1.060999999998557541e-02
1.094499999999243300e-02
1.238999999998213752e-02
8.591000000023996108e-03
1.019100000002026718e-02
9.356000000025233021e-03
8.328000000005886250e-03
9.970000000009804353e-03
8.397999999999683496e-03
1.118099999996502447e-02
1.081600000003390960e-02
1.239900000001625813e-02
1.042100000000800719e-02
8.791999999971267243e-03
9.646999999972649675e-03
1.069300000000339423e-02
1.139699999998811109e-02
1.161899999999604916e-02
9.674999999958799890e-03
8.314999999981864676e-03
1.192300000002433080e-02
9.820999999988089257e-03
1.124199999998154453e-02
9.797999999989315256e-03
9.772999999995590770e-03
1.147599999995918552e-02
1.081900000002633533e-02
9.102999999981875590e-03
1.113099999997757550e-02
1.076699999998709245e-02
9.906000000000858563e-03
9.728999999992993253e-03
9.744000000011965312e-03
7.956999999976233084e-03
9.897999999964213202e-03
1.119300000004841422e-02
9.845999999924970325e-03
1.014099999997597479e-02
1.111900000000787259e-02
8.050999999909436156e-03
1.262800000006336631e-02
9.832000000074003765e-03
1.147500000001855369e-02
8.264999999937572284e-03
8.197999999993044185e-03
8.129000000053565600e-03
9.626999999909457983e-03
1.006700000004911999e-02
8.240000000000691216e-03
8.730000000014115358e-03
8.165000000076361175e-03
1.178600000002916204e-02
9.742999999957646651e-03
1.032799999995859253e-02
9.482000000048174115e-03
1.465000000007421477e-02
1.019900000005691254e-02
1.016799999990780634e-02
1.099199999998745625e-02
1.015099999995072722e-02
7.739000000015039404e-03
9.488000000033025572e-03
9.760000000028412614e-03
8.397999999942840077e-03
9.973999999942861905e-03
8.961999999996805855e-03
9.861999999998261046e-03
1.138100000002850720e-02
8.750999999961095455e-03
8.826999999996587576e-03
9.788999999955194653e-03
1.068099999997684790e-02
1.089799999999740976e-02
1.063599999997677514e-02
1.058000000000447471e-02
9.495000000015352271e-03
1.016000000004169124e-02
9.764000000018313585e-03
8.540000000039071892e-03
1.212999999995645339e-02
9.781999999972867954e-03
1.004999999997835403e-02
8.860999999910745828e-03
1.157499999999345164e-02
9.148999999979423592e-03
9.282999999982166628e-03
8.946000000037201971e-03
8.085000000050968083e-03
9.851000000026033376e-03
1.103499999999257852e-02
1.020099999993817619e-02
1.057100000002719753e-02
8.122000000071238901e-03
9.801999999922372808e-03
9.331999999972140358e-03
1.272700000004078902e-02
9.861999999998261046e-03
9.652999999957501132e-03
8.814000000029409421e-03
1.215999999999439751e-02
8.752999999956045940e-03
1.235899999994671816e-02
7.944000000065898348e-03
9.828000000084102794e-03
1.059199999997417763e-02
8.075999999960004061e-03
1.050999999995383405e-02
8.343999999965490133e-03
8.329000000003361492e-03
8.044000000040796294e-03
1.273400000002311572e-02
9.944000000018604624e-03
1.069499999994150130e-02
9.637999999995372491e-03
1.190500000006977643e-02
1.095499999996718543e-02
1.099100000010366784e-02
8.942999999931089405e-03
