# Projection image timer: 2017-12-12 17:34:34.987599
3.081260000000000110e-01
2.000010000000000954e-01
2.000029999999999308e-01
2.000010000000000954e-01
2.000020000000000131e-01
2.981449999999998823e-01
2.000039999999998486e-01
2.000020000000000131e-01
2.368230000000002278e-01
2.000039999999998486e-01
2.000020000000000131e-01
2.000029999999997088e-01
2.000010000000003174e-01
2.415320000000003020e-01
2.000019999999995690e-01
2.000000000000001776e-01
2.489010000000000389e-01
2.000000000000001776e-01
2.000020000000004572e-01
2.000030000000005970e-01
2.000000000000001776e-01
2.000019999999995690e-01
2.000029999999997088e-01
2.000010000000003174e-01
2.454179999999990258e-01
2.000030000000005970e-01
2.000039999999998486e-01
2.000030000000005970e-01
2.000010000000003174e-01
2.000039999999998486e-01
2.000000000000010658e-01
2.000010000000003174e-01
2.419989999999998531e-01
2.000009999999985411e-01
2.000039999999998486e-01
2.000020000000013454e-01
2.000020000000013454e-01
2.000010000000003174e-01
2.000000000000010658e-01
2.000030000000005970e-01
2.401860000000013429e-01
2.000030000000005970e-01
2.000019999999995690e-01
2.000029999999988206e-01
2.000000000000010658e-01
2.000039999999998486e-01
2.000039999999998486e-01
2.000010000000003174e-01
2.390229999999995414e-01
2.000029999999988206e-01
2.000019999999977927e-01
2.000019999999977927e-01
2.000030000000023733e-01
2.000029999999988206e-01
2.000029999999988206e-01
2.000029999999988206e-01
2.512939999999979079e-01
2.000010000000003174e-01
2.000010000000003174e-01
2.000039999999998486e-01
2.000019999999977927e-01
2.000039999999998486e-01
2.000029999999988206e-01
2.000000000000028422e-01
2.475020000000007769e-01
2.000019999999977927e-01
2.000019999999977927e-01
2.000020000000013454e-01
2.000010000000003174e-01
2.000019999999977927e-01
2.000029999999988206e-01
2.000010000000003174e-01
2.510940000000019268e-01
2.000029999999988206e-01
2.000030000000023733e-01
2.000009999999967647e-01
2.000039999999998486e-01
2.000010000000003174e-01
2.342949999999994759e-01
2.000030000000023733e-01
2.545989999999989095e-01
2.000020000000013454e-01
2.000029999999988206e-01
2.000039999999998486e-01
2.000030000000023733e-01
2.000019999999977927e-01
2.000029999999988206e-01
2.000010000000003174e-01
2.560819999999992547e-01
2.000010000000003174e-01
2.000019999999977927e-01
2.000010000000003174e-01
2.000009999999967647e-01
2.000039999999998486e-01
2.000010000000003174e-01
2.000020000000013454e-01
2.468539999999990187e-01
2.000020000000013454e-01
2.000009999999967647e-01
2.000019999999977927e-01
2.000009999999932120e-01
2.000020000000048981e-01
2.000010000000003174e-01
2.000030000000023733e-01
2.508499999999997954e-01
2.000019999999977927e-01
2.000010000000003174e-01
2.000010000000003174e-01
2.000000000000028422e-01
2.000010000000003174e-01
2.000030000000023733e-01
2.000020000000048981e-01
2.416270000000011464e-01
2.000030000000023733e-01
2.000010000000003174e-01
2.000039999999998486e-01
2.000000000000028422e-01
2.000030000000023733e-01
2.000039999999998486e-01
2.000030000000023733e-01
2.486689999999995848e-01
2.000039999999998486e-01
2.000029999999952679e-01
2.000019999999977927e-01
2.000030000000023733e-01
2.000039999999998486e-01
2.000000000000028422e-01
2.000010000000003174e-01
2.458439999999981751e-01
2.000030000000023733e-01
2.000010000000003174e-01
2.000030000000023733e-01
2.000030000000023733e-01
2.000010000000003174e-01
2.000030000000023733e-01
2.000029999999952679e-01
2.533409999999989282e-01
2.000019999999977927e-01
2.000010000000003174e-01
2.000019999999977927e-01
2.000010000000003174e-01
2.000030000000023733e-01
2.000010000000003174e-01
2.000019999999977927e-01
2.427039999999962561e-01
2.000029999999952679e-01
2.000039999999998486e-01
2.000010000000003174e-01
2.000029999999952679e-01
2.000000000000028422e-01
2.000000000000028422e-01
2.000010000000003174e-01
2.458570000000008804e-01
2.000039999999998486e-01
2.000029999999952679e-01
2.000019999999977927e-01
2.000019999999977927e-01
2.000010000000003174e-01
2.000010000000003174e-01
2.000030000000023733e-01
2.393760000000000332e-01
2.000039999999998486e-01
2.000000000000028422e-01
2.000010000000003174e-01
2.000030000000023733e-01
2.000000000000028422e-01
2.000010000000003174e-01
2.000029999999952679e-01
2.569419999999951187e-01
2.000010000000003174e-01
2.000010000000003174e-01
2.000039999999998486e-01
2.000039999999998486e-01
2.000010000000003174e-01
2.000020000000048981e-01
2.000029999999952679e-01
2.562940000000040186e-01
2.000010000000003174e-01
2.000019999999977927e-01
2.000019999999977927e-01
2.000019999999977927e-01
2.000020000000048981e-01
2.000019999999977927e-01
2.000019999999977927e-01
2.497660000000010427e-01
2.000000000000028422e-01
2.000000000000028422e-01
2.000019999999977927e-01
2.000039999999998486e-01
2.000010000000003174e-01
2.000039999999998486e-01
2.000019999999977927e-01
2.557240000000007285e-01
2.000010000000003174e-01
2.000019999999977927e-01
2.000039999999998486e-01
2.000000000000028422e-01
2.000000000000028422e-01
2.000000000000028422e-01
2.000010000000003174e-01
2.506399999999899819e-01
2.000010000000003174e-01
2.000010000000003174e-01
2.000010000000003174e-01
2.000020000000120035e-01
2.000030000000094788e-01
2.000010000000003174e-01
2.000029999999952679e-01
2.555559999999985621e-01
2.000010000000003174e-01
2.000010000000003174e-01
2.000010000000003174e-01
2.000000000000028422e-01
2.000029999999952679e-01
2.000010000000003174e-01
2.000000000000028422e-01
2.507219999999961146e-01
2.000019999999977927e-01
2.000039999999927431e-01
2.000030000000094788e-01
2.000029999999952679e-01
2.000030000000094788e-01
2.000000000000028422e-01
2.000029999999952679e-01
2.495009999999950878e-01
2.000039999999927431e-01
2.000019999999977927e-01
2.000019999999977927e-01
2.000010000000003174e-01
2.000029999999952679e-01
2.000010000000003174e-01
2.000000000000028422e-01
2.517560000000003129e-01
2.000010000000003174e-01
2.000000000000028422e-01
2.000030000000094788e-01
2.000000000000028422e-01
2.000029999999952679e-01
2.000029999999952679e-01
2.000019999999977927e-01
2.495499999999992724e-01
2.000029999999952679e-01
2.000010000000003174e-01
2.000029999999952679e-01
2.000010000000003174e-01
2.000010000000003174e-01
2.000000000000028422e-01
2.000000000000028422e-01
2.477540000000004738e-01
2.000010000000003174e-01
2.000000000000028422e-01
2.000039999999927431e-01
2.000020000000120035e-01
2.356929999999977099e-01
2.000010000000003174e-01
2.000010000000003174e-01
2.552499999999895408e-01
2.000019999999977927e-01
2.000030000000094788e-01
2.000010000000003174e-01
2.000010000000003174e-01
2.000010000000003174e-01
2.000019999999977927e-01
2.000000000000028422e-01
2.520099999999985130e-01
2.000000000000028422e-01
2.000030000000094788e-01
2.000039999999927431e-01
2.000030000000094788e-01
2.000029999999952679e-01
2.000029999999952679e-01
2.000029999999952679e-01
2.505340000000018108e-01
2.000030000000094788e-01
2.000000000000028422e-01
2.000000000000028422e-01
2.000020000000120035e-01
2.000010000000003174e-01
2.000019999999977927e-01
2.000029999999952679e-01
2.479790000000008376e-01
2.000019999999977927e-01
2.000000000000028422e-01
2.000039999999927431e-01
2.000010000000003174e-01
2.000019999999977927e-01
2.000010000000003174e-01
2.000020000000120035e-01
2.502000000000066393e-01
2.000000000000028422e-01
2.000010000000003174e-01
2.000039999999927431e-01
2.000019999999977927e-01
2.000450000000029149e-01
2.000010000000003174e-01
2.000029999999952679e-01
2.482389999999981001e-01
2.425659999999965066e-01
2.000010000000003174e-01
2.000010000000003174e-01
2.000000000000028422e-01
2.000010000000003174e-01
2.000010000000003174e-01
2.000010000000003174e-01
2.480970000000013442e-01
2.000010000000003174e-01
2.000000000000028422e-01
2.000000000000028422e-01
2.000029999999952679e-01
2.000019999999977927e-01
2.000019999999977927e-01
2.000010000000003174e-01
2.344070000000044729e-01
2.000000000000028422e-01
2.000019999999977927e-01
2.000029999999952679e-01
2.000019999999977927e-01
2.000019999999977927e-01
2.000000000000028422e-01
2.000039999999927431e-01
2.534299999999944930e-01
2.000030000000094788e-01
2.000019999999977927e-01
2.000019999999977927e-01
2.000000000000028422e-01
2.000039999999927431e-01
2.000030000000094788e-01
2.000019999999977927e-01
2.543410000000108084e-01
2.000000000000028422e-01
2.000039999999927431e-01
2.000029999999952679e-01
2.000029999999952679e-01
2.000039999999927431e-01
2.000000000000028422e-01
2.000000000000028422e-01
2.515570000000053597e-01
2.000010000000003174e-01
2.000039999999927431e-01
2.000029999999952679e-01
2.000010000000003174e-01
2.000029999999952679e-01
2.000029999999952679e-01
2.000019999999977927e-01
2.522730000000024120e-01
2.000039999999927431e-01
2.000019999999977927e-01
2.000010000000003174e-01
2.000029999999952679e-01
2.000010000000003174e-01
2.000029999999952679e-01
2.000019999999977927e-01
2.367540000000047939e-01
2.000010000000003174e-01
2.000000000000028422e-01
2.000019999999977927e-01
2.000020000000120035e-01
2.000029999999952679e-01
2.000030000000094788e-01
2.000010000000003174e-01
2.522449999999878401e-01
2.000029999999952679e-01
2.000010000000003174e-01
2.000019999999977927e-01
2.000029999999952679e-01
2.000000000000028422e-01
2.000030000000094788e-01
2.000020000000120035e-01
2.489800000000030877e-01
2.000019999999977927e-01
2.000019999999977927e-01
2.000030000000094788e-01
2.000010000000003174e-01
2.000039999999927431e-01
2.000030000000094788e-01
2.000000000000028422e-01
2.442559999999929232e-01
2.000010000000003174e-01
2.000010000000003174e-01
2.000029999999952679e-01
2.000030000000094788e-01
2.000029999999952679e-01
2.000030000000094788e-01
2.000010000000003174e-01
2.428150000000073305e-01
2.000029999999952679e-01
2.000010000000003174e-01
2.000020000000120035e-01
2.000030000000094788e-01
2.000010000000003174e-01
2.000000000000028422e-01
2.000010000000003174e-01
2.440349999999966712e-01
2.000030000000094788e-01
2.000029999999810570e-01
2.000009999999861066e-01
2.000020000000120035e-01
2.000030000000094788e-01
2.000009999999861066e-01
2.000009999999861066e-01
2.519039999999961310e-01
2.000020000000120035e-01
2.000020000000120035e-01
2.000030000000094788e-01
2.000030000000094788e-01
2.000009999999861066e-01
2.000020000000120035e-01
2.000040000000069540e-01
2.425039999999967222e-01
2.000000000000170530e-01
2.000020000000120035e-01
2.000019999999835818e-01
2.000029999999810570e-01
2.000019999999835818e-01
2.000000000000170530e-01
2.000029999999810570e-01
2.488700000000108048e-01
2.000020000000120035e-01
2.000040000000069540e-01
2.000019999999835818e-01
2.000009999999861066e-01
2.000000000000170530e-01
2.000019999999835818e-01
2.000039999999785323e-01
2.527999999999792635e-01
2.000009999999861066e-01
2.000040000000069540e-01
2.000009999999861066e-01
2.488459999999861338e-01
2.000019999999835818e-01
2.000000000000170530e-01
2.000020000000120035e-01
2.462500000000034106e-01
2.000009999999861066e-01
2.000009999999861066e-01
2.000000000000170530e-01
2.000030000000094788e-01
2.000010000000145283e-01
2.000030000000094788e-01
2.000019999999835818e-01
2.427150000000040109e-01
2.000000000000170530e-01
2.000030000000094788e-01
2.000030000000094788e-01
2.000010000000145283e-01
2.000030000000094788e-01
2.000020000000120035e-01
2.000030000000094788e-01
2.542460000000232867e-01
2.000019999999835818e-01
2.000010000000145283e-01
2.000029999999810570e-01
2.000000000000170530e-01
2.000029999999810570e-01
2.000030000000094788e-01
2.000020000000120035e-01
2.529619999999965785e-01
2.000010000000145283e-01
2.000019999999835818e-01
2.000019999999835818e-01
2.000000000000170530e-01
2.000040000000069540e-01
2.000020000000120035e-01
2.000039999999785323e-01
2.545829999999966731e-01
2.000010000000145283e-01
2.000030000000094788e-01
2.000000000000170530e-01
2.000029999999810570e-01
2.000029999999810570e-01
2.000009999999861066e-01
2.000079999999968550e-01
2.480010000000163473e-01
2.000019999999835818e-01
2.000010000000145283e-01
2.000390000000038526e-01
2.000010000000145283e-01
2.000030000000094788e-01
2.000000000000170530e-01
2.000030000000094788e-01
2.537070000000198888e-01
2.000000000000170530e-01
2.000029999999810570e-01
2.000020000000120035e-01
2.000049999999760075e-01
2.000009999999861066e-01
2.000020000000120035e-01
2.000030000000094788e-01
2.551359999999931460e-01
2.000000000000170530e-01
2.000009999999861066e-01
2.000039999999785323e-01
2.000009999999861066e-01
2.000040000000069540e-01
2.000030000000094788e-01
2.000039999999785323e-01
2.479250000000092768e-01
2.000019999999835818e-01
2.000009999999861066e-01
2.000000000000170530e-01
2.000009999999861066e-01
2.000030000000094788e-01
2.000029999999810570e-01
2.000039999999785323e-01
2.470069999999964239e-01
2.000019999999835818e-01
2.000029999999810570e-01
2.000009999999861066e-01
2.000019999999835818e-01
2.000010000000145283e-01
2.000040000000069540e-01
2.000009999999861066e-01
2.492359999999962383e-01
2.000020000000120035e-01
2.000019999999835818e-01
2.000020000000120035e-01
2.000019999999835818e-01
2.000029999999810570e-01
2.000040000000069540e-01
2.000010000000145283e-01
2.441809999999975389e-01
2.000030000000094788e-01
2.000039999999785323e-01
2.000030000000094788e-01
2.000040000000069540e-01
2.000010000000145283e-01
2.000020000000120035e-01
2.000040000000069540e-01
2.469189999999912288e-01
2.000010000000145283e-01
2.000000000000170530e-01
2.000030000000094788e-01
2.000040000000069540e-01
2.000040000000069540e-01
2.000020000000120035e-01
2.000009999999861066e-01
2.472580000000164091e-01
2.000020000000120035e-01
2.000030000000094788e-01
2.000029999999810570e-01
2.000019999999835818e-01
2.000040000000069540e-01
2.000019999999835818e-01
2.000019999999835818e-01
2.464420000000018263e-01
2.000009999999861066e-01
2.000010000000145283e-01
2.000020000000120035e-01
2.000040000000069540e-01
2.000019999999835818e-01
2.000040000000069540e-01
2.000030000000094788e-01
2.429570000000182972e-01
2.000039999999785323e-01
2.000010000000145283e-01
2.000009999999861066e-01
2.000020000000120035e-01
2.000009999999861066e-01
2.000040000000069540e-01
2.000020000000120035e-01
2.517090000000052896e-01
2.000019999999835818e-01
2.000039999999785323e-01
2.000009999999861066e-01
2.000039999999785323e-01
2.000010000000145283e-01
2.000020000000120035e-01
2.000020000000120035e-01
2.392579999999782103e-01
2.000010000000145283e-01
2.000030000000094788e-01
2.000030000000094788e-01
2.000020000000120035e-01
2.000019999999835818e-01
2.000020000000120035e-01
2.000019999999835818e-01
2.497009999999875163e-01
2.000039999999785323e-01
2.000030000000094788e-01
2.000030000000094788e-01
2.000000000000170530e-01
2.000030000000094788e-01
2.000030000000094788e-01
2.000040000000069540e-01
2.541819999999859192e-01
2.000009999999861066e-01
2.000000000000170530e-01
2.000020000000120035e-01
2.000009999999861066e-01
2.000029999999810570e-01
2.000029999999810570e-01
2.000020000000120035e-01
2.534480000000201017e-01
2.000030000000094788e-01
2.000000000000170530e-01
2.000020000000120035e-01
2.000009999999861066e-01
2.000020000000120035e-01
2.000019999999835818e-01
2.000000000000170530e-01
2.400350000000059936e-01
2.000009999999861066e-01
2.000009999999861066e-01
2.000010000000145283e-01
2.000030000000094788e-01
2.000030000000094788e-01
2.000020000000120035e-01
2.000009999999861066e-01
2.443600000000003547e-01
2.000019999999835818e-01
2.000030000000094788e-01
2.000039999999785323e-01
2.000069999999993797e-01
2.000030000000094788e-01
2.000020000000120035e-01
2.000029999999810570e-01
2.504789999999843531e-01
2.000009999999861066e-01
2.000020000000120035e-01
2.000000000000170530e-01
2.000019999999835818e-01
2.000020000000120035e-01
2.000030000000094788e-01
2.000010000000145283e-01
2.502280000000212112e-01
2.000020000000120035e-01
2.000009999999861066e-01
2.000039999999785323e-01
2.000000000000170530e-01
2.000030000000094788e-01
2.000039999999785323e-01
2.000010000000145283e-01
2.483420000000080563e-01
2.000010000000145283e-01
2.000030000000094788e-01
2.000010000000145283e-01
2.000009999999861066e-01
2.000060000000019045e-01
2.000029999999810570e-01
2.000020000000120035e-01
2.465069999999798256e-01
2.000009999999861066e-01
2.000019999999835818e-01
2.000010000000145283e-01
2.000020000000120035e-01
2.000030000000094788e-01
2.000010000000145283e-01
2.000020000000120035e-01
2.496610000000032414e-01
2.000019999999835818e-01
2.000010000000145283e-01
2.000039999999785323e-01
2.000000000000170530e-01
2.000020000000120035e-01
2.000009999999861066e-01
2.000000000000170530e-01
2.436710000000061882e-01
2.000030000000094788e-01
2.000010000000145283e-01
2.000009999999861066e-01
2.000020000000120035e-01
2.000030000000094788e-01
2.000030000000094788e-01
2.000029999999810570e-01
2.449409999999829779e-01
2.000030000000094788e-01
2.000019999999835818e-01
2.000040000000069540e-01
2.000019999999835818e-01
2.000000000000170530e-01
2.000019999999835818e-01
2.000030000000094788e-01
2.408499999999946795e-01
2.000029999999810570e-01
2.000009999999861066e-01
2.000040000000069540e-01
2.000030000000094788e-01
2.000020000000120035e-01
2.000010000000145283e-01
2.000000000000170530e-01
2.366209999999853153e-01
2.000029999999810570e-01
2.000009999999861066e-01
2.000019999999835818e-01
2.000000000000170530e-01
2.000010000000145283e-01
2.000009999999861066e-01
2.000020000000120035e-01
2.572779999999852407e-01
2.000040000000069540e-01
2.000000000000170530e-01
2.000010000000145283e-01
2.000060000000019045e-01
2.000000000000170530e-01
2.000019999999835818e-01
2.000019999999835818e-01
2.429470000000151231e-01
2.000030000000094788e-01
2.000030000000094788e-01
2.000029999999810570e-01
2.000019999999835818e-01
2.000009999999861066e-01
2.000029999999810570e-01
2.000010000000145283e-01
2.454759999999964748e-01
2.000040000000069540e-01
2.000000000000170530e-01
2.000020000000120035e-01
2.000040000000069540e-01
2.000020000000120035e-01
2.000040000000069540e-01
2.000020000000120035e-01
2.579089999999837346e-01
2.000020000000120035e-01
2.000010000000145283e-01
2.000010000000145283e-01
2.000019999999835818e-01
2.000019999999835818e-01
2.000030000000094788e-01
2.000000000000170530e-01
2.564520000000243272e-01
2.000029999999810570e-01
2.000000000000170530e-01
2.000020000000120035e-01
2.000010000000145283e-01
2.000020000000120035e-01
2.000020000000120035e-01
2.000010000000145283e-01
2.485800000000040200e-01
2.000009999999861066e-01
2.000030000000094788e-01
2.000030000000094788e-01
2.000009999999861066e-01
2.000000000000170530e-01
2.000030000000094788e-01
2.000030000000094788e-01
2.587070000000153414e-01
2.000020000000120035e-01
2.000010000000145283e-01
2.000020000000120035e-01
2.000000000000170530e-01
2.000020000000120035e-01
2.000030000000094788e-01
2.000009999999861066e-01
2.526909999999986667e-01
2.000019999999835818e-01
2.000040000000069540e-01
2.000000000000170530e-01
2.000009999999861066e-01
2.000030000000094788e-01
2.000030000000094788e-01
2.000030000000094788e-01
2.476189999999860447e-01
2.000009999999861066e-01
2.000020000000120035e-01
2.000030000000094788e-01
2.000019999999835818e-01
2.000020000000120035e-01
2.000029999999810570e-01
2.000030000000094788e-01
2.407420000000115579e-01
2.000029999999810570e-01
2.000030000000094788e-01
2.000030000000094788e-01
2.000010000000145283e-01
2.000040000000069540e-01
2.000019999999835818e-01
2.000030000000094788e-01
2.516679999999951178e-01
2.000000000000170530e-01
2.000020000000120035e-01
2.000009999999861066e-01
2.000009999999861066e-01
2.000019999999835818e-01
2.000029999999810570e-01
2.000020000000120035e-01
2.424310000000104992e-01
2.000030000000094788e-01
2.000030000000094788e-01
2.000019999999835818e-01
2.000030000000094788e-01
2.000009999999861066e-01
2.000020000000120035e-01
2.000010000000145283e-01
2.453880000000197015e-01
2.000020000000120035e-01
2.000009999999861066e-01
2.000019999999835818e-01
2.000019999999835818e-01
2.000030000000379005e-01
2.000039999999785323e-01
2.000029999999810570e-01
2.521060000000261425e-01
2.000020000000404252e-01
2.000019999999835818e-01
2.000030000000379005e-01
2.000009999999861066e-01
2.000020000000404252e-01
2.000000000000454747e-01
2.000039999999785323e-01
2.470359999999800493e-01
2.000019999999835818e-01
2.000009999999861066e-01
2.000029999999810570e-01
2.000029999999810570e-01
2.000029999999810570e-01
2.000030000000379005e-01
2.000019999999835818e-01
2.515309999999999491e-01
2.000009999999861066e-01
2.000010000000429500e-01
2.000039999999785323e-01
2.000010000000429500e-01
2.000000000000454747e-01
2.000039999999785323e-01
2.000009999999861066e-01
2.455569999999624997e-01
2.000009999999861066e-01
2.000019999999835818e-01
2.000039999999785323e-01
2.000010000000429500e-01
2.000020000000404252e-01
2.000039999999785323e-01
2.000000000000454747e-01
2.494340000000079272e-01
2.000010000000429500e-01
2.000039999999785323e-01
2.000029999999810570e-01
2.000030000000379005e-01
2.000029999999810570e-01
2.000009999999861066e-01
2.000029999999810570e-01
2.483139999999934844e-01
2.000019999999835818e-01
2.000019999999835818e-01
2.000039999999785323e-01
2.000030000000379005e-01
2.000029999999810570e-01
2.000029999999810570e-01
2.000029999999810570e-01
2.430469999999900210e-01
2.301879999999982829e-01
2.000009999999861066e-01
2.000010000000429500e-01
2.000019999999835818e-01
2.000019999999835818e-01
2.000029999999810570e-01
2.000039999999785323e-01
2.571619999999938955e-01
2.000039999999785323e-01
2.000030000000379005e-01
2.000039999999785323e-01
2.000000000000454747e-01
2.000029999999810570e-01
2.000009999999861066e-01
2.000039999999785323e-01
2.366110000000389846e-01
2.000019999999835818e-01
2.000030000000379005e-01
2.000029999999810570e-01
2.000029999999810570e-01
2.000019999999835818e-01
2.000009999999861066e-01
2.434099999999830288e-01
2.493169999999622632e-01
2.000010000000429500e-01
2.000009999999861066e-01
2.000009999999861066e-01
2.000019999999835818e-01
2.000029999999810570e-01
2.000029999999810570e-01
2.000039999999785323e-01
2.525939999999877728e-01
2.000019999999835818e-01
2.000009999999861066e-01
2.000019999999835818e-01
2.000010000000429500e-01
2.000029999999810570e-01
2.000029999999810570e-01
2.000040000000353757e-01
2.504319999999893298e-01
2.000029999999810570e-01
2.000019999999835818e-01
2.000029999999810570e-01
2.000019999999835818e-01
2.000029999999810570e-01
2.000030000000379005e-01
2.000020000000404252e-01
2.458960000000161017e-01
2.000019999999835818e-01
2.000010000000429500e-01
2.000009999999861066e-01
2.000019999999835818e-01
2.000039999999785323e-01
2.000029999999810570e-01
2.000020000000404252e-01
2.541200000000003456e-01
2.000039999999785323e-01
2.000009999999861066e-01
2.000009999999861066e-01
2.000029999999810570e-01
2.000039999999785323e-01
2.000010000000429500e-01
2.000039999999785323e-01
2.472720000000094842e-01
2.000030000000379005e-01
2.000029999999810570e-01
2.000029999999810570e-01
2.000029999999810570e-01
2.000009999999861066e-01
2.000029999999810570e-01
2.000019999999835818e-01
2.400399999999649481e-01
2.000029999999810570e-01
2.000010000000429500e-01
2.000000000000454747e-01
2.000029999999810570e-01
2.000009999999861066e-01
2.000000000000454747e-01
2.000019999999835818e-01
2.428790000000162763e-01
2.000019999999835818e-01
2.000029999999810570e-01
2.000010000000429500e-01
2.000019999999835818e-01
2.000020000000404252e-01
2.000019999999835818e-01
2.000010000000429500e-01
2.510499999999638021e-01
2.000030000000379005e-01
2.000029999999810570e-01
2.000019999999835818e-01
2.000040000000353757e-01
2.000029999999810570e-01
2.000039999999785323e-01
2.000029999999810570e-01
2.444300000000225737e-01
2.000020000000404252e-01
2.000009999999861066e-01
2.000020000000404252e-01
2.000009999999861066e-01
2.000030000000379005e-01
2.000009999999861066e-01
2.000019999999835818e-01
2.502650000000130603e-01
2.000009999999861066e-01
2.000009999999861066e-01
2.000010000000429500e-01
2.000039999999785323e-01
2.000029999999810570e-01
2.000010000000429500e-01
2.000010000000429500e-01
2.422720000000140317e-01
2.000009999999861066e-01
2.000009999999861066e-01
2.000039999999785323e-01
2.000029999999810570e-01
2.000039999999785323e-01
2.000019999999835818e-01
2.000009999999861066e-01
2.384670000000141954e-01
2.000039999999785323e-01
2.000009999999861066e-01
2.000000000000454747e-01
2.000030000000379005e-01
2.000029999999810570e-01
2.000009999999861066e-01
2.000030000000379005e-01
2.467240000000288092e-01
2.000039999999785323e-01
2.000009999999861066e-01
2.000030000000379005e-01
2.000020000000404252e-01
2.000029999999810570e-01
2.000009999999861066e-01
2.000009999999861066e-01
2.409580000000346445e-01
2.000009999999861066e-01
2.000000000000454747e-01
2.000009999999861066e-01
2.000009999999861066e-01
2.000020000000404252e-01
2.000010000000429500e-01
2.000029999999810570e-01
2.520630000000210202e-01
2.000020000000404252e-01
2.000029999999810570e-01
2.000009999999861066e-01
2.000009999999861066e-01
2.000010000000429500e-01
2.000019999999835818e-01
2.000019999999835818e-01
2.562270000000239634e-01
2.000019999999835818e-01
2.000089999999659085e-01
2.000039999999785323e-01
2.000019999999835818e-01
2.000019999999835818e-01
2.000010000000429500e-01
2.000009999999861066e-01
2.496270000000322398e-01
2.000010000000429500e-01
2.000080000000252767e-01
2.000019999999835818e-01
2.000030000000379005e-01
2.000020000000404252e-01
2.000029999999810570e-01
2.000000000000454747e-01
2.460050000000251202e-01
2.000010000000429500e-01
2.000009999999861066e-01
2.000039999999785323e-01
2.000029999999810570e-01
2.000029999999810570e-01
2.000019999999835818e-01
2.000009999999861066e-01
3.025969999999915672e-01
2.000009999999861066e-01
2.000040000000353757e-01
2.000040000000353757e-01
2.000040000000353757e-01
2.000020000000404252e-01
2.000019999999835818e-01
2.000009999999861066e-01
2.504080000000499240e-01
2.000020000000404252e-01
2.000019999999835818e-01
2.000039999999785323e-01
2.000039999999785323e-01
2.000040000000353757e-01
2.000019999999835818e-01
2.000009999999861066e-01
2.522739999999998872e-01
2.000040000000353757e-01
2.000019999999835818e-01
2.000030000000379005e-01
2.000030000000379005e-01
2.000019999999835818e-01
2.000019999999835818e-01
2.000009999999861066e-01
2.462229999999863139e-01
2.000029999999810570e-01
2.000030000000379005e-01
2.000009999999861066e-01
2.000030000000379005e-01
2.000000000000454747e-01
2.000020000000404252e-01
2.000039999999785323e-01
2.490189999999756765e-01
2.000000000000454747e-01
2.000039999999785323e-01
2.000030000000379005e-01
2.000039999999785323e-01
2.000010000000429500e-01
2.000040000000353757e-01
2.000029999999810570e-01
2.490849999999795727e-01
2.000019999999835818e-01
2.000040000000353757e-01
2.000019999999835818e-01
2.000029999999810570e-01
2.000029999999810570e-01
2.000030000000379005e-01
2.000000000000454747e-01
2.497240000000147120e-01
2.000029999999810570e-01
2.000019999999835818e-01
2.000019999999835818e-01
2.000019999999835818e-01
2.000029999999810570e-01
2.000019999999835818e-01
2.000029999999810570e-01
2.570479999999975007e-01
2.000009999999861066e-01
2.000039999999785323e-01
2.000000000000454747e-01
2.000030000000379005e-01
2.000029999999810570e-01
2.000000000000454747e-01
2.000010000000429500e-01
2.530040000000326472e-01
2.000010000000429500e-01
2.000039999999785323e-01
2.000029999999810570e-01
2.000009999999861066e-01
2.000020000000404252e-01
2.000029999999810570e-01
2.000010000000429500e-01
2.435389999999983957e-01
2.000040000000353757e-01
2.000020000000404252e-01
2.000039999999785323e-01
2.000039999999785323e-01
2.000030000000379005e-01
2.000020000000404252e-01
2.000039999999785323e-01
2.478919999999789070e-01
2.000009999999861066e-01
2.000029999999810570e-01
2.000009999999861066e-01
2.000009999999861066e-01
2.000019999999835818e-01
2.000040000000353757e-01
2.000009999999861066e-01
2.526449999999726970e-01
2.000029999999810570e-01
2.000029999999810570e-01
2.000029999999810570e-01
2.000040000000353757e-01
2.000009999999861066e-01
2.000029999999810570e-01
2.000040000000353757e-01
2.477440000000115106e-01
2.000009999999861066e-01
2.000019999999835818e-01
2.000039999999785323e-01
2.000029999999810570e-01
2.000019999999835818e-01
2.000029999999810570e-01
2.000039999999785323e-01
2.430099999999697502e-01
2.000040000000353757e-01
2.000039999999785323e-01
2.000009999999861066e-01
2.000029999999810570e-01
2.000009999999861066e-01
2.000010000000429500e-01
2.000029999999810570e-01
2.564160000000015316e-01
2.000039999999785323e-01
2.000009999999861066e-01
2.000039999999785323e-01
2.000029999999810570e-01
2.000039999999785323e-01
2.000040000000353757e-01
2.000019999999835818e-01
2.511020000000030450e-01
2.000040000000353757e-01
2.000020000000404252e-01
2.000019999999835818e-01
2.000009999999861066e-01
2.000000000000454747e-01
2.000039999999785323e-01
2.000019999999835818e-01
2.564649999999915053e-01
2.000009999999861066e-01
2.000030000000379005e-01
2.000030000000379005e-01
2.000029999999810570e-01
2.000019999999835818e-01
2.000030000000379005e-01
2.000029999999810570e-01
2.577949999999873398e-01
2.000020000000404252e-01
2.000010000000429500e-01
2.000019999999835818e-01
2.000029999999810570e-01
2.000029999999810570e-01
2.000059999999734828e-01
2.000039999999785323e-01
2.518800000000283035e-01
2.000010000000429500e-01
2.000019999999835818e-01
2.000029999999810570e-01
2.000030000000379005e-01
2.000009999999861066e-01
2.000020000000404252e-01
2.000009999999861066e-01
2.561999999999784450e-01
2.000020000000404252e-01
2.000019999999835818e-01
2.000000000000454747e-01
2.000019999999835818e-01
2.000019999999835818e-01
2.000029999999810570e-01
2.000019999999835818e-01
2.449460000000271975e-01
2.000030000000379005e-01
2.000039999999785323e-01
2.000040000000353757e-01
2.000039999999785323e-01
2.000000000000454747e-01
2.000039999999785323e-01
2.000029999999810570e-01
2.493079999999849861e-01
2.000019999999835818e-01
2.000039999999785323e-01
2.000019999999835818e-01
2.000009999999861066e-01
2.000009999999861066e-01
2.000029999999810570e-01
2.000039999999785323e-01
2.483849999999847569e-01
2.000029999999810570e-01
2.000000000000454747e-01
2.000039999999785323e-01
2.000009999999861066e-01
2.000029999999810570e-01
2.000000000000454747e-01
2.000019999999835818e-01
2.486420000000180153e-01
2.000019999999835818e-01
2.000029999999810570e-01
2.000030000000379005e-01
2.000039999999785323e-01
2.000030000000379005e-01
2.000019999999835818e-01
2.000009999999861066e-01
2.486729999999965912e-01
2.000039999999785323e-01
2.000020000000404252e-01
2.000019999999835818e-01
2.000000000000454747e-01
2.000039999999785323e-01
2.000029999999810570e-01
2.000009999999861066e-01
2.439449999999965257e-01
2.000020000000404252e-01
2.000010000000429500e-01
2.000030000000379005e-01
2.000000000000454747e-01
2.000009999999861066e-01
2.000040000000353757e-01
2.000039999999785323e-01
2.445669999999608990e-01
2.000010000000429500e-01
2.000029999999810570e-01
2.000009999999861066e-01
2.000029999999810570e-01
2.000039999999785323e-01
2.000000000000454747e-01
2.000019999999835818e-01
2.455240000000458167e-01
2.000039999999785323e-01
2.000039999999785323e-01
2.000009999999861066e-01
2.000009999999861066e-01
2.000019999999835818e-01
2.000020000000404252e-01
2.000039999999785323e-01
2.471100000000205910e-01
2.000019999999835818e-01
2.000600000000076761e-01
2.000019999999835818e-01
2.000009999999861066e-01
2.000030000000379005e-01
2.000039999999785323e-01
2.000010000000429500e-01
2.600199999999972533e-01
2.000019999999835818e-01
2.000059999999734828e-01
2.000040000000353757e-01
2.000019999999835818e-01
2.000019999999835818e-01
2.000019999999835818e-01
2.000009999999861066e-01
2.507119999999645188e-01
2.000030000000379005e-01
2.000039999999785323e-01
2.000039999999785323e-01
2.000019999999835818e-01
2.000030000000379005e-01
2.000039999999785323e-01
2.000019999999835818e-01
2.454829999999788015e-01
2.000020000000404252e-01
2.000019999999835818e-01
2.000039999999785323e-01
2.000000000000454747e-01
2.000009999999861066e-01
2.000019999999835818e-01
2.000029999999810570e-01
2.517090000000052896e-01
2.000029999999810570e-01
2.000030000000379005e-01
2.000000000000454747e-01
2.000009999999861066e-01
2.000010000000429500e-01
2.000039999999785323e-01
2.000020000000404252e-01
2.410990000000197142e-01
2.000040000000353757e-01
2.000040000000353757e-01
2.000019999999835818e-01
2.000020000000404252e-01
2.000040000000353757e-01
2.000039999999785323e-01
2.000039999999785323e-01
2.476790000000050895e-01
2.000009999999861066e-01
2.000009999999861066e-01
2.000000000000454747e-01
2.000020000000404252e-01
2.000029999999810570e-01
2.000039999999785323e-01
2.000019999999835818e-01
2.514910000000440959e-01
2.000020000000404252e-01
2.000019999999835818e-01
2.000019999999835818e-01
2.000000000000454747e-01
2.000020000000404252e-01
2.000000000000454747e-01
2.000020000000404252e-01
2.556319999999914216e-01
2.000019999999835818e-01
2.000019999999835818e-01
2.000040000000353757e-01
2.000020000000404252e-01
2.000029999999810570e-01
2.000010000000429500e-01
2.000009999999861066e-01
2.591659999999933461e-01
2.000039999999785323e-01
2.000039999999785323e-01
2.000029999999810570e-01
2.000019999999835818e-01
2.000029999999810570e-01
2.000019999999835818e-01
2.000029999999810570e-01
2.483560000000011314e-01
2.000019999999835818e-01
2.000030000000379005e-01
2.000009999999861066e-01
2.000039999999785323e-01
2.000009999999861066e-01
2.000039999999785323e-01
2.000030000000379005e-01
2.553659999999808861e-01
2.000009999999861066e-01
2.000019999999835818e-01
2.000009999999861066e-01
2.000019999999835818e-01
2.000010000000429500e-01
2.000029999999810570e-01
2.000029999999810570e-01
2.409440000000131477e-01
2.000020000000404252e-01
2.000009999999861066e-01
2.000009999999861066e-01
2.000009999999861066e-01
2.000040000000353757e-01
2.000020000000404252e-01
2.000009999999861066e-01
2.474730000000135988e-01
2.000060000000303262e-01
2.000029999999810570e-01
2.000009999999861066e-01
2.000030000000379005e-01
2.000039999999785323e-01
2.000009999999861066e-01
2.000009999999861066e-01
2.413599999999860302e-01
2.000029999999810570e-01
2.000009999999861066e-01
2.000029999999810570e-01
2.000009999999861066e-01
2.000009999999861066e-01
2.000029999999810570e-01
2.000019999999835818e-01
2.446090000000253895e-01
2.000039999999785323e-01
2.000039999999785323e-01
2.000039999999785323e-01
2.000039999999785323e-01
2.000019999999835818e-01
2.000029999999810570e-01
2.000019999999835818e-01
2.526420000000371147e-01
2.000000000000454747e-01
2.000019999999835818e-01
2.000009999999861066e-01
2.000019999999835818e-01
2.000019999999835818e-01
2.000039999999785323e-01
2.000030000000379005e-01
2.539279999999735082e-01
2.000009999999861066e-01
2.000029999999810570e-01
2.000010000000429500e-01
2.000009999999861066e-01
2.000010000000429500e-01
2.000009999999861066e-01
2.000009999999861066e-01
2.573649999999929605e-01
2.000009999999861066e-01
2.000029999999810570e-01
2.000019999999835818e-01
2.000029999999810570e-01
2.000019999999835818e-01
2.000019999999835818e-01
2.000010000000429500e-01
2.459780000000364453e-01
2.000019999999835818e-01
2.000000000000454747e-01
2.000019999999835818e-01
2.000030000000379005e-01
2.000009999999861066e-01
2.000029999999810570e-01
2.000019999999835818e-01
2.490250000000173713e-01
2.000039999999785323e-01
2.000019999999835818e-01
2.000030000000379005e-01
2.000019999999835818e-01
2.000009999999861066e-01
2.000009999999861066e-01
2.000039999999785323e-01
2.486860000000206128e-01
2.000019999999835818e-01
2.000029999999810570e-01
2.000019999999835818e-01
2.000009999999861066e-01
2.000039999999785323e-01
2.000029999999810570e-01
2.000009999999861066e-01
2.491440000000011423e-01
2.000000000000454747e-01
2.000029999999810570e-01
2.000020000000404252e-01
2.000009999999861066e-01
2.000030000000379005e-01
2.000019999999835818e-01
2.000000000000454747e-01
2.464239999999904285e-01
2.000020000000404252e-01
2.000019999999835818e-01
2.000009999999861066e-01
2.000029999999810570e-01
2.000010000000429500e-01
2.000029999999810570e-01
2.000009999999861066e-01
2.484100000000353248e-01
2.000009999999861066e-01
2.000019999999835818e-01
2.000020000000404252e-01
2.000029999999810570e-01
2.000029999999810570e-01
2.000009999999861066e-01
2.000019999999835818e-01
2.422660000000291802e-01
2.000030000000379005e-01
2.000000000000454747e-01
2.000039999999785323e-01
2.000019999999835818e-01
2.000029999999810570e-01
2.000029999999810570e-01
2.000039999999785323e-01
2.491609999999582215e-01
2.000019999999835818e-01
2.000019999999835818e-01
2.000020000000404252e-01
2.000039999999785323e-01
2.000010000000429500e-01
2.000039999999785323e-01
2.000030000000379005e-01
2.571030000000291693e-01
2.000019999999835818e-01
2.000019999999835818e-01
2.000019999999835818e-01
2.000050000000328509e-01
2.000039999999785323e-01
2.000000000000454747e-01
2.000019999999835818e-01
2.430269999999836728e-01
2.000029999999810570e-01
2.000019999999835818e-01
2.000029999999810570e-01
2.000009999999861066e-01
2.000010000000429500e-01
2.000009999999861066e-01
2.000019999999835818e-01
2.444090000000187501e-01
2.000019999999835818e-01
2.000040000000353757e-01
2.000039999999785323e-01
2.000019999999835818e-01
2.000009999999861066e-01
2.000029999999810570e-01
2.000019999999835818e-01
2.376899999999864121e-01
2.000019999999835818e-01
2.000009999999861066e-01
2.000009999999861066e-01
2.000019999999835818e-01
2.000029999999810570e-01
2.000019999999835818e-01
2.000030000000379005e-01
2.461050000000000182e-01
2.000009999999861066e-01
2.000009999999861066e-01
2.000039999999785323e-01
2.000029999999810570e-01
2.000039999999785323e-01
2.000020000000404252e-01
2.000009999999861066e-01
2.570180000000164000e-01
2.000009999999861066e-01
2.000020000000404252e-01
2.000019999999835818e-01
2.000009999999861066e-01
2.000030000000379005e-01
2.000029999999810570e-01
2.000009999999861066e-01
2.450539999999818974e-01
2.000009999999861066e-01
2.000030000000379005e-01
2.000009999999861066e-01
2.000020000000404252e-01
2.000000000000454747e-01
2.000039999999785323e-01
2.000019999999835818e-01
2.479429999999638312e-01
2.000019999999835818e-01
2.000000000000454747e-01
2.000019999999835818e-01
2.000029999999810570e-01
2.000040000000353757e-01
2.000009999999861066e-01
2.000039999999785323e-01
2.477669999999534411e-01
2.000039999999785323e-01
2.000009999999861066e-01
2.000020000000404252e-01
2.000039999999785323e-01
2.000009999999861066e-01
2.000009999999861066e-01
2.000040000000353757e-01
2.395270000000095934e-01
2.000030000000379005e-01
2.000029999999810570e-01
2.000009999999861066e-01
2.000010000000429500e-01
2.000009999999861066e-01
2.000030000000379005e-01
2.000010000000429500e-01
2.462649999999939610e-01
2.000030000000379005e-01
2.000009999999861066e-01
2.000039999999785323e-01
2.000000000000454747e-01
2.000020000000404252e-01
2.000040000000353757e-01
2.000029999999810570e-01
2.436529999999947904e-01
2.000009999999861066e-01
2.000040000000353757e-01
2.000009999999861066e-01
2.000029999999810570e-01
2.000000000000454747e-01
2.000009999999861066e-01
2.000029999999810570e-01
2.525449999999977990e-01
2.000010000000429500e-01
2.000029999999810570e-01
2.000039999999785323e-01
2.000019999999835818e-01
2.000039999999785323e-01
2.000029999999810570e-01
2.000039999999785323e-01
2.427260000000046603e-01
2.000010000000429500e-01
2.000019999999835818e-01
2.000019999999835818e-01
2.000029999999810570e-01
2.000009999999861066e-01
2.000000000000454747e-01
2.000029999999810570e-01
2.508070000000088839e-01
2.000019999999835818e-01
2.000009999999861066e-01
2.000030000000379005e-01
2.000020000000404252e-01
2.000009999999861066e-01
2.000000000000454747e-01
2.000030000000379005e-01
2.479889999999613792e-01
2.000009999999292631e-01
2.000030000000379005e-01
2.000020000000404252e-01
2.000020000000404252e-01
2.000040000000353757e-01
2.000000000000454747e-01
2.000039999999216889e-01
2.473680000000513246e-01
2.000019999999267384e-01
2.000000000000454747e-01
2.000030000000379005e-01
2.000030000000379005e-01
2.000010000000429500e-01
2.000020000000404252e-01
2.000020000000404252e-01
2.525249999999914507e-01
2.000000000000454747e-01
2.000000000000454747e-01
2.000029999999242136e-01
2.000039999999216889e-01
2.000010000000429500e-01
2.000009999999292631e-01
2.000030000000379005e-01
2.428970000000845175e-01
2.000020000000404252e-01
2.000029999999242136e-01
2.000030000000379005e-01
2.000019999999267384e-01
2.000030000000379005e-01
2.000009999999292631e-01
2.000340000000733198e-01
2.433529999999564097e-01
2.000030000000379005e-01
2.000000000000454747e-01
2.000010000000429500e-01
2.000000000000454747e-01
2.000000000000454747e-01
2.000010000000429500e-01
2.000010000000429500e-01
2.466760000000931541e-01
2.000020000000404252e-01
2.000000000000454747e-01
2.000019999999267384e-01
2.000020000000404252e-01
2.000010000000429500e-01
2.000019999999267384e-01
2.000019999999267384e-01
2.531359999999267529e-01
2.000020000000404252e-01
2.391670000000658547e-01
2.000040000000353757e-01
2.000039999999216889e-01
2.000010000000429500e-01
2.000020000000404252e-01
2.000029999999242136e-01
2.433899999999766806e-01
2.000020000000404252e-01
2.000050000000328509e-01
2.000019999999267384e-01
2.000000000000454747e-01
2.000009999999292631e-01
2.000019999999267384e-01
2.000009999999292631e-01
2.451320000000123400e-01
2.000039999999216889e-01
2.000020000000404252e-01
2.000040000000353757e-01
2.000019999999267384e-01
2.000010000000429500e-01
2.000009999999292631e-01
2.000020000000404252e-01
2.423879999998916901e-01
2.461949999999433203e-01
2.000019999999267384e-01
2.000010000000429500e-01
2.000039999999216889e-01
2.000039999999216889e-01
2.000009999999292631e-01
2.000010000000429500e-01
2.503470000000334039e-01
2.000020000000404252e-01
2.000010000000429500e-01
2.000030000000379005e-01
2.000039999999216889e-01
2.000000000000454747e-01
2.000009999999292631e-01
2.000009999999292631e-01
2.498879999999417123e-01
2.000010000000429500e-01
2.000009999999292631e-01
2.000009999999292631e-01
2.000030000000379005e-01
2.000030000000379005e-01
2.000000000000454747e-01
2.000039999999216889e-01
2.395699999999578722e-01
2.000010000000429500e-01
2.000020000000404252e-01
2.000020000000404252e-01
2.000010000000429500e-01
2.000020000000404252e-01
2.000009999999292631e-01
2.000020000000404252e-01
2.416419999999561696e-01
2.000019999999267384e-01
2.000030000000379005e-01
2.000030000000379005e-01
2.000029999999242136e-01
2.000020000000404252e-01
2.000030000000379005e-01
2.000020000000404252e-01
2.529389999999693828e-01
2.000009999999292631e-01
2.000020000000404252e-01
2.000029999999242136e-01
2.000020000000404252e-01
2.000029999999242136e-01
2.000010000000429500e-01
2.000029999999242136e-01
2.413250000000743967e-01
2.000030000000379005e-01
2.000009999999292631e-01
2.000009999999292631e-01
2.000030000000379005e-01
2.000020000000404252e-01
2.000020000000404252e-01
2.000029999999242136e-01
2.427390000000286818e-01
2.000029999999242136e-01
2.000000000000454747e-01
2.000009999999292631e-01
2.000009999999292631e-01
2.000009999999292631e-01
2.000040000000353757e-01
2.000010000000429500e-01
2.499920000000201981e-01
2.000029999999242136e-01
2.000060000000303262e-01
2.000020000000404252e-01
2.000030000000379005e-01
2.000080000000252767e-01
2.000009999999292631e-01
2.000000000000454747e-01
2.472149999999828651e-01
2.000019999999267384e-01
2.000010000000429500e-01
2.000020000000404252e-01
2.000010000000429500e-01
2.000030000000379005e-01
2.000019999999267384e-01
2.000020000000404252e-01
2.442770000000109576e-01
2.000010000000429500e-01
2.000039999999216889e-01
2.000030000000379005e-01
2.000020000000404252e-01
2.000030000000379005e-01
2.000000000000454747e-01
2.000030000000379005e-01
3.109010000000580476e-01
2.000000000000454747e-01
2.000000000000454747e-01
2.000030000000379005e-01
2.000000000000454747e-01
2.000000000000454747e-01
2.000010000000429500e-01
2.000030000000379005e-01
2.477509999999938373e-01
2.000030000000379005e-01
2.000029999999242136e-01
2.000030000000379005e-01
2.000009999999292631e-01
2.000000000000454747e-01
2.000000000000454747e-01
2.000000000000454747e-01
2.473119999999653373e-01
2.000030000000379005e-01
2.000030000000379005e-01
2.000010000000429500e-01
2.000029999999242136e-01
2.000030000000379005e-01
2.000009999999292631e-01
2.000030000000379005e-01
2.535540000000082728e-01
2.000019999999267384e-01
2.000020000000404252e-01
2.000020000000404252e-01
2.000029999999242136e-01
2.000010000000429500e-01
2.000000000000454747e-01
2.000020000000404252e-01
2.432019999999965876e-01
2.000020000000404252e-01
2.000000000000454747e-01
2.000010000000429500e-01
2.000030000000379005e-01
2.000010000000429500e-01
2.000000000000454747e-01
2.000019999999267384e-01
2.424130000000559448e-01
2.000020000000404252e-01
2.000000000000454747e-01
2.000020000000404252e-01
2.000010000000429500e-01
2.000000000000454747e-01
2.000000000000454747e-01
2.000039999999216889e-01
2.434479999999439315e-01
2.000030000000379005e-01
2.000000000000454747e-01
2.000000000000454747e-01
2.000010000000429500e-01
2.000029999999242136e-01
2.000019999999267384e-01
2.000029999999242136e-01
2.457330000000865766e-01
2.000000000000454747e-01
2.000009999999292631e-01
2.000029999999242136e-01
2.000009999999292631e-01
2.000019999999267384e-01
2.000000000000454747e-01
2.000040000000353757e-01
2.528989999999566862e-01
2.000030000000379005e-01
2.000000000000454747e-01
2.000009999999292631e-01
2.000010000000429500e-01
2.284819999999854190e-01
2.000030000000379005e-01
2.000009999999292631e-01
2.535710000000790387e-01
2.000020000000404252e-01
2.000039999999216889e-01
2.000010000000429500e-01
2.000000000000454747e-01
2.000000000000454747e-01
2.000039999999216889e-01
2.000030000000379005e-01
2.473670000000538494e-01
2.000009999999292631e-01
2.000000000000454747e-01
2.000030000000379005e-01
2.000020000000404252e-01
2.000010000000429500e-01
2.000029999999242136e-01
2.000010000000429500e-01
2.398680000000013024e-01
2.000030000000379005e-01
2.000000000000454747e-01
2.000019999999267384e-01
2.000019999999267384e-01
2.000010000000429500e-01
2.000000000000454747e-01
2.000039999999216889e-01
2.614389999999957581e-01
2.000000000000454747e-01
2.000000000000454747e-01
2.000040000000353757e-01
2.000029999999242136e-01
2.000000000000454747e-01
2.000030000000379005e-01
2.000040000000353757e-01
2.529930000000604196e-01
2.000020000000404252e-01
2.000009999999292631e-01
2.000019999999267384e-01
2.000029999999242136e-01
2.000009999999292631e-01
2.000030000000379005e-01
2.000020000000404252e-01
2.481390000000374130e-01
2.000020000000404252e-01
2.000020000000404252e-01
2.000009999999292631e-01
2.000010000000429500e-01
2.000029999999242136e-01
2.000010000000429500e-01
2.000020000000404252e-01
2.463419999999132415e-01
2.000029999999242136e-01
2.000020000000404252e-01
2.000000000000454747e-01
2.000020000000404252e-01
2.000030000000379005e-01
2.000010000000429500e-01
2.000000000000454747e-01
2.437930000000960717e-01
2.000019999999267384e-01
2.000020000000404252e-01
2.000019999999267384e-01
2.000010000000429500e-01
2.000000000000454747e-01
2.000010000000429500e-01
2.000029999999242136e-01
2.408780000000660948e-01
2.000010000000429500e-01
2.000010000000429500e-01
2.000000000000454747e-01
2.000019999999267384e-01
2.000039999999216889e-01
2.000010000000429500e-01
2.000020000000404252e-01
2.565379999999777283e-01
2.000019999999267384e-01
2.000019999999267384e-01
2.000000000000454747e-01
2.000000000000454747e-01
2.000000000000454747e-01
2.000000000000454747e-01
2.000009999999292631e-01
2.824630000000070140e-01
2.000029999999242136e-01
2.000000000000454747e-01
2.000030000000379005e-01
2.000020000000404252e-01
2.000010000000429500e-01
2.000010000000429500e-01
2.000030000000379005e-01
2.498360000000729997e-01
2.000030000000379005e-01
2.000039999999216889e-01
2.000030000000379005e-01
2.000000000000454747e-01
2.000019999999267384e-01
2.000009999999292631e-01
2.000009999999292631e-01
2.501310000000103173e-01
2.000029999999242136e-01
2.000019999999267384e-01
2.000000000000454747e-01
2.000009999999292631e-01
2.000000000000454747e-01
2.000009999999292631e-01
2.000030000000379005e-01
2.415809999999964930e-01
2.000009999999292631e-01
2.000030000000379005e-01
2.000020000000404252e-01
2.000029999999242136e-01
2.000020000000404252e-01
2.000030000000379005e-01
2.000020000000404252e-01
2.515110000000504442e-01
2.000010000000429500e-01
2.000020000000404252e-01
2.000010000000429500e-01
2.000020000000404252e-01
2.000030000000379005e-01
2.000009999999292631e-01
2.000039999999216889e-01
2.543399999999564898e-01
2.000030000000379005e-01
2.000030000000379005e-01
2.000000000000454747e-01
2.000009999999292631e-01
2.000009999999292631e-01
2.000020000000404252e-01
2.000000000000454747e-01
2.530619999999998981e-01
2.000030000000379005e-01
2.000009999999292631e-01
2.000000000000454747e-01
2.000029999999242136e-01
2.000019999999267384e-01
2.000020000000404252e-01
2.000019999999267384e-01
2.500410000000101718e-01
2.000010000000429500e-01
2.000010000000429500e-01
2.000020000000404252e-01
2.000020000000404252e-01
2.000010000000429500e-01
2.000029999999242136e-01
2.000000000000454747e-01
2.518780000000333530e-01
2.000030000000379005e-01
2.000020000000404252e-01
2.000010000000429500e-01
2.000030000000379005e-01
2.000019999999267384e-01
2.000000000000454747e-01
2.000000000000454747e-01
2.464160000000674700e-01
2.000009999999292631e-01
2.000000000000454747e-01
2.000029999999242136e-01
2.000020000000404252e-01
2.000029999999242136e-01
2.000020000000404252e-01
2.000029999999242136e-01
2.565119999999296851e-01
2.000029999999242136e-01
2.000020000000404252e-01
2.000009999999292631e-01
2.000030000000379005e-01
2.000010000000429500e-01
2.000029999999242136e-01
2.000039999999216889e-01
2.371409999999514184e-01
2.000019999999267384e-01
2.000020000000404252e-01
2.000009999999292631e-01
2.000020000000404252e-01
2.000009999999292631e-01
2.000010000000429500e-01
2.000000000000454747e-01
2.488849999999729334e-01
2.000030000000379005e-01
2.000039999999216889e-01
2.000020000000404252e-01
2.000020000000404252e-01
2.000010000000429500e-01
2.000000000000454747e-01
2.000020000000404252e-01
2.499910000000227228e-01
2.000030000000379005e-01
2.000030000000379005e-01
2.000020000000404252e-01
2.000000000000454747e-01
2.000019999999267384e-01
2.000010000000429500e-01
2.000030000000379005e-01
2.510730000000194195e-01
2.000000000000454747e-01
2.000000000000454747e-01
2.000020000000404252e-01
2.000000000000454747e-01
2.000040000000353757e-01
2.000029999999242136e-01
2.000029999999242136e-01
2.535080000000107248e-01
2.000020000000404252e-01
2.000039999999216889e-01
2.000010000000429500e-01
2.000020000000404252e-01
2.000029999999242136e-01
2.000010000000429500e-01
2.000000000000454747e-01
2.488379999999779102e-01
2.000019999999267384e-01
2.000020000000404252e-01
2.000029999999242136e-01
2.000030000000379005e-01
2.000009999999292631e-01
2.000030000000379005e-01
2.000010000000429500e-01
2.475119999999151332e-01
2.000249999999823558e-01
2.000000000000454747e-01
2.000000000000454747e-01
2.000000000000454747e-01
2.000029999999242136e-01
2.000019999999267384e-01
2.000019999999267384e-01
2.474589999999352585e-01
2.000030000000379005e-01
2.000030000000379005e-01
2.000020000000404252e-01
2.000000000000454747e-01
2.000020000000404252e-01
2.000009999999292631e-01
2.000029999999242136e-01
2.570009999999456340e-01
2.000009999999292631e-01
2.000039999999216889e-01
2.000000000000454747e-01
2.000009999999292631e-01
2.000020000000404252e-01
2.000009999999292631e-01
2.000010000000429500e-01
2.574800000001005174e-01
2.000010000000429500e-01
2.000009999999292631e-01
2.000029999999242136e-01
2.000010000000429500e-01
2.000030000000379005e-01
2.000029999999242136e-01
2.000030000000379005e-01
2.487419999999929132e-01
2.000030000000379005e-01
2.000000000000454747e-01
2.000019999999267384e-01
2.000020000000404252e-01
2.000019999999267384e-01
2.000040000000353757e-01
2.000009999999292631e-01
2.466900000000578075e-01
2.000020000000404252e-01
2.000000000000454747e-01
2.000010000000429500e-01
2.000009999999292631e-01
2.000010000000429500e-01
2.000030000000379005e-01
2.000009999999292631e-01
2.465240000000221698e-01
2.000010000000429500e-01
2.000030000000379005e-01
2.000029999999242136e-01
2.000030000000379005e-01
2.000000000000454747e-01
2.000010000000429500e-01
2.000010000000429500e-01
2.451680000000351356e-01
2.000029999999242136e-01
2.000000000000454747e-01
2.000040000000353757e-01
2.000030000000379005e-01
2.000010000000429500e-01
2.000009999999292631e-01
2.000010000000429500e-01
2.526760000000649597e-01
2.000010000000429500e-01
2.000030000000379005e-01
2.000000000000454747e-01
2.000010000000429500e-01
2.000030000000379005e-01
2.000000000000454747e-01
2.000029999999242136e-01
2.487129999999524443e-01
2.000030000000379005e-01
2.000030000000379005e-01
2.000020000000404252e-01
2.000020000000404252e-01
2.000020000000404252e-01
2.000010000000429500e-01
2.000030000000379005e-01
2.472379999999247957e-01
2.000000000000454747e-01
2.000039999999216889e-01
2.000020000000404252e-01
2.000030000000379005e-01
2.000019999999267384e-01
2.000020000000404252e-01
2.000019999999267384e-01
2.436690000000680811e-01
2.000010000000429500e-01
2.000030000000379005e-01
2.000010000000429500e-01
2.000010000000429500e-01
2.000000000000454747e-01
2.000019999999267384e-01
2.000000000000454747e-01
2.475680000000011205e-01
2.000030000000379005e-01
2.000030000000379005e-01
2.000009999999292631e-01
2.000030000000379005e-01
2.000019999999267384e-01
2.000000000000454747e-01
2.000010000000429500e-01
2.452980000000479777e-01
2.000029999999242136e-01
2.000000000000454747e-01
2.000000000000454747e-01
2.000009999999292631e-01
2.000030000000379005e-01
2.000019999999267384e-01
2.000030000000379005e-01
2.376360000000659056e-01
2.000030000000379005e-01
2.000010000000429500e-01
2.000000000000454747e-01
2.000029999999242136e-01
2.000030000000379005e-01
2.000030000000379005e-01
2.000030000000379005e-01
2.481320000000550863e-01
2.000009999999292631e-01
2.000029999999242136e-01
2.000000000000454747e-01
2.000020000000404252e-01
2.000009999999292631e-01
2.000000000000454747e-01
2.000020000000404252e-01
2.411629999999149732e-01
2.000000000000454747e-01
2.000000000000454747e-01
2.000009999999292631e-01
2.000010000000429500e-01
2.000020000000404252e-01
2.000039999999216889e-01
2.000020000000404252e-01
2.451519999999618449e-01
2.000010000000429500e-01
2.000000000000454747e-01
2.000019999999267384e-01
2.000039999999216889e-01
2.000019999999267384e-01
2.000030000000379005e-01
2.000009999999292631e-01
2.487889999999879365e-01
2.000010000000429500e-01
2.000020000000404252e-01
2.000030000000379005e-01
2.000020000000404252e-01
2.000020000000404252e-01
2.000010000000429500e-01
2.000030000000379005e-01
2.545830000000250948e-01
2.000030000000379005e-01
2.000010000000429500e-01
2.000030000000379005e-01
2.000000000000454747e-01
2.000040000000353757e-01
2.000020000000404252e-01
2.000000000000454747e-01
2.483180000000402288e-01
2.000009999999292631e-01
2.000020000000404252e-01
2.000030000000379005e-01
2.000020000000404252e-01
2.000010000000429500e-01
2.000030000000379005e-01
2.000020000000404252e-01
2.497919999999567153e-01
2.000029999999242136e-01
2.000030000000379005e-01
2.000020000000404252e-01
2.000040000000353757e-01
2.000010000000429500e-01
2.000000000000454747e-01
2.000000000000454747e-01
2.473880000000008295e-01
2.000019999999267384e-01
2.000010000000429500e-01
2.000029999999242136e-01
2.000019999999267384e-01
2.000030000000379005e-01
2.000020000000404252e-01
2.000029999999242136e-01
2.560909999999694264e-01
2.000029999999242136e-01
2.000009999999292631e-01
2.000030000000379005e-01
2.000009999999292631e-01
2.000009999999292631e-01
2.000000000000454747e-01
2.000010000000429500e-01
2.460709999999153297e-01
2.000000000000454747e-01
2.000029999999242136e-01
2.000030000000379005e-01
2.000029999999242136e-01
2.000020000000404252e-01
2.000039999999216889e-01
2.000030000000379005e-01
2.595859999998992862e-01
2.000000000000454747e-01
2.000009999999292631e-01
2.000029999999242136e-01
2.000030000000379005e-01
2.000019999999267384e-01
2.000020000000404252e-01
2.000010000000429500e-01
2.568380000000161090e-01
2.000020000000404252e-01
2.000039999999216889e-01
2.000110000000177024e-01
2.000020000000404252e-01
2.000009999999292631e-01
2.000030000000379005e-01
2.000000000000454747e-01
