# Rotation Matrix timer: 2017-12-12 17:34:35.050808
2.643999999999979700e-03
1.102000000000380453e-03
1.106000000000051386e-03
1.127000000000322188e-03
1.103999999999771831e-03
1.249999999998863132e-03
1.195999999998420549e-03
1.198999999999728061e-03
1.497000000000525688e-03
1.146000000002089791e-03
1.273000000001189846e-03
1.127999999997797431e-03
1.182000000000016371e-03
1.343999999996015049e-03
1.141999999994425252e-03
1.103999999997995474e-03
1.106000000000051386e-03
1.097000000001457920e-03
1.136000000002468369e-03
1.110000000004163212e-03
1.139999999999474767e-03
1.101999999995939561e-03
1.139999999999474767e-03
1.155000000004235972e-03
1.095999999996877250e-03
1.101999999988834134e-03
1.195999999993091478e-03
1.145999999991431650e-03
1.149999999995543476e-03
1.185000000006652954e-03
1.134000000007517883e-03
1.863999999997645318e-03
1.107000000004632057e-03
1.165999999997779923e-03
1.121999999995182407e-03
1.249000000001387889e-03
1.128999999991719960e-03
1.143999999996481165e-03
1.146000000005642505e-03
1.108999999999582542e-03
1.137999999997418854e-03
1.162999999991143341e-03
1.120000000000231921e-03
1.156999999992081030e-03
1.131999999998356543e-03
1.112000000006219125e-03
1.850000000004570211e-03
1.136000000002468369e-03
1.159999999998717612e-03
1.166999999995255166e-03
1.146999999974696038e-03
1.107999999987896445e-03
1.137999999997418854e-03
1.136999999999943611e-03
1.112999999975272658e-03
1.113000000003694367e-03
1.131999999984145688e-03
1.139999999992369339e-03
1.141999999987319825e-03
1.182999999997491614e-03
1.191000000005715265e-03
1.265000000017835191e-03
1.163999999988618583e-03
1.230999999989990101e-03
1.500999999990426659e-03
1.197000000018988430e-03
1.191000000005715265e-03
1.105999999992945959e-03
1.169000000004416506e-03
1.244999999983065209e-03
1.208999999988691343e-03
1.139999999992369339e-03
1.191000000005715265e-03
1.433000000020001607e-03
1.188000000013289537e-03
1.274000000023534085e-03
1.288999999985662726e-03
1.489999999989777280e-03
1.110000000011268639e-03
1.136000000002468369e-03
1.148000000000592991e-03
1.128000000022666427e-03
1.148000000000592991e-03
1.173999999991792720e-03
1.142999999984795068e-03
1.097999999984722308e-03
1.134000000007517883e-03
1.126999999996769475e-03
1.117999999991070581e-03
1.150999999993018719e-03
1.148999999998068233e-03
1.236000000005788024e-03
1.140000000020791049e-03
1.190000000008240022e-03
1.107999999987896445e-03
1.144999999979745553e-03
1.117000000022017048e-03
1.142000000015741534e-03
1.148999999998068233e-03
1.358999999979459972e-03
1.114999999970223143e-03
1.148000000000592991e-03
1.127999999994244718e-03
1.223999999979241693e-03
1.141000000018266292e-03
1.214000000004489266e-03
1.170999999999366992e-03
1.117999999962648872e-03
1.668999999992593075e-03
1.149999999995543476e-03
1.156999999977870175e-03
1.145000000008167262e-03
1.099999999951251084e-03
1.140000000020791049e-03
1.223999999979241693e-03
1.106999999990421202e-03
1.088999999979023414e-03
1.113000000032116077e-03
1.146000000005642505e-03
1.178999999979168933e-03
1.130999999986670446e-03
1.141000000018266292e-03
1.106999999990421202e-03
1.257000000009611540e-03
1.076000000011845259e-03
1.127999999994244718e-03
1.105999999992945959e-03
1.109000000042215106e-03
1.129999999989195203e-03
1.223000000038609869e-03
1.151999999990493961e-03
1.134999999976571416e-03
1.134000000035939593e-03
1.189000000010764779e-03
2.025000000003274181e-03
1.183999999966545147e-03
1.146000000005642505e-03
1.294000000029882358e-03
1.158999999972820660e-03
1.185000000020863808e-03
1.115999999967698386e-03
1.170999999999366992e-03
1.148999999998068233e-03
1.124000000004343747e-03
1.143000000013216777e-03
1.157000000034713594e-03
1.188999999953921360e-03
1.256000000012136297e-03
1.681000000019139407e-03
1.113000000032116077e-03
1.214000000004489266e-03
1.150999999993018719e-03
1.117999999962648872e-03
1.134000000035939593e-03
1.220999999986815965e-03
1.212999999950170604e-03
1.193000000000665750e-03
1.139000000023315806e-03
1.111000000037165591e-03
1.161000000024614565e-03
1.105999999992945959e-03
1.172999999994317477e-03
1.151999999990493961e-03
1.119999999957599357e-03
1.161000000024614565e-03
1.125000000001818989e-03
1.145000000008167262e-03
1.194999999995616236e-03
1.595000000008894858e-03
1.143999999953848601e-03
1.492000000041571184e-03
1.136000000030890078e-03
1.099000000010619260e-03
1.130999999986670446e-03
1.091999999971449142e-03
1.111000000037165591e-03
1.110999999980322173e-03
1.189000000010764779e-03
1.143000000013216777e-03
1.103999999997995474e-03
1.131000000043513865e-03
1.143000000013216777e-03
1.950999999962732545e-03
1.141000000018266292e-03
1.116000000024541805e-03
1.115000000027066562e-03
1.206999999965319148e-03
1.099000000010619260e-03
1.123000000006868504e-03
1.113999999972747901e-03
1.106999999990421202e-03
1.080999999999221473e-03
1.124000000004343747e-03
1.219000000048708898e-03
1.179999999976644176e-03
1.114000000029591320e-03
1.122000000009393261e-03
1.111000000037165591e-03
1.125000000001818989e-03
1.148999999941224814e-03
1.101999999946201569e-03
1.109000000042215106e-03
1.097999999956300599e-03
1.119999999900755938e-03
1.167000000009466021e-03
1.099999999951251084e-03
1.138000000082683982e-03
1.173999999991792720e-03
1.133999999979096174e-03
1.108000000044739863e-03
1.132999999981620931e-03
2.028999999993175152e-03
1.127999999994244718e-03
1.129999999989195203e-03
1.123000000006868504e-03
1.065000000039617589e-03
1.268999999979314453e-03
1.254000000017185812e-03
1.133999999979096174e-03
1.115000000027066562e-03
1.118000000019492290e-03
1.120000000014442776e-03
1.112000000034640834e-03
1.141999999958898115e-03
1.113000000032116077e-03
1.142999999956373358e-03
1.241000000050007657e-03
1.153999999928601028e-03
1.147000000059961167e-03
1.137999999968997145e-03
1.156000000037238351e-03
1.235999999948944605e-03
1.134999999976571416e-03
1.126999999996769475e-03
1.184000000080231985e-03
1.232999999956518877e-03
1.110000000039690349e-03
1.107000000047264621e-03
1.160000000027139322e-03
1.134999999976571416e-03
1.108000000044739863e-03
1.153999999928601028e-03
1.099000000067462679e-03
1.144000000067535439e-03
1.173999999991792720e-03
1.117000000022017048e-03
1.231999999959043635e-03
1.117000000022017048e-03
1.139000000080159225e-03
1.118000000019492290e-03
1.128999999991719960e-03
1.136999999971521902e-03
1.300000000014733814e-03
1.184999999964020390e-03
1.101000000062413164e-03
1.173999999991792720e-03
1.283999999941443093e-03
1.101999999946201569e-03
1.104000000054838893e-03
1.936999999998079147e-03
1.148000000057436409e-03
1.964000000043597538e-03
1.103999999941152055e-03
1.125999999999294232e-03
2.006999999935032974e-03
1.118000000019492290e-03
1.160999999910927727e-03
1.189999999951396603e-03
1.160000000027139322e-03
1.099999999951251084e-03
1.140000000077634468e-03
1.129999999989195203e-03
1.141000000075109710e-03
1.109000000042215106e-03
1.156000000037238351e-03
1.171999999996842234e-03
1.099000000067462679e-03
1.105000000052314135e-03
1.109000000042215106e-03
1.162000000022089807e-03
