# Image grab timer: 2017-12-12 17:07:40.586097
1.279199999999999782e-01
2.311872000000000149e+00
2.589938000000000518e+00
2.583793999999999258e+00
2.602736999999999412e+00
2.599394999999999456e+00
2.596366999999998981e+00
2.593904000000001986e+00
2.591039999999999566e+00
2.588252000000000663e+00
2.582328999999997876e+00
2.578859999999998820e+00
2.589663999999999078e+00
2.586787000000001058e+00
2.585905000000003895e+00
2.576481000000001131e+00
2.574454000000002907e+00
2.581096000000002277e+00
2.582880000000002951e+00
2.581705999999996948e+00
2.589869999999997674e+00
2.599443999999998312e+00
2.578927000000000191e+00
2.571974999999994793e+00
2.575286999999995885e+00
2.581033000000005018e+00
2.582715000000007421e+00
2.584231000000002609e+00
2.569984000000005153e+00
2.590525999999996998e+00
2.582846000000003528e+00
2.588873000000006641e+00
2.595654999999993606e+00
2.585537999999999670e+00
2.589929999999995403e+00
2.590350000000000819e+00
2.587368000000012103e+00
2.589347000000003618e+00
2.588075000000003456e+00
2.579963999999989710e+00
2.584856000000002041e+00
2.574060000000002901e+00
2.573442000000000007e+00
2.588794000000007145e+00
2.599402000000011981e+00
2.587266999999997097e+00
2.585812999999987483e+00
2.604863999999992075e+00
2.579616000000001463e+00
2.577746000000004756e+00
2.591284999999999172e+00
2.596671999999983882e+00
2.586702999999999975e+00
2.588137000000017451e+00
2.581944999999990387e+00
2.583478000000013708e+00
2.581716999999997597e+00
2.596991000000002714e+00
2.582903000000015936e+00
2.615200999999984788e+00
2.587445999999999913e+00
2.579419000000001461e+00
2.591149000000001479e+00
2.583449999999999136e+00
2.580487000000005082e+00
2.614283000000000357e+00
2.587799000000018168e+00
2.576544000000012602e+00
2.575938999999976886e+00
2.593862999999998920e+00
2.586550999999985834e+00
2.701289000000002716e+00
2.590215999999998076e+00
2.580450000000013233e+00
2.578046000000000504e+00
2.584925999999995838e+00
2.606568000000009988e+00
2.591445999999990590e+00
2.575379999999995562e+00
2.587484999999986712e+00
2.582034999999990532e+00
2.582109000000002652e+00
2.587685000000021773e+00
2.585032000000012431e+00
2.586536999999992759e+00
2.569122999999990498e+00
2.579740000000015243e+00
2.585537000000016405e+00
2.585846000000003642e+00
2.578959000000025981e+00
2.585101000000008753e+00
2.586940999999995938e+00
2.592309000000000196e+00
2.596713000000022475e+00
2.598217000000005328e+00
2.583324000000004617e+00
2.587536999999997533e+00
2.587525999999996884e+00
2.591944000000012238e+00
2.576988000000028478e+00
2.596201000000007753e+00
2.579107000000021799e+00
2.584169999999971878e+00
2.586984000000029482e+00
2.583728999999948428e+00
2.580512999999996282e+00
2.597086999999987711e+00
2.592553000000009433e+00
2.582145999999966079e+00
2.586911999999983891e+00
2.586814999999944575e+00
2.580540999999982432e+00
2.574135000000012496e+00
2.580459999999959564e+00
2.590194999999994252e+00
2.588275000000010095e+00
2.580579999999997654e+00
2.583189000000004398e+00
2.578507999999999356e+00
2.588093000000014854e+00
2.590504000000009910e+00
2.579368000000044958e+00
2.579359000000010838e+00
2.589014000000020133e+00
2.586382000000014614e+00
2.588000000000022283e+00
2.592036000000007334e+00
2.577672000000006847e+00
2.579869999999971242e+00
2.587729999999965003e+00
2.589971999999988839e+00
2.587705000000028122e+00
2.576597999999989952e+00
2.617516000000023269e+00
2.602339999999969677e+00
2.593029999999998836e+00
2.692240000000026612e+00
2.579393999999979314e+00
2.580230999999969299e+00
2.592121999999960735e+00
2.579948999999999160e+00
2.593538000000023658e+00
2.592573999999956413e+00
2.592816000000027543e+00
2.583652000000029147e+00
2.592211000000020249e+00
2.595683000000008178e+00
2.574410999999997784e+00
2.577922000000000935e+00
2.574635999999998148e+00
2.579719999999952051e+00
2.590525000000013733e+00
2.585028000000022530e+00
2.590867000000002918e+00
2.577989000000002306e+00
2.598274000000003525e+00
2.579158000000006723e+00
2.579281999999977870e+00
2.587822000000016942e+00
2.586085999999966134e+00
2.572997000000043499e+00
2.593457000000000789e+00
2.584662999999977728e+00
2.585202000000037970e+00
2.613489000000015494e+00
2.592360000000041964e+00
2.575669000000004871e+00
2.579199000000016895e+00
2.597525999999959367e+00
2.598209999999994579e+00
2.598740000000020700e+00
2.591246000000012373e+00
2.646821000000045387e+00
2.588793000000009670e+00
2.582448999999996886e+00
2.581505999999990308e+00
2.583496000000025106e+00
2.597405999999978121e+00
