# Marker Detection timer: 2017-12-12 17:07:40.582023
1.206080000000000485e-01
6.524499999999999744e-02
6.158200000000046970e-02
7.502899999999890213e-02
7.021399999999999864e-02
6.792599999999993088e-02
5.955400000000032890e-02
7.210800000000006094e-02
6.471699999999813713e-02
5.980999999999880856e-02
5.719099999999954775e-02
5.864100000000149748e-02
6.631400000000198247e-02
6.601599999999763213e-02
5.756600000000133832e-02
5.805399999999849570e-02
6.215699999999912961e-02
5.885399999999663123e-02
5.710200000000043019e-02
6.696999999999775355e-02
6.935200000000207865e-02
5.794699999999863849e-02
6.256199999999978445e-02
6.056499999999687134e-02
6.185900000000543741e-02
6.062200000000927957e-02
6.458800000000053387e-02
5.642399999999270221e-02
6.586500000000228283e-02
6.326699999999618740e-02
6.333200000000260843e-02
6.601899999999716329e-02
6.344099999999741613e-02
6.806299999999509964e-02
7.209199999999782449e-02
6.040000000000134150e-02
6.580100000000754790e-02
6.799900000000036471e-02
6.121400000000676300e-02
6.273199999999690135e-02
6.084099999999637021e-02
5.974799999999902411e-02
6.231299999998896055e-02
6.799499999999625288e-02
5.931999999999959527e-02
5.935499999999649390e-02
7.496400000000846831e-02
5.719400000000973705e-02
6.085000000000206910e-02
6.099999999999283773e-02
6.538899999998193380e-02
6.520800000001258923e-02
6.470500000000356522e-02
6.371899999999186548e-02
6.657599999999774809e-02
6.004500000000234650e-02
6.357800000000679574e-02
6.899300000000607724e-02
6.116900000000669024e-02
6.306500000002301931e-02
6.037299999999845568e-02
6.530799999998748717e-02
5.790700000000015280e-02
6.496599999999830288e-02
6.600299999999492684e-02
5.887700000002382694e-02
5.820700000001011176e-02
5.496299999998655039e-02
6.056799999998929707e-02
6.408499999997729901e-02
5.852799999999547254e-02
6.063200000002666457e-02
5.991400000002045090e-02
5.515600000001086300e-02
6.003999999998654857e-02
6.946999999999547981e-02
6.355800000000044747e-02
6.207899999998289786e-02
6.525500000000761247e-02
6.471099999998841668e-02
6.410900000000196997e-02
6.222399999998629028e-02
6.352599999999597458e-02
6.328600000000506043e-02
5.824499999999943611e-02
6.410999999999944521e-02
6.316799999999034299e-02
6.352599999999597458e-02
5.731399999999098327e-02
6.201800000002322122e-02
6.402499999998667590e-02
6.560699999999997090e-02
7.012000000000284672e-02
7.088699999999903412e-02
6.294400000001587614e-02
5.932599999999865759e-02
6.004700000002571869e-02
6.669500000000994078e-02
5.700399999997785017e-02
7.116899999999759530e-02
5.813999999998031853e-02
6.249700000000757427e-02
6.397499999997080522e-02
5.750799999998434942e-02
6.168400000001383887e-02
7.560499999999592546e-02
7.352199999996855695e-02
6.292700000000195359e-02
6.552299999998467683e-02
6.664699999998902058e-02
6.170700000001261287e-02
5.761499999999841748e-02
6.312800000000606815e-02
6.622299999997949271e-02
6.835099999995009057e-02
6.210800000002336674e-02
6.429299999996374027e-02
6.054600000004484173e-02
6.588799999997263512e-02
6.407699999999749707e-02
5.532699999997703344e-02
5.902600000001712033e-02
6.124499999998533895e-02
5.891800000000557702e-02
6.312200000002121669e-02
6.196499999998650310e-02
5.781100000001515582e-02
5.676600000003872992e-02
6.439799999998285784e-02
6.223899999997684063e-02
6.532199999998056228e-02
6.062399999996159750e-02
5.873100000002295928e-02
6.922300000002223896e-02
6.252299999999877400e-02
6.703899999996565384e-02
6.321600000001126318e-02
6.651599999997870327e-02
6.910400000003846799e-02
6.577400000003308378e-02
6.414300000000139335e-02
6.878000000000383807e-02
7.085000000000718501e-02
5.744799999996530460e-02
6.565399999999499414e-02
6.476800000001503577e-02
5.651699999998527346e-02
6.645099999997228224e-02
5.667299999998931526e-02
6.180799999998498606e-02
6.023400000003675814e-02
6.086400000003777677e-02
6.169299999999111606e-02
6.390800000002627712e-02
7.212199999997892519e-02
5.879099999998516068e-02
6.298400000002857269e-02
6.404899999995450344e-02
6.501400000001922308e-02
5.851200000000744694e-02
6.766400000003613968e-02
6.018599999998741623e-02
5.698799999998982457e-02
6.424299999997629129e-02
6.163899999995692269e-02
5.883500000004460162e-02
5.691400000000612636e-02
6.838800000002720481e-02
6.601100000000315049e-02
7.409099999995305552e-02
6.803200000001652370e-02
6.717299999996839688e-02
6.081699999998591011e-02
6.148499999994783138e-02
6.456899999994902828e-02
6.284500000003845344e-02
7.399599999996553379e-02
6.959200000000009823e-02
