# Homography application timer: 2017-12-12 17:07:40.597917
8.542199999999999793e-02
7.422000000000006370e-02
7.086700000000001332e-02
7.053600000000015413e-02
7.187299999999985367e-02
7.116800000000012005e-02
7.049100000000008137e-02
7.339200000000012380e-02
7.089699999999998781e-02
7.372999999999985121e-02
7.429400000000008220e-02
7.206499999999982364e-02
7.188000000000016598e-02
7.362199999999941014e-02
7.363099999999977996e-02
7.366500000000009152e-02
6.961700000000003996e-02
7.186400000000059407e-02
7.132899999999953167e-02
7.472700000000020992e-02
7.390100000000021652e-02
7.369399999999970419e-02
7.360399999999955867e-02
7.185799999999975540e-02
7.011800000000079081e-02
7.388700000000092416e-02
7.302199999999992031e-02
7.428200000000018122e-02
7.505800000000029115e-02
7.136899999999890554e-02
7.528300000000065495e-02
7.494999999999940599e-02
7.386600000000065336e-02
7.452100000000072555e-02
7.489600000000073976e-02
7.536200000000015109e-02
7.458699999999929275e-02
7.248500000000035470e-02
7.579199999999985948e-02
7.510299999999858755e-02
7.253899999999902093e-02
7.208100000000072782e-02
7.501700000000077750e-02
7.277400000000078251e-02
7.428499999999971237e-02
7.122999999999990450e-02
7.139600000000001501e-02
7.141699999999850945e-02
7.534799999999997056e-02
7.174600000000097566e-02
7.495500000000276941e-02
7.383300000000048158e-02
7.283300000000281216e-02
7.493600000000100181e-02
7.274600000000219779e-02
7.501800000000002910e-02
7.165300000000129899e-02
7.216400000000078307e-02
7.226600000000260593e-02
7.131000000000042860e-02
7.463299999999861711e-02
7.280300000000039518e-02
7.454300000000202431e-02
7.414500000000145974e-02
7.494499999999959527e-02
7.423100000000104615e-02
7.442999999999955207e-02
7.087500000000090949e-02
7.315399999999883107e-02
7.195300000000059981e-02
7.203799999999915826e-02
7.164599999999765600e-02
7.054400000000171644e-02
7.158100000000189311e-02
7.216400000000078307e-02
7.110300000000080445e-02
7.230299999999800775e-02
7.125300000000223122e-02
7.107500000000044338e-02
7.134299999999882402e-02
7.027199999999922397e-02
7.209599999999838360e-02
7.088399999999950296e-02
7.203499999999962711e-02
7.230099999999950455e-02
7.157600000000030604e-02
7.232099999999874740e-02
7.141900000000234172e-02
7.388000000000261025e-02
7.115899999999797387e-02
7.355799999999845795e-02
7.508199999999831675e-02
7.415599999999855640e-02
7.439499999999910074e-02
7.449499999999886768e-02
7.419600000000059481e-02
7.050900000000126511e-02
7.434699999999949682e-02
7.403300000000001546e-02
7.413999999999987267e-02
7.443900000000525097e-02
7.433000000000333785e-02
7.214000000000453383e-02
7.352999999999809688e-02
7.221499999999991815e-02
7.126800000000343971e-02
7.180600000000225691e-02
7.410500000000297405e-02
7.267500000000381988e-02
7.083599999999989905e-02
7.246900000000522368e-02
7.226500000000157797e-02
7.005999999999801275e-02
7.171500000000463615e-02
7.314399999999920965e-02
7.216399999999367765e-02
7.209800000000399223e-02
7.236600000000237287e-02
7.258600000000114960e-02
7.224700000000439104e-02
7.252800000000547698e-02
7.289699999999754709e-02
7.149499999999875399e-02
7.171600000000211139e-02
7.115299999999535885e-02
7.171999999999911779e-02
7.403699999999702186e-02
7.174599999999742295e-02
7.160199999999861120e-02
7.129599999999669535e-02
7.181699999999580086e-02
7.215400000000471437e-02
7.219700000000273121e-02
7.113499999999817192e-02
7.196299999999666852e-02
7.130099999999828242e-02
7.408000000000214413e-02
7.245600000000251839e-02
7.291300000000688897e-02
7.214199999999948432e-02
7.169299999999623196e-02
7.226299999999952206e-02
7.249900000000053524e-02
7.272999999999996135e-02
7.149199999999922284e-02
7.265999999999905867e-02
7.246999999999559350e-02
7.190699999999594638e-02
7.173800000000341015e-02
7.132700000000369300e-02
7.110300000000080445e-02
7.039799999999729607e-02
7.161899999999832289e-02
7.379000000000246473e-02
7.235299999999966758e-02
7.340800000000058390e-02
7.228900000000493264e-02
7.270299999999707552e-02
7.520499999999685770e-02
7.465699999999486636e-02
7.417999999999835836e-02
7.412700000000427281e-02
7.473099999999988086e-02
7.460499999999825604e-02
7.339100000000087221e-02
7.151499999999799684e-02
7.078800000000029513e-02
7.240399999999880265e-02
7.404199999999860893e-02
7.273999999999603006e-02
7.145700000000232421e-02
7.231900000000024420e-02
7.253299999999995862e-02
7.202500000000355840e-02
7.251500000000277169e-02
7.145899999999727470e-02
6.943900000000269301e-02
7.193300000000135697e-02
7.197600000000647924e-02
7.214000000000453383e-02
7.211599999999407373e-02
7.204500000000280124e-02
7.224599999999981037e-02
7.213700000000500268e-02
6.960200000000327236e-02
7.203900000000373893e-02
7.214199999999948432e-02
7.499500000000125510e-02
7.460400000000078080e-02
7.473500000000399268e-02
7.330300000000278260e-02
7.178700000000048931e-02
7.130000000000080718e-02
7.214100000000200907e-02
7.200300000000225964e-02
7.153999999999882675e-02
7.252499999999884039e-02
7.290000000000418368e-02
7.148200000000315413e-02
7.130099999999117699e-02
7.083900000000653563e-02
7.019800000000486762e-02
7.233000000000799901e-02
7.177599999999983993e-02
7.453399999999987813e-02
7.483700000000226282e-02
7.480999999999937700e-02
7.158099999999478769e-02
7.410099999999886222e-02
7.276799999999639113e-02
7.241199999999992087e-02
7.182799999999645024e-02
7.162099999999327338e-02
7.225699999999335432e-02
7.216400000000078307e-02
7.203099999999551528e-02
7.031999999999527518e-02
7.234199999999191277e-02
7.194400000000200635e-02
7.226900000000568980e-02
7.237599999999133615e-02
7.239599999999768443e-02
7.189499999999782176e-02
7.191999999999154625e-02
7.352899999999351621e-02
7.344099999998832118e-02
7.446400000000608088e-02
7.120000000000459295e-02
7.138199999999983447e-02
7.324700000000916589e-02
7.350199999999063039e-02
7.413400000000081036e-02
7.101699999999766533e-02
7.232499999999220108e-02
7.152000000000668933e-02
7.290100000000165892e-02
7.328499999999849024e-02
7.325500000000317868e-02
7.247199999999054398e-02
7.276499999998975454e-02
7.111899999999593547e-02
7.176399999998750445e-02
7.248400000000287946e-02
7.233000000000799901e-02
7.302200000000880209e-02
7.128600000000062664e-02
7.410600000000044929e-02
7.260200000000338605e-02
7.316600000000050841e-02
7.334299999999416286e-02
7.394400000001155604e-02
7.408800000000326236e-02
7.279400000000180171e-02
7.367800000000102045e-02
7.134399999999629927e-02
7.283600000000944874e-02
7.025799999999549073e-02
7.377900000000181535e-02
7.353100000000267755e-02
7.374900000000650380e-02
7.230900000000417549e-02
7.230199999999342708e-02
7.258300000000872387e-02
7.111299999999687316e-02
7.171200000000510499e-02
7.166600000000755699e-02
7.126200000000437740e-02
7.169700000000034379e-02
7.252599999999631564e-02
7.082499999999924967e-02
7.256699999999227657e-02
7.223000000000467935e-02
7.065500000000213277e-02
7.370399999999222018e-02
7.339699999999993452e-02
7.382399999998767726e-02
7.376700000000369073e-02
7.539800000000695945e-02
7.172200000000827913e-02
7.406000000000290129e-02
7.470899999999858210e-02
7.491899999999418469e-02
7.748600000000749333e-02
7.392300000000773252e-02
7.432000000000016371e-02
7.262099999999804822e-02
7.352600000000109048e-02
7.457700000000500040e-02
7.049700000000314049e-02
7.261700000000814725e-02
7.221299999999075681e-02
7.209299999999529973e-02
7.212900000000388445e-02
7.131799999999088868e-02
7.108200000000408636e-02
7.187100000000157252e-02
7.028499999999837655e-02
7.129399999999463944e-02
7.260500000001002263e-02
7.225499999999840384e-02
7.316800000000966975e-02
7.151000000000351520e-02
7.103700000000401360e-02
7.019200000000580530e-02
6.960099999999158626e-02
7.200399999999262945e-02
7.187899999999558531e-02
7.194800000000611817e-02
7.088000000000249656e-02
7.454900000000463933e-02
7.162999999999897227e-02
7.249900000000764066e-02
7.399999999999806732e-02
7.219899999999768170e-02
7.252900000000295222e-02
7.170700000000351793e-02
7.259299999999768715e-02
7.228700000000287673e-02
7.262500000000216005e-02
7.360400000000311138e-02
7.147300000001166609e-02
7.290700000000072123e-02
7.316099999999892134e-02
7.269400000001269291e-02
7.137099999999918509e-02
7.082499999999924967e-02
7.120799999999860574e-02
7.192399999999565807e-02
6.949899999999331612e-02
7.177500000000236469e-02
7.214700000000107138e-02
7.237399999999638567e-02
7.130600000000697491e-02
7.197399999999731790e-02
7.242200000000309501e-02
7.155099999999947613e-02
7.076899999999852753e-02
7.542099999999152260e-02
7.297400000000209275e-02
7.324899999998990552e-02
7.097600000000170439e-02
7.243700000000785622e-02
7.151499999999089141e-02
7.315799999999228476e-02
7.470600000000615637e-02
7.351099999999632928e-02
7.366600000000289583e-02
7.351999999998781732e-02
7.334800000000996079e-02
7.323799999998925614e-02
7.335899999999639931e-02
7.354300000000080217e-02
7.070799999999621832e-02
7.177099999999825286e-02
7.189300000000287127e-02
7.202800000000308955e-02
7.466800000000262116e-02
7.509000000000298769e-02
7.528099999998971725e-02
7.532199999999988904e-02
7.171900000000164255e-02
7.139999999999702140e-02
7.511100000000681121e-02
7.380200000000058935e-02
7.288800000000605905e-02
7.297200000000714226e-02
7.483999999999468855e-02
7.481699999999591455e-02
7.090499999999622105e-02
7.258099999999956253e-02
7.488599999999223655e-02
7.449599999999634292e-02
7.487199999999916145e-02
7.462799999998992462e-02
7.453399999999987813e-02
7.467799999999158445e-02
7.285500000000411092e-02
7.413099999999417378e-02
7.380700000000217642e-02
7.263200000001290846e-02
7.437000000000182354e-02
7.498599999999555621e-02
7.240000000000179625e-02
7.069500000000061846e-02
6.983400000000017371e-02
7.266199999999400916e-02
7.115600000000199543e-02
7.236299999999573629e-02
7.189099999999370993e-02
7.068700000000660566e-02
7.305800000000317596e-02
7.340000000000657110e-02
7.528100000000392811e-02
7.355499999999892680e-02
7.371999999999445663e-02
7.194999999998685780e-02
7.358699999997497798e-02
7.423799999997982013e-02
7.361699999998450039e-02
7.360300000001984699e-02
7.400200000000722866e-02
7.335299999999733700e-02
7.176799999999161628e-02
7.120599999998944440e-02
7.154400000001714943e-02
7.369399999998904605e-02
7.188099999999053580e-02
7.344500000002085471e-02
7.275200000000836553e-02
7.346799999999120701e-02
7.302500000000122782e-02
7.206399999998325256e-02
7.216100000002256820e-02
7.031499999999368811e-02
7.211900000001492117e-02
7.118199999999319516e-02
7.196200000001340413e-02
7.160799999999767351e-02
7.222900000002141496e-02
7.214200000001369517e-02
7.418200000000751970e-02
7.447400000000925502e-02
7.255599999999162719e-02
7.398600000001920307e-02
7.351499999998623025e-02
7.421500000000946784e-02
7.174100000000294131e-02
7.159799999999449938e-02
7.189700000000698310e-02
7.209499999999025022e-02
7.244099999999775719e-02
7.298199999999610554e-02
6.909600000000182263e-02
7.141300000000683212e-02
7.148200000000315413e-02
7.117400000001339322e-02
7.178300000001058834e-02
7.281499999999141437e-02
7.293599999999855754e-02
7.267999999999119609e-02
7.215800000000172076e-02
7.345400000002655361e-02
7.417399999999929605e-02
7.023699999999166721e-02
7.089300000001230728e-02
7.119900000000711771e-02
7.131400000000098771e-02
7.180399999998599014e-02
7.327999999998269232e-02
7.424199999999814281e-02
7.447999999999410647e-02
7.150199999998108069e-02
7.164800000001037006e-02
7.416499999999359716e-02
7.460899999998105159e-02
7.170999999999594365e-02
7.016699999999786996e-02
7.028399999998669045e-02
7.259600000000432374e-02
7.263299999999617285e-02
7.282299999999963802e-02
7.284699999999588726e-02
7.177799999999479041e-02
7.298500000001695298e-02
7.317499999999199645e-02
7.272400000002221532e-02
7.176200000000676482e-02
7.238099999997871237e-02
7.223299999998289422e-02
1.470070000000021082e-01
7.322800000000029286e-02
7.351299999999127976e-02
7.371099999997454688e-02
7.265800000001831904e-02
7.142600000000243199e-02
7.354300000000080217e-02
7.229499999999688953e-02
7.072699999997666964e-02
7.128300000002241177e-02
7.105200000000877480e-02
6.958199999999692409e-02
7.198299999998880594e-02
7.187899999999558531e-02
7.110099999999874854e-02
7.180700000000683758e-02
7.361999999997692612e-02
7.226799999997979285e-02
7.435100000000716136e-02
7.332600000000866203e-02
7.425899999998364365e-02
7.407800000001429908e-02
7.451299999999605461e-02
7.471200000000521868e-02
7.399699999999143074e-02
7.439200000001733315e-02
7.288899999997511259e-02
7.191499999998995918e-02
7.240699999999833381e-02
7.429999999999381544e-02
7.421399999998357089e-02
7.248599999999782995e-02
7.411600000000362343e-02
7.170300000001361695e-02
7.347900000002027809e-02
6.995000000000572982e-02
7.424499999999056854e-02
7.324600000001169064e-02
7.462300000000254840e-02
7.424499999999056854e-02
7.431100000002288652e-02
7.416799999998602289e-02
7.390999999998371095e-02
7.097500000000422915e-02
7.282900000001291119e-02
7.160700000000019827e-02
7.413999999999987267e-02
7.264200000000187174e-02
7.430599999997866689e-02
1.431650000000104228e-01
7.233600000000706132e-02
7.391699999999445936e-02
7.299399999999423017e-02
7.303199999998355452e-02
7.304700000000252658e-02
7.285899999999401189e-02
7.455600000000117689e-02
7.424100000000066757e-02
7.261399999998729982e-02
7.242600000000720684e-02
7.432700000001091212e-02
7.422399999998674502e-02
7.474100000001726585e-02
7.334799999998153908e-02
7.183900000001131048e-02
7.032599999999433749e-02
7.162999999999897227e-02
7.239199999997936175e-02
7.186699999999746069e-02
7.173299999999471765e-02
7.148799999998800558e-02
7.092800000000920591e-02
7.467499999998494786e-02
7.433100000000081309e-02
7.421300000001451735e-02
7.296099999999228203e-02
7.446800000002440356e-02
7.435699999999201282e-02
7.437100000001350963e-02
7.258899999999357533e-02
7.361800000001039734e-02
7.357999999999265128e-02
7.394800000000145701e-02
6.998400000000515320e-02
7.431600000001026274e-02
7.193599999999378269e-02
7.090900000000033288e-02
7.382499999999936335e-02
7.518499999997629857e-02
7.493199999998978456e-02
7.292999999998528438e-02
7.522399999999151987e-02
7.307099999999877582e-02
7.217500000001564331e-02
7.137099999999918509e-02
7.455500000000370164e-02
7.112300000000004729e-02
7.177599999999983993e-02
7.185699999999428655e-02
7.135400000001368426e-02
7.454999999998790372e-02
7.271300000002156594e-02
7.342700000000945693e-02
7.131499999999846295e-02
7.154300000001967419e-02
7.193200000000388172e-02
7.419099999998479689e-02
7.069099999998229578e-02
7.472799999999324427e-02
7.359500000001162334e-02
7.332900000000108776e-02
7.307799999998110252e-02
7.331300000001306216e-02
7.473600000000146792e-02
7.389299999999821011e-02
7.372599999999351894e-02
7.256700000002069828e-02
7.454300000000557702e-02
7.361499999998954991e-02
7.433800000001156150e-02
7.288200000002120760e-02
7.449399999998718158e-02
7.342900000000440741e-02
7.336900000001378430e-02
7.215800000000172076e-02
7.421400000001199260e-02
7.382999999998673957e-02
7.405199999999467764e-02
7.413399999998659951e-02
7.249199999998268140e-02
7.413700000000744694e-02
7.227699999998549174e-02
7.246200000000158070e-02
7.399300000000152977e-02
7.451499999999100510e-02
7.275799999999321699e-02
7.315499999998564817e-02
7.381699999999113970e-02
7.294199999998340900e-02
7.438600000000405998e-02
7.407299999999850115e-02
7.428500000000326509e-02
7.249600000000100408e-02
7.441499999998768544e-02
7.261300000001824628e-02
7.075000000000386535e-02
7.368500000001176886e-02
6.991600000000630644e-02
7.210300000002689558e-02
7.425599999999121792e-02
7.186500000000251021e-02
7.195099999998433304e-02
7.130999999998266503e-02
7.195499999997423402e-02
7.493600000000810724e-02
7.249200000001110311e-02
7.176400000000171531e-02
7.172900000000481668e-02
7.355599999999640204e-02
7.229300000000193904e-02
7.435000000000968612e-02
7.194199999997863415e-02
7.194499999999948159e-02
7.400799999999208012e-02
7.412999999999669853e-02
7.115799999999694592e-02
7.153500000001145054e-02
7.172299999999154352e-02
7.138100000000235923e-02
7.252800000000547698e-02
7.070799999999621832e-02
7.134000000002060915e-02
7.290499999999155989e-02
7.262000000000057298e-02
7.268500000000699401e-02
7.154900000000452565e-02
7.217400000001816807e-02
7.193200000000388172e-02
7.140099999998028579e-02
7.154700000000957516e-02
7.159200000000964792e-02
7.217299999999227111e-02
7.437500000000341061e-02
7.168899999999212014e-02
7.101099999999860302e-02
7.227799999998296698e-02
7.426300000000196633e-02
6.984800000000745968e-02
7.343099999999935790e-02
7.316800000000966975e-02
7.073800000000574073e-02
7.075199999999881584e-02
7.336100000000556065e-02
7.411500000000614818e-02
7.431700000000773798e-02
7.302399999997533087e-02
7.413300000001754597e-02
7.413999999999987267e-02
7.483799999999973807e-02
7.439800000000218461e-02
7.444599999999468309e-02
7.441000000000030923e-02
7.171699999997827035e-02
6.961900000001719491e-02
7.220300000000179352e-02
7.013799999998582280e-02
7.220300000000179352e-02
7.215800000000172076e-02
7.202000000000907676e-02
7.212799999999219835e-02
7.209900000000857290e-02
6.946600000000557884e-02
7.189199999999118518e-02
7.220999999998412022e-02
7.104400000000055115e-02
7.197500000000900400e-02
7.215700000000424552e-02
7.171700000000669206e-02
7.117900000000076943e-02
7.276999999999134161e-02
7.207499999998390194e-02
7.146900000000755426e-02
7.137900000000740874e-02
7.211200000000417276e-02
7.318000000000779437e-02
7.345500000002402885e-02
7.130699999999023930e-02
7.400200000000722866e-02
7.238100000000713408e-02
7.190500000001520675e-02
7.312999999999192369e-02
7.210000000000604814e-02
7.320000000001414264e-02
7.177500000000236469e-02
7.139599999999290958e-02
7.294500000000425644e-02
7.205700000000092587e-02
7.235399999999003740e-02
7.103799999998727799e-02
7.338400000000433465e-02
7.380000000000563887e-02
7.311500000000137334e-02
7.367999999999597094e-02
7.477000000000089130e-02
7.223400000000879118e-02
7.225400000001513945e-02
7.220699999999169449e-02
7.213899999999284773e-02
7.263000000000374712e-02
7.212899999998967360e-02
7.383999999998991370e-02
7.035700000000133514e-02
7.424700000001394073e-02
7.522799999998142084e-02
7.535100000001193621e-02
7.439400000001228364e-02
7.339500000000498403e-02
7.168300000000726868e-02
7.491200000001185799e-02
7.399700000001985245e-02
7.359499999998320163e-02
7.489400000000046020e-02
7.404700000000730142e-02
7.455100000001380067e-02
7.093600000001742956e-02
7.235700000001088483e-02
7.442199999999843385e-02
7.029099999999743886e-02
7.474299999998379462e-02
7.450099999999792999e-02
7.433900000000903674e-02
7.100700000000870205e-02
7.169900000002371598e-02
7.193099999997798477e-02
7.156599999999002648e-02
7.223000000001889020e-02
7.323999999999841748e-02
7.357299999998190287e-02
7.519899999999779538e-02
7.504099999999880310e-02
7.326599999998961721e-02
7.348400000000765431e-02
7.246200000000158070e-02
7.141200000000935688e-02
7.284099999998261410e-02
7.371000000000549335e-02
7.306099999999560168e-02
7.306400000001644912e-02
7.159999999998944986e-02
7.161200000001599619e-02
7.183200000000056207e-02
6.965099999999324609e-02
7.346599999999625652e-02
7.480200000000536420e-02
7.482100000001423723e-02
7.314399999998499879e-02
7.141399999997588566e-02
7.095599999999535612e-02
7.304400000001010085e-02
7.422300000001769149e-02
7.395399999998630847e-02
7.359299999998825115e-02
7.347999999998933163e-02
7.390700000001970693e-02
7.372300000000109321e-02
7.408399999999915053e-02
7.471599999999511965e-02
6.931000000000153705e-02
7.274699999999256761e-02
7.244199999999523243e-02
7.272100000000136788e-02
7.300700000001825174e-02
7.253800000000865111e-02
7.166499999999587089e-02
7.141800000002263005e-02
7.339999999999236024e-02
7.174999999998021849e-02
7.118300000001909211e-02
7.114700000002471825e-02
7.211499999999659849e-02
7.343399999999178362e-02
7.357000000001789886e-02
7.180299999998851490e-02
7.312100000001464650e-02
7.395600000000968066e-02
7.439199999998891144e-02
7.226399999996147017e-02
7.246600000001990338e-02
7.174400000002378874e-02
7.063099999999167267e-02
7.225299999998924250e-02
7.169800000002624074e-02
7.305800000000317596e-02
7.199900000000525324e-02
7.191599999998743442e-02
7.296599999995123653e-02
7.262400000001889566e-02
7.456299999995508188e-02
7.153399999998555359e-02
6.954799999999750071e-02
7.145100000002457818e-02
7.229499999999688953e-02
7.457499999998162821e-02
7.338599999997086343e-02
7.275999999995974576e-02
7.240300000000843283e-02
7.257500000002892193e-02
7.078200000000833825e-02
7.372999999995499820e-02
7.328599999999596548e-02
7.182099999999991269e-02
7.334500000001753506e-02
7.376999999996769475e-02
7.036599999997861232e-02
7.405899999997700434e-02
7.022200000000111686e-02
7.232499999997799023e-02
7.217700000001059379e-02
7.429900000005318361e-02
7.279700000003686000e-02
7.133600000003070818e-02
7.444099999997888517e-02
7.447100000001682929e-02
7.049299999999902866e-02
7.415399999996452607e-02
7.315799999997807390e-02
7.310699999999314969e-02
7.238699999999198553e-02
7.115899999996599945e-02
7.175999999998339263e-02
7.361900000000787259e-02
7.060100000001057197e-02
7.389499999999316060e-02
7.465600000000449654e-02
7.479799999998704152e-02
7.267799999999624561e-02
7.239799999996421320e-02
7.357300000001032458e-02
7.388700000001335866e-02
7.013799999998582280e-02
7.220700000004853791e-02
7.241399999998066050e-02
7.446599999997260966e-02
7.487199999997073974e-02
7.481699999999591455e-02
7.287300000001550870e-02
7.287300000001550870e-02
7.261299999998982457e-02
7.160900000002357046e-02
7.127900000000408909e-02
7.184199999994689279e-02
7.195699999999760621e-02
7.181700000001001172e-02
7.179000000002133675e-02
7.254499999999097781e-02
7.212199999997892519e-02
7.476600000001099033e-02
7.446200000003955211e-02
7.351099999999632928e-02
7.173199999999724241e-02
7.062899999999672218e-02
7.248299999997698251e-02
7.469199999997044870e-02
7.207699999997885243e-02
7.454999999998790372e-02
7.214299999998274870e-02
7.141500000000178261e-02
7.176500000002761226e-02
7.224300000001449007e-02
7.254499999999097781e-02
7.197200000001657827e-02
7.181800000000748696e-02
7.256000000000994987e-02
7.123400000000401633e-02
7.255800000001499939e-02
7.215300000001434455e-02
7.277399999998124258e-02
7.164599999998699786e-02
7.053099999995993130e-02
7.274799999999004285e-02
7.175200000000359069e-02
7.305100000002084926e-02
7.259699999997337727e-02
7.295899999996890983e-02
7.206800000000157524e-02
7.241399999998066050e-02
7.281499999999141437e-02
7.142099999998663407e-02
7.129799999995611870e-02
7.176700000002256274e-02
7.205300000003944660e-02
7.289900000000670843e-02
7.079999999996289262e-02
7.444499999996878614e-02
7.326199999999971624e-02
7.537700000000313594e-02
7.116600000000516957e-02
7.174699999995937105e-02
7.096500000000105501e-02
7.114000000001396984e-02
7.093100000003005334e-02
7.135199999999031206e-02
7.209999999997762643e-02
7.047999999997500709e-02
7.292400000000043292e-02
7.175399999999854117e-02
7.253800000000865111e-02
7.210299999997005216e-02
7.260000000002264642e-02
7.229100000000698856e-02
7.304399999998167914e-02
6.965999999999894499e-02
7.358500000003687092e-02
7.241199999998571002e-02
7.344799999998485873e-02
7.466099999999187276e-02
7.191000000000258296e-02
7.214900000002444358e-02
7.058200000000169894e-02
7.282900000001291119e-02
7.200100000000020373e-02
7.227399999999306601e-02
7.194600000002537854e-02
7.209599999998772546e-02
7.247200000000475484e-02
7.236699999998563726e-02
7.206600000000662476e-02
7.295199999998658313e-02
7.130200000000286309e-02
7.210600000001932131e-02
7.410299999997960185e-02
7.393899999999575812e-02
7.382599999999683860e-02
7.097399999997833220e-02
7.300099999997655686e-02
7.018199999998842031e-02
7.276000000001658918e-02
7.184199999994689279e-02
7.284600000002683373e-02
7.237099999997553823e-02
7.321200000001226726e-02
7.369499999998652129e-02
7.488000000000738510e-02
7.362999999998010026e-02
7.172500000001491571e-02
7.208999999994603058e-02
7.087699999999585998e-02
7.201399999996738188e-02
7.236299999999573629e-02
7.095200000003387686e-02
7.320299999997814666e-02
7.319200000000591899e-02
7.224099999996269617e-02
7.118700000000899308e-02
7.186300000000755972e-02
7.248900000001867738e-02
7.094899999998460771e-02
7.134999999999536158e-02
7.109099999996715269e-02
7.032700000002023444e-02
7.194400000003042805e-02
7.196400000003677633e-02
7.231799999999566353e-02
7.204700000005459515e-02
7.219399999996767292e-02
7.059099999997897612e-02
7.210399999996752740e-02
7.249799999999595457e-02
7.274400000000014188e-02
7.444499999996878614e-02
7.217600000001311855e-02
7.614599999999427382e-02
7.295699999997395935e-02
7.111300000002529487e-02
7.155499999998937710e-02
6.995299999999815554e-02
7.121000000000776708e-02
7.104000000003907189e-02
7.169600000003129026e-02
7.217500000001564331e-02
7.161800000000084765e-02
7.297699999998030762e-02
7.101699999998345447e-02
7.291800000001558146e-02
7.344999999997980922e-02
7.347999999996090992e-02
7.370299999996632323e-02
7.335199999999986176e-02
7.204099999995605685e-02
7.122500000002673914e-02
7.243800000003375317e-02
7.386999999999943611e-02
7.206999999999652573e-02
7.205799999996997940e-02
7.357600000000275031e-02
7.358300000004192043e-02
7.296900000000050568e-02
7.364699999999402280e-02
7.380900000003975947e-02
7.302600000002712477e-02
7.321999999999206921e-02
7.383900000002086017e-02
7.344600000004675167e-02
7.332700000000613727e-02
7.373999999998659405e-02
7.432099999999763895e-02
7.216700000003584137e-02
7.384000000001833541e-02
7.391100000000960790e-02
7.413800000000492219e-02
7.449699999995118560e-02
7.437400000003435707e-02
7.428600000002916204e-02
7.340199999998731073e-02
7.250099999998838030e-02
7.221900000001824083e-02
7.443299999999908323e-02
7.457199999998920248e-02
7.253399999996190672e-02
7.433300000002418528e-02
7.127900000000408909e-02
7.281999999997879058e-02
7.275099999998246858e-02
7.374399999997649502e-02
7.297999999997273335e-02
7.370600000001559238e-02
7.426999999995587132e-02
7.393000000001848093e-02
7.440300000001798253e-02
7.365300000003571768e-02
7.319400000000086948e-02
7.305100000002084926e-02
7.357899999999517604e-02
7.431200000002036177e-02
7.413999999999987267e-02
7.449500000001307853e-02
7.305800000000317596e-02
7.398399999999583088e-02
7.406299999996690531e-02
7.066700000001446824e-02
7.492999999999483407e-02
7.177999999998974090e-02
7.085399999999708598e-02
7.231199999995396865e-02
7.094699999998965723e-02
7.282700000001796070e-02
7.160299999998187559e-02
7.231699999999818829e-02
7.157100000000582440e-02
7.206600000000662476e-02
7.200699999998505518e-02
7.230499999997164196e-02
1.430010000000265791e-01
7.293299999997771010e-02
7.117400000004181493e-02
7.482199999998329076e-02
7.478599999996049519e-02
7.510100000001784792e-02
7.442200000002685556e-02
7.457699999997657869e-02
7.719999999994797690e-02
7.463200000000824730e-02
7.355799999999135252e-02
7.395700000000715590e-02
7.471399999997174746e-02
7.180900000003020978e-02
7.314999999999827196e-02
7.469299999996792394e-02
7.388099999997166378e-02
7.440600000001040826e-02
7.327000000003636160e-02
7.173799999998209387e-02
7.343400000002020533e-02
7.191999999997733539e-02
7.286699999997381383e-02
7.294600000000173168e-02
7.290199999999913416e-02
7.322199999998701969e-02
7.292899999998780913e-02
6.956900000000132422e-02
7.221000000004096364e-02
7.022100000000364162e-02
7.210200000002942033e-02
7.501300000001265289e-02
7.512600000001157241e-02
7.440500000001293301e-02
7.622800000001461740e-02
7.192700000001650551e-02
7.200100000000020373e-02
7.195100000001275475e-02
7.228099999997539271e-02
7.208900000000539876e-02
7.213999999999032298e-02
7.207800000003317109e-02
7.215499999995245162e-02
7.178099999998721614e-02
7.347700000002532761e-02
7.377400000001443914e-02
7.363599999996495171e-02
7.138800000001310764e-02
7.295100000004595131e-02
7.507500000002664819e-02
7.319599999999581996e-02
6.953600000002779780e-02
7.272700000004306276e-02
7.225399999998671774e-02
7.217599999995627513e-02
7.130499999999528882e-02
7.134899999999788633e-02
7.444400000002815432e-02
7.236400000005005495e-02
7.377400000001443914e-02
7.146999999997660780e-02
7.130000000000791260e-02
7.356400000003304740e-02
7.174900000001116496e-02
7.362499999999272404e-02
7.172700000000986620e-02
7.123899999999139254e-02
7.080899999999701322e-02
7.152099999996153201e-02
7.336999999995441613e-02
7.262700000001132139e-02
7.373300000000426735e-02
7.355099999995218241e-02
7.342199999999365900e-02
7.401800000002367597e-02
7.108199999998987550e-02
7.352199999996855695e-02
7.364000000001169610e-02
7.356599999997115447e-02
7.352200000002540037e-02
7.199800000000777800e-02
7.375200000001314038e-02
7.296299999995881080e-02
7.417600000002266825e-02
7.348400000000765431e-02
7.365099999998392377e-02
7.211200000000417276e-02
7.118600000001151784e-02
7.412100000004784306e-02
7.422600000001011722e-02
7.503500000001395165e-02
7.242400000001225635e-02
7.400200000000722866e-02
7.168100000001231820e-02
7.211799999998902422e-02
7.235900000000583532e-02
7.106100000004289541e-02
7.388500000001840817e-02
7.178200000004153480e-02
7.162399999998569911e-02
7.493099999999230931e-02
7.498299999997470877e-02
7.369500000004336471e-02
7.345099999997728446e-02
7.434499999999388820e-02
7.187099999998736166e-02
7.294200000001183071e-02
7.298900000000685395e-02
7.235100000002603338e-02
7.298199999996768383e-02
7.272599999998874409e-02
7.179300000001376247e-02
7.170100000001866647e-02
7.161000000002104571e-02
7.440800000000535874e-02
7.049200000000155342e-02
7.402199999995673352e-02
7.178000000004658432e-02
7.171499999998331987e-02
7.167200000003504101e-02
7.266099999998232306e-02
7.298799999995253529e-02
7.172000000002753950e-02
6.975499999998646672e-02
7.166699999999082138e-02
7.198199999999133070e-02
7.473099999998567000e-02
7.149500000002717570e-02
7.280200000002423621e-02
7.273600000002033994e-02
7.241399999998066050e-02
7.376800000002958768e-02
7.039700000001403168e-02
7.262300000002142042e-02
7.244700000001103035e-02
7.050199999997630584e-02
7.170400000001109220e-02
7.192900000001145600e-02
7.182599999998728890e-02
7.000299999998560452e-02
7.149099999998043131e-02
7.225599999998166822e-02
7.329599999997071791e-02
7.230000000004110916e-02
7.455400000003464811e-02
7.243900000003122841e-02
7.406699999995680628e-02
7.052199999998265412e-02
7.125800000000026557e-02
7.069999999998799467e-02
7.174599999996189581e-02
7.174599999996189581e-02
7.187700000002905654e-02
7.145800000000690488e-02
7.246500000002242814e-02
7.216800000003331661e-02
7.240600000000085856e-02
7.327199999997446866e-02
7.325600000001486478e-02
7.096900000004779940e-02
7.465300000001207081e-02
7.273500000002286470e-02
7.464099999998552448e-02
7.294500000000425644e-02
7.065999999997529812e-02
7.112999999998237399e-02
7.125100000001793887e-02
7.227799999998296698e-02
7.157800000004499452e-02
7.179000000002133675e-02
7.152700000000322689e-02
7.145099999996773477e-02
7.165299999996932456e-02
7.216099999999414649e-02
7.173699999998461863e-02
7.250499999997828127e-02
7.085399999999708598e-02
7.453599999996640690e-02
7.200000000000272848e-02
6.975299999999151623e-02
7.148000000000820364e-02
7.187199999998483690e-02
7.113599999996722545e-02
7.142999999996391125e-02
7.261099999999487409e-02
7.101599999998597923e-02
7.332100000002128581e-02
7.292800000004717731e-02
7.162799999997560008e-02
7.057300000002442175e-02
7.180199999999103966e-02
7.233700000000453656e-02
7.319799999999077045e-02
7.156399999996665429e-02
7.223199999998541898e-02
7.214699999997264968e-02
7.297600000003967580e-02
7.278499999995347025e-02
7.345299999997223495e-02
7.404500000001235094e-02
7.448700000003327659e-02
7.238099999995029066e-02
7.180099999999356442e-02
7.376699999997526902e-02
7.439699999997628765e-02
7.348999999999250576e-02
7.425999999998111889e-02
7.356399999997620398e-02
7.252199999999220381e-02
7.308599999998932617e-02
7.203500000002804882e-02
6.977999999998019121e-02
7.210699999995995313e-02
7.215899999999919601e-02
7.252399999998715430e-02
7.206400000001167427e-02
7.176399999997329360e-02
7.204999999999017746e-02
7.306799999997792838e-02
7.218900000003714013e-02
7.136200000002190791e-02
7.318499999996674887e-02
7.367700000003196692e-02
7.333399999998846397e-02
7.273900000001276567e-02
7.450699999998278145e-02
7.181199999996579209e-02
7.461899999998422572e-02
7.217000000002826710e-02
7.458199999996395491e-02
7.155499999998937710e-02
7.154500000001462467e-02
7.198599999998123167e-02
7.235800000000836008e-02
7.219199999997272243e-02
7.386299999996026600e-02
7.157800000004499452e-02
7.214399999998022395e-02
7.196000000004687536e-02
7.078500000000076398e-02
7.210099999997510167e-02
7.460299999996777842e-02
7.289899999994986501e-02
7.045700000003307650e-02
7.229799999998931526e-02
7.447700000000168075e-02
7.222400000000561704e-02
1.426580000000399195e-01
7.440300000001798253e-02
7.268299999998362182e-02
7.179600000000618820e-02
7.210300000002689558e-02
7.288299999999026113e-02
7.317899999998189742e-02
7.414400000004661706e-02
7.345299999997223495e-02
7.408800000001747321e-02
7.227899999998044223e-02
7.249100000001362787e-02
7.030399999996461702e-02
7.205099999998765270e-02
7.420100000001639273e-02
7.241299999998318526e-02
7.103699999998980275e-02
7.184499999999616193e-02
7.249600000000100408e-02
7.210399999996752740e-02
7.213200000001052103e-02
7.134400000001051012e-02
7.223199999998541898e-02
7.230299999997669147e-02
7.195999999999003194e-02
7.213600000000042201e-02
7.249399999994921018e-02
7.211899999998649946e-02
7.270499999998492058e-02
7.113999999995712642e-02
7.312299999995275357e-02
7.173000000000229193e-02
7.177300000000741420e-02
7.339400000000750879e-02
7.241499999997813575e-02
7.465799999999944703e-02
7.358100000004696994e-02
7.327599999996436964e-02
7.525599999996757106e-02
7.418300000000499494e-02
7.236900000003743116e-02
7.500399999997853229e-02
7.495399999999108331e-02
7.512900000000399814e-02
7.096900000004779940e-02
7.522699999998394560e-02
7.543299999997543637e-02
7.497299999999995634e-02
7.536799999996901533e-02
7.343599999995831240e-02
7.524100000000544242e-02
7.420899999999619467e-02
7.032800000001770968e-02
7.523100000003068999e-02
7.150500000000192813e-02
7.416299999999864667e-02
7.364000000001169610e-02
7.313499999997929990e-02
7.383899999996401675e-02
7.320700000002489105e-02
7.353000000000520231e-02
7.207899999997380291e-02
7.503599999995458347e-02
7.305500000001075023e-02
1.485490000000027067e-01
7.318099999997684790e-02
7.522900000003573950e-02
7.447799999999915599e-02
7.256300000000237560e-02
7.457199999998920248e-02
7.452999999998155545e-02
7.467400000001589433e-02
7.129799999995611870e-02
7.290999999997893610e-02
7.272699999998621934e-02
7.305300000001579974e-02
7.077399999997169289e-02
7.274499999999761712e-02
7.291200000003073001e-02
7.157200000000329965e-02
7.170299999995677354e-02
7.122099999997999475e-02
7.369399999998904605e-02
7.382000000001198714e-02
6.949600000001510125e-02
7.026600000000371438e-02
7.222200000001066655e-02
7.212800000002062006e-02
7.176500000002761226e-02
7.499400000000377986e-02
7.488499999999476131e-02
7.211100000000669752e-02
7.150599999999940337e-02
7.240799999999580905e-02
7.258500000000367436e-02
7.289100000002690649e-02
7.315599999998312342e-02
7.297699999998030762e-02
7.319000000001096851e-02
7.347900000002027809e-02
7.069699999999556894e-02
7.372999999995499820e-02
7.388300000002345769e-02
7.327800000001616354e-02
7.356099999998377825e-02
7.388600000001588342e-02
7.049899999998388012e-02
7.234099999999443753e-02
7.212900000001809531e-02
7.060100000001057197e-02
7.027899999997089253e-02
7.019100000002254092e-02
6.962099999998372368e-02
6.971799999996619590e-02
7.034600000002910747e-02
6.974100000002181332e-02
