# Pose Estimation timer: 2017-12-12 17:07:40.589993
7.666999999999979387e-03
4.251000000000004775e-03
4.559999999999675424e-03
4.957000000000988393e-03
5.183999999999855390e-03
4.571999999999576403e-03
5.672000000000565478e-03
3.757000000000232376e-03
4.296000000000077534e-03
4.948999999999870170e-03
4.246999999999445663e-03
5.548000000000996579e-03
3.436000000000660748e-03
4.229999999999733973e-03
4.439000000004966751e-03
4.224999999998146905e-03
4.761000000002013621e-03
5.084000000003641162e-03
4.249999999998976818e-03
4.389000000003306923e-03
4.678999999995880898e-03
3.422999999997955456e-03
4.565999999996961378e-03
4.348000000000240561e-03
4.376999999998076873e-03
5.255000000005338734e-03
4.150000000009868018e-03
4.295999999996524821e-03
4.403000000010592885e-03
4.262999999994576683e-03
5.097999999989610842e-03
4.244999999997389750e-03
4.270000000005325091e-03
4.362000000000421096e-03
3.582999999991898221e-03
5.234999999998990461e-03
4.476000000011026714e-03
4.098000000013257704e-03
4.166999999995368853e-03
4.633999999995808139e-03
4.054999999993924575e-03
5.135999999993146048e-03
4.497999999998114617e-03
4.484999999988303898e-03
4.359999999991259756e-03
4.313000000010447366e-03
5.154000000004543836e-03
4.339999999999122338e-03
4.253000000005613401e-03
4.288000000002512024e-03
4.708000000022138920e-03
4.228000000011888915e-03
4.286000000007561539e-03
4.531000000014273610e-03
4.349000000019032086e-03
5.249999999989540811e-03
5.043999999998050043e-03
4.330000000010159056e-03
4.301999999995587132e-03
4.231000000004314643e-03
3.824000000008709321e-03
4.277000000001862645e-03
4.413999999997031409e-03
4.248999999987290721e-03
4.187999999999192369e-03
4.655999999982896043e-03
4.184000000009291398e-03
4.548999999997249688e-03
4.491000000001577064e-03
4.376000000007707058e-03
4.366000000004532922e-03
5.291999999997187842e-03
3.747000000004163667e-03
4.373999999984334863e-03
5.122000000000070941e-03
4.328999999984262104e-03
5.138000000016518243e-03
4.204000000015639671e-03
4.238000000015063051e-03
4.562999999990324795e-03
4.153999999999768988e-03
5.119000000007645212e-03
4.224999999991041477e-03
4.530000000016798367e-03
4.262999999980365828e-03
4.419000000012829332e-03
4.345999999998184649e-03
4.258000000021411324e-03
4.424000000000205546e-03
4.331000000007634299e-03
4.467000000005327820e-03
4.679000000010091753e-03
5.362000000019406798e-03
4.968000000019401341e-03
4.379000000000132786e-03
4.175000000003592504e-03
4.446999999998979547e-03
5.167999999997618943e-03
4.339000000015857950e-03
4.310999999972864316e-03
4.324999999994361133e-03
4.568000000006122718e-03
4.300999999998111889e-03
4.704000000003816240e-03
3.822999999954390660e-03
5.146000000024741894e-03
4.278999999996813131e-03
4.977999999994153768e-03
5.323999999973239028e-03
4.554999999982101144e-03
4.204000000015639671e-03
4.728999999997540726e-03
4.160000000013042154e-03
3.575000000012096280e-03
4.645000000039090082e-03
4.308000000037282007e-03
3.628999999989446223e-03
3.866000000016356353e-03
3.809999999987212504e-03
5.066999999996824045e-03
3.744000000040159648e-03
4.039999999974952516e-03
3.860999999972136720e-03
3.838000000030206138e-03
4.120000000000345608e-03
5.101000000024669134e-03
3.654999999980645953e-03
3.588999999976749677e-03
3.661999999962972652e-03
3.950000000031650416e-03
3.961000000003878085e-03
3.771000000028834620e-03
3.660999999965497409e-03
4.308000000037282007e-03
5.026999999984127498e-03
4.318000000012034434e-03
4.347999999993135134e-03
4.480999999998402927e-03
4.388000000005831680e-03
4.439999999988231139e-03
4.785000000026684575e-03
4.116999999951076461e-03
4.109000000028117938e-03
4.008999999996376573e-03
5.096000000037292921e-03
4.771999999945819582e-03
4.147999999986495823e-03
4.404999999962910806e-03
4.066000000022995664e-03
3.598000000010870281e-03
4.745000000013988029e-03
3.745000000037634891e-03
4.183000000011816155e-03
4.430999999954110535e-03
5.187000000034913683e-03
4.207000000008065399e-03
4.013999999983752787e-03
4.491999999970630597e-03
4.054999999993924575e-03
4.419999999981882866e-03
4.552999999987150659e-03
5.728999999973893864e-03
4.263999999977841071e-03
4.100999999991472578e-03
4.746000000011463271e-03
4.302999999993062374e-03
4.879000000016731065e-03
4.105999999978848791e-03
5.293000000051506504e-03
4.155000000025665940e-03
4.107000000033167453e-03
5.101000000024669134e-03
5.738000000008014467e-03
4.999999999995452526e-03
4.352999999980511348e-03
3.842999999960738933e-03
4.114999999956125976e-03
4.124999999987721822e-03
