# Projection image timer: 2017-12-12 17:07:40.552362
3.686440000000000827e-01
2.000009999999998733e-01
2.000040000000000706e-01
2.000020000000000131e-01
2.977289999999999104e-01
2.000020000000002351e-01
2.000020000000000131e-01
2.000010000000003174e-01
2.388930000000000220e-01
2.000009999999998733e-01
2.000009999999998733e-01
2.000000000000001776e-01
2.000030000000005970e-01
2.000019999999995690e-01
2.000000000000001776e-01
2.000000000000001776e-01
2.332570000000000476e-01
2.000010000000003174e-01
2.000000000000001776e-01
2.000019999999995690e-01
2.000000000000001776e-01
2.000039999999998486e-01
2.000030000000005970e-01
2.000000000000001776e-01
2.479050000000011522e-01
2.000030000000005970e-01
2.000029999999988206e-01
2.000020000000013454e-01
2.000019999999995690e-01
2.000010000000003174e-01
2.000019999999995690e-01
2.000010000000003174e-01
2.490030000000000854e-01
2.000030000000005970e-01
2.000030000000005970e-01
2.000039999999998486e-01
2.000010000000003174e-01
2.000039999999998486e-01
2.000030000000005970e-01
2.000040000000016249e-01
2.416370000000007678e-01
2.000039999999998486e-01
2.000030000000005970e-01
2.000010000000003174e-01
2.000019999999995690e-01
2.000029999999988206e-01
2.000039999999998486e-01
2.000039999999998486e-01
2.399149999999998784e-01
2.000020000000013454e-01
2.000029999999988206e-01
2.000029999999988206e-01
2.000029999999988206e-01
2.000039999999998486e-01
2.000020000000013454e-01
2.000039999999998486e-01
2.473150000000003956e-01
2.000020000000013454e-01
2.000039999999998486e-01
2.000039999999998486e-01
2.000030000000023733e-01
2.000080000000004077e-01
2.000020000000013454e-01
2.000019999999977927e-01
2.397209999999994068e-01
2.000039999999998486e-01
2.000029999999988206e-01
2.000030000000023733e-01
2.000019999999977927e-01
2.000009999999967647e-01
2.000019999999977927e-01
2.000029999999988206e-01
2.345739999999985059e-01
2.000009999999967647e-01
2.000020000000013454e-01
2.000010000000003174e-01
2.000039999999998486e-01
2.000039999999998486e-01
2.000000000000028422e-01
2.000020000000013454e-01
2.285170000000000812e-01
2.000020000000013454e-01
2.000010000000003174e-01
2.000029999999988206e-01
2.000010000000003174e-01
2.000010000000003174e-01
2.000029999999988206e-01
2.000029999999988206e-01
2.375310000000006028e-01
2.000009999999967647e-01
2.000019999999977927e-01
2.000029999999988206e-01
2.000010000000003174e-01
2.000039999999998486e-01
2.000029999999988206e-01
2.000029999999988206e-01
2.412539999999978590e-01
2.000039999999998486e-01
2.000010000000003174e-01
2.000000000000028422e-01
2.000019999999977927e-01
2.000029999999952679e-01
2.000019999999977927e-01
2.000000000000028422e-01
2.411400000000014643e-01
2.000020000000048981e-01
2.000029999999952679e-01
2.000010000000003174e-01
2.000019999999977927e-01
2.000019999999977927e-01
2.000019999999977927e-01
2.000019999999977927e-01
2.292290000000036798e-01
2.000010000000003174e-01
2.000010000000003174e-01
2.000039999999998486e-01
2.000020000000048981e-01
2.000039999999998486e-01
2.000010000000003174e-01
2.000000000000028422e-01
2.365729999999999222e-01
2.000020000000048981e-01
2.000039999999998486e-01
2.000010000000003174e-01
2.000019999999977927e-01
2.000010000000003174e-01
2.000030000000023733e-01
2.000020000000048981e-01
2.354950000000002319e-01
2.000030000000023733e-01
2.000290000000006785e-01
2.000009999999932120e-01
2.000010000000003174e-01
2.000020000000048981e-01
2.000010000000003174e-01
2.000029999999952679e-01
2.346890000000030341e-01
2.000019999999977927e-01
2.000030000000023733e-01
2.000030000000023733e-01
2.000030000000023733e-01
2.000009999999932120e-01
2.000000000000028422e-01
2.000009999999932120e-01
2.291439999999980159e-01
2.000010000000003174e-01
2.000019999999977927e-01
2.000010000000003174e-01
2.000010000000003174e-01
2.000000000000028422e-01
2.000030000000023733e-01
2.000010000000003174e-01
2.450779999999994629e-01
2.000010000000003174e-01
2.000010000000003174e-01
2.000030000000023733e-01
2.000039999999998486e-01
2.000000000000028422e-01
2.000019999999977927e-01
2.000019999999977927e-01
2.443880000000007158e-01
2.000019999999977927e-01
2.000019999999977927e-01
2.000019999999977927e-01
2.000010000000003174e-01
2.000030000000023733e-01
2.000019999999977927e-01
2.000010000000003174e-01
2.332740000000015357e-01
2.000030000000023733e-01
2.000000000000028422e-01
2.000010000000003174e-01
2.000020000000048981e-01
2.000019999999977927e-01
2.000019999999977927e-01
2.000000000000028422e-01
2.349340000000026407e-01
2.000030000000023733e-01
2.000039999999998486e-01
2.000010000000003174e-01
2.000000000000028422e-01
2.000039999999998486e-01
2.000010000000003174e-01
2.000000000000028422e-01
2.338209999999989464e-01
2.000029999999952679e-01
2.000030000000023733e-01
2.000030000000023733e-01
2.000010000000003174e-01
2.000030000000023733e-01
2.000010000000003174e-01
2.000029999999952679e-01
2.337470000000010373e-01
2.000010000000003174e-01
2.000010000000003174e-01
2.000019999999977927e-01
2.000039999999998486e-01
2.000039999999998486e-01
2.000019999999977927e-01
2.000020000000120035e-01
2.335779999999942902e-01
2.000019999999977927e-01
2.000010000000003174e-01
2.000029999999952679e-01
2.000019999999977927e-01
2.000039999999927431e-01
2.000000000000028422e-01
2.000029999999952679e-01
2.399560000000064974e-01
2.000000000000028422e-01
2.000019999999977927e-01
2.000029999999952679e-01
2.000000000000028422e-01
2.000010000000003174e-01
2.000019999999977927e-01
2.000000000000028422e-01
2.336009999999930642e-01
2.000010000000003174e-01
2.000000000000028422e-01
2.000020000000120035e-01
2.000030000000094788e-01
2.000010000000003174e-01
2.000029999999952679e-01
2.000000000000028422e-01
2.400160000000113314e-01
2.000000000000028422e-01
2.000000000000028422e-01
2.000010000000003174e-01
2.000010000000003174e-01
2.000019999999977927e-01
2.000029999999952679e-01
2.000000000000028422e-01
2.366310000000027003e-01
2.000039999999927431e-01
2.000010000000003174e-01
2.000000000000028422e-01
2.000029999999952679e-01
2.000020000000120035e-01
2.000019999999977927e-01
2.000030000000094788e-01
2.376369999999923266e-01
2.000019999999977927e-01
2.000029999999952679e-01
2.000029999999952679e-01
2.000010000000003174e-01
2.000010000000003174e-01
2.000019999999977927e-01
2.000010000000003174e-01
2.408050000000088176e-01
2.000010000000003174e-01
2.000029999999952679e-01
2.000019999999977927e-01
2.000039999999927431e-01
2.000019999999977927e-01
2.000030000000094788e-01
2.000010000000003174e-01
2.418579999999934671e-01
2.000029999999952679e-01
2.000029999999952679e-01
2.000039999999927431e-01
2.000000000000028422e-01
2.000010000000003174e-01
2.000039999999927431e-01
2.000010000000003174e-01
2.402690000000120563e-01
2.000029999999952679e-01
2.000029999999952679e-01
2.000020000000120035e-01
2.000019999999977927e-01
2.000000000000028422e-01
2.000019999999977927e-01
2.000029999999952679e-01
2.429079999999999018e-01
2.000000000000028422e-01
2.000000000000028422e-01
2.000019999999977927e-01
2.000010000000003174e-01
2.000000000000028422e-01
2.000010000000003174e-01
2.000029999999952679e-01
2.360189999999988686e-01
2.000030000000094788e-01
2.000020000000120035e-01
2.000029999999952679e-01
2.000039999999927431e-01
2.000019999999977927e-01
2.000019999999977927e-01
2.000029999999952679e-01
2.378410000000030777e-01
2.000010000000003174e-01
2.000029999999952679e-01
2.000030000000094788e-01
2.000019999999977927e-01
2.000020000000120035e-01
2.000000000000028422e-01
2.000000000000028422e-01
2.420469999999994570e-01
2.000030000000094788e-01
2.000000000000028422e-01
2.000010000000003174e-01
2.000000000000028422e-01
2.000000000000028422e-01
2.000019999999977927e-01
2.000019999999977927e-01
2.348860000000030368e-01
2.000019999999977927e-01
2.000030000000094788e-01
2.000030000000094788e-01
2.000019999999977927e-01
2.000019999999977927e-01
2.000000000000028422e-01
2.000019999999977927e-01
2.369340000000050850e-01
2.000039999999927431e-01
2.000029999999952679e-01
2.000030000000094788e-01
2.000000000000028422e-01
2.000019999999977927e-01
2.000000000000028422e-01
2.000010000000003174e-01
2.332629999999937809e-01
2.000029999999952679e-01
2.000030000000094788e-01
2.000000000000028422e-01
2.000029999999952679e-01
2.000039999999927431e-01
2.000019999999977927e-01
2.000019999999977927e-01
2.330129999999996926e-01
2.000039999999927431e-01
2.000010000000003174e-01
2.000029999999952679e-01
2.000010000000003174e-01
2.000029999999952679e-01
2.000019999999977927e-01
2.000019999999977927e-01
2.336430000000007112e-01
2.000019999999977927e-01
2.000010000000003174e-01
2.000029999999952679e-01
2.000019999999977927e-01
2.000010000000003174e-01
2.000019999999977927e-01
2.000020000000120035e-01
2.446289999999891052e-01
2.000000000000028422e-01
2.000019999999977927e-01
2.000019999999977927e-01
2.000019999999977927e-01
2.000000000000028422e-01
2.000000000000028422e-01
2.000010000000003174e-01
2.321460000000001855e-01
2.000020000000120035e-01
2.000019999999977927e-01
2.000029999999952679e-01
2.000019999999977927e-01
2.000010000000003174e-01
2.000000000000028422e-01
2.000010000000003174e-01
2.371559999999988122e-01
2.000010000000003174e-01
2.000010000000003174e-01
2.000019999999977927e-01
2.000019999999977927e-01
2.000019999999977927e-01
2.000019999999977927e-01
2.000019999999977927e-01
2.469870000000042864e-01
2.000010000000003174e-01
2.000010000000003174e-01
2.000030000000094788e-01
2.000000000000028422e-01
2.000020000000120035e-01
2.000010000000003174e-01
2.000000000000028422e-01
2.354109999999991487e-01
2.000110000000034916e-01
2.000010000000003174e-01
2.000029999999952679e-01
2.000020000000120035e-01
2.000000000000028422e-01
2.000020000000120035e-01
2.000000000000028422e-01
2.318870000000003984e-01
2.000000000000028422e-01
2.000019999999977927e-01
2.000010000000003174e-01
2.000019999999977927e-01
2.000019999999977927e-01
2.000000000000028422e-01
2.000000000000028422e-01
2.410089999999911470e-01
2.000010000000003174e-01
2.000040000000069540e-01
2.000030000000094788e-01
2.000019999999835818e-01
2.000019999999835818e-01
2.000040000000069540e-01
2.000030000000094788e-01
2.443460000000072796e-01
2.000009999999861066e-01
2.000019999999835818e-01
2.000019999999835818e-01
2.000029999999810570e-01
2.000019999999835818e-01
2.000030000000094788e-01
2.000010000000145283e-01
2.399089999999830525e-01
2.000010000000145283e-01
2.000020000000120035e-01
2.000020000000120035e-01
2.000029999999810570e-01
2.000000000000170530e-01
2.000019999999835818e-01
2.000029999999810570e-01
2.414579999999943993e-01
2.000010000000145283e-01
2.000030000000094788e-01
2.000040000000069540e-01
2.000029999999810570e-01
2.000000000000170530e-01
2.000019999999835818e-01
2.000009999999861066e-01
2.393040000000041800e-01
2.000009999999861066e-01
2.000040000000069540e-01
2.000010000000145283e-01
2.000000000000170530e-01
2.000280000000032032e-01
2.000010000000145283e-01
2.000020000000120035e-01
2.370860000000050150e-01
2.000000000000170530e-01
2.000030000000094788e-01
2.000030000000094788e-01
2.000030000000094788e-01
2.000020000000120035e-01
2.000039999999785323e-01
2.000019999999835818e-01
2.390540000000100918e-01
2.000000000000170530e-01
2.000039999999785323e-01
2.000010000000145283e-01
2.000020000000120035e-01
2.000040000000069540e-01
2.000000000000170530e-01
2.000030000000094788e-01
2.388809999999921274e-01
2.000029999999810570e-01
2.000029999999810570e-01
2.000030000000094788e-01
2.000030000000094788e-01
2.000029999999810570e-01
2.000009999999861066e-01
2.000019999999835818e-01
2.456179999999790198e-01
2.000020000000120035e-01
2.000040000000069540e-01
2.000010000000145283e-01
2.000039999999785323e-01
2.000030000000094788e-01
2.000000000000170530e-01
2.000010000000145283e-01
2.348580000000026757e-01
2.000020000000120035e-01
2.000029999999810570e-01
2.000000000000170530e-01
2.000040000000069540e-01
2.317009999999868342e-01
2.000020000000120035e-01
2.000040000000069540e-01
2.370899999999949159e-01
2.000039999999785323e-01
2.000019999999835818e-01
2.000040000000069540e-01
2.000009999999861066e-01
2.000020000000120035e-01
2.000019999999835818e-01
2.000009999999861066e-01
2.327909999999917545e-01
2.000000000000170530e-01
2.000020000000120035e-01
2.000000000000170530e-01
2.000020000000120035e-01
2.000040000000069540e-01
2.000030000000094788e-01
2.000039999999785323e-01
2.416199999999832926e-01
2.000009999999861066e-01
2.000020000000120035e-01
2.000009999999861066e-01
2.000010000000145283e-01
2.000030000000094788e-01
2.000030000000094788e-01
2.000020000000120035e-01
2.306440000000122836e-01
2.000009999999861066e-01
2.000009999999861066e-01
2.000030000000094788e-01
2.000030000000094788e-01
2.000030000000094788e-01
2.000040000000069540e-01
2.000010000000145283e-01
2.408519999999896299e-01
2.000040000000069540e-01
2.000009999999861066e-01
2.000000000000170530e-01
2.000010000000145283e-01
2.000010000000145283e-01
2.000000000000170530e-01
2.000019999999835818e-01
2.378309999999999036e-01
2.000029999999810570e-01
2.000010000000145283e-01
2.000030000000094788e-01
2.000039999999785323e-01
2.000039999999785323e-01
2.271250000000009095e-01
2.000009999999861066e-01
2.340260000000000673e-01
2.000040000000069540e-01
2.000030000000094788e-01
2.000040000000069540e-01
2.000019999999835818e-01
2.000030000000094788e-01
2.000019999999835818e-01
2.000030000000094788e-01
2.340429999999855681e-01
2.000030000000094788e-01
2.000020000000120035e-01
2.000050000000044292e-01
2.000030000000094788e-01
2.000009999999861066e-01
2.000019999999835818e-01
2.000009999999861066e-01
2.315779999999847405e-01
2.000009999999861066e-01
2.000030000000094788e-01
2.000030000000094788e-01
2.000029999999810570e-01
2.000010000000145283e-01
2.000029999999810570e-01
2.000019999999835818e-01
2.354950000000144428e-01
2.000020000000120035e-01
2.000039999999785323e-01
2.000010000000145283e-01
2.000010000000145283e-01
2.000040000000069540e-01
2.000010000000145283e-01
2.000029999999810570e-01
2.391429999999843403e-01
2.000030000000094788e-01
2.000020000000120035e-01
2.000010000000145283e-01
2.000029999999810570e-01
2.000020000000120035e-01
2.000040000000069540e-01
2.000020000000120035e-01
2.378960000000063246e-01
2.000030000000094788e-01
2.000009999999861066e-01
2.000019999999835818e-01
2.000019999999835818e-01
2.000010000000145283e-01
2.000010000000145283e-01
2.000039999999785323e-01
2.428360000000111540e-01
2.000010000000145283e-01
2.000030000000094788e-01
2.000020000000120035e-01
2.000010000000145283e-01
2.000000000000170530e-01
2.000009999999861066e-01
2.000020000000120035e-01
2.328140000000189502e-01
2.000030000000094788e-01
2.000029999999810570e-01
2.000040000000069540e-01
2.000009999999861066e-01
2.000039999999785323e-01
2.000009999999861066e-01
2.000030000000094788e-01
2.313650000000109230e-01
2.000009999999861066e-01
2.000030000000094788e-01
2.000030000000094788e-01
2.000000000000170530e-01
2.000019999999835818e-01
2.000019999999835818e-01
2.000009999999861066e-01
2.351019999999834909e-01
2.000030000000094788e-01
2.000030000000094788e-01
2.000040000000069540e-01
2.000009999999861066e-01
2.000029999999810570e-01
2.000000000000170530e-01
2.000009999999861066e-01
2.430099999999981719e-01
2.000040000000069540e-01
2.000010000000145283e-01
2.000020000000120035e-01
2.000030000000094788e-01
2.000029999999810570e-01
2.000039999999785323e-01
2.000020000000120035e-01
2.415790000000015425e-01
2.000000000000170530e-01
2.000029999999810570e-01
2.000020000000120035e-01
2.000000000000170530e-01
2.000010000000145283e-01
2.000019999999835818e-01
2.000009999999861066e-01
2.347069999999860102e-01
2.000029999999810570e-01
2.000009999999861066e-01
2.000000000000170530e-01
2.000010000000145283e-01
2.000030000000094788e-01
2.000030000000094788e-01
2.000039999999785323e-01
2.376569999999844640e-01
2.000030000000094788e-01
2.000020000000120035e-01
2.000000000000170530e-01
2.000039999999785323e-01
2.000029999999810570e-01
2.000029999999810570e-01
2.000020000000120035e-01
2.398809999999969023e-01
2.000030000000094788e-01
2.000010000000145283e-01
2.000010000000145283e-01
2.000010000000145283e-01
2.000009999999861066e-01
2.000019999999835818e-01
2.000010000000145283e-01
2.354689999999948213e-01
2.000030000000094788e-01
2.000020000000120035e-01
2.000030000000094788e-01
2.000040000000069540e-01
2.000029999999810570e-01
2.000010000000145283e-01
2.000009999999861066e-01
2.374350000000049477e-01
2.000039999999785323e-01
2.000019999999835818e-01
2.000020000000120035e-01
2.000030000000094788e-01
2.000019999999835818e-01
2.000030000000094788e-01
2.000030000000094788e-01
2.369930000000124437e-01
2.000039999999785323e-01
2.000029999999810570e-01
2.000000000000170530e-01
2.000000000000170530e-01
2.000000000000170530e-01
2.000009999999861066e-01
2.000020000000120035e-01
2.419449999999869760e-01
2.000040000000069540e-01
2.000010000000145283e-01
2.000030000000094788e-01
2.000029999999810570e-01
2.000030000000094788e-01
2.000000000000170530e-01
2.000039999999785323e-01
2.293999999999982720e-01
2.000029999999810570e-01
2.000010000000145283e-01
2.000029999999810570e-01
2.000029999999810570e-01
2.000040000000069540e-01
2.000030000000094788e-01
2.000010000000145283e-01
2.377889999999922566e-01
2.000000000000170530e-01
2.000030000000094788e-01
2.000010000000145283e-01
2.000010000000145283e-01
2.000040000000069540e-01
2.000010000000145283e-01
2.000009999999861066e-01
2.378709999999841784e-01
2.000019999999835818e-01
2.000030000000094788e-01
2.000020000000120035e-01
2.000040000000069540e-01
2.000030000000094788e-01
2.000020000000120035e-01
2.000000000000170530e-01
2.372279999999875599e-01
2.000009999999861066e-01
2.000030000000094788e-01
2.000029999999810570e-01
2.000030000000094788e-01
2.000000000000170530e-01
2.000030000000094788e-01
2.000019999999835818e-01
2.303619999999853007e-01
2.000000000000170530e-01
2.000000000000170530e-01
2.000040000000069540e-01
2.000029999999810570e-01
2.000009999999861066e-01
2.000009999999861066e-01
2.000029999999810570e-01
2.380060000000128184e-01
2.000019999999835818e-01
2.000030000000094788e-01
2.000030000000094788e-01
2.000020000000120035e-01
2.000009999999861066e-01
2.000039999999785323e-01
2.000000000000170530e-01
2.365609999999946922e-01
2.000010000000145283e-01
2.000009999999861066e-01
2.000009999999861066e-01
2.000009999999861066e-01
2.000020000000120035e-01
2.000040000000069540e-01
2.000029999999810570e-01
2.429010000000175751e-01
2.000009999999861066e-01
2.000040000000069540e-01
2.000029999999810570e-01
2.000030000000094788e-01
2.000010000000145283e-01
2.000029999999810570e-01
2.000039999999785323e-01
2.431229999999970914e-01
2.000030000000094788e-01
2.000010000000145283e-01
2.000020000000120035e-01
2.000009999999861066e-01
2.000030000000094788e-01
2.000000000000170530e-01
2.000040000000069540e-01
2.450450000000046202e-01
2.000000000000170530e-01
2.000020000000120035e-01
2.000010000000145283e-01
2.000040000000069540e-01
2.000040000000069540e-01
2.000000000000170530e-01
2.000030000000094788e-01
2.365509999999915181e-01
2.000019999999835818e-01
2.000030000000094788e-01
2.000040000000069540e-01
2.000009999999861066e-01
2.000030000000094788e-01
2.000009999999861066e-01
2.000010000000145283e-01
2.378040000000112286e-01
2.000010000000145283e-01
2.000029999999810570e-01
2.000010000000145283e-01
2.000009999999861066e-01
2.000040000000069540e-01
2.000029999999810570e-01
2.000020000000120035e-01
2.416609999999934644e-01
2.000019999999835818e-01
2.000000000000170530e-01
2.000010000000145283e-01
2.000030000000094788e-01
2.000009999999861066e-01
2.000020000000120035e-01
2.000019999999835818e-01
2.412159999999801130e-01
2.000029999999810570e-01
2.000030000000094788e-01
2.000009999999861066e-01
2.000040000000069540e-01
2.000019999999835818e-01
2.000040000000069540e-01
2.000039999999785323e-01
2.346040000000186865e-01
2.000009999999861066e-01
2.000010000000145283e-01
2.000030000000094788e-01
2.000039999999785323e-01
2.000019999999835818e-01
2.000019999999835818e-01
2.000010000000429500e-01
2.487000000000421096e-01
2.000039999999785323e-01
2.000039999999785323e-01
2.000029999999810570e-01
2.000099999999633837e-01
2.000009999999861066e-01
2.000030000000379005e-01
2.000029999999810570e-01
2.312860000000114269e-01
2.000009999999861066e-01
2.000019999999835818e-01
2.000010000000429500e-01
2.000009999999861066e-01
2.000020000000404252e-01
2.000010000000429500e-01
2.000030000000379005e-01
2.353109999999674073e-01
2.000029999999810570e-01
2.000019999999835818e-01
2.000039999999785323e-01
2.000019999999835818e-01
2.000009999999861066e-01
2.000019999999835818e-01
2.000019999999835818e-01
2.408529999999586835e-01
2.000009999999861066e-01
2.000009999999861066e-01
2.000029999999810570e-01
2.000009999999861066e-01
2.000019999999835818e-01
2.000020000000404252e-01
2.000039999999785323e-01
2.324679999999830216e-01
2.000039999999785323e-01
2.000029999999810570e-01
2.000039999999785323e-01
2.000029999999810570e-01
2.000019999999835818e-01
2.000009999999861066e-01
2.000030000000379005e-01
2.339080000000421933e-01
2.000020000000404252e-01
2.000020000000404252e-01
2.000019999999835818e-01
2.000020000000404252e-01
2.000039999999785323e-01
2.000010000000429500e-01
2.000029999999810570e-01
2.473369999999590618e-01
2.000019999999835818e-01
2.000039999999785323e-01
2.000000000000454747e-01
2.000029999999810570e-01
2.000020000000404252e-01
2.000009999999861066e-01
2.000609999999483080e-01
2.463520000000016807e-01
2.000039999999785323e-01
2.000019999999835818e-01
2.000019999999835818e-01
2.000029999999810570e-01
2.000029999999810570e-01
2.000019999999835818e-01
2.000009999999861066e-01
2.386959999999476167e-01
2.000020000000404252e-01
2.000020000000404252e-01
2.000039999999785323e-01
2.000029999999810570e-01
2.000039999999785323e-01
2.000039999999785323e-01
2.000019999999835818e-01
2.405039999999871725e-01
2.000029999999810570e-01
2.000019999999835818e-01
2.000019999999835818e-01
2.000029999999810570e-01
2.000019999999835818e-01
2.000039999999785323e-01
2.000009999999861066e-01
2.423960000000420223e-01
2.000009999999861066e-01
2.000019999999835818e-01
2.000009999999861066e-01
2.000019999999835818e-01
2.000020000000404252e-01
2.000019999999835818e-01
2.000009999999861066e-01
2.348599999999692045e-01
2.000009999999861066e-01
2.000029999999810570e-01
2.000019999999835818e-01
2.000479999999811298e-01
2.000019999999835818e-01
2.000000000000454747e-01
2.000009999999861066e-01
2.340280000000234395e-01
2.000019999999835818e-01
2.000000000000454747e-01
2.000019999999835818e-01
2.000039999999785323e-01
2.000029999999810570e-01
2.000020000000404252e-01
2.000039999999785323e-01
2.346170000000142863e-01
2.000029999999810570e-01
2.000030000000379005e-01
2.000010000000429500e-01
2.000019999999835818e-01
2.000009999999861066e-01
2.000039999999785323e-01
2.000010000000429500e-01
2.415400000000431646e-01
2.000029999999810570e-01
2.000020000000404252e-01
2.000039999999785323e-01
2.000010000000429500e-01
2.000010000000429500e-01
2.000029999999810570e-01
2.000029999999810570e-01
2.442219999999792890e-01
2.000020000000404252e-01
2.000009999999861066e-01
2.000039999999785323e-01
2.000039999999785323e-01
2.000039999999785323e-01
2.000019999999835818e-01
2.000000000000454747e-01
2.368420000000241998e-01
2.000009999999861066e-01
2.000009999999861066e-01
2.000009999999861066e-01
2.000039999999785323e-01
2.000010000000429500e-01
2.000020000000404252e-01
2.000009999999861066e-01
2.402890000000184045e-01
2.000040000000353757e-01
2.000009999999861066e-01
2.000000000000454747e-01
2.000030000000379005e-01
2.000019999999835818e-01
2.000039999999785323e-01
2.000029999999810570e-01
2.332010000000082073e-01
2.000019999999835818e-01
2.000020000000404252e-01
2.000029999999810570e-01
2.000020000000404252e-01
2.000039999999785323e-01
2.000000000000454747e-01
2.000029999999810570e-01
2.357269999999971333e-01
2.000030000000379005e-01
2.000020000000404252e-01
2.000039999999785323e-01
2.000029999999810570e-01
2.000000000000454747e-01
2.000030000000379005e-01
2.000039999999785323e-01
2.418560000000411492e-01
2.000009999999861066e-01
2.000000000000454747e-01
2.000009999999861066e-01
2.000009999999861066e-01
2.000019999999835818e-01
2.000009999999861066e-01
2.000040000000353757e-01
2.294229999999970460e-01
2.000019999999835818e-01
2.000029999999810570e-01
2.000000000000454747e-01
2.000019999999835818e-01
2.000010000000429500e-01
2.000020000000404252e-01
2.000019999999835818e-01
2.343850000000315958e-01
2.000030000000379005e-01
2.000010000000429500e-01
2.000010000000429500e-01
2.000039999999785323e-01
2.000039999999785323e-01
2.000009999999861066e-01
2.000019999999835818e-01
2.390750000000139153e-01
2.000009999999861066e-01
2.000000000000454747e-01
2.000029999999810570e-01
2.000029999999810570e-01
2.000039999999785323e-01
2.000039999999785323e-01
2.000009999999861066e-01
2.313220000000342225e-01
2.000010000000429500e-01
2.000029999999810570e-01
2.000029999999810570e-01
2.000009999999861066e-01
2.000029999999810570e-01
2.000019999999835818e-01
2.000039999999785323e-01
2.385059999999725733e-01
2.000040000000353757e-01
2.000019999999835818e-01
2.000009999999861066e-01
2.000019999999835818e-01
2.000030000000379005e-01
2.000039999999785323e-01
2.000000000000454747e-01
2.367140000000063083e-01
2.000020000000404252e-01
2.000039999999785323e-01
2.000029999999810570e-01
2.000029999999810570e-01
2.000010000000429500e-01
2.000029999999810570e-01
2.000039999999785323e-01
2.377119999999877109e-01
2.000040000000353757e-01
2.000039999999785323e-01
2.000009999999861066e-01
2.000009999999861066e-01
2.000039999999785323e-01
2.000029999999810570e-01
2.000000000000454747e-01
2.320419999999785432e-01
2.000020000000404252e-01
2.000030000000379005e-01
2.000009999999861066e-01
2.000009999999861066e-01
2.000019999999835818e-01
2.000029999999810570e-01
2.000030000000379005e-01
2.378840000000082000e-01
2.000029999999810570e-01
2.000000000000454747e-01
2.000039999999785323e-01
2.000029999999810570e-01
2.000009999999861066e-01
2.000009999999861066e-01
2.000029999999810570e-01
2.384190000000216969e-01
2.000040000000353757e-01
2.000010000000429500e-01
2.000009999999861066e-01
2.000029999999810570e-01
2.000029999999810570e-01
2.000039999999785323e-01
2.000019999999835818e-01
2.439460000000508444e-01
2.000020000000404252e-01
2.000039999999785323e-01
2.000019999999835818e-01
2.000010000000429500e-01
2.000039999999785323e-01
2.000010000000429500e-01
2.000019999999835818e-01
2.324350000000094951e-01
2.000019999999835818e-01
2.000029999999810570e-01
2.000019999999835818e-01
2.000039999999785323e-01
2.000029999999810570e-01
2.000030000000379005e-01
2.000009999999861066e-01
2.308290000000283726e-01
2.000009999999861066e-01
2.000019999999835818e-01
2.000030000000379005e-01
2.000009999999861066e-01
2.410319999999614993e-01
2.000019999999835818e-01
2.000029999999810570e-01
2.456389999999828433e-01
2.000009999999861066e-01
2.000039999999785323e-01
2.000019999999835818e-01
2.000000000000454747e-01
2.000039999999785323e-01
2.000019999999835818e-01
2.000009999999861066e-01
2.445720000000051186e-01
2.000029999999810570e-01
2.000009999999861066e-01
2.000010000000429500e-01
2.000029999999810570e-01
2.000019999999835818e-01
2.000010000000429500e-01
2.000019999999835818e-01
2.417149999999992360e-01
2.000029999999810570e-01
2.000019999999835818e-01
2.000009999999861066e-01
2.000009999999861066e-01
2.000039999999785323e-01
2.000080000000252767e-01
2.000039999999785323e-01
2.345569999999952415e-01
2.000009999999861066e-01
2.000009999999861066e-01
2.000009999999861066e-01
2.000030000000379005e-01
2.000019999999835818e-01
2.000029999999810570e-01
2.000019999999835818e-01
2.388559999999984029e-01
2.000019999999835818e-01
2.000029999999810570e-01
2.000009999999861066e-01
2.000019999999835818e-01
2.000030000000379005e-01
2.000009999999861066e-01
2.000030000000379005e-01
2.417820000000006075e-01
2.000019999999835818e-01
2.000029999999810570e-01
2.000010000000429500e-01
2.000010000000429500e-01
2.000039999999785323e-01
2.000040000000353757e-01
2.000000000000454747e-01
2.363400000000410728e-01
2.000029999999810570e-01
2.000009999999861066e-01
2.000029999999810570e-01
2.000010000000429500e-01
2.000039999999785323e-01
2.000029999999810570e-01
2.000009999999861066e-01
2.399360000000001492e-01
2.000010000000429500e-01
2.000029999999810570e-01
2.000009999999861066e-01
2.000039999999785323e-01
2.000009999999861066e-01
2.000040000000353757e-01
2.000010000000429500e-01
2.407430000000090331e-01
2.000039999999785323e-01
2.000039999999785323e-01
2.000029999999810570e-01
2.000030000000379005e-01
2.000029999999810570e-01
2.000029999999810570e-01
2.000029999999810570e-01
2.444769999999607535e-01
2.000039999999785323e-01
2.000009999999861066e-01
2.000029999999810570e-01
2.000060000000303262e-01
2.000020000000404252e-01
2.000019999999835818e-01
2.000009999999861066e-01
2.355689999999981410e-01
2.000000000000454747e-01
2.000029999999810570e-01
2.000010000000429500e-01
2.000020000000404252e-01
2.000019999999835818e-01
2.000010000000429500e-01
2.000009999999861066e-01
2.385559999999600223e-01
2.000029999999810570e-01
2.000010000000429500e-01
2.000010000000429500e-01
2.000039999999785323e-01
2.000020000000404252e-01
2.000039999999785323e-01
2.000010000000429500e-01
2.432810000000245054e-01
2.000029999999810570e-01
2.000039999999785323e-01
2.000040000000353757e-01
2.000030000000379005e-01
2.000009999999861066e-01
2.000019999999835818e-01
2.000030000000379005e-01
2.353689999999915017e-01
2.000009999999861066e-01
2.000040000000353757e-01
2.000019999999835818e-01
2.000039999999785323e-01
2.000019999999835818e-01
2.000019999999835818e-01
2.000030000000379005e-01
2.416759999999840147e-01
2.000040000000353757e-01
2.000019999999835818e-01
2.000000000000454747e-01
2.000039999999785323e-01
2.000039999999785323e-01
2.000009999999861066e-01
2.000039999999785323e-01
2.277740000000108012e-01
2.000039999999785323e-01
2.000019999999835818e-01
2.000030000000379005e-01
2.000009999999861066e-01
2.000030000000379005e-01
2.000009999999861066e-01
2.000019999999835818e-01
2.373760000000402215e-01
2.000039999999785323e-01
2.000020000000404252e-01
2.000040000000353757e-01
2.000040000000353757e-01
2.000039999999785323e-01
2.000010000000429500e-01
2.000020000000404252e-01
2.335659999999961656e-01
2.000040000000353757e-01
2.000000000000454747e-01
2.000009999999861066e-01
2.000019999999835818e-01
2.000009999999861066e-01
2.000019999999835818e-01
2.000009999999861066e-01
2.373609999999644060e-01
2.000009999999861066e-01
2.000010000000429500e-01
2.000010000000429500e-01
2.000019999999835818e-01
2.000009999999861066e-01
2.000019999999835818e-01
2.000039999999785323e-01
2.385160000000041691e-01
2.000009999999861066e-01
2.000010000000429500e-01
2.000009999999861066e-01
2.000039999999785323e-01
2.000040000000353757e-01
2.000009999999861066e-01
2.000009999999861066e-01
2.379799999999931970e-01
2.000010000000429500e-01
2.000009999999861066e-01
2.000029999999810570e-01
2.000029999999810570e-01
2.000039999999785323e-01
2.000029999999810570e-01
2.000019999999835818e-01
2.458589999999958309e-01
2.000000000000454747e-01
2.000010000000429500e-01
2.000000000000454747e-01
2.000030000000379005e-01
2.000009999999861066e-01
2.000010000000429500e-01
2.000039999999785323e-01
2.312319999999772335e-01
2.000019999999835818e-01
2.000020000000404252e-01
2.000029999999810570e-01
2.000029999999810570e-01
2.000029999999810570e-01
2.000030000000379005e-01
2.000000000000454747e-01
2.433030000000258042e-01
2.000029999999810570e-01
2.000009999999861066e-01
2.000030000000379005e-01
2.000019999999835818e-01
2.000009999999861066e-01
2.000029999999810570e-01
2.000119999999583342e-01
2.391509999999925640e-01
2.000020000000404252e-01
2.000009999999861066e-01
2.000039999999785323e-01
2.000010000000429500e-01
2.000009999999861066e-01
2.000009999999861066e-01
2.000009999999861066e-01
2.387909999999919819e-01
2.000010000000429500e-01
2.000019999999835818e-01
2.000019999999835818e-01
2.000020000000404252e-01
2.000019999999835818e-01
2.000039999999785323e-01
2.000039999999785323e-01
2.300669999999627180e-01
2.000029999999810570e-01
2.000020000000404252e-01
2.000019999999835818e-01
2.000009999999861066e-01
2.000029999999810570e-01
2.000009999999861066e-01
2.000019999999835818e-01
2.416899999999486681e-01
2.000009999999861066e-01
2.000009999999861066e-01
2.000029999999810570e-01
2.000009999999861066e-01
2.000029999999810570e-01
2.000000000000454747e-01
2.000009999999861066e-01
2.384360000000356195e-01
2.000039999999785323e-01
2.000019999999835818e-01
2.000010000000429500e-01
2.000039999999785323e-01
2.000009999999861066e-01
2.000000000000454747e-01
2.000000000000454747e-01
2.341010000000096625e-01
2.000029999999810570e-01
2.000030000000379005e-01
2.000009999999861066e-01
2.000019999999835818e-01
2.000030000000379005e-01
2.000029999999810570e-01
2.000010000000429500e-01
2.363789999999994507e-01
2.000039999999785323e-01
2.000029999999810570e-01
2.000009999999861066e-01
2.264660000000162654e-01
2.000029999999810570e-01
2.000400000000013279e-01
2.000009999999861066e-01
2.362870000000043547e-01
2.000019999999835818e-01
2.000009999999861066e-01
2.000039999999785323e-01
2.000019999999835818e-01
2.000009999999861066e-01
2.000000000000454747e-01
2.000020000000404252e-01
2.356330000000070868e-01
2.000019999999835818e-01
2.000019999999835818e-01
2.000009999999861066e-01
2.000039999999785323e-01
2.000039999999785323e-01
2.000019999999835818e-01
2.000030000000379005e-01
2.324459999999817228e-01
2.000010000000429500e-01
2.000029999999810570e-01
2.000039999999785323e-01
2.000009999999861066e-01
2.000039999999785323e-01
2.000019999999835818e-01
2.000009999999861066e-01
2.489090000000260261e-01
2.000030000000379005e-01
2.000009999999861066e-01
2.000040000000353757e-01
2.000010000000429500e-01
2.000029999999810570e-01
2.000029999999810570e-01
2.000009999999861066e-01
2.441519999999854917e-01
2.000019999999835818e-01
2.000030000000379005e-01
2.000039999999785323e-01
2.000029999999810570e-01
2.000009999999861066e-01
2.000019999999835818e-01
2.000019999999835818e-01
2.451159999999958927e-01
2.000020000000404252e-01
2.000039999999785323e-01
2.000039999999785323e-01
2.000020000000404252e-01
2.000010000000429500e-01
2.000019999999835818e-01
2.000029999999810570e-01
2.399570000000039727e-01
2.000009999999861066e-01
2.000009999999861066e-01
2.000009999999861066e-01
2.000010000000429500e-01
2.000039999999785323e-01
2.000009999999861066e-01
2.000009999999861066e-01
2.435179999999945721e-01
2.000009999999861066e-01
2.000039999999785323e-01
2.000039999999785323e-01
2.474289999999541578e-01
2.000009999999861066e-01
2.000009999999861066e-01
2.000020000000404252e-01
2.379159999999842512e-01
2.000009999999861066e-01
2.000000000000454747e-01
2.000040000000353757e-01
2.000009999999861066e-01
2.000000000000454747e-01
2.000009999999861066e-01
2.000029999999810570e-01
2.336670000000253822e-01
2.000009999999861066e-01
2.000039999999785323e-01
2.000019999999835818e-01
2.000029999999810570e-01
2.000009999999861066e-01
2.000010000000429500e-01
2.000039999999785323e-01
2.366569999999796892e-01
2.000009999999861066e-01
2.000039999999785323e-01
2.000019999999835818e-01
2.000020000000404252e-01
2.000009999999861066e-01
2.000030000000379005e-01
2.000000000000454747e-01
2.362599999999588363e-01
2.000029999999810570e-01
2.000039999999785323e-01
2.000019999999835818e-01
2.000039999999785323e-01
2.000039999999785323e-01
2.000039999999785323e-01
2.000009999999861066e-01
2.445920000000114669e-01
2.000019999999835818e-01
2.000029999999810570e-01
2.000009999999861066e-01
2.000019999999835818e-01
2.000029999999810570e-01
2.000009999999861066e-01
2.000029999999810570e-01
2.760569999999802349e-01
2.000039999999785323e-01
2.000029999999810570e-01
2.000019999999835818e-01
2.000039999999785323e-01
2.000009999999861066e-01
2.000019999999835818e-01
2.000009999999861066e-01
