# Rotation Matrix timer: 2017-12-12 17:07:40.593966
1.107999999999997875e-03
5.760000000001319620e-04
6.159999999999499209e-04
7.279999999987296633e-04
5.660000000009546284e-04
5.969999999990704964e-04
7.260000000002264642e-04
5.969999999990704964e-04
5.659999999991782715e-04
7.200000000011641532e-04
5.829999999988899617e-04
5.829999999988899617e-04
5.999999999986016519e-04
5.840000000034706318e-04
5.740000000002964953e-04
6.239999999948508957e-04
6.099999999946703610e-04
5.719999999982405825e-04
5.759999999952469807e-04
5.910000000000081855e-04
5.859999999984211172e-04
5.590000000026407179e-04
5.999999999986016519e-04
5.990000000011264092e-04
5.789999999947781362e-04
5.870000000101072146e-04
5.719999999911351551e-04
8.310000000051331881e-04
5.560000000031095624e-04
5.819999999943092917e-04
5.840000000034706318e-04
5.759999999952469807e-04
5.850000000009458745e-04
6.130000000013069439e-04
5.730000000028212526e-04
5.850000000009458745e-04
5.970000000132813511e-04
6.020000000006575647e-04
5.670000000037589416e-04
5.830000000059953891e-04
5.760000000094578354e-04
7.349999999917145033e-04
5.939999999924339136e-04
5.900000000025329427e-04
6.499999999931560524e-04
5.880000000075824573e-04
5.720000000053460099e-04
5.950000000041200110e-04
5.759999999952469807e-04
5.570000000005848051e-04
5.850000000009458745e-04
6.030000000123436621e-04
5.830000000059953891e-04
5.690000000129202817e-04
5.790000000160944182e-04
5.910000000142190402e-04
6.180000000028940121e-04
7.149999999853662302e-04
6.640000000004420144e-04
6.000000000199179340e-04
6.269999999801711965e-04
5.859999999984211172e-04
5.900000000167437975e-04
5.559999999888987077e-04
5.649999999945976015e-04
5.830000000059953891e-04
5.979999999965457391e-04
6.300000000010186341e-04
5.759999999952469807e-04
6.160000000079435267e-04
5.960000000015952537e-04
3.281000000015410478e-03
5.710000000078707671e-04
6.480000000124164217e-04
6.270000000085929059e-04
5.919999999832725734e-04
6.850000000042655302e-04
5.789999999876727088e-04
5.620000000021718733e-04
5.419999999958236003e-04
5.629999999996471161e-04
8.909999999957562977e-04
5.569999999863739504e-04
5.719999999769243004e-04
5.859999999984211172e-04
5.640000000255440682e-04
5.769999999927222234e-04
5.700000000103955244e-04
5.749999999977717380e-04
5.820000000085201464e-04
5.689999999844985723e-04
6.040000000098189048e-04
5.850000000009458745e-04
5.909999999857973307e-04
5.979999999965457391e-04
8.960000000115542207e-04
5.960000000015952537e-04
5.699999999819738150e-04
5.919999999832725734e-04
6.819999999834180926e-04
5.719999999769243004e-04
6.050000000072941475e-04
6.979999999998653948e-04
6.710000000111904228e-04
5.770000000211439328e-04
5.729999999743995431e-04
5.910000000426407496e-04
8.940000000166037353e-04
6.040000000098189048e-04
6.599999999821193342e-04
5.800000000135696610e-04
6.229999999618485163e-04
5.739999999718747858e-04
5.609999999478532118e-04
6.309999999984938768e-04
6.849999999758438207e-04
5.620000000021718733e-04
5.859999999984211172e-04
5.639999999971223588e-04
6.099999999946703610e-04
6.199999999694227881e-04
6.030000000123436621e-04
5.959999999731735443e-04
6.210000000237414497e-04
6.050000000072941475e-04
5.340000000160216587e-04
5.980000000249674486e-04
5.830000000059953891e-04
5.639999999971223588e-04
5.610000000046966306e-04
5.780000000186191755e-04
5.709999999794490577e-04
5.950000000325417204e-04
5.730000000312429620e-04
5.959999999731735443e-04
6.979999999998653948e-04
6.119999999896208465e-04
5.859999999984211172e-04
5.800000000135696610e-04
5.800000000135696610e-04
5.730000000312429620e-04
5.859999999984211172e-04
5.610000000046966306e-04
5.820000000085201464e-04
5.990000000224426913e-04
5.779999999617757567e-04
7.029999999872416083e-04
6.020000000148684194e-04
5.759999999668252713e-04
5.659999999920728442e-04
6.759999999985666364e-04
5.669999999895480869e-04
6.149999999820465746e-04
6.410000000300897227e-04
5.749999999693500286e-04
6.480000000124164217e-04
5.890000000476902642e-04
6.159999999795218173e-04
5.700000000388172339e-04
6.050000000072941475e-04
5.999999999630745151e-04
6.260000000111176632e-04
5.769999999643005140e-04
5.749999999693500286e-04
7.800000000202089723e-04
5.850000000009458745e-04
5.739999999718747858e-04
5.810000000110449037e-04
6.389999999782958184e-04
5.699999999819738150e-04
5.899999999883220880e-04
5.689999999844985723e-04
5.909999999857973307e-04
6.040000000098189048e-04
5.929999999807478162e-04
5.740000000287182047e-04
5.709999999794490577e-04
8.630000000380277925e-04
