# Image grab timer: 2017-12-12 17:44:01.947099
1.038319999999999799e-01
2.235206999999999944e+00
2.599038999999999877e+00
2.607392000000000820e+00
2.608468000000000231e+00
2.594076000000001159e+00
2.605029999999999291e+00
2.596546000000001797e+00
2.656452999999999065e+00
2.614702000000001192e+00
2.599747999999998171e+00
2.683706000000000813e+00
2.608792999999998585e+00
2.600258000000000180e+00
2.597693999999997061e+00
2.600510000000006983e+00
2.610829999999999984e+00
2.596739999999996940e+00
2.609622999999999138e+00
2.602629000000000303e+00
2.614702999999998667e+00
2.597921999999996956e+00
2.591264999999999930e+00
2.598826000000002523e+00
2.611640999999998769e+00
2.618256999999999834e+00
2.610051999999996042e+00
2.603599000000002661e+00
2.609017000000008579e+00
2.602532000000010726e+00
2.612402000000003000e+00
2.604279000000005340e+00
2.606864000000001624e+00
2.597948000000002367e+00
2.601534000000000901e+00
2.606618000000011648e+00
2.606361999999990076e+00
2.607564000000010651e+00
2.602706999999995219e+00
2.697023000000001502e+00
2.598932000000004905e+00
2.636801000000005502e+00
2.596198000000001116e+00
2.591232000000005087e+00
2.586813999999989733e+00
2.588618999999994230e+00
2.599665000000001669e+00
2.601207999999999743e+00
2.593030999999996311e+00
2.591205999999999676e+00
2.690295999999989363e+00
2.593477000000007138e+00
2.587739999999996598e+00
2.594955999999996266e+00
2.600719999999995480e+00
2.611137000000013586e+00
2.593461000000019112e+00
2.602919999999983247e+00
2.708550999999999931e+00
2.601097999999979038e+00
2.621011000000009972e+00
2.601100999999999885e+00
2.595999000000006163e+00
2.597543999999999187e+00
2.579441000000002759e+00
2.599348999999989474e+00
2.643826000000018439e+00
2.599656999999979234e+00
2.599272000000013350e+00
2.595178000000004204e+00
2.599146999999987884e+00
2.598259000000012975e+00
2.584502000000014732e+00
2.588143000000002303e+00
2.596928999999988719e+00
2.592724000000004025e+00
2.582742999999993572e+00
2.628904000000005681e+00
2.604352000000005773e+00
2.641959000000014157e+00
2.594009999999997262e+00
2.603870999999998048e+00
2.610098999999991065e+00
2.594967999999994390e+00
2.593940000000003465e+00
2.606361999999990076e+00
2.589857000000023390e+00
2.596370999999976448e+00
2.582629999999994652e+00
2.577601999999984628e+00
2.603760999999991554e+00
2.610052999999993517e+00
2.601890999999994847e+00
2.698298999999991565e+00
2.601209000000011429e+00
2.603423000000020693e+00
2.638837999999992689e+00
2.583138999999988528e+00
2.591870999999997593e+00
2.601165000000008831e+00
2.611746999999979835e+00
2.644144999999980428e+00
2.603131000000018958e+00
2.600487000000043736e+00
2.597492999999985841e+00
2.598973000000000866e+00
2.608408999999994649e+00
2.596844000000032793e+00
2.589598000000023603e+00
2.595291000000031545e+00
2.586903000000006614e+00
2.601575999999965916e+00
2.592022000000042681e+00
2.601357000000007247e+00
2.599481999999966320e+00
2.603921000000013919e+00
2.584080999999969208e+00
2.628996000000029198e+00
2.599600000000009459e+00
2.601303999999970529e+00
2.608637999999984913e+00
2.600841000000002623e+00
2.595612000000016906e+00
2.700601000000006024e+00
2.601908999999977823e+00
2.701792000000011740e+00
2.595123999999998432e+00
2.588477000000011685e+00
2.598417000000040389e+00
2.596840999999983524e+00
2.603278999999986354e+00
2.605705999999997857e+00
2.609431999999969776e+00
2.605308999999977004e+00
2.588584000000025753e+00
2.574165999999991072e+00
2.590711999999996351e+00
2.599309000000005199e+00
2.607223999999973785e+00
2.653188999999997577e+00
2.590873000000044613e+00
2.605278999999995904e+00
2.609471000000041840e+00
2.612306000000046424e+00
2.621717999999987114e+00
2.651448000000016236e+00
2.602025000000026012e+00
2.707015000000012606e+00
2.602429999999969823e+00
2.593983999999977641e+00
2.595951000000013664e+00
2.594325000000026193e+00
2.589165999999977430e+00
2.592410000000029413e+00
2.597645999999997457e+00
2.605068000000017037e+00
2.600594999999998436e+00
2.587565999999981159e+00
2.603167000000041753e+00
2.603314000000011674e+00
2.600872999999978674e+00
2.619192999999995664e+00
2.601121999999975287e+00
2.611337999999989279e+00
2.589306000000021868e+00
2.591891999999972995e+00
2.598190999999985706e+00
2.589068999999994958e+00
2.593460999999990690e+00
2.595508999999992739e+00
2.596552999999971689e+00
2.591751999999985401e+00
2.584832000000005792e+00
2.590057000000001608e+00
2.592929000000026463e+00
2.588636000000008153e+00
2.589033999999969637e+00
2.607927999999958502e+00
2.590863000000013017e+00
2.597890000000006694e+00
2.597095999999964988e+00
2.593975999999997839e+00
2.593160000000011678e+00
2.599900999999988471e+00
2.593901999999957297e+00
2.591357000000016342e+00
2.602706000000011954e+00
2.596926999999993768e+00
2.612322000000006028e+00
2.602507000000002790e+00
2.600374999999985448e+00
2.610635999999999513e+00
2.598199000000022352e+00
2.602337000000034095e+00
2.591277999999988424e+00
2.613561999999944874e+00
2.606651999999996860e+00
2.596255000000041946e+00
2.604461000000014792e+00
2.598994999999945321e+00
2.596220000000016626e+00
2.589247999999997774e+00
2.600828999999976077e+00
2.605893000000037318e+00
2.604820000000017899e+00
2.588812999999959175e+00
2.593410999999946398e+00
2.607062000000041735e+00
2.598342999999999847e+00
2.597901000000092608e+00
2.598102000000039880e+00
2.603226000000063323e+00
2.597358999999983098e+00
2.612359000000083142e+00
2.603181999999947038e+00
2.613291000000003805e+00
2.612099999999941247e+00
2.601731999999969958e+00
2.605917999999974199e+00
2.604137000000037006e+00
2.604499999999916326e+00
2.590711999999939508e+00
2.589826000000016393e+00
2.605565000000069631e+00
2.596096999999986110e+00
2.593131999999968684e+00
2.598732000000040898e+00
2.604070999999976266e+00
2.591445000000021537e+00
2.602823999999941407e+00
2.614196000000106324e+00
2.601222000000007029e+00
2.607149000000049455e+00
2.608969999999999345e+00
2.604994000000033338e+00
2.605599000000097476e+00
2.604483999999956723e+00
2.597364999999967949e+00
2.590362000000027365e+00
2.593223999999963780e+00
2.585082000000056723e+00
2.606687999999962813e+00
2.599778000000014799e+00
2.595424999999977445e+00
2.594579000000067026e+00
2.605398000000036518e+00
2.598412000000053013e+00
2.596859999999992397e+00
2.596733999999969456e+00
2.598001999999951295e+00
2.600373999999987973e+00
2.609662999999954991e+00
2.597328000000061365e+00
2.609235999999896194e+00
2.609822000000008302e+00
2.609219000000052802e+00
2.612064000000032138e+00
2.594925000000102955e+00
2.601264000000014676e+00
2.603024000000004889e+00
2.601966999999945074e+00
2.591538000000014108e+00
2.603464000000030865e+00
2.606776999999965483e+00
2.613765999999941414e+00
2.602519999999913125e+00
2.604559999999992215e+00
2.605817000000001826e+00
2.598952999999937674e+00
2.598066000000017084e+00
2.601797000000033222e+00
2.600951000000009117e+00
2.592107999999939238e+00
2.590677999999911663e+00
2.591895000000022264e+00
2.605854000000022097e+00
2.595626000000038403e+00
2.595713000000046122e+00
2.598126999999976761e+00
2.606535000000008040e+00
2.593161000000009153e+00
2.607117000000016560e+00
2.591538000000014108e+00
2.584948000000053980e+00
2.597772000000077242e+00
2.638723000000027241e+00
2.592211000000020249e+00
2.583249000000023443e+00
2.599860000000035143e+00
2.595364000000017768e+00
