# Marker Detection timer: 2017-12-12 17:44:01.940800
1.390909999999999647e-01
6.811400000000000787e-02
7.064499999999984681e-02
7.202099999999944657e-02
6.847699999999967702e-02
6.364400000000003388e-02
6.270699999999962415e-02
7.327300000000036562e-02
7.063100000000233081e-02
5.979200000000162163e-02
6.300600000000144973e-02
7.797000000000053888e-02
6.927200000000155455e-02
6.281500000000050932e-02
6.564399999999892543e-02
7.823400000000191312e-02
6.538300000000418777e-02
7.354499999999575266e-02
6.573499999999654619e-02
7.076999999999600277e-02
6.813400000000058299e-02
5.745300000000241880e-02
6.654799999999738702e-02
7.258699999999862484e-02
7.616699999999809734e-02
7.243300000000374439e-02
7.831699999999841566e-02
6.393599999999821648e-02
7.607899999999290230e-02
7.909300000000030195e-02
6.926400000000398904e-02
6.923399999999446663e-02
6.637100000000373257e-02
6.992400000000031923e-02
6.312599999999690681e-02
7.142400000000748150e-02
7.195699999999760621e-02
7.083900000000653563e-02
6.055200000000127147e-02
6.984800000000745968e-02
6.725699999999790180e-02
6.480899999999678585e-02
6.048900000000401178e-02
6.513300000000299406e-02
5.800000000000693490e-02
6.462399999999490774e-02
6.723599999999407828e-02
5.924699999999916145e-02
6.027999999999167358e-02
7.011399999998957355e-02
6.267900000000281580e-02
6.706600000001117223e-02
6.281199999997966188e-02
6.550900000002002344e-02
7.337799999999106149e-02
6.286699999998290878e-02
6.603400000000192449e-02
6.171500000002083652e-02
6.893699999997693340e-02
6.596899999999550346e-02
6.558200000000624641e-02
6.513999999998532076e-02
6.590600000001245462e-02
6.059600000000386899e-02
6.336200000001213084e-02
6.508299999998712337e-02
6.033799999997313535e-02
6.713400000001001899e-02
6.897000000000730324e-02
6.068400000000906402e-02
6.773300000000403998e-02
6.539399999999773172e-02
6.487100000001078115e-02
6.695599999997625673e-02
6.558900000001699482e-02
6.542199999998388193e-02
6.440999999998098247e-02
7.004499999999325155e-02
6.915000000000759428e-02
6.070900000000278851e-02
6.671000000000049113e-02
7.151899999999500324e-02
6.277099999999791180e-02
6.439599999998790736e-02
6.847600000000397813e-02
6.194700000000352702e-02
6.660800000000222099e-02
6.591199999999730608e-02
6.152900000000727232e-02
6.654600000001664739e-02
6.381199999998443673e-02
6.796400000001767694e-02
6.595100000001252738e-02
6.722099999998931708e-02
6.957299999999122520e-02
6.090299999999615466e-02
6.449799999998617750e-02
6.552900000002637171e-02
6.906299999999987449e-02
7.474299999995537291e-02
6.477000000000998625e-02
7.073199999996404586e-02
6.516900000002578963e-02
6.254799999999249849e-02
6.112199999995482358e-02
6.858899999997447594e-02
6.604699999996910265e-02
6.578199999995604230e-02
6.660399999998389831e-02
5.904300000003104287e-02
7.033799999999246211e-02
6.612400000000207001e-02
7.013399999999592183e-02
6.870800000001509034e-02
6.742800000000670479e-02
6.441699999999173087e-02
6.443100000001322769e-02
6.240400000001500302e-02
6.234600000004775211e-02
7.030000000003155947e-02
7.077200000003358582e-02
6.328200000001515946e-02
7.413399999995817780e-02
6.908399999997527630e-02
7.894499999997606210e-02
6.785999999999603460e-02
6.307899999995925100e-02
6.072100000000091313e-02
6.177000000002408342e-02
6.482900000003155583e-02
7.049399999999650390e-02
6.821700000000419095e-02
6.691999999998188287e-02
6.363400000003593959e-02
5.851499999999987267e-02
6.496799999996483166e-02
6.284600000003592868e-02
6.335300000000643195e-02
7.463699999999562351e-02
6.648999999998750354e-02
6.961100000000897126e-02
7.452799999998660496e-02
7.710000000002992238e-02
7.114000000001396984e-02
1.172699999999622378e-01
6.266099999999141801e-02
6.562100000002146771e-02
7.483600000000478758e-02
6.542500000000472937e-02
5.940899999995963299e-02
6.842499999999063220e-02
6.029799999998886051e-02
6.100399999996852785e-02
6.252799999998615021e-02
6.998700000002600063e-02
6.405200000000377258e-02
6.061999999997169652e-02
6.363699999997152190e-02
6.431000000003450623e-02
6.413499999996474799e-02
7.528600000000551518e-02
6.457000000000334694e-02
7.132500000000163709e-02
5.998800000003257082e-02
6.053400000001829540e-02
6.058699999999817010e-02
6.337200000001530498e-02
6.754499999999552529e-02
6.306999999998197382e-02
6.842599999998810745e-02
5.958800000001929220e-02
6.644599999998490603e-02
6.671599999998534258e-02
6.472399999995559483e-02
6.533300000000963337e-02
5.827199999998811109e-02
7.690900000000056025e-02
6.522699999999304055e-02
6.706400000001622175e-02
6.510600000001431908e-02
6.473899999997456689e-02
6.042099999996253246e-02
6.927100000001473745e-02
6.497500000000400178e-02
6.604399999997667692e-02
6.071600000001353692e-02
6.644600000004174944e-02
7.339099999995823964e-02
6.569600000000264117e-02
6.835399999999935972e-02
7.195200000001023000e-02
6.588600000003452806e-02
6.791599999996833503e-02
6.348300000001927401e-02
7.344399999999495776e-02
6.684200000000828368e-02
6.607999999999947249e-02
6.909499999994750397e-02
6.260100000008606003e-02
6.520699999998669227e-02
6.561600000009093492e-02
6.457499999999072315e-02
6.925999999998566636e-02
7.020499999998719431e-02
6.224899999995159305e-02
6.097199999999247666e-02
7.037800000000515865e-02
6.354499999997642590e-02
6.392000000005282345e-02
6.054600000004484173e-02
6.716399999993427627e-02
6.515799999999671854e-02
7.592899999997371197e-02
6.830999999999676220e-02
7.148900000004232425e-02
7.255099999997582927e-02
6.176300000004175672e-02
6.835499999999683496e-02
6.397900000001754961e-02
6.401900000003024616e-02
5.948899999998502608e-02
6.020799999998871499e-02
7.037299999990409560e-02
6.549599999993915844e-02
6.380100000001220906e-02
6.578899999999521242e-02
6.704100000001744775e-02
5.989899999997305713e-02
7.364499999994222890e-02
7.243100000005142647e-02
6.595700000002580055e-02
6.255300000009356154e-02
7.066499999996267434e-02
7.070200000009663199e-02
6.923299999994014797e-02
7.061099999998532439e-02
6.394399999999222928e-02
6.896799999992708763e-02
6.398999999998977728e-02
6.572100000005320908e-02
6.604900000002089655e-02
6.076500000006035407e-02
6.338699999992059020e-02
6.243599999993421079e-02
7.413299999996070255e-02
6.141300000001592707e-02
6.770699999992757512e-02
6.823300000007748167e-02
6.706900000006044138e-02
6.699100000002999877e-02
6.731300000001283479e-02
6.091300000002775050e-02
7.472799999993640085e-02
6.825000000003456080e-02
7.502599999997983105e-02
7.262599999990015931e-02
6.132500000001073204e-02
6.829599999991842196e-02
7.245699999998578278e-02
6.955700000003162131e-02
6.487200000003667810e-02
6.911000000002331944e-02
7.007499999997435225e-02
7.531499999993229721e-02
7.064900000000307045e-02
6.878100000005815673e-02
7.241499999997813575e-02
6.378300000005765469e-02
6.110000000001036824e-02
7.119199999999636930e-02
6.757800000002589513e-02
7.032600000002275920e-02
6.696099999999205465e-02
6.534999999996671249e-02
7.007299999997940176e-02
6.799699999999120337e-02
6.591200000002572779e-02
6.657600000005459151e-02
6.802500000003419700e-02
6.401000000005296897e-02
6.648199999995085818e-02
6.740000000002055458e-02
6.543299999998453131e-02
6.581099999993966776e-02
6.552799999997205305e-02
6.074200000000473665e-02
6.269199999996999395e-02
6.963100000007216295e-02
6.172000000003663445e-02
6.573800000001028820e-02
