# Homography application timer: 2017-12-12 17:44:01.965653
8.693299999999992700e-02
7.581100000000007277e-02
7.103599999999987702e-02
7.063300000000016787e-02
7.040399999999991110e-02
7.289400000000001434e-02
7.502100000000000435e-02
7.051700000000016288e-02
7.058600000000003760e-02
7.245100000000004314e-02
7.487900000000013989e-02
7.460399999999989262e-02
7.463499999999978485e-02
7.146100000000021879e-02
7.477800000000023317e-02
7.461599999999979360e-02
7.117299999999993076e-02
7.587499999999991473e-02
7.530400000000003757e-02
7.550899999999938217e-02
7.514200000000048618e-02
1.085620000000000474e-01
7.321000000000044139e-02
7.579799999999980997e-02
7.097199999999936892e-02
7.548699999999897159e-02
7.567599999999963245e-02
7.577399999999911984e-02
7.233900000000126340e-02
7.580899999999957117e-02
7.541300000000106252e-02
7.448299999999896670e-02
7.089499999999837598e-02
7.184200000000018349e-02
7.156500000000143302e-02
7.250800000000090506e-02
7.161099999999898102e-02
7.247200000000120212e-02
7.250099999999903844e-02
7.267000000000045645e-02
7.405200000000000671e-02
7.197799999999965337e-02
7.302699999999973102e-02
7.425600000000009970e-02
7.268199999999858107e-02
7.196200000000096964e-02
7.259200000000021191e-02
7.497799999999976706e-02
7.064199999999942747e-02
7.213499999999939405e-02
7.324099999999944544e-02
7.268300000000138539e-02
7.112400000000107525e-02
7.508100000000084151e-02
7.492300000000184923e-02
7.517999999999958050e-02
7.161800000000084765e-02
1.462149999999979855e-01
7.260300000000086129e-02
7.192399999999921079e-02
7.578600000000079717e-02
7.545700000000010732e-02
7.547900000000140608e-02
7.597700000000173759e-02
7.538200000000117029e-02
7.321200000000160912e-02
7.573499999999810939e-02
7.568299999999794636e-02
7.568099999999944316e-02
7.407800000000008822e-02
7.451700000000016644e-02
7.537400000000005207e-02
7.448899999999980537e-02
7.338700000000031309e-02
7.483999999999824126e-02
7.300100000000142586e-02
7.508400000000037267e-02
7.489300000000298496e-02
7.480800000000087380e-02
7.511900000000082400e-02
7.129600000000024806e-02
7.436900000000079558e-02
7.266399999999961778e-02
7.422900000000254295e-02
7.492900000000091154e-02
7.496100000000183172e-02
7.240900000000038972e-02
7.525899999999907664e-02
7.155500000000003524e-02
7.496300000000033492e-02
7.536599999999893384e-02
7.235100000000116438e-02
7.487599999999972056e-02
7.371700000000203090e-02
7.209399999999988040e-02
7.155200000000050409e-02
7.048199999999837928e-02
7.276399999999583201e-02
7.197299999999984266e-02
7.270099999999501961e-02
7.180100000000066984e-02
7.271500000000230557e-02
7.179800000000113869e-02
7.315200000000032787e-02
7.254499999999808324e-02
7.264500000000140290e-02
7.194099999999536976e-02
7.237599999999844158e-02
7.291299999999978354e-02
7.525100000000151113e-02
7.284299999999888087e-02
7.260099999999880538e-02
7.385299999999972442e-02
7.166899999999998272e-02
7.253299999999995862e-02
7.158400000000142427e-02
7.154299999999835791e-02
7.243900000000280670e-02
7.126600000000138380e-02
7.190899999999800229e-02
7.072399999999845477e-02
7.212499999999977263e-02
7.543600000000338923e-02
7.317400000000162663e-02
7.198299999999591137e-02
7.277899999999704050e-02
7.286399999999559896e-02
7.311700000000342925e-02
6.965200000000493219e-02
7.260800000000244836e-02
7.274300000000266664e-02
7.227999999999923375e-02
7.165899999999680858e-02
7.276500000000396540e-02
7.256900000000143791e-02
7.267600000000129512e-02
7.264299999999934698e-02
7.321600000000216824e-02
7.405100000000430782e-02
7.395400000000051932e-02
7.290600000000324599e-02
7.202000000000197133e-02
7.511999999999829924e-02
7.500299999999526790e-02
7.001000000000345835e-02
7.373499999999921783e-02
7.587099999999935562e-02
7.231399999999865713e-02
7.343699999999842021e-02
7.551899999999989177e-02
7.547399999999981901e-02
7.571099999999830743e-02
7.487300000000374212e-02
7.584899999999805686e-02
7.165100000000279579e-02
7.272700000000043019e-02
7.397600000000181808e-02
7.222300000000103637e-02
7.553000000000054115e-02
7.394299999999986994e-02
7.337499999999863576e-02
7.179099999999749571e-02
7.275900000000490309e-02
7.280000000000086402e-02
7.270599999999660668e-02
7.270800000000576802e-02
7.162699999999944112e-02
7.248500000000035470e-02
7.475200000000370437e-02
7.267600000000129512e-02
7.285099999999999909e-02
7.242699999999757665e-02
7.214900000000312730e-02
7.149700000000080991e-02
7.283800000000439923e-02
7.267199999999718329e-02
6.960899999999980992e-02
7.247900000000129239e-02
7.308499999999895635e-02
7.218900000000161299e-02
7.201799999999991542e-02
7.276099999999985357e-02
7.208299999999923102e-02
7.242899999999963256e-02
7.343800000000300088e-02
7.588100000000252976e-02
7.340399999999647207e-02
7.556599999999491502e-02
7.221999999999439979e-02
7.430700000000456384e-02
7.202399999999897773e-02
7.212200000000024147e-02
7.277899999999704050e-02
7.563299999999628653e-02
7.268299999999783267e-02
7.375100000000145428e-02
7.500499999999021838e-02
7.528999999999541615e-02
7.493900000000053296e-02
7.527399999999317970e-02
7.329299999999250304e-02
7.305700000000570071e-02
7.377900000000181535e-02
7.243900000000280670e-02
7.247399999999970532e-02
7.097699999999917964e-02
7.110400000000538512e-02
7.241999999999393367e-02
7.072099999999181819e-02
7.394700000000398177e-02
7.243099999999458305e-02
7.283600000000944874e-02
7.383699999999748798e-02
7.417300000000182081e-02
7.413099999999417378e-02
7.180499999999767624e-02
7.611699999999643751e-02
7.569700000000523232e-02
7.567799999999635929e-02
7.570400000000176988e-02
7.350999999999885404e-02
7.416100000000369619e-02
7.454999999998790372e-02
7.221099999999580632e-02
7.080999999999448846e-02
7.544599999999945794e-02
7.244000000000028194e-02
7.244700000001103035e-02
7.074099999999816646e-02
7.271599999999978081e-02
7.247199999999054398e-02
7.438899999999648571e-02
7.210899999999753618e-02
7.509799999999700049e-02
7.504099999999880310e-02
7.501700000000255386e-02
7.512000000001251010e-02
7.519299999999873307e-02
7.482799999999656393e-02
7.455299999999454030e-02
7.341399999999964621e-02
7.298600000000021737e-02
7.520700000000601904e-02
7.509600000000205000e-02
7.459799999999461306e-02
7.494400000000212003e-02
7.278700000000526416e-02
7.390300000000138425e-02
7.454199999999389092e-02
7.281599999998888961e-02
7.305399999999906413e-02
7.272100000000136788e-02
7.490300000000615910e-02
7.294899999999415741e-02
7.394200000000239470e-02
7.515600000000688397e-02
7.426999999999850388e-02
7.500399999999274314e-02
7.355800000000556338e-02
7.223000000000467935e-02
7.123900000000560340e-02
7.153499999999723968e-02
7.136400000000264754e-02
7.054300000000068849e-02
7.457299999998667772e-02
7.493599999999389638e-02
7.397999999999171905e-02
7.474200000000053024e-02
7.195099999999854390e-02
7.220499999999674401e-02
7.227600000000222735e-02
7.134800000000041109e-02
7.370699999999885677e-02
7.269900000000006912e-02
7.191299999999500869e-02
7.425899999999785450e-02
7.330999999999221473e-02
7.392099999999857118e-02
7.449900000000297950e-02
7.407399999999597640e-02
7.151700000000005275e-02
7.095999999999946795e-02
7.129700000000127602e-02
7.269800000000259388e-02
7.288599999999689771e-02
7.317700000000115779e-02
7.332599999999445117e-02
7.243700000000785622e-02
7.114699999999629654e-02
7.258300000000872387e-02
7.474399999999548072e-02
7.297199999999293141e-02
7.297400000000209275e-02
7.475800000000276668e-02
7.321500000000469299e-02
7.341499999999712145e-02
7.079500000000393811e-02
7.219899999999768170e-02
7.211399999999912325e-02
7.281899999999552620e-02
7.138000000000488399e-02
7.217300000000648197e-02
7.216800000000489490e-02
7.209799999999688680e-02
6.978100000000608816e-02
7.260799999998823751e-02
7.158900000000301134e-02
7.361500000000376076e-02
7.377400000000022828e-02
7.396899999999106967e-02
7.167300000000409455e-02
7.402899999999590364e-02
7.066799999999773263e-02
7.386900000000196087e-02
7.379399999999236570e-02
7.196999999999320607e-02
7.462400000000002365e-02
7.477599999999995362e-02
7.441300000000694581e-02
7.238000000000965883e-02
7.431499999999857664e-02
7.147299999999745523e-02
7.223199999999962984e-02
7.189999999999940883e-02
7.203199999999299052e-02
7.204999999999017746e-02
7.209999999999183729e-02
1.428149999999988040e-01
6.977100000000291402e-02
7.265399999999999636e-02
7.439899999999965985e-02
7.309999999999661213e-02
7.488100000000486034e-02
7.204899999999270221e-02
7.225300000000345335e-02
7.235300000000677301e-02
7.273399999999696774e-02
7.245799999999746888e-02
7.225699999999335432e-02
7.295999999999480679e-02
7.298799999999516785e-02
7.297299999999040665e-02
7.125599999999110423e-02
7.128099999999903957e-02
6.972500000000536602e-02
7.198700000000712862e-02
7.260399999999833653e-02
7.194499999999948159e-02
7.091199999999275860e-02
7.226899999999147894e-02
7.275200000000836553e-02
7.228899999999782722e-02
6.970200000000659202e-02
7.249400000000605360e-02
7.409600000001148601e-02
7.274099999999350530e-02
7.180400000000020100e-02
7.508299999999223928e-02
7.367300000001364424e-02
7.311500000000137334e-02
7.354600000000743876e-02
7.313299999999856027e-02
7.401500000000282853e-02
7.165200000000027103e-02
7.182500000000402451e-02
7.331700000000296313e-02
7.493200000000399541e-02
7.455500000000370164e-02
7.421399999999778174e-02
7.498800000000471755e-02
7.461600000000601085e-02
7.300399999999740430e-02
7.219899999999768170e-02
7.214000000000453383e-02
7.325399999999149259e-02
7.499099999999714328e-02
6.970100000000911677e-02
7.463900000000478485e-02
7.458700000000817454e-02
7.370000000000231921e-02
7.240400000000590808e-02
7.479600000000630189e-02
7.198099999999385545e-02
7.453200000000492764e-02
7.226400000000410273e-02
7.273700000000360433e-02
7.450999999998941803e-02
7.452800000000081582e-02
7.278599999999357806e-02
7.484399999999880038e-02
7.474799999999959255e-02
7.518100000000060845e-02
1.313600000000008095e-01
7.275300000000584077e-02
7.411999999999352440e-02
7.392999999999005922e-02
7.483100000001741137e-02
7.235700000001088483e-02
7.404999999999972715e-02
7.185300000000438558e-02
7.281500000001983608e-02
7.233199999998873864e-02
7.150699999999687861e-02
7.280499999998824023e-02
7.149200000000632826e-02
7.214700000000107138e-02
7.350299999998810563e-02
7.272199999999884312e-02
7.505299999999692773e-02
7.249999999999090505e-02
7.131300000000351247e-02
7.287199999998961175e-02
7.260699999997655141e-02
7.266699999999559623e-02
7.273699999998939347e-02
7.259900000002517118e-02
7.218899999998029671e-02
7.212999999998714884e-02
7.181300000002011075e-02
7.153800000000387627e-02
7.249299999998015664e-02
7.265300000000252112e-02
7.250399999998080602e-02
7.257900000001882290e-02
7.041599999999448301e-02
7.159200000000964792e-02
7.496199999999930697e-02
7.337899999998853673e-02
7.498400000000060572e-02
7.335599999998976273e-02
7.577699999998799285e-02
7.564500000000862201e-02
7.345599999999308238e-02
7.498799999999050669e-02
7.299199999999927968e-02
7.514000000000464752e-02
7.297799999997778286e-02
7.514599999998949897e-02
7.546899999999823194e-02
7.528400000001056469e-02
7.331800000000043838e-02
7.366700000000037107e-02
7.377099999999359170e-02
7.314999999999827196e-02
7.304300000001262561e-02
7.297600000001125409e-02
7.324599999998326894e-02
7.288499999998521162e-02
7.404600000000982618e-02
7.299100000000180444e-02
7.300599999999235479e-02
7.296100000002070374e-02
7.082099999999513784e-02
7.476500000001351509e-02
7.247599999999465581e-02
7.203699999999457759e-02
7.170599999997762097e-02
7.265499999999747160e-02
7.229000000000951331e-02
7.428500000000326509e-02
7.494199999999295869e-02
7.477899999997816849e-02
7.211600000002249544e-02
7.480799999999021566e-02
7.134100000001808439e-02
7.311799999999379907e-02
7.280399999999076499e-02
7.292200000000548243e-02
7.381699999999113970e-02
7.175200000000359069e-02
7.345399999999813190e-02
7.326700000001551416e-02
7.323199999999019383e-02
7.340400000001068292e-02
7.298199999999610554e-02
7.335000000000491127e-02
7.328099999998016756e-02
7.296900000000050568e-02
7.314300000001594526e-02
1.117480000000057316e-01
7.353200000000015280e-02
7.282599999999206375e-02
7.332700000000613727e-02
7.347599999999943066e-02
7.409699999999475040e-02
7.382599999999683860e-02
7.395399999998630847e-02
7.576000000000249202e-02
7.094200000000228101e-02
7.408399999999915053e-02
7.357499999997685336e-02
7.340199999998731073e-02
7.464400000000637192e-02
7.177599999999983993e-02
7.237799999998628664e-02
7.215899999999919601e-02
7.436200000000781074e-02
7.258099999998535168e-02
7.292900000001623084e-02
7.442699999998581006e-02
7.504299999999375359e-02
7.219799999998599560e-02
7.217699999998217208e-02
7.076700000001778790e-02
7.011800000000789623e-02
7.255899999998405292e-02
7.318100000000526961e-02
7.161400000001094668e-02
7.193300000000135697e-02
7.351299999999127976e-02
7.056900000000609907e-02
7.223499999997784471e-02
7.395900000000210639e-02
7.095100000000797991e-02
7.253099999999790271e-02
7.466300000001524495e-02
7.194599999999695683e-02
7.434299999999893771e-02
7.479399999999714055e-02
7.177399999997646773e-02
7.414700000001062108e-02
7.162700000000654654e-02
7.130000000000791260e-02
7.231200000001081207e-02
7.207900000000222462e-02
7.266200000000822001e-02
7.266000000001326953e-02
7.272100000000136788e-02
7.526699999999664215e-02
7.198900000000207910e-02
7.478900000000976434e-02
7.498499999999808097e-02
7.320299999997814666e-02
7.306099999999560168e-02
7.480499999999778993e-02
7.486199999999598731e-02
7.392900000002100569e-02
7.260999999999739885e-02
7.345599999999308238e-02
7.288700000000858381e-02
7.304500000000757609e-02
7.320300000000656837e-02
7.314900000000079672e-02
7.302200000000880209e-02
7.044300000001157969e-02
7.330899999999473948e-02
7.299000000000432919e-02
7.160999999999262400e-02
7.335599999998976273e-02
7.195600000000013097e-02
7.119499999998879503e-02
7.156899999998245221e-02
7.064700000000811997e-02
7.420300000001134322e-02
7.401199999998198109e-02
7.237499999999386091e-02
7.306800000000635009e-02
7.282699999998953899e-02
7.150799999999435386e-02
7.125199999998699241e-02
7.338999999998918611e-02
7.280800000000908767e-02
7.270700000000829277e-02
7.270399999998744534e-02
7.125200000001541412e-02
7.094000000000733053e-02
7.251700000000482760e-02
7.272399999999379361e-02
6.984700000000998443e-02
7.138900000001058288e-02
7.286199999998643762e-02
7.248699999999530519e-02
7.269600000000764339e-02
7.247499999999718057e-02
7.270800000000576802e-02
7.293400000000360706e-02
7.062600000000429645e-02
7.160500000000524778e-02
7.273900000001276567e-02
7.228400000002466186e-02
7.278200000001788794e-02
7.257400000000302498e-02
7.203100000000972614e-02
7.157200000000329965e-02
7.438400000000910950e-02
7.233500000000958607e-02
7.276600000000144064e-02
7.149499999999875399e-02
7.277400000000966429e-02
7.277400000000966429e-02
7.264900000001262015e-02
7.282800000001543594e-02
6.984400000001755870e-02
7.161000000002104571e-02
7.276600000000144064e-02
7.249699999999847932e-02
7.290599999998903513e-02
7.104200000000560067e-02
7.587499999999636202e-02
7.478500000001986336e-02
6.977000000000543878e-02
7.253299999999285319e-02
7.279700000000843829e-02
7.268599999997604755e-02
7.263000000000374712e-02
7.228499999999371539e-02
7.246799999998643216e-02
7.286899999999718602e-02
7.059499999999729880e-02
1.416590000000041982e-01
7.251500000000987711e-02
7.261600000001067201e-02
7.322800000000029286e-02
7.263499999999112333e-02
7.141799999999420834e-02
7.153100000002154957e-02
7.253000000000042746e-02
7.500000000001705303e-02
7.168999999998959538e-02
7.544899999999188367e-02
7.532300000002578599e-02
7.190500000001520675e-02
7.278200000001788794e-02
7.370700000001306762e-02
7.354599999999322790e-02
7.219099999997524719e-02
7.346400000000130603e-02
7.223600000000374166e-02
7.139699999999038482e-02
7.449299999998970634e-02
7.356400000000462569e-02
1.458440000000109649e-01
7.252600000001052649e-02
7.163600000001224544e-02
7.165000000000532054e-02
7.415299999999547254e-02
7.431299999998941530e-02
7.366700000000037107e-02
7.470300000002794150e-02
7.410500000000297405e-02
7.402199999998515523e-02
7.409999999998717612e-02
7.394899999999893225e-02
7.561200000000667387e-02
7.383799999999496322e-02
7.248899999999025567e-02
7.563300000001049739e-02
7.383600000000001273e-02
7.228299999999876491e-02
7.258200000001124863e-02
7.570500000002766683e-02
7.220699999999169449e-02
7.521900000000414366e-02
8.176500000001851731e-02
7.566299999999159809e-02
7.569999999998344720e-02
7.050399999999967804e-02
7.282700000001796070e-02
7.250099999998838030e-02
7.253900000000612636e-02
7.225600000001008993e-02
7.240500000000338332e-02
7.183200000000056207e-02
7.269600000000764339e-02
7.091700000000855653e-02
7.242200000001730587e-02
7.258200000001124863e-02
7.244900000000598084e-02
7.301300000000310320e-02
7.236999999997806299e-02
7.186300000000755972e-02
7.117700000000581895e-02
7.499699999999620559e-02
7.245299999999588181e-02
7.252300000001810076e-02
7.376800000000116597e-02
7.348200000001270382e-02
7.462000000001012268e-02
7.447399999998083331e-02
7.107599999997660234e-02
7.270400000001586704e-02
7.181700000001001172e-02
7.174900000001116496e-02
7.300499999999487954e-02
7.321899999999459396e-02
7.316299999999387182e-02
7.135600000000863474e-02
7.292400000000043292e-02
7.442199999999843385e-02
7.229800000001773697e-02
7.203799999999205284e-02
7.419699999999807005e-02
7.498400000000060572e-02
7.235099999999761167e-02
7.051400000000285218e-02
7.188700000000380896e-02
6.997099999998113162e-02
7.200199999999767897e-02
7.090600000000790715e-02
7.213100000001304579e-02
7.247999999998455678e-02
7.178899999999543979e-02
7.232999999999378815e-02
7.246299999999905594e-02
7.000499999998055500e-02
7.239799999999263491e-02
7.224899999999934153e-02
7.235299999999256215e-02
7.222099999998476960e-02
7.271599999998556996e-02
7.249500000000352884e-02
7.276200000001153967e-02
7.291200000000230830e-02
7.650800000001822809e-02
7.593100000002550587e-02
7.381500000002461093e-02
7.362900000001104672e-02
7.542000000000825821e-02
7.566500000001497028e-02
7.191199999999753345e-02
7.442399999999338434e-02
7.513299999999389911e-02
7.535599999999931242e-02
7.567000000000234650e-02
7.534000000001128683e-02
7.484900000000038744e-02
7.550200000000018008e-02
7.533100000000558794e-02
7.294600000000173168e-02
7.402500000000600267e-02
7.502700000000572800e-02
7.509699999999952524e-02
7.157599999999320062e-02
7.508500000000140062e-02
7.328000000001111403e-02
7.238199999997618761e-02
6.991600000000630644e-02
7.231699999999818829e-02
7.246700000001737862e-02
7.254000000000360160e-02
7.268700000000194450e-02
7.271400000001904118e-02
7.286500000000728505e-02
7.583800000000451291e-02
7.056299999999282591e-02
7.328300000000353975e-02
7.274400000000014188e-02
7.213900000002126944e-02
7.450099999999792999e-02
7.547600000000898035e-02
7.506199999997420491e-02
7.492299999998408566e-02
7.202399999999897773e-02
7.185599999999681131e-02
7.508300000000645014e-02
7.256900000001564877e-02
7.419299999997974737e-02
7.493800000000305772e-02
7.516100000000847103e-02
7.236700000001405897e-02
7.413099999999417378e-02
1.475829999999973552e-01
7.341100000002143133e-02
7.520999999999844476e-02
7.539900000000443470e-02
7.183100000000308683e-02
7.488499999999476131e-02
7.494900000000370710e-02
7.010599999998134990e-02
7.232300000001146145e-02
7.133999999999218744e-02
7.233499999998116436e-02
7.244300000002112938e-02
7.221100000001001717e-02
7.210299999999847387e-02
7.140100000000870750e-02
6.992500000001200533e-02
7.242700000000468208e-02
7.221200000000749242e-02
7.238300000000208456e-02
7.237800000001470835e-02
7.369499999998652129e-02
7.356999999998947715e-02
7.150100000001202716e-02
7.065699999998287240e-02
7.421500000003788955e-02
7.362599999999019929e-02
7.387799999997923805e-02
7.436599999999771171e-02
7.414300000004914182e-02
7.114599999999882129e-02
7.252299999998967905e-02
7.098199999995813414e-02
7.530700000000933869e-02
7.519300000001294393e-02
7.505199999997103077e-02
7.395800000000463115e-02
7.315399999998817293e-02
7.477000000000089130e-02
7.480100000003631067e-02
7.452299999999922875e-02
7.108599999997977648e-02
7.209299999999529973e-02
7.240799999999580905e-02
7.305400000001327498e-02
7.251700000000482760e-02
7.246700000001737862e-02
7.247000000000980435e-02
7.248599999996940824e-02
7.406900000000860018e-02
7.432299999999258944e-02
7.433500000001913577e-02
7.072399999998424391e-02
7.148999999998295607e-02
7.270399999998744534e-02
7.262000000002899469e-02
7.071799999999939246e-02
7.186400000000503496e-02
7.233000000002220986e-02
7.534100000003718378e-02
7.528000000002066372e-02
7.465700000000197178e-02
7.494199999996453698e-02
7.417499999996834958e-02
7.334300000002258457e-02
7.442499999996243787e-02
7.422200000002021625e-02
7.404999999999972715e-02
7.386699999995016697e-02
7.439499999998133717e-02
7.394700000003240348e-02
7.419299999997974737e-02
7.536099999998668864e-02
7.187899999996716360e-02
7.178099999998721614e-02
7.436799999999266220e-02
7.427799999999251668e-02
7.399500000002490196e-02
7.453200000003334935e-02
7.388500000001840817e-02
7.426700000002028901e-02
7.410599999997202758e-02
7.369800000003579044e-02
7.295299999998405838e-02
7.321899999999459396e-02
7.366399999995110193e-02
7.266800000002149318e-02
7.151500000003352397e-02
7.359700000000657383e-02
7.278099999996356928e-02
7.256599999999480133e-02
7.207499999998390194e-02
7.240600000000085856e-02
7.292300000000295768e-02
7.178600000003143577e-02
7.275700000002416346e-02
7.049699999998892963e-02
7.276400000000649015e-02
7.273799999995844701e-02
7.260600000000749787e-02
7.219700000001694207e-02
7.142600000003085370e-02
7.089799999999968350e-02
7.162900000002991874e-02
7.353699999998752901e-02
7.247100000000727960e-02
7.063499999998157364e-02
7.266800000002149318e-02
7.195899999999255670e-02
7.168200000000979344e-02
7.193699999999125794e-02
7.279200000004948379e-02
7.167200000003504101e-02
7.134800000000041109e-02
7.277800000002798697e-02
7.255399999996825500e-02
7.280400000001918670e-02
7.369499999998652129e-02
7.555899999999837746e-02
7.541499999996403858e-02
7.032900000001518492e-02
7.149500000002717570e-02
7.311599999997042687e-02
7.276100000001406443e-02
7.296299999995881080e-02
7.379199999996899351e-02
7.321600000000216824e-02
7.261800000003404421e-02
7.068599999996649785e-02
7.257499999997207851e-02
7.249899999999342981e-02
7.258999999999105057e-02
7.109300000001894659e-02
7.281399999999393913e-02
7.369199999999409556e-02
7.287999999999783540e-02
7.517899999999144711e-02
7.442099999997253690e-02
7.416799999998602289e-02
7.366600000000289583e-02
7.386100000002215893e-02
7.137000000000170985e-02
7.374699999996892075e-02
7.387299999999186184e-02
7.170800000000099317e-02
7.377300000001696390e-02
7.526400000000421642e-02
7.537699999994629252e-02
7.528400000001056469e-02
7.328100000000858927e-02
7.218399999999292049e-02
7.296700000000555519e-02
7.477700000004006142e-02
7.139200000000300861e-02
7.199900000000525324e-02
7.232199999998556450e-02
7.231300000000828732e-02
7.166599999999334614e-02
7.238899999998693602e-02
7.179100000001881199e-02
6.991100000004735193e-02
7.220200000000431828e-02
7.206999999999652573e-02
7.209399999999277497e-02
7.048100000002932575e-02
7.220399999999926877e-02
7.202000000000907676e-02
7.205099999998765270e-02
7.338999999996076440e-02
7.072400000004108733e-02
7.206700000000410000e-02
7.033100000001013541e-02
7.065299999999297142e-02
7.231500000000323780e-02
1.425729999999703068e-01
7.215200000001686931e-02
7.508899999999130159e-02
7.245399999999335705e-02
7.511999999996987754e-02
7.307300000002214801e-02
7.398200000000088039e-02
7.395400000001473018e-02
7.537800000000061118e-02
7.246600000001990338e-02
7.588800000002038360e-02
7.178299999998216663e-02
7.500200000004042522e-02
7.531700000004093454e-02
7.384400000000823638e-02
7.249100000001362787e-02
7.366200000001299486e-02
7.306800000003477180e-02
7.462499999996907718e-02
7.567799999998214844e-02
7.535799999999426291e-02
7.487300000002505840e-02
7.505599999996093175e-02
7.461499999999432475e-02
7.191599999998743442e-02
7.513800000003811874e-02
7.086299999997436316e-02
7.429500000000643922e-02
7.360499999998637577e-02
7.471700000002101660e-02
7.260999999999739885e-02
7.290900000003830428e-02
7.167200000003504101e-02
7.491199999998343628e-02
7.579800000002023808e-02
7.493500000003905370e-02
7.475199999998949352e-02
7.500099999998610656e-02
7.256399999999985084e-02
7.279699999998001658e-02
7.240600000000085856e-02
7.515000000000782165e-02
7.339499999994814061e-02
7.397900000000845466e-02
7.330000000001746230e-02
7.411000000001877197e-02
7.349599999997735722e-02
7.418699999999489592e-02
7.133800000002565866e-02
7.379900000000816362e-02
7.206600000000662476e-02
7.260000000002264642e-02
7.455899999996518090e-02
7.411700000000109867e-02
7.165399999996679981e-02
7.353699999998752901e-02
7.378500000004351023e-02
7.444099999997888517e-02
7.118499999995719918e-02
7.553199999995285907e-02
7.559900000001107401e-02
7.566600000001244553e-02
7.400999999998703061e-02
7.539600000001200897e-02
7.396200000005137554e-02
7.319000000001096851e-02
7.419099999998479689e-02
7.362799999998514977e-02
7.273300000002791421e-02
7.641799999998966086e-02
7.278500000001031367e-02
7.273099999997612031e-02
7.190399999996088809e-02
7.255699999996068073e-02
6.902700000000550062e-02
7.283999999998513886e-02
7.282899999995606777e-02
7.125400000001036460e-02
7.324999999997316991e-02
7.060500000000047294e-02
7.492600000000493310e-02
7.304400000003852256e-02
7.196400000003677633e-02
7.143100000001822991e-02
7.307299999996530460e-02
7.252599999998210478e-02
7.200100000000020373e-02
7.141899999999168358e-02
7.567399999999224747e-02
7.339100000001508306e-02
7.452099999994743484e-02
7.468700000003991590e-02
7.474999999999454303e-02
7.503200000002152592e-02
7.336600000002135857e-02
7.485100000002375964e-02
7.095600000002377783e-02
7.179400000001123772e-02
7.299499999999170541e-02
7.320899999996299812e-02
7.355899999998882777e-02
7.534500000002708475e-02
7.540800000003855530e-02
7.292199999994863902e-02
7.193200000000388172e-02
7.203900000001794979e-02
7.260400000001254739e-02
7.245499999999083229e-02
7.274699999999256761e-02
7.347700000002532761e-02
7.500800000002527668e-02
7.404500000001235094e-02
7.231899999999313877e-02
7.195899999999255670e-02
7.494200000002138040e-02
7.432399999999006468e-02
7.377800000000434011e-02
7.516699999996490078e-02
7.325500000001738954e-02
7.174700000001621447e-02
7.521200000002181696e-02
7.539099999996778934e-02
7.090599999997948544e-02
7.322900000002618981e-02
7.292200000000548243e-02
7.268400000003794048e-02
7.291900000001305671e-02
7.269500000001016815e-02
7.253599999995685721e-02
7.211399999999912325e-02
7.029199999999491411e-02
7.269900000000006912e-02
7.207899999997380291e-02
7.228900000001203807e-02
7.265300000000252112e-02
7.095800000001872831e-02
7.223900000002458910e-02
7.216500000004089088e-02
6.964199999998754720e-02
7.195500000000265572e-02
7.142799999996896076e-02
7.238499999999703505e-02
7.116500000000769433e-02
7.135799999997516352e-02
7.153800000003229798e-02
7.076499999999441570e-02
6.989699999996901170e-02
7.140500000002703018e-02
7.179400000001123772e-02
7.225099999999429201e-02
7.253099999996948100e-02
7.291900000001305671e-02
7.091000000002622983e-02
7.193999999998368367e-02
7.243299999998953353e-02
7.263699999998607382e-02
7.520599999998012208e-02
7.259299999998347630e-02
7.223499999997784471e-02
7.248099999998203202e-02
7.215500000000929504e-02
7.309200000003102105e-02
7.193999999998368367e-02
7.500899999996590850e-02
7.507399999997232953e-02
7.314000000002351953e-02
7.504299999999375359e-02
7.268999999996594852e-02
7.290900000003830428e-02
7.561600000002499655e-02
7.119099999999889405e-02
1.491110000000048785e-01
7.394700000003240348e-02
7.352000000003044988e-02
7.571699999999736974e-02
7.572400000003653986e-02
7.185399999997343912e-02
7.157399999999825013e-02
6.980399999997644045e-02
7.279399999998759085e-02
7.304900000002589877e-02
7.238699999999198553e-02
7.264700000001766966e-02
7.274699999999256761e-02
7.287699999994856626e-02
7.251000000002250090e-02
7.392900000002100569e-02
7.104700000002139859e-02
7.422700000000759246e-02
7.131700000002183515e-02
7.391100000000960790e-02
7.499799999999368083e-02
7.528700000000299042e-02
7.240100000001348235e-02
7.267799999999624561e-02
7.579700000002276283e-02
7.573800000000119326e-02
7.440200000002050729e-02
7.552800000001980152e-02
7.550600000001850276e-02
7.340600000003405512e-02
7.570800000002009256e-02
7.071499999995012331e-02
7.440800000000535874e-02
7.569999999998344720e-02
7.580600000000004002e-02
7.175899999998591738e-02
7.590700000002925663e-02
7.396299999999200736e-02
7.326499999999214197e-02
7.315700000003744208e-02
7.527100000004338654e-02
7.341600000000880755e-02
7.395000000002482921e-02
7.125500000000783984e-02
7.117299999998749627e-02
7.129599999996116821e-02
7.138099999997393752e-02
7.273099999997612031e-02
7.289800000000923319e-02
7.274599999999509237e-02
7.486699999998336352e-02
7.461699999998927524e-02
7.398200000000088039e-02
7.497299999999995634e-02
7.422800000000506770e-02
7.396499999998695785e-02
7.255700000001752414e-02
7.519300000001294393e-02
7.452699999998912972e-02
7.462299999997412669e-02
7.296599999995123653e-02
7.295500000003585228e-02
7.333299999999098873e-02
7.070599999997284613e-02
7.130300000000033833e-02
7.479100000000471482e-02
7.282900000001291119e-02
7.505000000003292371e-02
7.115099999998619751e-02
7.292000000001053195e-02
7.246900000001232911e-02
7.066700000001446824e-02
7.397299999996675979e-02
7.086200000003373134e-02
7.223400000003721289e-02
7.407200000000102591e-02
7.372300000002951492e-02
7.311599999997042687e-02
7.224500000000944056e-02
7.315699999998059866e-02
7.293599999997013583e-02
7.288499999998521162e-02
7.283100000000786167e-02
7.128000000000156433e-02
7.137699999998403655e-02
7.281699999998636486e-02
7.249799999999595457e-02
7.073700000000826549e-02
7.436500000000023647e-02
7.278499999995347025e-02
7.353399999999510328e-02
7.252799999997705527e-02
7.256399999999985084e-02
7.127500000001418812e-02
7.248299999997698251e-02
6.973499999998011845e-02
7.276300000000901491e-02
7.278000000002293746e-02
7.146299999999428110e-02
7.155799999998180283e-02
7.259299999998347630e-02
7.118600000001151784e-02
7.154500000001462467e-02
7.017999999999346983e-02
7.241800000002740489e-02
7.247300000000223008e-02
7.091000000002622983e-02
7.266200000003664172e-02
7.348200000001270382e-02
7.271299999996472252e-02
7.292499999999790816e-02
7.026300000001128865e-02
7.380100000000311411e-02
7.213300000000799628e-02
7.390900000001465742e-02
7.386099999996531551e-02
7.535099999995509279e-02
7.253000000002884917e-02
7.262600000001384615e-02
7.316900000000714499e-02
7.244500000001607987e-02
7.220199999994747486e-02
7.317599999998947169e-02
7.198699999997870691e-02
7.215299999995750113e-02
7.426200000003291279e-02
7.203800000002047454e-02
7.240600000000085856e-02
7.261799999997720079e-02
7.246799999995801045e-02
7.254799999998340354e-02
7.284399999997503983e-02
7.189299999998866042e-02
7.272500000004811227e-02
7.276199999995469625e-02
6.986999999998033672e-02
7.276600000000144064e-02
7.262200000002394518e-02
7.264400000002524393e-02
7.446199999998270869e-02
7.186500000000251021e-02
7.522200000005341280e-02
7.418799999999237116e-02
7.169299999998202111e-02
7.473300000003746391e-02
7.213600000000042201e-02
7.217299999996384940e-02
7.123899999999139254e-02
7.322900000002618981e-02
7.218000000000301952e-02
7.228099999997539271e-02
6.978199999997514169e-02
7.270499999998492058e-02
7.210400000002437082e-02
7.218599999998787098e-02
7.377600000000938962e-02
7.351599999998370549e-02
7.411600000000362343e-02
7.414299999999229840e-02
7.121100000000524233e-02
7.379700000001321314e-02
7.342700000003787864e-02
7.561999999995805410e-02
7.572700000002896559e-02
7.398599999999078136e-02
7.358399999998255225e-02
7.582800000000133878e-02
7.513599999998632484e-02
7.558299999999462671e-02
7.234999999997171471e-02
7.377099999996516999e-02
7.383499999997411578e-02
7.053299999995488179e-02
7.465200000001459557e-02
7.397100000002865272e-02
7.103899999998475323e-02
7.359999999999899956e-02
7.390399999997043778e-02
7.382000000001198714e-02
7.420700000000124419e-02
7.558299999999462671e-02
7.563599999997450141e-02
7.578399999999874126e-02
7.120300000002544039e-02
7.260399999995570397e-02
7.111100000003034438e-02
7.345800000001645458e-02
7.438400000000910950e-02
7.463200000000824730e-02
7.507100000003674722e-02
7.516300000003184323e-02
7.514800000001287117e-02
7.538800000003220703e-02
7.511699999997745181e-02
7.321600000000216824e-02
7.304099999998925341e-02
7.198499999998375642e-02
7.525200000003451350e-02
7.259399999998095154e-02
7.452000000000680302e-02
7.338300000003528112e-02
7.256000000000994987e-02
7.157200000000329965e-02
7.154499999995778126e-02
7.437399999997751365e-02
7.170999999999594365e-02
7.260400000001254739e-02
7.070099999998546991e-02
7.172800000000734144e-02
7.268799999997099803e-02
7.246700000001737862e-02
7.079699999997046689e-02
7.185699999996586484e-02
7.247000000000980435e-02
7.238699999999198553e-02
7.035400000000890941e-02
7.149200000003474997e-02
7.251500000000987711e-02
7.482800000002498564e-02
7.503300000001900116e-02
7.302299999997785562e-02
7.475399999998444400e-02
7.305800000000317596e-02
7.084700000001475928e-02
7.197300000001405351e-02
7.292100000000800719e-02
7.245300000005272523e-02
7.241499999997813575e-02
7.254199999999855208e-02
7.162499999998317435e-02
7.113300000003164314e-02
6.977299999999786451e-02
7.084499999996296538e-02
7.271800000000894215e-02
7.347199999998110798e-02
7.330799999999726424e-02
7.428600000002916204e-02
7.186200000001008448e-02
7.399099999997815758e-02
7.293599999997013583e-02
7.394999999996798579e-02
7.318699999996169936e-02
7.319599999999581996e-02
7.194099999998115891e-02
7.319799999999077045e-02
7.323400000001356602e-02
7.289200000002438173e-02
7.099999999996953193e-02
7.218600000004471440e-02
7.119499999998879503e-02
7.205500000003439709e-02
7.145900000000438013e-02
7.235000000002855813e-02
7.136400000001685839e-02
7.180599999998094063e-02
7.143500000000813088e-02
7.262099999996962651e-02
7.481300000000601358e-02
7.083199999999578722e-02
7.276699999999891588e-02
7.514299999996865154e-02
7.524000000000796717e-02
7.159300000000712316e-02
6.989299999997911073e-02
7.233200000001716035e-02
7.097599999997328268e-02
7.193999999998368367e-02
7.205899999996745464e-02
7.198600000003807509e-02
7.384600000000318687e-02
7.211000000000922228e-02
7.276500000000396540e-02
7.204800000005207039e-02
7.126499999998259227e-02
7.154300000001967419e-02
7.363499999996747647e-02
7.201399999996738188e-02
7.099699999997710620e-02
7.111399999996592669e-02
7.278600000000778891e-02
7.264899999995577673e-02
7.195100000001275475e-02
7.311499999997295163e-02
7.292400000000043292e-02
7.167100000003756577e-02
7.296300000001565422e-02
7.272999999997864506e-02
7.430000000005065885e-02
7.239100000003872992e-02
7.254399999999350257e-02
7.267999999999119609e-02
7.290199999999913416e-02
7.248099999998203202e-02
7.274899999998751809e-02
7.136500000001433364e-02
7.023099999997839404e-02
7.161600000000589716e-02
7.199399999996103361e-02
7.285999999999148713e-02
7.572500000003401510e-02
7.552500000002737579e-02
7.582899999999881402e-02
7.174000000003388777e-02
7.180099999999356442e-02
7.510700000000269938e-02
7.279099999999516513e-02
7.238100000000713408e-02
7.219599999996262341e-02
7.518199999998387284e-02
7.160299999998187559e-02
7.250199999998585554e-02
7.063800000003084278e-02
7.215899999999919601e-02
7.206899999999905049e-02
7.205899999996745464e-02
7.279099999999516513e-02
7.153199999999060310e-02
7.214799999997012492e-02
7.132799999999406282e-02
7.069899999999051943e-02
7.203899999996110637e-02
7.267500000000381988e-02
7.266099999998232306e-02
7.314700000000584623e-02
7.186100000001260923e-02
7.307500000001709850e-02
7.411100000001624721e-02
7.057800000001179797e-02
7.194700000002285378e-02
7.334600000001501030e-02
7.327199999997446866e-02
7.300399999996898259e-02
7.377900000000181535e-02
7.272899999998116982e-02
7.305100000002084926e-02
7.302499999997280611e-02
7.327800000001616354e-02
7.344599999998990825e-02
7.193100000000640648e-02
7.371399999999539432e-02
7.203199999997877967e-02
7.324600000004011235e-02
7.121899999998504427e-02
7.326699999998709245e-02
7.129800000001296212e-02
7.199900000000525324e-02
7.560499999999592546e-02
7.218300000005228867e-02
7.324299999999084321e-02
7.354799999995975668e-02
7.299199999999927968e-02
7.150400000000445289e-02
7.310300000000324872e-02
7.315699999998059866e-02
7.193599999999378269e-02
7.204100000001290027e-02
7.296600000000807995e-02
7.301499999999805368e-02
7.287300000001550870e-02
7.363700000001927037e-02
7.342099999999618376e-02
7.296800000000303044e-02
7.339400000000750879e-02
7.251700000000482760e-02
7.329399999997576742e-02
7.436999999998761268e-02
7.224200000001701483e-02
7.422200000002021625e-02
7.202599999999392821e-02
7.212499999997135092e-02
7.248099999998203202e-02
7.167800000001989247e-02
7.272000000000389264e-02
7.155000000000200089e-02
7.253300000002127490e-02
7.492600000000493310e-02
7.603700000004209869e-02
7.268500000003541572e-02
7.208099999996875340e-02
7.165900000001101944e-02
7.542399999999815918e-02
7.534400000002960951e-02
7.196199999998498242e-02
7.327199999997446866e-02
7.280600000001413719e-02
7.246300000002747765e-02
7.168900000004896356e-02
7.244399999996176120e-02
7.270799999997734631e-02
7.276999999999134161e-02
7.221899999996139741e-02
7.448600000003580135e-02
7.610099999999420106e-02
7.582000000002153683e-02
7.597800000002052911e-02
7.548099999996793485e-02
7.609000000002197339e-02
7.553500000000212822e-02
7.324299999999084321e-02
7.178299999998216663e-02
7.521900000000414366e-02
7.520400000004201502e-02
7.089199999995798862e-02
7.122900000001664012e-02
7.153499999998302883e-02
7.106299999998100247e-02
7.231300000000828732e-02
7.264699999996082624e-02
7.172200000002248998e-02
7.272899999998116982e-02
7.276000000001658918e-02
7.169700000002876550e-02
7.279799999997749183e-02
7.171300000004521280e-02
7.451100000002952584e-02
7.375100000001566514e-02
7.238699999999198553e-02
7.278400000001283843e-02
7.129800000001296212e-02
7.084500000001980879e-02
7.266099999998232306e-02
7.216400000004341564e-02
7.288599999998268686e-02
7.022599999999101783e-02
7.267200000001139415e-02
7.184699999999111242e-02
7.285999999999148713e-02
7.263600000004544199e-02
7.148000000000820364e-02
7.259799999997085251e-02
7.170600000000604268e-02
7.268299999998362182e-02
7.145300000001952867e-02
7.141599999999925785e-02
7.123699999999644206e-02
7.269600000000764339e-02
7.228300000002718662e-02
7.282299999997121631e-02
7.237200000002985689e-02
6.990199999995638791e-02
7.264600000002019442e-02
7.241299999998318526e-02
7.352199999996855695e-02
7.406699999995680628e-02
7.416399999999612191e-02
7.307900000000699947e-02
7.434599999999136344e-02
7.460199999997030318e-02
7.292799999999033389e-02
7.271600000001399167e-02
7.261099999999487409e-02
7.330099999995809412e-02
7.214500000003454261e-02
7.400599999999712963e-02
7.542300000000068394e-02
7.075399999996534461e-02
7.334900000000743603e-02
7.267500000000381988e-02
7.352900000000772707e-02
7.263000000000374712e-02
7.537899999999808642e-02
7.343800000001010631e-02
7.403799999997318082e-02
7.075200000002723755e-02
7.508799999999382635e-02
7.490799999999353531e-02
7.496200000002772867e-02
7.218699999998534622e-02
7.139500000005227776e-02
7.299599999998918065e-02
7.418499999994310201e-02
7.079300000009425275e-02
7.292699999993601523e-02
7.236399999999321153e-02
7.091100000002370507e-02
7.083000000000083674e-02
7.293500000002950401e-02
7.284800000002178422e-02
7.299100000000180444e-02
7.395399999995788676e-02
7.300299999997150735e-02
7.439699999997628765e-02
7.318499999996674887e-02
7.271100000002661545e-02
7.492600000000493310e-02
7.481199999995169492e-02
7.327399999996941915e-02
7.374200000003838795e-02
7.342899999991914228e-02
7.209900000009383803e-02
7.306099999993875826e-02
7.298600000001442822e-02
7.304399999998167914e-02
7.198700000003555033e-02
7.293499999991581717e-02
7.171500000004016329e-02
7.169699999997192208e-02
7.230699999990974902e-02
7.168000000001484295e-02
7.141300000000683212e-02
7.322200000010070653e-02
7.321899999999459396e-02
7.483600000000478758e-02
7.270400000004428875e-02
7.197500000006584742e-02
7.208600000001297303e-02
7.184400000005553011e-02
7.249999999999090505e-02
7.295699999997395935e-02
7.353100000000267755e-02
7.349200000010114309e-02
7.092799999998078420e-02
7.501200000001517765e-02
7.418199999995067628e-02
7.543799999996281258e-02
7.521000000008370989e-02
7.517600000005586480e-02
7.377400000007128256e-02
7.451600000001690205e-02
7.213000000001557055e-02
7.349399999998240673e-02
7.468500000004496542e-02
7.488899999998466228e-02
7.290999999997893610e-02
7.265899999993052916e-02
7.209999999997762643e-02
7.455700000002707384e-02
7.096000000001367880e-02
7.229799999993247184e-02
7.230400000003101013e-02
7.200100000000020373e-02
7.221500000002833985e-02
7.134199999995871622e-02
7.185400000003028254e-02
7.211799999993218080e-02
7.035399999995206599e-02
7.221800000002076558e-02
7.169599999997444684e-02
7.250800000008439383e-02
7.498599999996713450e-02
7.515899999998509884e-02
7.535799999993741949e-02
7.519400000001041917e-02
7.318600000007791095e-02
7.511099999999260035e-02
7.305600000006506889e-02
7.534599999996771658e-02
7.200899999998000567e-02
7.554799999991246295e-02
7.224199999996017141e-02
7.471500000008290954e-02
7.161399999995410326e-02
7.274000000006708433e-02
7.232699999997294071e-02
7.280900000000656291e-02
7.263899999998102430e-02
7.341900000005807669e-02
7.376300000009905489e-02
7.367799999997259874e-02
7.094299999994291284e-02
7.474799999999959255e-02
7.218599999998787098e-02
7.237799999995786493e-02
7.223199999998541898e-02
7.444799999996121187e-02
7.165000000009058567e-02
7.568500000002131856e-02
7.346300000006067421e-02
7.470699999998942076e-02
7.346600000005309994e-02
7.184900000004290632e-02
7.463700000005246693e-02
7.388800000001083390e-02
7.473900000002231536e-02
7.162300000004506728e-02
7.316500000001724402e-02
7.183599999996204133e-02
7.218000000000301952e-02
7.249999999999090505e-02
7.258600000000114960e-02
7.371700000010150688e-02
7.578899999998611747e-02
7.599200000004202593e-02
7.133099999998648855e-02
7.264599999996335100e-02
7.570299999997587292e-02
7.396500000004380126e-02
7.593800000006467599e-02
7.395299999996041151e-02
7.496500000002015440e-02
7.209100000000034925e-02
7.258899999999357533e-02
7.275099999992562516e-02
7.403399999998327985e-02
7.459900000003472087e-02
7.364500000005591573e-02
7.501800000000002910e-02
7.522600000004331378e-02
7.354600000007849303e-02
7.093800000006922346e-02
7.498499999996965926e-02
7.535100000006877963e-02
7.259699999997337727e-02
7.501999999999497959e-02
7.544799999993756501e-02
7.258500000000367436e-02
7.534400000008645293e-02
7.479899999998451676e-02
7.464300000003731839e-02
7.558099999994283280e-02
7.416000000000622094e-02
7.488499999999476131e-02
7.260400000006939081e-02
7.194399999991674122e-02
7.265199999994820246e-02
7.082100000002355955e-02
7.524499999999534339e-02
7.277199999998629210e-02
7.512999999994462996e-02
7.507499999996980478e-02
7.506499999999505235e-02
7.509100000004309550e-02
7.518400000003566674e-02
7.107300000006944174e-02
7.533999999998286512e-02
7.496900000001005537e-02
7.524499999999534339e-02
7.528200000001561421e-02
7.401699999991251389e-02
7.242300000007162453e-02
7.567999999992025550e-02
7.104900000001634908e-02
7.561199999997825216e-02
7.358199999998760177e-02
7.574699999997847044e-02
7.569799999998849671e-02
7.454600000005484617e-02
7.388500000001840817e-02
7.566999999994550308e-02
7.435499999996864062e-02
7.444600000007994822e-02
7.435299999997369014e-02
7.188899999994191603e-02
7.242800000005900074e-02
7.296299999995881080e-02
7.404699999995045800e-02
7.516500000008363713e-02
7.240799999999580905e-02
7.124699999997119448e-02
7.340499999997973646e-02
7.480599999996684346e-02
7.393000000001848093e-02
7.505400000002282468e-02
7.483100000001741137e-02
7.228799999995771941e-02
7.292399999994358950e-02
7.379200000002583693e-02
7.340199999998731073e-02
7.378800000003593595e-02
7.303899999999430293e-02
7.316400000001976878e-02
7.445999999993091478e-02
7.232099999998808926e-02
6.989399999997658597e-02
7.262700000001132139e-02
7.256700000004911999e-02
7.318300000008548523e-02
7.078300000000581349e-02
7.259499999997842679e-02
7.208900000000539876e-02
7.202900000004319736e-02
7.037100000002283195e-02
7.373200000006363553e-02
7.244299999990744254e-02
7.296600000006492337e-02
7.384700000000066211e-02
7.215900000005603943e-02
7.237500000007912604e-02
7.094900000004145113e-02
7.251099999996313272e-02
7.312100000001464650e-02
7.343800000001010631e-02
7.080399999995279359e-02
7.057699999995747930e-02
7.079199999998309067e-02
7.081199999993259553e-02
7.206199999995988037e-02
7.045400000004065078e-02
7.136699999989559728e-02
7.245100000000093132e-02
7.266200000003664172e-02
7.192800000007082417e-02
7.265700000004926551e-02
7.136000000002695742e-02
7.253400000001875014e-02
7.001200000001972512e-02
7.247200000006159826e-02
7.133899999996629049e-02
7.166000000006533810e-02
7.154000000002724846e-02
7.083999999997558916e-02
7.274899999993067468e-02
7.125399999995352118e-02
7.511499999998250132e-02
7.250800000008439383e-02
7.510800000000017462e-02
7.326199999999971624e-02
7.175200000006043410e-02
7.526700000005348556e-02
7.197799999994458631e-02
7.215200000007371273e-02
7.068099999992227822e-02
7.198099999993701203e-02
7.534300000008897769e-02
7.505499999990661308e-02
7.362599999999019929e-02
7.389599999999063584e-02
7.378899999991972436e-02
7.408200000008946517e-02
7.179899999994177051e-02
7.366200000001299486e-02
7.408799999996062979e-02
7.398000000000592991e-02
7.209599999998772546e-02
7.135500000003958121e-02
7.462199999997665145e-02
7.415399999990768265e-02
7.263799999998354906e-02
7.358099999999012653e-02
7.373300000006111077e-02
7.493099999999230931e-02
7.523600000001806620e-02
7.569399999999859574e-02
7.503799999994953396e-02
7.404600000006666960e-02
7.184300000005805487e-02
7.401800000002367597e-02
7.294999999999163265e-02
7.400000000006912160e-02
7.275100000003931200e-02
7.594399999993584061e-02
7.577400000002398883e-02
7.577800000001388980e-02
7.469200000002729212e-02
7.579800000007708149e-02
7.520699999997759733e-02
7.356099999992693483e-02
7.416100000000369619e-02
7.449800000006234768e-02
7.494199999996453698e-02
7.382500000005620677e-02
7.558800000003884634e-02
7.516199999997752457e-02
7.512400000007346534e-02
7.479999999998199200e-02
7.481800000005023321e-02
7.366300000001047010e-02
7.565699999997832492e-02
7.582400000001143781e-02
7.084800000006907794e-02
7.246099999997568375e-02
7.484499999998206476e-02
7.317000000000462023e-02
7.439999999996871338e-02
7.462099999997917621e-02
7.276500000000396540e-02
7.200899999998000567e-02
7.406800000001112494e-02
7.339999999999236024e-02
7.405100000005404581e-02
7.394600000009177165e-02
7.481499999994412065e-02
7.164399999999204738e-02
7.173499999998966814e-02
7.278599999995094549e-02
7.009199999993143138e-02
7.308899999998175190e-02
7.365899999990688229e-02
7.164000000000214641e-02
7.343300000002273009e-02
7.208800000000792352e-02
7.185700000002270826e-02
7.339400000000750879e-02
7.125700000005963375e-02
7.277700000008735515e-02
7.119199999999636930e-02
7.126500000003943569e-02
7.433800000001156150e-02
7.499199999995198596e-02
7.474400000000969158e-02
7.227499999999054126e-02
7.163200000002234447e-02
7.141000000001440640e-02
7.239000000004125468e-02
7.212500000002819434e-02
7.194900000001780427e-02
7.216699999992215453e-02
7.216400000004341564e-02
7.225700000003598689e-02
7.346299999994698737e-02
7.332700000006298069e-02
7.237399999996796396e-02
7.303699999999935244e-02
7.304099999998925341e-02
7.310199999994893005e-02
7.284099999992577068e-02
7.329000000004270987e-02
7.222600000000056752e-02
7.134599999994861719e-02
7.347299999992173980e-02
7.095700000002125307e-02
7.106699999997090345e-02
7.507199999997737905e-02
7.186699999999746069e-02
7.214099999998779822e-02
7.499300000006314804e-02
7.362900000009631185e-02
7.273599999996349652e-02
7.429300000001148874e-02
7.232299999998303974e-02
7.427999999993062374e-02
7.288200000004962931e-02
7.280800000000908767e-02
7.432199999993827078e-02
7.231200000001081207e-02
7.441400000004705362e-02
7.293100000003960304e-02
7.470000000000709406e-02
7.498500000008334609e-02
7.517399999994722748e-02
7.344499999999243300e-02
7.081800000003113382e-02
7.253300000002127490e-02
7.277200000009997893e-02
7.245599999998830754e-02
7.259399999998095154e-02
7.265799999993305391e-02
7.265600000005179027e-02
7.099799999991773802e-02
7.002099999999700231e-02
7.261000000005424226e-02
7.558200000005399488e-02
7.504499999993186066e-02
7.487400000002253364e-02
7.290399999999408465e-02
7.251799999994545942e-02
7.305200000007516792e-02
7.116400000006706250e-02
7.251199999996060797e-02
7.294400000000678119e-02
7.284600000002683373e-02
7.165499999996427505e-02
7.268700000008720963e-02
7.301599999993868551e-02
7.296099999996386032e-02
7.057400000007874041e-02
7.538799999997536361e-02
7.347000000004300091e-02
7.196699999997235864e-02
7.546500000000833097e-02
7.442600000001675653e-02
7.499100000006819755e-02
7.493299999998725980e-02
7.060599999999794818e-02
7.490800000005037873e-02
7.255900000006931805e-02
7.204799999999522697e-02
7.252400000004399772e-02
7.385399999998298881e-02
7.465200000001459557e-02
7.164499999998952262e-02
7.065700000009655923e-02
7.372899999995752296e-02
7.153600000003734749e-02
7.124800000008235656e-02
7.244499999990239303e-02
7.152400000006764458e-02
7.209399999999277497e-02
7.203100000003814785e-02
7.331199999998716521e-02
7.296800000005987386e-02
7.506999999998242856e-02
7.239399999991746881e-02
7.239700000002358138e-02
7.275099999992562516e-02
7.208900000000539876e-02
7.489900000007310155e-02
7.363699999996242695e-02
7.407200000000102591e-02
7.196199999998498242e-02
7.497699999998985732e-02
7.183799999995699181e-02
7.276300000000901491e-02
7.089200000007167546e-02
7.245000000000345608e-02
7.361700000001292210e-02
7.196000000010371878e-02
7.284100000003945752e-02
7.426899999995839607e-02
7.266200000003664172e-02
7.074299999999311694e-02
7.259299999998347630e-02
7.355800000004819594e-02
7.214699999997264968e-02
7.344499999999243300e-02
7.218899999998029671e-02
7.549699999992753874e-02
7.253800000000865111e-02
7.553500000005897164e-02
7.592700000009244832e-02
7.608000000004722096e-02
7.249999999999090505e-02
7.197599999994963582e-02
7.449499999995623511e-02
7.427100000006703340e-02
7.396200000005137554e-02
7.268399999998109706e-02
7.293900000001940498e-02
7.122700000002168963e-02
7.186500000000251021e-02
7.264299999997092527e-02
7.298500000001695298e-02
7.642000000009829819e-02
7.323600000006535993e-02
7.516600000008111238e-02
7.592799999997623672e-02
7.595600000001923036e-02
7.068100000003596506e-02
7.757699999990563811e-02
7.548399999996036058e-02
7.552800000007664494e-02
7.561599999996815313e-02
7.318599999996422412e-02
7.225900000003093737e-02
7.440799999994851532e-02
7.380200000000058935e-02
7.245000000000345608e-02
7.446400000003450259e-02
7.245799999998325802e-02
7.442900000000918226e-02
7.463100000006761547e-02
7.458499999995638063e-02
7.402400000000852742e-02
6.981399999995119288e-02
7.502799999997478153e-02
7.509799999991173536e-02
7.495000000005802576e-02
7.288700000003700552e-02
7.483799999999973807e-02
7.364499999994222890e-02
7.204799999999522697e-02
7.339699999999993452e-02
7.437599999991562072e-02
7.530599999995502003e-02
7.482600000003003515e-02
7.225800000003346213e-02
7.242200000007414928e-02
7.208300000002054730e-02
7.235600000001340959e-02
7.118600000001151784e-02
7.495400000004792673e-02
7.433600000001661101e-02
7.252199999993536039e-02
7.367099999999027204e-02
7.072400000004108733e-02
7.332799999994676909e-02
7.295499999997900886e-02
7.211699999993470556e-02
7.394299999998565909e-02
7.461200000000189902e-02
7.314699999994900281e-02
7.300699999996140832e-02
7.486799999992399535e-02
7.247700000004897447e-02
7.274000000006708433e-02
6.989799999996648694e-02
7.210399999996752740e-02
7.160199999998440035e-02
7.346400000005814945e-02
7.276000000001658918e-02
7.349399999998240673e-02
7.232999999996536644e-02
7.130399999994097016e-02
7.150899999999182910e-02
7.312300000000959699e-02
7.345800000007329800e-02
7.324500000004263711e-02
7.352600000001530134e-02
7.356299999992188532e-02
7.331399999998211570e-02
7.334500000001753506e-02
7.165900000006786286e-02
7.510999999999512511e-02
7.523000000003321475e-02
7.496100000003025343e-02
7.507500000008349161e-02
7.496400000002267916e-02
7.516599999996742554e-02
7.106899999996585393e-02
7.082299999990482320e-02
7.189400000004297908e-02
7.546500000000833097e-02
7.179299999995691905e-02
7.549800000003870082e-02
7.545700000002852903e-02
7.558100000005651964e-02
7.536200000004100730e-02
7.099100000004909816e-02
7.506100000000515138e-02
7.307200000002467277e-02
7.524599999999281863e-02
7.576100000005681068e-02
7.310399999994388054e-02
7.510999999999512511e-02
7.527199999992717494e-02
7.432299999993574602e-02
7.458699999995133112e-02
7.114500000000134605e-02
7.449499999995623511e-02
7.253800000000865111e-02
7.549199999994016252e-02
7.134199999995871622e-02
7.178299999998216663e-02
7.318999999995412509e-02
7.308000000000447471e-02
7.539800000006380287e-02
7.524000000000796717e-02
7.385899999997036502e-02
7.527000000004591129e-02
7.538399999998546264e-02
7.331499999997959094e-02
6.993199999999433203e-02
7.124899999996614497e-02
7.333500000004278263e-02
7.181000000002768502e-02
7.165399999996679981e-02
7.156099999997422856e-02
7.286899999996876431e-02
7.474899999999706779e-02
6.984599999998408748e-02
7.112699999993310485e-02
7.469800000001214357e-02
7.056699999998272688e-02
7.075899999995272083e-02
7.433699999990039942e-02
7.321999999999206921e-02
7.435799999996106635e-02
7.045600000003560126e-02
7.532500000002073648e-02
7.316300000002229353e-02
7.501700000000255386e-02
7.229700000004868343e-02
7.126499999992574885e-02
7.084299999996801489e-02
7.275199999992310040e-02
7.058999999992465746e-02
7.296099999996386032e-02
7.242100000007667404e-02
7.314099999996415136e-02
7.181600000001253647e-02
7.613099999991845834e-02
7.340900000008332427e-02
7.499500000005809852e-02
7.064100000002326851e-02
7.232199999998556450e-02
7.123099999989790376e-02
7.120699999995849794e-02
7.215300000007118797e-02
7.210699999995995313e-02
7.150100000001202716e-02
7.222899999999299325e-02
7.054800000003069727e-02
7.207100000005084439e-02
7.323500000006788468e-02
7.320100000004003959e-02
7.322699999997439591e-02
7.319900000004508911e-02
7.172900000000481668e-02
7.179900000005545735e-02
7.306399999993118399e-02
7.318999999995412509e-02
7.299100000000180444e-02
7.310699999993630627e-02
7.262900000000627188e-02
7.125099999996109545e-02
7.499099999995451071e-02
7.285900000010769872e-02
7.525900000007368362e-02
7.373199999994994869e-02
7.386799999994764221e-02
7.166399999994155223e-02
7.412099999999099964e-02
7.214299999998274870e-02
7.418499999994310201e-02
7.358299999998507701e-02
7.053699999994478276e-02
7.272399999999379361e-02
7.268799999997099803e-02
7.215599999994992686e-02
7.256199999994805694e-02
7.250899999996818224e-02
7.248500000002877641e-02
7.227599999998801650e-02
7.439699999997628765e-02
7.210599999996247789e-02
7.411300000001119770e-02
7.384999999999308784e-02
7.424900000000889122e-02
7.378600000004098547e-02
7.316700000001219450e-02
7.351900000003297464e-02
7.091300000001865556e-02
7.212099999992460653e-02
7.485099999996691622e-02
7.407000000000607542e-02
7.430499999998119165e-02
7.250399999998080602e-02
7.277699999997366831e-02
7.342299999993429083e-02
7.531700000004093454e-02
7.458599999995385588e-02
7.433300000002418528e-02
7.482399999992139783e-02
7.458999999994375685e-02
7.397200000002612796e-02
7.376500000009400537e-02
7.454099999995378312e-02
7.212000000004081812e-02
7.190800000000763248e-02
7.226600000001326407e-02
7.175800000004528556e-02
7.172800000000734144e-02
7.325200000002496381e-02
7.236899999998058775e-02
7.481700000005275797e-02
7.335100000000238651e-02
7.420499999989260687e-02
7.221199999992222729e-02
7.464700000002721936e-02
7.272699999998621934e-02
7.482500000003255991e-02
7.515300000000024738e-02
7.492999999999483407e-02
7.375799999999799184e-02
7.500600000003032619e-02
7.221500000002833985e-02
7.237699999996038969e-02
7.466599999997924897e-02
7.237499999996543920e-02
7.264099999997597479e-02
7.237699999996038969e-02
7.009099999993395613e-02
7.228299999997034320e-02
7.256200000006174378e-02
7.277199999998629210e-02
7.259400000009463838e-02
7.261200000004919275e-02
7.301299999994625978e-02
7.229799999993247184e-02
6.991000000004987669e-02
7.236199999999826105e-02
7.362999999998010026e-02
7.313299999998434942e-02
7.291999999995368853e-02
7.514900000001034641e-02
7.220799999993232632e-02
7.362999999998010026e-02
7.102899999995315738e-02
1.475380000000541258e-01
7.310799999993378151e-02
7.305199999996148108e-02
7.202400000005582115e-02
7.393600000000333239e-02
7.333500000004278263e-02
7.159500000000207365e-02
7.143699999994623795e-02
7.307800000000952423e-02
7.334300000002258457e-02
7.513100000005579204e-02
7.219299999997019768e-02
7.260800000005929178e-02
7.283900000004450703e-02
7.259899999996832776e-02
7.009500000003754394e-02
7.238100000006397750e-02
7.175399999994169775e-02
7.235500000001593435e-02
7.213799999999537249e-02
7.233400000006895425e-02
7.478500000001986336e-02
7.493899999997211125e-02
7.124599999997371924e-02
7.447500000000673026e-02
7.248900000001867738e-02
7.354700000007596827e-02
7.139999999992596713e-02
7.156999999995150574e-02
7.345399999996971019e-02
7.225500000004103640e-02
7.069599999999809370e-02
7.274799999993319943e-02
7.353200000000015280e-02
7.318699999996169936e-02
7.315099999993890378e-02
7.313099999998939893e-02
7.325200000002496381e-02
7.638900000006287883e-02
7.448900000008507050e-02
7.326100000000224099e-02
7.525099999998019484e-02
7.383199999992484663e-02
7.086700000002110755e-02
7.510600000000522414e-02
7.213300000000799628e-02
6.972699999994347309e-02
