# Pose Estimation timer: 2017-12-12 17:44:01.953218
1.659500000000002640e-02
1.149800000000000821e-02
1.195500000000038199e-02
1.149399999999900501e-02
9.978000000000264436e-03
1.253900000000029991e-02
1.324900000000006628e-02
1.350599999999957390e-02
1.248700000000013688e-02
1.111000000000217369e-02
1.217300000000065552e-02
1.299099999999953070e-02
1.186399999999920851e-02
1.331300000000368300e-02
1.253699999999469128e-02
1.219999999999998863e-02
1.291300000000461523e-02
1.285000000000025011e-02
1.181799999999810780e-02
1.357099999999888951e-02
1.299399999999906186e-02
1.227799999999490410e-02
9.610999999999592092e-03
1.304700000000025284e-02
1.225799999999566126e-02
1.215999999999439751e-02
1.188000000000499767e-02
1.191699999999684678e-02
1.046099999999228203e-02
1.135100000000477394e-02
1.223700000001315402e-02
1.283000000000811269e-02
1.200000000000045475e-02
1.191099999999778447e-02
1.600399999999524425e-02
1.326899999999398005e-02
1.364100000000689761e-02
1.386100000000567434e-02
1.198999999999728061e-02
1.244899999998949625e-02
1.301499999999577994e-02
1.361400000000401178e-02
1.311899999998900057e-02
1.304600000000277760e-02
1.005599999999162719e-02
1.321800000000905584e-02
1.175800000000037926e-02
1.116599999998868498e-02
1.120499999998969543e-02
1.170399999998039675e-02
1.401000000001317858e-02
1.052599999999870306e-02
1.205600000000117689e-02
1.147399999999265674e-02
1.246500000002015440e-02
1.329000000001201443e-02
1.244900000000370710e-02
1.391599999999471038e-02
1.143600000000333239e-02
1.099899999999820466e-02
1.113499999999589818e-02
1.129499999998984094e-02
1.198199999998905696e-02
9.887999999989460775e-03
1.156900000000860018e-02
1.148100000000340515e-02
1.271900000000414366e-02
1.132100000000946238e-02
9.718000000020765583e-03
1.130200000000058935e-02
1.198399999998400745e-02
1.108499999998002750e-02
9.991000000013627869e-03
1.126300000001378976e-02
1.145099999999388274e-02
1.026000000001658918e-02
1.187699999999836109e-02
1.159000000001242370e-02
1.215400000000954606e-02
9.878999999983761882e-03
1.122599999999351894e-02
1.211399999999684951e-02
1.138100000000008549e-02
1.184499999999388820e-02
1.142500000000268301e-02
1.247200000000248110e-02
1.041799999998715975e-02
1.147900000000845466e-02
1.146799999997938357e-02
1.253900000000385262e-02
1.097500000000195541e-02
1.267400000000407090e-02
1.220600000002036722e-02
1.199099999999475585e-02
1.187100000001350963e-02
1.205999999999107786e-02
1.106799999999452666e-02
1.107799999999770080e-02
1.259000000001719854e-02
1.226699999995162216e-02
1.054000000004862159e-02
1.197000000001935405e-02
1.018500000003541572e-02
1.085199999999986176e-02
1.007399999997460327e-02
1.072199999998701969e-02
1.237200000002758316e-02
9.838000000002011802e-03
1.189999999996871338e-02
1.129299999996646875e-02
1.242600000000493310e-02
1.142499999997426130e-02
1.149800000001732769e-02
1.193800000004330286e-02
1.209399999999050124e-02
1.183700000001408625e-02
1.154200000001992521e-02
1.028200000001788794e-02
1.129599999995889448e-02
1.158500000002504748e-02
1.133900000002086017e-02
1.172800000000506770e-02
1.238200000000233558e-02
1.048900000000685395e-02
1.079500000003008608e-02
1.234199999998963904e-02
1.116100000001551962e-02
1.222899999999071952e-02
1.156700000001364970e-02
1.222500000000081855e-02
1.156900000000860018e-02
1.160800000002382149e-02
1.161000000001877197e-02
1.228100000002996239e-02
9.866999999985637260e-03
1.030800000000908767e-02
1.260200000001532317e-02
1.125100000001566514e-02
1.219500000001971785e-02
1.172900000000254295e-02
1.074800000003506284e-02
1.231799999999338979e-02
1.131299999997281702e-02
1.161799999999857391e-02
9.862999999995736289e-03
1.180799999997361738e-02
1.017699999999877036e-02
1.070800000002236629e-02
1.193499999999403371e-02
1.217499999995652615e-02
1.139599999999063584e-02
1.113099999997757550e-02
1.111900000000787259e-02
1.316700000000992077e-02
1.232300000003760942e-02
1.059099999997670238e-02
1.283699999999043939e-02
1.213799999999309875e-02
1.252499999998235580e-02
1.154900000000225191e-02
1.188700000000153523e-02
1.216899999997167470e-02
1.262900000000399814e-02
9.763999999961470166e-03
1.128899999997656778e-02
1.171099999999114516e-02
1.031500000004825779e-02
1.168200000000751970e-02
1.310399999999845022e-02
1.276000000001431545e-02
1.236199999999598731e-02
1.160299999997960185e-02
1.428800000002183879e-02
9.918000000027404894e-03
1.243299999998725980e-02
9.987000000023726898e-03
1.079700000002503657e-02
1.254999999997608029e-02
1.115700000002561865e-02
1.090799999997216219e-02
1.223300000003746391e-02
1.172700000000759246e-02
1.197700000000168075e-02
9.568999999999050488e-03
1.006699999999227657e-02
1.254899999997860505e-02
1.026100000001406443e-02
1.070199999998067142e-02
1.144700000003240348e-02
1.152799999999842839e-02
1.012299999996457700e-02
1.144599999997808482e-02
1.355000000000927685e-02
1.024200000000519140e-02
1.093299999996588667e-02
1.262499999995725375e-02
1.168899999998984640e-02
1.208800000006249320e-02
1.184000000000651198e-02
1.162699999997585110e-02
1.142600000002857996e-02
1.188700000000153523e-02
1.134999999999308784e-02
1.226999999994404789e-02
1.126799999997274426e-02
9.945000000016079866e-03
1.169700000002649176e-02
1.330699999994067184e-02
9.508999999980005668e-03
1.071600000000216824e-02
1.205300000003717287e-02
1.101500000004307367e-02
1.191800000003695459e-02
1.064699999994900281e-02
1.060699999993630627e-02
9.882000000061452738e-03
1.172099999996589759e-02
1.107899999999517604e-02
1.102900000000772707e-02
1.087400000005800393e-02
1.139899999998306157e-02
1.038100000005215406e-02
1.239800000007562630e-02
1.198099999999158172e-02
1.084100000002763409e-02
1.101500000004307367e-02
1.024299999994582322e-02
1.028399999995599501e-02
1.051100000006499613e-02
1.187699999991309596e-02
1.071300000000974251e-02
1.075600000001486478e-02
1.161600000000362343e-02
1.282999999989442586e-02
1.223300000003746391e-02
1.201700000001437729e-02
1.068399999996927363e-02
1.019499999995332473e-02
1.028299999995851977e-02
1.178799999991042569e-02
1.025099999992562516e-02
1.223399999992125231e-02
1.122599999996509723e-02
9.782999999970343197e-03
1.081099999998968997e-02
1.120200000002569141e-02
1.145700000006399932e-02
1.131800000007388007e-02
1.063900000008288771e-02
1.033800000004703179e-02
1.107600000000275031e-02
9.668000000033316610e-03
1.271100000008118514e-02
1.053500000000440195e-02
1.059099999997670238e-02
1.076000000000476575e-02
1.085799999998471321e-02
1.130200000000058935e-02
1.063399999998182466e-02
1.318099999991773075e-02
9.999000000107116648e-03
1.257699999996475526e-02
1.244200000007822382e-02
1.042900000004465255e-02
9.743000000071333488e-03
1.015299999994567770e-02
1.052900000001955050e-02
1.134999999999308784e-02
1.151400000003377500e-02
1.012400000001889566e-02
1.177100000006703340e-02
1.061700000002474553e-02
1.140399999997043778e-02
1.008500000000367436e-02
1.043600000002697925e-02
1.042600000005222682e-02
9.853999999904772267e-03
1.304799999991246295e-02
1.007200000003649620e-02
1.063899999996920087e-02
1.312099999995552935e-02
1.068499999996674887e-02
1.038399999993089295e-02
1.191199999993841629e-02
1.002500000004147296e-02
1.412499999992178346e-02
9.947999999894818757e-03
1.198300000010021904e-02
1.226500000007035851e-02
1.103000000000520231e-02
