# Projection image timer: 2017-12-12 17:44:01.893757
3.774269999999999570e-01
2.000009999999999843e-01
2.000029999999999308e-01
2.000029999999999308e-01
2.000010000000000954e-01
2.991139999999998800e-01
2.000010000000003174e-01
2.000010000000003174e-01
2.515010000000001966e-01
2.000009999999998733e-01
2.000000000000001776e-01
2.000009999999998733e-01
2.000000000000001776e-01
2.000000000000001776e-01
2.000029999999997088e-01
2.000029999999997088e-01
2.550410000000002952e-01
2.000000000000001776e-01
2.000039999999998486e-01
2.000009999999994292e-01
2.000040000000007367e-01
2.020369999999998001e-01
2.000020000000004572e-01
2.000010000000003174e-01
2.534159999999996415e-01
2.000020000000013454e-01
2.000030000000005970e-01
2.000130000000002184e-01
2.000039999999998486e-01
2.000019999999995690e-01
2.000029999999988206e-01
2.000010000000003174e-01
2.473080000000003054e-01
2.000030000000005970e-01
2.000010000000003174e-01
2.000039999999998486e-01
2.000010000000003174e-01
2.000000000000010658e-01
2.000019999999995690e-01
2.000039999999998486e-01
2.489179999999997506e-01
2.000019999999995690e-01
2.000030000000005970e-01
2.000030000000005970e-01
2.000030000000005970e-01
2.000039999999998486e-01
2.000000000000010658e-01
2.000010000000003174e-01
2.504900000000009896e-01
2.000010000000003174e-01
2.000039999999998486e-01
2.000010000000003174e-01
2.000039999999998486e-01
2.000039999999998486e-01
2.000010000000003174e-01
2.000000000000028422e-01
2.580680000000015184e-01
2.419030000000006453e-01
2.000019999999977927e-01
2.000039999999998486e-01
2.000039999999998486e-01
2.000089999999978829e-01
2.000000000000028422e-01
2.000010000000003174e-01
2.620520000000006178e-01
2.000029999999988206e-01
2.000000000000028422e-01
2.000039999999998486e-01
2.000039999999998486e-01
2.000030000000023733e-01
2.000029999999988206e-01
2.000039999999998486e-01
2.466749999999997556e-01
2.000010000000003174e-01
2.000039999999998486e-01
2.000010000000003174e-01
2.000039999999998486e-01
2.000019999999977927e-01
2.000029999999988206e-01
2.000030000000023733e-01
2.482009999999981176e-01
2.000020000000013454e-01
2.000019999999977927e-01
2.000029999999988206e-01
2.000030000000023733e-01
2.000010000000003174e-01
2.000000000000028422e-01
2.000009999999967647e-01
2.623500000000014154e-01
2.000009999999967647e-01
2.000029999999988206e-01
2.000010000000003174e-01
2.000020000000013454e-01
2.000029999999988206e-01
2.000039999999998486e-01
2.000010000000003174e-01
2.495729999999980464e-01
2.000030000000023733e-01
2.000029999999952679e-01
2.000000000000028422e-01
2.000010000000003174e-01
2.000010000000003174e-01
2.000010000000003174e-01
2.000019999999977927e-01
2.480339999999969791e-01
2.000039999999998486e-01
2.000019999999977927e-01
2.000019999999977927e-01
2.000030000000023733e-01
2.000039999999998486e-01
2.000019999999977927e-01
2.000010000000003174e-01
2.502649999999988495e-01
2.000039999999998486e-01
2.000019999999977927e-01
2.000010000000003174e-01
2.000029999999952679e-01
2.000039999999998486e-01
2.000010000000003174e-01
2.000009999999932120e-01
2.644500000000036266e-01
2.000000000000028422e-01
2.000019999999977927e-01
2.000039999999998486e-01
2.000039999999998486e-01
2.000010000000003174e-01
2.000000000000028422e-01
2.000030000000023733e-01
2.490069999999988681e-01
2.000020000000048981e-01
2.000020000000048981e-01
2.000030000000023733e-01
2.000010000000003174e-01
2.000010000000003174e-01
2.000010000000003174e-01
2.000019999999977927e-01
2.610320000000001528e-01
2.000010000000003174e-01
2.000029999999952679e-01
2.000020000000048981e-01
2.000039999999998486e-01
2.000030000000023733e-01
2.000019999999977927e-01
2.000000000000028422e-01
2.477110000000024570e-01
2.000010000000003174e-01
2.000010000000003174e-01
2.000019999999977927e-01
2.000060000000019045e-01
2.000130000000055475e-01
2.000010000000003174e-01
2.000019999999977927e-01
2.639640000000014197e-01
2.000030000000023733e-01
2.000030000000023733e-01
2.000020000000048981e-01
2.000030000000023733e-01
2.000030000000023733e-01
2.000010000000003174e-01
2.000000000000028422e-01
2.555819999999968672e-01
2.000039999999998486e-01
2.000010000000003174e-01
2.000039999999998486e-01
2.000000000000028422e-01
2.000010000000003174e-01
2.000000000000028422e-01
2.000000000000028422e-01
2.462099999999978195e-01
2.000010000000003174e-01
2.000000000000028422e-01
2.000019999999977927e-01
2.000039999999998486e-01
2.000020000000048981e-01
2.000019999999977927e-01
2.000010000000003174e-01
2.484510000000028640e-01
2.000009999999932120e-01
2.000019999999977927e-01
2.000030000000023733e-01
2.000010000000003174e-01
2.000039999999998486e-01
2.000030000000023733e-01
2.000069999999993797e-01
2.608209999999999695e-01
2.000020000000048981e-01
2.000029999999952679e-01
2.000010000000003174e-01
2.000030000000023733e-01
2.000030000000023733e-01
2.000030000000023733e-01
2.000039999999998486e-01
2.631659999999982347e-01
2.000020000000048981e-01
2.000010000000003174e-01
2.000039999999998486e-01
2.000029999999952679e-01
2.000000000000028422e-01
2.000010000000003174e-01
2.000000000000028422e-01
2.647869999999983293e-01
2.000010000000003174e-01
2.000029999999952679e-01
2.000000000000028422e-01
2.000019999999977927e-01
2.000010000000003174e-01
2.000020000000120035e-01
2.000009999999861066e-01
2.596049999999934244e-01
2.000010000000003174e-01
2.000010000000003174e-01
2.000000000000028422e-01
2.000000000000028422e-01
2.000000000000028422e-01
2.000029999999952679e-01
2.000010000000003174e-01
2.525760000000047967e-01
2.000019999999977927e-01
2.000010000000003174e-01
2.000040000000069540e-01
2.000019999999977927e-01
2.000010000000003174e-01
2.000019999999977927e-01
2.000030000000094788e-01
2.561400000000020327e-01
2.000010000000003174e-01
2.000020000000120035e-01
2.000019999999977927e-01
2.000030000000094788e-01
2.000000000000028422e-01
2.000000000000028422e-01
2.000000000000028422e-01
2.611629999999962592e-01
2.000010000000003174e-01
2.000030000000094788e-01
2.000049999999902184e-01
2.000029999999952679e-01
2.000010000000003174e-01
2.000010000000003174e-01
2.000020000000120035e-01
2.552720000000050504e-01
2.000000000000028422e-01
2.000000000000028422e-01
2.000000000000028422e-01
2.000010000000003174e-01
2.000030000000094788e-01
2.000010000000003174e-01
2.000010000000003174e-01
2.552349999999989905e-01
2.000019999999977927e-01
2.000019999999977927e-01
2.000029999999952679e-01
2.000030000000094788e-01
2.000020000000120035e-01
2.000000000000028422e-01
2.000019999999977927e-01
2.507640000000037617e-01
2.000030000000094788e-01
2.000030000000094788e-01
2.000000000000028422e-01
2.000039999999927431e-01
2.000000000000028422e-01
2.000029999999952679e-01
2.000000000000028422e-01
2.565290000000004511e-01
2.000010000000003174e-01
2.000019999999977927e-01
2.000010000000003174e-01
2.000019999999977927e-01
2.000019999999977927e-01
2.000039999999927431e-01
2.000010000000003174e-01
2.577809999999942647e-01
2.000029999999952679e-01
2.000019999999977927e-01
2.000030000000094788e-01
2.000019999999977927e-01
2.000010000000003174e-01
2.000019999999977927e-01
2.000019999999977927e-01
2.553240000000016607e-01
2.000010000000003174e-01
2.000039999999927431e-01
2.000019999999977927e-01
2.000019999999977927e-01
2.000019999999977927e-01
2.000019999999977927e-01
2.000019999999977927e-01
2.553750000000007958e-01
2.000000000000028422e-01
2.000019999999977927e-01
2.000019999999977927e-01
2.000019999999977927e-01
2.000010000000003174e-01
2.000010000000003174e-01
2.000030000000094788e-01
2.563859999999920092e-01
2.000029999999952679e-01
2.000379999999921665e-01
2.000030000000094788e-01
2.000010000000003174e-01
2.000010000000003174e-01
2.000010000000003174e-01
2.000000000000028422e-01
2.442819999999983338e-01
2.000079999999968550e-01
2.000010000000003174e-01
2.000029999999952679e-01
2.000030000000094788e-01
2.000020000000120035e-01
2.000030000000094788e-01
2.000029999999952679e-01
2.512159999999994398e-01
2.000000000000028422e-01
2.000010000000003174e-01
2.000019999999977927e-01
2.000029999999952679e-01
2.000019999999977927e-01
2.000000000000028422e-01
2.000010000000003174e-01
2.562649999999990769e-01
2.000000000000028422e-01
2.000000000000028422e-01
2.000000000000028422e-01
2.000010000000003174e-01
2.000029999999952679e-01
2.000020000000120035e-01
2.391590000000007876e-01
2.497589999999973998e-01
2.000010000000003174e-01
2.000030000000094788e-01
2.000029999999952679e-01
2.000010000000003174e-01
2.000000000000028422e-01
2.000030000000094788e-01
2.000010000000003174e-01
2.469569999999947640e-01
2.000019999999977927e-01
2.000010000000003174e-01
2.000010000000003174e-01
2.000010000000003174e-01
2.000000000000028422e-01
2.000029999999952679e-01
2.000020000000120035e-01
2.475989999999939073e-01
2.000030000000094788e-01
2.000029999999952679e-01
2.000019999999977927e-01
2.000010000000003174e-01
2.000000000000028422e-01
2.000030000000094788e-01
2.000019999999977927e-01
2.373899999999906640e-01
2.000030000000094788e-01
2.000000000000028422e-01
2.000029999999952679e-01
2.000019999999977927e-01
2.000019999999977927e-01
2.000030000000094788e-01
2.000019999999977927e-01
2.500559999999865113e-01
2.000029999999952679e-01
2.000000000000028422e-01
2.000020000000120035e-01
2.000029999999952679e-01
2.000000000000028422e-01
2.000019999999977927e-01
2.000029999999952679e-01
2.606020000000057735e-01
2.000019999999977927e-01
2.000039999999927431e-01
2.000029999999952679e-01
2.000010000000003174e-01
2.000019999999977927e-01
2.000029999999952679e-01
2.000010000000003174e-01
2.385879999999929169e-01
2.000019999999977927e-01
2.000030000000094788e-01
2.000029999999952679e-01
2.000010000000003174e-01
2.000019999999977927e-01
2.000010000000003174e-01
2.000030000000094788e-01
2.470280000000002474e-01
2.000030000000094788e-01
2.000019999999977927e-01
2.000029999999952679e-01
2.000000000000028422e-01
2.000029999999952679e-01
2.000029999999952679e-01
2.000019999999977927e-01
3.429739999999839029e-01
2.000010000000145283e-01
2.000000000000170530e-01
2.000030000000094788e-01
2.000010000000145283e-01
2.000040000000069540e-01
2.000020000000120035e-01
2.000000000000170530e-01
2.484039999999936299e-01
2.000020000000120035e-01
2.000030000000094788e-01
2.000010000000145283e-01
2.000019999999835818e-01
2.000030000000094788e-01
2.000019999999835818e-01
2.000040000000069540e-01
2.541640000000029431e-01
2.000009999999861066e-01
2.000030000000094788e-01
2.000030000000094788e-01
2.000039999999785323e-01
2.000010000000145283e-01
2.000010000000145283e-01
2.000000000000170530e-01
2.459010000000034779e-01
2.000019999999835818e-01
2.000029999999810570e-01
2.000019999999835818e-01
2.000019999999835818e-01
2.000010000000145283e-01
2.000009999999861066e-01
2.000010000000145283e-01
2.468839999999943302e-01
2.000040000000069540e-01
2.000470000000120763e-01
2.000009999999861066e-01
2.000029999999810570e-01
2.000010000000145283e-01
2.000040000000069540e-01
2.000019999999835818e-01
2.580499999999972260e-01
2.000009999999861066e-01
2.000020000000120035e-01
2.000030000000094788e-01
2.000039999999785323e-01
2.000039999999785323e-01
2.000010000000145283e-01
2.000019999999835818e-01
2.516569999999944685e-01
2.000039999999785323e-01
2.000019999999835818e-01
2.000009999999861066e-01
2.000000000000170530e-01
2.000019999999835818e-01
2.000030000000094788e-01
2.000039999999785323e-01
2.524999999999977263e-01
2.000000000000170530e-01
2.000040000000069540e-01
2.000009999999861066e-01
2.000019999999835818e-01
2.000019999999835818e-01
2.000019999999835818e-01
2.000020000000120035e-01
2.468680000000063046e-01
2.000010000000145283e-01
2.000030000000094788e-01
2.000040000000069540e-01
2.000029999999810570e-01
2.000000000000170530e-01
2.000019999999835818e-01
2.000040000000069540e-01
2.516569999999944685e-01
2.000040000000069540e-01
2.000019999999835818e-01
2.000030000000094788e-01
2.000009999999861066e-01
2.000010000000145283e-01
2.000040000000069540e-01
2.000019999999835818e-01
2.503230000000087330e-01
2.000020000000120035e-01
2.000030000000094788e-01
2.000010000000145283e-01
2.000050000000044292e-01
2.000000000000170530e-01
2.000000000000170530e-01
2.289869999999893935e-01
2.493920000000002801e-01
2.000000000000170530e-01
2.000000000000170530e-01
2.000020000000120035e-01
2.000030000000094788e-01
2.000020000000120035e-01
2.000010000000145283e-01
2.000000000000170530e-01
2.498280000000079326e-01
2.000030000000094788e-01
2.000020000000120035e-01
2.000089999999943302e-01
2.000040000000069540e-01
2.000019999999835818e-01
2.000030000000094788e-01
2.000019999999835818e-01
2.540479999999831762e-01
2.000000000000170530e-01
2.000000000000170530e-01
2.000009999999861066e-01
2.000030000000094788e-01
2.000039999999785323e-01
2.000040000000069540e-01
2.000009999999861066e-01
2.400049999999964712e-01
2.000019999999835818e-01
2.000029999999810570e-01
2.000020000000120035e-01
2.000009999999861066e-01
2.000029999999810570e-01
2.000019999999835818e-01
2.000020000000120035e-01
2.505160000000046239e-01
2.000029999999810570e-01
2.000010000000145283e-01
2.000010000000145283e-01
2.000029999999810570e-01
2.000009999999861066e-01
2.000039999999785323e-01
2.000030000000094788e-01
2.538850000000252294e-01
2.000020000000120035e-01
2.000040000000069540e-01
2.000019999999835818e-01
2.000030000000094788e-01
2.000020000000120035e-01
2.000020000000120035e-01
2.000009999999861066e-01
2.518860000000131549e-01
2.000009999999861066e-01
2.000010000000145283e-01
2.000019999999835818e-01
2.000040000000069540e-01
2.000019999999835818e-01
2.000009999999861066e-01
2.000029999999810570e-01
2.511899999999798183e-01
2.000030000000094788e-01
2.000010000000145283e-01
2.000020000000120035e-01
2.000019999999835818e-01
2.000029999999810570e-01
2.000030000000094788e-01
2.000009999999861066e-01
2.487869999999929860e-01
2.000010000000145283e-01
2.000040000000069540e-01
2.000019999999835818e-01
2.000019999999835818e-01
2.000010000000145283e-01
2.000030000000094788e-01
2.000030000000094788e-01
2.475859999999840966e-01
2.000010000000145283e-01
2.000030000000094788e-01
2.000000000000170530e-01
2.000029999999810570e-01
2.000039999999785323e-01
2.000010000000145283e-01
2.000019999999835818e-01
2.546160000000270429e-01
2.000030000000094788e-01
2.000009999999861066e-01
2.000020000000120035e-01
2.000010000000145283e-01
2.000000000000170530e-01
2.000019999999835818e-01
2.000030000000094788e-01
2.467479999999966367e-01
2.000019999999835818e-01
2.000009999999861066e-01
2.000010000000145283e-01
2.000040000000069540e-01
2.000020000000120035e-01
2.000029999999810570e-01
2.000009999999861066e-01
2.451470000000028904e-01
2.000030000000094788e-01
2.000009999999861066e-01
2.000009999999861066e-01
2.000030000000094788e-01
2.000000000000170530e-01
2.000030000000094788e-01
2.000010000000145283e-01
2.514370000000099026e-01
2.000029999999810570e-01
2.000019999999835818e-01
2.000029999999810570e-01
2.000030000000094788e-01
2.000040000000069540e-01
2.000020000000120035e-01
2.000000000000170530e-01
2.494709999999997763e-01
2.000030000000094788e-01
2.000039999999785323e-01
2.000020000000120035e-01
2.000040000000069540e-01
2.000020000000120035e-01
2.000009999999861066e-01
2.000009999999861066e-01
2.456320000000005166e-01
2.000000000000170530e-01
2.000000000000170530e-01
2.000000000000170530e-01
2.000029999999810570e-01
2.000029999999810570e-01
2.000040000000069540e-01
2.000030000000094788e-01
2.469040000000006785e-01
2.339619999999911215e-01
2.000020000000120035e-01
2.000010000000145283e-01
2.000030000000094788e-01
2.000019999999835818e-01
2.000040000000069540e-01
2.000020000000120035e-01
2.586390000000164946e-01
2.000019999999835818e-01
2.000030000000094788e-01
2.000039999999785323e-01
2.000000000000170530e-01
2.000000000000170530e-01
2.000010000000145283e-01
2.000010000000145283e-01
2.540529999999989741e-01
2.000010000000145283e-01
2.000029999999810570e-01
2.000030000000094788e-01
2.000039999999785323e-01
2.000030000000094788e-01
2.000000000000170530e-01
2.361310000000003129e-01
2.468479999999999563e-01
2.000020000000120035e-01
2.000000000000170530e-01
2.000030000000094788e-01
2.000040000000069540e-01
2.000029999999810570e-01
2.000039999999785323e-01
2.000050000000044292e-01
2.527039999999942665e-01
2.000010000000145283e-01
2.000020000000120035e-01
2.000030000000094788e-01
2.000040000000069540e-01
2.000000000000170530e-01
2.000020000000120035e-01
2.000029999999810570e-01
2.570069999999873289e-01
2.000039999999785323e-01
2.000000000000170530e-01
2.000000000000170530e-01
2.000009999999861066e-01
2.000009999999861066e-01
2.000019999999835818e-01
2.000019999999835818e-01
2.468159999999954834e-01
2.000010000000145283e-01
2.000030000000094788e-01
2.000009999999861066e-01
2.000040000000069540e-01
2.000009999999861066e-01
2.000010000000145283e-01
2.000010000000145283e-01
2.474300000000084765e-01
2.000030000000094788e-01
2.000020000000120035e-01
2.000029999999810570e-01
2.000019999999835818e-01
2.000039999999785323e-01
2.000009999999861066e-01
2.000000000000170530e-01
2.532219999999938409e-01
2.000010000000145283e-01
2.000030000000094788e-01
2.000009999999861066e-01
2.000000000000170530e-01
2.000000000000170530e-01
2.000039999999785323e-01
2.000020000000120035e-01
2.475990000000081181e-01
2.000030000000094788e-01
2.000029999999810570e-01
2.000040000000069540e-01
2.000000000000170530e-01
2.000019999999835818e-01
2.000030000000094788e-01
2.000010000000145283e-01
2.518469999999979336e-01
2.000030000000094788e-01
2.000029999999810570e-01
2.000019999999835818e-01
2.000039999999785323e-01
2.000000000000170530e-01
2.000030000000094788e-01
2.000009999999861066e-01
2.491630000000100154e-01
2.000019999999835818e-01
2.000019999999835818e-01
2.000020000000120035e-01
2.000030000000094788e-01
2.000009999999861066e-01
2.000020000000120035e-01
2.000009999999861066e-01
2.427219999999863376e-01
2.000010000000145283e-01
2.000010000000145283e-01
2.000019999999835818e-01
2.000010000000145283e-01
2.000010000000145283e-01
2.000020000000120035e-01
2.000040000000069540e-01
2.509039999999913562e-01
2.000000000000170530e-01
2.000000000000170530e-01
2.000009999999861066e-01
2.000000000000170530e-01
2.000029999999810570e-01
2.000030000000094788e-01
2.000000000000170530e-01
2.481640000000027158e-01
2.000000000000170530e-01
2.000009999999861066e-01
2.000009999999861066e-01
2.000040000000069540e-01
2.000030000000094788e-01
2.000040000000069540e-01
2.000030000000094788e-01
2.603860000000111086e-01
2.000000000000170530e-01
2.000020000000120035e-01
2.000040000000069540e-01
2.000009999999861066e-01
2.000019999999835818e-01
2.000020000000120035e-01
2.000019999999835818e-01
2.477389999999957126e-01
2.000029999999810570e-01
2.000019999999835818e-01
2.000040000000069540e-01
2.000020000000120035e-01
2.000019999999835818e-01
2.000019999999835818e-01
2.000000000000170530e-01
2.488669999999899574e-01
2.000000000000170530e-01
2.000030000000094788e-01
2.000010000000145283e-01
2.000000000000170530e-01
2.000019999999835818e-01
2.000010000000145283e-01
2.000009999999861066e-01
2.536880000000110158e-01
2.000000000000170530e-01
2.000039999999785323e-01
2.000040000000069540e-01
2.000020000000120035e-01
2.000009999999861066e-01
2.000030000000094788e-01
2.000009999999861066e-01
2.474679999999978008e-01
2.426150000000006912e-01
2.000030000000094788e-01
2.000030000000094788e-01
2.000029999999810570e-01
2.000009999999861066e-01
2.000020000000120035e-01
2.000009999999861066e-01
2.442880000000116070e-01
2.000019999999835818e-01
2.000029999999810570e-01
2.000010000000145283e-01
2.000019999999835818e-01
2.000020000000120035e-01
2.000030000000094788e-01
2.000029999999810570e-01
2.459399999999902775e-01
2.000000000000170530e-01
2.000010000000145283e-01
2.000019999999835818e-01
2.000010000000145283e-01
2.000009999999861066e-01
2.000039999999785323e-01
2.000000000000170530e-01
2.506089999999971951e-01
2.000020000000404252e-01
2.000000000000454747e-01
2.000010000000429500e-01
2.000039999999785323e-01
2.000040000000353757e-01
2.000009999999861066e-01
2.000039999999785323e-01
2.577570000000264372e-01
2.000010000000429500e-01
2.000029999999810570e-01
2.000009999999861066e-01
2.000000000000454747e-01
2.000029999999810570e-01
2.000029999999810570e-01
2.000000000000454747e-01
2.519110000000068794e-01
2.000030000000379005e-01
2.000020000000404252e-01
2.000040000000353757e-01
2.000019999999835818e-01
2.000009999999861066e-01
2.000029999999810570e-01
2.000039999999785323e-01
2.562080000000150903e-01
2.000039999999785323e-01
2.000029999999810570e-01
2.000009999999861066e-01
2.000029999999810570e-01
2.000039999999785323e-01
2.000030000000379005e-01
2.000010000000429500e-01
2.491810000000214131e-01
2.000029999999810570e-01
2.000039999999785323e-01
2.000029999999810570e-01
2.000039999999785323e-01
2.000019999999835818e-01
2.000009999999861066e-01
2.000009999999861066e-01
2.513460000000122818e-01
2.000009999999861066e-01
2.000010000000429500e-01
2.000009999999861066e-01
2.000020000000404252e-01
2.000019999999835818e-01
2.000009999999861066e-01
2.000020000000404252e-01
2.477109999999811407e-01
2.000000000000454747e-01
2.000009999999861066e-01
2.000009999999861066e-01
2.000029999999810570e-01
2.000039999999785323e-01
2.000019999999835818e-01
2.000009999999861066e-01
2.554879999999570828e-01
2.000039999999785323e-01
2.000029999999810570e-01
2.000039999999785323e-01
2.000029999999810570e-01
2.000039999999785323e-01
2.000040000000353757e-01
2.000039999999785323e-01
2.519070000000169784e-01
2.000009999999861066e-01
2.000010000000429500e-01
2.000009999999861066e-01
2.000019999999835818e-01
2.000009999999861066e-01
2.000009999999861066e-01
2.000009999999861066e-01
2.483459999999695356e-01
2.000039999999785323e-01
2.000010000000429500e-01
2.000009999999861066e-01
2.000029999999810570e-01
2.000020000000404252e-01
2.000040000000353757e-01
2.000020000000404252e-01
2.539280000000303517e-01
2.000010000000429500e-01
2.000029999999810570e-01
2.000009999999861066e-01
2.000029999999810570e-01
2.000019999999835818e-01
2.000020000000404252e-01
2.000010000000429500e-01
2.416240000000016153e-01
2.000009999999861066e-01
2.000000000000454747e-01
2.000019999999835818e-01
2.000020000000404252e-01
2.000010000000429500e-01
2.000010000000429500e-01
2.000020000000404252e-01
2.538220000000137588e-01
2.000019999999835818e-01
2.000019999999835818e-01
2.000039999999785323e-01
2.000040000000353757e-01
2.000029999999810570e-01
2.000030000000379005e-01
2.000009999999861066e-01
2.518729999999891334e-01
2.000029999999810570e-01
2.000009999999861066e-01
2.000030000000379005e-01
2.000009999999861066e-01
2.000029999999810570e-01
2.000029999999810570e-01
2.000029999999810570e-01
2.567900000000236105e-01
2.000029999999810570e-01
2.000009999999861066e-01
2.000009999999861066e-01
2.000029999999810570e-01
2.000020000000404252e-01
2.000029999999810570e-01
2.000039999999785323e-01
2.534310000000346008e-01
2.000009999999861066e-01
2.000040000000353757e-01
2.000029999999810570e-01
2.000009999999861066e-01
2.000039999999785323e-01
2.000030000000379005e-01
2.000040000000353757e-01
2.560699999999656029e-01
2.000029999999810570e-01
2.000009999999861066e-01
2.000039999999785323e-01
2.000030000000379005e-01
2.000020000000404252e-01
2.000009999999861066e-01
2.000010000000429500e-01
2.468969999999899301e-01
2.000000000000454747e-01
2.000029999999810570e-01
2.000039999999785323e-01
2.000009999999861066e-01
2.000020000000404252e-01
2.000029999999810570e-01
2.000039999999785323e-01
2.532489999999825159e-01
2.000009999999861066e-01
2.000019999999835818e-01
2.000009999999861066e-01
2.000039999999785323e-01
2.000039999999785323e-01
2.377009999999586398e-01
2.000009999999861066e-01
2.471440000000484360e-01
2.000010000000429500e-01
2.000040000000353757e-01
2.000029999999810570e-01
2.000019999999835818e-01
2.000019999999835818e-01
2.000019999999835818e-01
2.000019999999835818e-01
2.495289999999954489e-01
2.000010000000429500e-01
2.000000000000454747e-01
2.000029999999810570e-01
2.000020000000404252e-01
2.000009999999861066e-01
2.000019999999835818e-01
2.000030000000379005e-01
2.565950000000043474e-01
2.000019999999835818e-01
2.000029999999810570e-01
2.000029999999810570e-01
2.000030000000379005e-01
2.000009999999861066e-01
2.000030000000379005e-01
2.000040000000353757e-01
2.545059999999921274e-01
2.000010000000429500e-01
2.000029999999810570e-01
2.000039999999785323e-01
2.000009999999861066e-01
2.000010000000429500e-01
2.000029999999810570e-01
2.000019999999835818e-01
2.519689999999741303e-01
2.000010000000429500e-01
2.000019999999835818e-01
2.000009999999861066e-01
2.000019999999835818e-01
2.000009999999861066e-01
2.000050000000328509e-01
2.000040000000353757e-01
2.606470000000058462e-01
2.000069999999709580e-01
2.000019999999835818e-01
2.000019999999835818e-01
2.000030000000379005e-01
2.000029999999810570e-01
2.000010000000429500e-01
2.000030000000379005e-01
2.529109999999832326e-01
2.000019999999835818e-01
2.000039999999785323e-01
2.000029999999810570e-01
2.000009999999861066e-01
2.000029999999810570e-01
2.000009999999861066e-01
2.000009999999861066e-01
2.615529999999921529e-01
2.000010000000429500e-01
2.000009999999861066e-01
2.000010000000429500e-01
2.000000000000454747e-01
2.000019999999835818e-01
2.000029999999810570e-01
2.000009999999861066e-01
2.546140000000036707e-01
2.000019999999835818e-01
2.000040000000353757e-01
2.000000000000454747e-01
2.000019999999835818e-01
2.000019999999835818e-01
2.000039999999785323e-01
2.000009999999861066e-01
2.452169999999682659e-01
2.000029999999810570e-01
2.000029999999810570e-01
2.000009999999861066e-01
2.000009999999861066e-01
2.000009999999861066e-01
2.000009999999861066e-01
2.000019999999835818e-01
2.462620000000015352e-01
2.000009999999861066e-01
2.000030000000379005e-01
2.000029999999810570e-01
2.000009999999861066e-01
2.000019999999835818e-01
2.000030000000379005e-01
2.000019999999835818e-01
2.496879999999919164e-01
2.000030000000379005e-01
2.000009999999861066e-01
2.000019999999835818e-01
2.000009999999861066e-01
2.000020000000404252e-01
2.000010000000429500e-01
2.000040000000353757e-01
2.516379999999571737e-01
2.000039999999785323e-01
2.000029999999810570e-01
2.000019999999835818e-01
2.000029999999810570e-01
2.000029999999810570e-01
2.000019999999835818e-01
2.000039999999785323e-01
2.539540000000215514e-01
2.000039999999785323e-01
2.000010000000429500e-01
2.000039999999785323e-01
2.000020000000404252e-01
2.000030000000379005e-01
2.000030000000379005e-01
2.000000000000454747e-01
2.534809999999652064e-01
2.000030000000379005e-01
2.000039999999785323e-01
2.000040000000353757e-01
2.000000000000454747e-01
2.000030000000379005e-01
2.000019999999835818e-01
2.000029999999810570e-01
2.566439999999943211e-01
2.000009999999861066e-01
2.000009999999861066e-01
2.000009999999861066e-01
2.000020000000404252e-01
2.000029999999810570e-01
2.000029999999810570e-01
2.000019999999835818e-01
2.477650000000153341e-01
2.000050000000328509e-01
2.000009999999861066e-01
2.000039999999785323e-01
2.000039999999785323e-01
2.000039999999785323e-01
2.000019999999835818e-01
2.000010000000429500e-01
2.373269999999934043e-01
2.000009999999861066e-01
2.000039999999785323e-01
2.000009999999861066e-01
2.000030000000379005e-01
2.000020000000404252e-01
2.000020000000404252e-01
2.000029999999810570e-01
2.454569999999876018e-01
2.000029999999810570e-01
2.000009999999861066e-01
2.000029999999810570e-01
2.000039999999785323e-01
2.000039999999785323e-01
2.000010000000429500e-01
2.000019999999835818e-01
2.469730000000254222e-01
2.000020000000404252e-01
2.000009999999861066e-01
2.000029999999810570e-01
2.000040000000353757e-01
2.000029999999810570e-01
2.000040000000353757e-01
2.000019999999835818e-01
2.494599999999991269e-01
2.000039999999785323e-01
2.000029999999810570e-01
2.000039999999785323e-01
2.000009999999861066e-01
2.000020000000404252e-01
2.000029999999810570e-01
2.000010000000429500e-01
2.601479999999583015e-01
2.416830000000231848e-01
2.000030000000379005e-01
2.000010000000429500e-01
2.000010000000429500e-01
2.000030000000379005e-01
2.000009999999861066e-01
2.000009999999861066e-01
2.513889999999605607e-01
2.000009999999861066e-01
2.000030000000379005e-01
2.000040000000353757e-01
2.000009999999861066e-01
2.000040000000353757e-01
2.000009999999861066e-01
2.000029999999810570e-01
2.529920000000061009e-01
2.000010000000429500e-01
2.000009999999861066e-01
2.000039999999785323e-01
2.000019999999835818e-01
2.000009999999861066e-01
2.000020000000404252e-01
2.000030000000379005e-01
2.612660000000346372e-01
2.000030000000379005e-01
2.000019999999835818e-01
2.000030000000379005e-01
2.000030000000379005e-01
2.000040000000353757e-01
2.000039999999785323e-01
2.000019999999835818e-01
2.591019999999844003e-01
2.000030000000379005e-01
2.000029999999810570e-01
2.000010000000429500e-01
2.000009999999861066e-01
2.000029999999810570e-01
2.000039999999785323e-01
2.000009999999861066e-01
2.565250000000105501e-01
2.000009999999861066e-01
2.000010000000429500e-01
2.000009999999861066e-01
2.000029999999810570e-01
2.000019999999835818e-01
2.000019999999835818e-01
2.000019999999835818e-01
3.163359999999784122e-01
2.000010000000429500e-01
2.000010000000429500e-01
2.000009999999861066e-01
2.000020000000404252e-01
2.000009999999861066e-01
2.000019999999835818e-01
2.000019999999835818e-01
2.519770000000107757e-01
2.000009999999861066e-01
2.000040000000353757e-01
2.000039999999785323e-01
2.000030000000379005e-01
2.000019999999835818e-01
2.000010000000429500e-01
2.000000000000454747e-01
2.497650000000248838e-01
2.000039999999785323e-01
2.000019999999835818e-01
2.000029999999810570e-01
2.000019999999835818e-01
2.000070000000278014e-01
2.000019999999835818e-01
2.000019999999835818e-01
2.576229999999668507e-01
2.000009999999861066e-01
2.000039999999785323e-01
2.000030000000379005e-01
2.000039999999785323e-01
2.000019999999835818e-01
2.000020000000404252e-01
2.000029999999810570e-01
2.512800000000083855e-01
2.000009999999861066e-01
2.000039999999785323e-01
2.000039999999785323e-01
2.000019999999835818e-01
2.000039999999785323e-01
2.000009999999861066e-01
2.000000000000454747e-01
2.468330000000378277e-01
2.000009999999861066e-01
2.000009999999861066e-01
2.000009999999861066e-01
2.000020000000404252e-01
2.000020000000404252e-01
2.000000000000454747e-01
2.000010000000429500e-01
2.523230000000467044e-01
2.000019999999835818e-01
2.000029999999810570e-01
2.000000000000454747e-01
2.000019999999835818e-01
2.000019999999835818e-01
2.000029999999810570e-01
2.000030000000379005e-01
2.446130000000152904e-01
2.000039999999785323e-01
2.000029999999810570e-01
2.000009999999861066e-01
2.000019999999835818e-01
2.000020000000404252e-01
2.000009999999861066e-01
2.000019999999835818e-01
2.467279999999618667e-01
2.000029999999810570e-01
2.000019999999835818e-01
2.000009999999861066e-01
2.000019999999835818e-01
2.000009999999861066e-01
2.000039999999785323e-01
2.000009999999861066e-01
2.490500000000110958e-01
2.000040000000353757e-01
2.000029999999810570e-01
2.000039999999785323e-01
2.000039999999785323e-01
2.000019999999835818e-01
2.000039999999785323e-01
2.000000000000454747e-01
2.549389999999789325e-01
2.000039999999785323e-01
2.000040000000353757e-01
2.000029999999810570e-01
2.000020000000404252e-01
2.000009999999861066e-01
2.000019999999835818e-01
2.000000000000454747e-01
2.484330000000340988e-01
2.000029999999810570e-01
2.000039999999785323e-01
2.000030000000379005e-01
2.000029999999810570e-01
2.000039999999785323e-01
2.000029999999810570e-01
2.000019999999835818e-01
2.451180000000476866e-01
2.000030000000379005e-01
2.000009999999861066e-01
2.000019999999835818e-01
2.000039999999785323e-01
2.000029999999810570e-01
2.000029999999810570e-01
2.000029999999810570e-01
2.483019999999669380e-01
2.000019999999835818e-01
2.000019999999835818e-01
2.000039999999785323e-01
2.000019999999835818e-01
2.000010000000429500e-01
2.000040000000353757e-01
2.000019999999835818e-01
2.537670000000389336e-01
2.000009999999861066e-01
2.000030000000379005e-01
2.000009999999861066e-01
2.000029999999810570e-01
2.000039999999785323e-01
2.000040000000353757e-01
2.000009999999861066e-01
2.542200000000320870e-01
2.000009999999861066e-01
2.000000000000454747e-01
2.000009999999861066e-01
2.000029999999810570e-01
2.000009999999861066e-01
2.000009999999861066e-01
2.000029999999810570e-01
2.625990000000228974e-01
2.000030000000379005e-01
2.000009999999861066e-01
2.000000000000454747e-01
2.000039999999785323e-01
2.000009999999861066e-01
2.000030000000379005e-01
2.000039999999785323e-01
2.531390000000328655e-01
2.000020000000404252e-01
2.000009999999861066e-01
2.000029999999810570e-01
2.000009999999861066e-01
2.000009999999861066e-01
2.000039999999785323e-01
2.000019999999835818e-01
2.586600000000203181e-01
2.000019999999835818e-01
2.000020000000404252e-01
2.000009999999861066e-01
2.000029999999810570e-01
2.000020000000404252e-01
2.000009999999861066e-01
2.000019999999835818e-01
2.437450000000467298e-01
2.000000000000454747e-01
2.000029999999810570e-01
2.000039999999785323e-01
2.000039999999785323e-01
2.000009999999861066e-01
2.000039999999785323e-01
2.000029999999810570e-01
2.465070000000082473e-01
2.000019999999835818e-01
2.000039999999785323e-01
2.000019999999835818e-01
2.000009999999861066e-01
2.000029999999810570e-01
2.000019999999835818e-01
2.000019999999835818e-01
2.451950000000238106e-01
2.000010000000429500e-01
2.000039999999785323e-01
2.000019999999835818e-01
2.000010000000429500e-01
2.000019999999835818e-01
2.000019999999835818e-01
2.000099999999633837e-01
2.490149999999857755e-01
2.000039999999785323e-01
2.000019999999835818e-01
2.000009999999861066e-01
2.000019999999835818e-01
2.000029999999810570e-01
2.000029999999810570e-01
2.000009999999861066e-01
2.494940000000269720e-01
2.000020000000404252e-01
2.000019999999835818e-01
2.000019999999835818e-01
2.000009999999861066e-01
2.000030000000379005e-01
2.000009999999861066e-01
2.000019999999835818e-01
2.502109999999788670e-01
2.000029999999810570e-01
2.000029999999810570e-01
2.000030000000379005e-01
2.000040000000353757e-01
2.000020000000404252e-01
2.000019999999835818e-01
2.000030000000379005e-01
2.546219999999834727e-01
2.000039999999785323e-01
2.000029999999810570e-01
2.000030000000379005e-01
2.000009999999861066e-01
2.000040000000353757e-01
2.000009999999861066e-01
2.000019999999835818e-01
2.432640000000105829e-01
2.000039999999785323e-01
2.000020000000404252e-01
2.000029999999810570e-01
2.000029999999810570e-01
2.000019999999835818e-01
2.000010000000429500e-01
2.000030000000379005e-01
2.462409999999977117e-01
2.000009999999861066e-01
2.000020000000404252e-01
2.000029999999810570e-01
2.000000000000454747e-01
2.000020000000404252e-01
2.000040000000353757e-01
2.000039999999785323e-01
2.529559999999833053e-01
2.000019999999835818e-01
2.000029999999810570e-01
2.000019999999835818e-01
2.000039999999785323e-01
2.000039999999785323e-01
2.000000000000454747e-01
2.000020000000404252e-01
2.471270000000345135e-01
2.000020000000404252e-01
2.000029999999810570e-01
2.000020000000404252e-01
2.000029999999810570e-01
2.000039999999785323e-01
2.000009999999861066e-01
2.000030000000379005e-01
2.533809999999903084e-01
2.000019999999835818e-01
2.000000000000454747e-01
2.000029999999810570e-01
2.000020000000404252e-01
2.000030000000379005e-01
2.000030000000379005e-01
2.000019999999835818e-01
2.367959999999698084e-01
2.000019999999835818e-01
2.000010000000429500e-01
2.000029999999810570e-01
2.000009999999861066e-01
2.000029999999810570e-01
2.000029999999810570e-01
2.000019999999835818e-01
2.583379999999806387e-01
2.000009999999861066e-01
2.000020000000404252e-01
2.000029999999810570e-01
2.000039999999785323e-01
2.000019999999835818e-01
2.000040000000353757e-01
2.000039999999785323e-01
2.484370000000239997e-01
2.000019999999835818e-01
2.000019999999835818e-01
2.000010000000429500e-01
2.000030000000379005e-01
2.000039999999785323e-01
2.000020000000404252e-01
2.000029999999810570e-01
2.482139999999617430e-01
2.000009999999861066e-01
2.000029999999810570e-01
2.000039999999785323e-01
2.000019999999835818e-01
2.000019999999835818e-01
2.000019999999835818e-01
2.000009999999861066e-01
2.490490000000136206e-01
2.000009999999861066e-01
2.000019999999835818e-01
2.000040000000353757e-01
2.000029999999810570e-01
2.000019999999835818e-01
2.000009999999861066e-01
2.000010000000429500e-01
2.530129999999530810e-01
2.000029999999810570e-01
2.000009999999861066e-01
2.000010000000429500e-01
2.000000000000454747e-01
2.000029999999810570e-01
2.000029999999810570e-01
2.000029999999810570e-01
2.435060000000248692e-01
2.000030000000379005e-01
2.000039999999785323e-01
2.000010000000429500e-01
2.000009999999861066e-01
2.000029999999810570e-01
2.000029999999810570e-01
2.000059999999734828e-01
2.537639999999896645e-01
2.000030000000379005e-01
2.000039999999785323e-01
2.000020000000404252e-01
2.000009999999861066e-01
2.000020000000404252e-01
2.000030000000379005e-01
2.000009999999861066e-01
2.492500000000177351e-01
2.000009999999861066e-01
2.000010000000429500e-01
2.000019999999835818e-01
2.000029999999810570e-01
2.000029999999810570e-01
2.000039999999785323e-01
2.000020000000404252e-01
2.527069999999866923e-01
2.000010000000429500e-01
2.000039999999785323e-01
2.000009999999861066e-01
2.000019999999835818e-01
2.000000000000454747e-01
2.000029999999810570e-01
2.000009999999861066e-01
2.477430000000140353e-01
2.000019999999835818e-01
2.000019999999835818e-01
2.000029999999810570e-01
2.000020000000404252e-01
2.000010000000429500e-01
2.000029999999810570e-01
2.000030000000379005e-01
2.516070000000354412e-01
2.000009999999861066e-01
2.000029999999810570e-01
2.000020000000404252e-01
2.000009999999861066e-01
2.000039999999785323e-01
2.000029999999810570e-01
2.000039999999785323e-01
2.576639999999770225e-01
2.000039999999785323e-01
2.000000000000454747e-01
2.000000000000454747e-01
2.000040000000353757e-01
2.000030000000379005e-01
2.000009999999861066e-01
2.000009999999861066e-01
2.517459999999687170e-01
2.000009999999861066e-01
2.000009999999861066e-01
2.000019999999835818e-01
2.000019999999835818e-01
2.000020000000404252e-01
2.000019999999835818e-01
2.000000000000454747e-01
2.548230000000444306e-01
2.000000000000454747e-01
2.000030000000379005e-01
2.000030000000379005e-01
2.000009999999861066e-01
2.000030000000379005e-01
2.000020000000404252e-01
2.000039999999785323e-01
2.557029999999826941e-01
2.000030000000379005e-01
2.000000000000454747e-01
2.000019999999835818e-01
2.000009999999861066e-01
2.000029999999810570e-01
2.000039999999785323e-01
2.000029999999810570e-01
2.502299999999877400e-01
2.000040000000353757e-01
2.000020000000404252e-01
2.000010000000429500e-01
2.000030000000379005e-01
2.000019999999835818e-01
2.000019999999835818e-01
2.000039999999785323e-01
2.535879999999792744e-01
2.000029999999810570e-01
2.000040000000353757e-01
2.000029999999810570e-01
2.000019999999835818e-01
2.000019999999835818e-01
2.000019999999835818e-01
2.000000000000454747e-01
2.421090000000276632e-01
2.000020000000404252e-01
2.000010000000429500e-01
2.000049999999760075e-01
2.000039999999785323e-01
2.000019999999835818e-01
2.000039999999785323e-01
2.000009999999861066e-01
2.581579999999803476e-01
2.000020000000404252e-01
2.000030000000379005e-01
2.000019999999835818e-01
2.000039999999785323e-01
2.000029999999810570e-01
2.000009999999861066e-01
2.000029999999810570e-01
2.521009999999819229e-01
2.000019999999835818e-01
2.000009999999861066e-01
2.000010000000429500e-01
2.000009999999861066e-01
2.000029999999810570e-01
2.000019999999835818e-01
2.000009999999861066e-01
2.510199999999827014e-01
2.000019999999835818e-01
2.000040000000353757e-01
2.000010000000429500e-01
2.000010000000429500e-01
2.000020000000404252e-01
2.000000000000454747e-01
2.000020000000404252e-01
2.521540000000186410e-01
2.000000000000454747e-01
2.000009999999292631e-01
2.000010000000429500e-01
2.000009999999292631e-01
2.000009999999292631e-01
2.000020000000404252e-01
2.000000000000454747e-01
2.502550000000383079e-01
2.000019999999267384e-01
2.000039999999216889e-01
2.000020000000404252e-01
2.000039999999216889e-01
2.000000000000454747e-01
2.000020000000404252e-01
2.000029999999242136e-01
2.487039999999751672e-01
2.000000000000454747e-01
2.000000000000454747e-01
2.000000000000454747e-01
2.000019999999267384e-01
2.000030000000379005e-01
2.000010000000429500e-01
2.000000000000454747e-01
2.498190000000022337e-01
2.000010000000429500e-01
2.000000000000454747e-01
2.000030000000379005e-01
2.000009999999292631e-01
2.000030000000379005e-01
2.000010000000429500e-01
2.000010000000429500e-01
2.517389999999295469e-01
2.000030000000379005e-01
2.000030000000379005e-01
2.000020000000404252e-01
2.000040000000353757e-01
2.000029999999242136e-01
2.000000000000454747e-01
2.000009999999292631e-01
2.570090000000391228e-01
2.000000000000454747e-01
2.000009999999292631e-01
2.000029999999242136e-01
2.000029999999242136e-01
2.000009999999292631e-01
2.000039999999216889e-01
2.000030000000379005e-01
2.534340000000838700e-01
2.000010000000429500e-01
2.000000000000454747e-01
2.000000000000454747e-01
2.000030000000379005e-01
2.000000000000454747e-01
2.000009999999292631e-01
2.000010000000429500e-01
2.443190000000186046e-01
2.000030000000379005e-01
2.000009999999292631e-01
2.000000000000454747e-01
2.000000000000454747e-01
2.000020000000404252e-01
2.000009999999292631e-01
2.000020000000404252e-01
2.432260000000496802e-01
2.000030000000379005e-01
2.000010000000429500e-01
2.000009999999292631e-01
2.000030000000379005e-01
2.000000000000454747e-01
2.000039999999216889e-01
2.000010000000429500e-01
2.559019999999918582e-01
2.000040000000353757e-01
2.000029999999242136e-01
2.000000000000454747e-01
2.000030000000379005e-01
2.000009999999292631e-01
2.000019999999267384e-01
2.000020000000404252e-01
2.479959999999437059e-01
2.000000000000454747e-01
2.000039999999216889e-01
2.000030000000379005e-01
2.000010000000429500e-01
2.000000000000454747e-01
2.000010000000429500e-01
2.000030000000379005e-01
2.499040000000150030e-01
2.000020000000404252e-01
2.000010000000429500e-01
2.000010000000429500e-01
2.000010000000429500e-01
2.000109999999040156e-01
2.000029999999242136e-01
2.000020000000404252e-01
2.489779999999655047e-01
2.000040000000353757e-01
2.000020000000404252e-01
2.000029999999242136e-01
2.000000000000454747e-01
2.000000000000454747e-01
2.000039999999216889e-01
2.000009999999292631e-01
2.571659999999837964e-01
2.000020000000404252e-01
2.000000000000454747e-01
2.000029999999242136e-01
2.000010000000429500e-01
2.000030000000379005e-01
2.000039999999216889e-01
2.000010000000429500e-01
2.495000000000118234e-01
2.000029999999242136e-01
2.000009999999292631e-01
2.000020000000404252e-01
2.000020000000404252e-01
2.000039999999216889e-01
2.000019999999267384e-01
2.000009999999292631e-01
2.594159999999874344e-01
2.000000000000454747e-01
2.000020000000404252e-01
2.000000000000454747e-01
2.000019999999267384e-01
2.000020000000404252e-01
2.000010000000429500e-01
2.000030000000379005e-01
2.533260000000154832e-01
2.000029999999242136e-01
2.000040000000353757e-01
2.000000000000454747e-01
2.000020000000404252e-01
2.000009999999292631e-01
2.000010000000429500e-01
2.000010000000429500e-01
2.560700000000224463e-01
2.000029999999242136e-01
2.000039999999216889e-01
2.000019999999267384e-01
2.000029999999242136e-01
2.000000000000454747e-01
2.000009999999292631e-01
2.000010000000429500e-01
2.567930000000160362e-01
2.000020000000404252e-01
2.000039999999216889e-01
2.000010000000429500e-01
2.000010000000429500e-01
2.000009999999292631e-01
2.000030000000379005e-01
2.000020000000404252e-01
2.525780000000850123e-01
2.000029999999242136e-01
2.000000000000454747e-01
2.000029999999242136e-01
2.000010000000429500e-01
2.000000000000454747e-01
2.000040000000353757e-01
2.000020000000404252e-01
2.537289999999075008e-01
2.000000000000454747e-01
2.000009999999292631e-01
2.000010000000429500e-01
2.000010000000429500e-01
2.000039999999216889e-01
2.000020000000404252e-01
2.000010000000429500e-01
2.505099999999629290e-01
2.000020000000404252e-01
2.000020000000404252e-01
2.000010000000429500e-01
2.000040000000353757e-01
2.000020000000404252e-01
2.000009999999292631e-01
2.000009999999292631e-01
2.500730000000430664e-01
2.000029999999242136e-01
2.000010000000429500e-01
2.000020000000404252e-01
2.000020000000404252e-01
2.000040000000353757e-01
2.000039999999216889e-01
2.000020000000404252e-01
2.485199999999849751e-01
2.000019999999267384e-01
2.000020000000404252e-01
2.000009999999292631e-01
2.000010000000429500e-01
2.000030000000379005e-01
2.000020000000404252e-01
2.000039999999216889e-01
2.400039999999989959e-01
2.000030000000379005e-01
2.000010000000429500e-01
2.000020000000404252e-01
2.000019999999267384e-01
2.000029999999242136e-01
2.000029999999242136e-01
2.000030000000379005e-01
2.524310000000014043e-01
2.000069999999141146e-01
2.000029999999242136e-01
2.000030000000379005e-01
2.000029999999242136e-01
2.000000000000454747e-01
2.000010000000429500e-01
2.000010000000429500e-01
2.525249999999914507e-01
2.000020000000404252e-01
2.000030000000379005e-01
2.000030000000379005e-01
2.000010000000429500e-01
2.000000000000454747e-01
2.000000000000454747e-01
2.000020000000404252e-01
2.470579999999245047e-01
2.000010000000429500e-01
2.000000000000454747e-01
2.000030000000379005e-01
2.000000000000454747e-01
2.000029999999242136e-01
2.000009999999292631e-01
2.000019999999267384e-01
2.500540000000910368e-01
2.000029999999242136e-01
2.000020000000404252e-01
2.000009999999292631e-01
2.000010000000429500e-01
2.000030000000379005e-01
2.000029999999242136e-01
2.000030000000379005e-01
2.541499999999814463e-01
2.000040000000353757e-01
2.000009999999292631e-01
2.000009999999292631e-01
2.000039999999216889e-01
2.000009999999292631e-01
2.000000000000454747e-01
2.000009999999292631e-01
2.430219999999962965e-01
2.000000000000454747e-01
2.000020000000404252e-01
2.000019999999267384e-01
2.000039999999216889e-01
2.000009999999292631e-01
2.000010000000429500e-01
2.000029999999242136e-01
2.564859999999953288e-01
2.000010000000429500e-01
2.000019999999267384e-01
2.000010000000429500e-01
2.000019999999267384e-01
2.000030000000379005e-01
2.000000000000454747e-01
2.000010000000429500e-01
2.601530000000593645e-01
2.000020000000404252e-01
2.000020000000404252e-01
2.000009999999292631e-01
2.000030000000379005e-01
2.000030000000379005e-01
2.000019999999267384e-01
2.000009999999292631e-01
2.530390000000579676e-01
2.000030000000379005e-01
2.000030000000379005e-01
2.000029999999242136e-01
2.000030000000379005e-01
2.000000000000454747e-01
2.000010000000429500e-01
2.000039999999216889e-01
2.501679999999169013e-01
2.000010000000429500e-01
2.000030000000379005e-01
2.000039999999216889e-01
2.000030000000379005e-01
2.000020000000404252e-01
2.000010000000429500e-01
2.000020000000404252e-01
2.634090000000242071e-01
2.000000000000454747e-01
2.000020000000404252e-01
2.000009999999292631e-01
2.000020000000404252e-01
2.000019999999267384e-01
2.000019999999267384e-01
2.000029999999242136e-01
2.531680000000733344e-01
2.000009999999292631e-01
2.000020000000404252e-01
2.000000000000454747e-01
2.000030000000379005e-01
2.000010000000429500e-01
2.000019999999267384e-01
2.000019999999267384e-01
2.549429999999119900e-01
2.000029999999242136e-01
2.000010000000429500e-01
2.000000000000454747e-01
2.000029999999242136e-01
2.000039999999216889e-01
2.000000000000454747e-01
2.000010000000429500e-01
2.507779999999684151e-01
2.000020000000404252e-01
2.000029999999242136e-01
2.000020000000404252e-01
2.000029999999242136e-01
2.000010000000429500e-01
2.000030000000379005e-01
2.000010000000429500e-01
2.491459999999960928e-01
2.000039999999216889e-01
2.000000000000454747e-01
2.000000000000454747e-01
2.000029999999242136e-01
2.000010000000429500e-01
2.000020000000404252e-01
2.000000000000454747e-01
2.554830000000265500e-01
2.000019999999267384e-01
2.000029999999242136e-01
2.000000000000454747e-01
2.000030000000379005e-01
2.000000000000454747e-01
2.000020000000404252e-01
2.000030000000379005e-01
2.460990000000720102e-01
2.000019999999267384e-01
2.000020000000404252e-01
2.000010000000429500e-01
2.000000000000454747e-01
2.000010000000429500e-01
2.000000000000454747e-01
2.000009999999292631e-01
2.497470000000703294e-01
2.000010000000429500e-01
2.000010000000429500e-01
2.000000000000454747e-01
2.000000000000454747e-01
2.000030000000379005e-01
2.000009999999292631e-01
2.000029999999242136e-01
2.510769999998956337e-01
2.000039999999216889e-01
2.000000000000454747e-01
2.000020000000404252e-01
2.000050000000328509e-01
2.000000000000454747e-01
2.000039999999216889e-01
2.000030000000379005e-01
2.518929999999954816e-01
2.000030000000379005e-01
2.000020000000404252e-01
2.000020000000404252e-01
2.000000000000454747e-01
2.000020000000404252e-01
2.000030000000379005e-01
2.000019999999267384e-01
2.478869999999915308e-01
2.000019999999267384e-01
2.000010000000429500e-01
2.000010000000429500e-01
2.000030000000379005e-01
2.000040000000353757e-01
2.000020000000404252e-01
2.000010000000429500e-01
2.419160000000601940e-01
2.000029999999242136e-01
2.000000000000454747e-01
2.000030000000379005e-01
2.000030000000379005e-01
2.000010000000429500e-01
2.000010000000429500e-01
2.000020000000404252e-01
2.564149999999472129e-01
2.000000000000454747e-01
2.000030000000379005e-01
2.000030000000379005e-01
2.000009999999292631e-01
2.000010000000429500e-01
2.000040000000353757e-01
2.000020000000404252e-01
2.430980000000317887e-01
2.000039999999216889e-01
2.000010000000429500e-01
2.000080000000252767e-01
2.000020000000404252e-01
2.000020000000404252e-01
2.000029999999242136e-01
2.000019999999267384e-01
2.512560000000121363e-01
2.000089999999090651e-01
2.000019999999267384e-01
2.000030000000379005e-01
2.000010000000429500e-01
2.000030000000379005e-01
2.000019999999267384e-01
2.000000000000454747e-01
2.483760000000074797e-01
2.000030000000379005e-01
2.000029999999242136e-01
2.000009999999292631e-01
2.000010000000429500e-01
2.000030000000379005e-01
2.000029999999242136e-01
2.000029999999242136e-01
2.537399999999934153e-01
2.000030000000379005e-01
2.000019999999267384e-01
2.000020000000404252e-01
2.000039999999216889e-01
2.000010000000429500e-01
2.000000000000454747e-01
2.000030000000379005e-01
2.518979999999828578e-01
2.000000000000454747e-01
2.000000000000454747e-01
2.000010000000429500e-01
2.000030000000379005e-01
2.000019999999267384e-01
2.000030000000379005e-01
2.000019999999267384e-01
2.559649999999464853e-01
2.000009999999292631e-01
2.000039999999216889e-01
2.000010000000429500e-01
2.000009999999292631e-01
2.000000000000454747e-01
2.000030000000379005e-01
2.000030000000379005e-01
2.459800000000313958e-01
2.000009999999292631e-01
2.000010000000429500e-01
2.000029999999242136e-01
2.000020000000404252e-01
2.000000000000454747e-01
2.000019999999267384e-01
2.000030000000379005e-01
2.585220000000845175e-01
2.000020000000404252e-01
2.000030000000379005e-01
2.000009999999292631e-01
2.000000000000454747e-01
2.000010000000429500e-01
2.000029999999242136e-01
2.000020000000404252e-01
2.519770000000107757e-01
2.000030000000379005e-01
2.000019999999267384e-01
2.000000000000454747e-01
2.000010000000429500e-01
2.000020000000404252e-01
2.000030000000379005e-01
2.000020000000404252e-01
2.576620000000957589e-01
2.000039999999216889e-01
2.000000000000454747e-01
2.000010000000429500e-01
2.000019999999267384e-01
2.000020000000404252e-01
2.000009999999292631e-01
2.000019999999267384e-01
2.593399999999519423e-01
2.000040000000353757e-01
2.000030000000379005e-01
2.000010000000429500e-01
2.000010000000429500e-01
2.000029999999242136e-01
2.000010000000429500e-01
2.000000000000454747e-01
2.485520000000178698e-01
2.000030000000379005e-01
2.000020000000404252e-01
2.000029999999242136e-01
2.000030000000379005e-01
2.000020000000404252e-01
2.000020000000404252e-01
2.000029999999242136e-01
2.544470000000274013e-01
2.000010000000429500e-01
2.000030000000379005e-01
2.000030000000379005e-01
2.000000000000454747e-01
2.000010000000429500e-01
2.000039999999216889e-01
2.000020000000404252e-01
2.534520000000384243e-01
2.000020000000404252e-01
2.000040000000353757e-01
2.000030000000379005e-01
2.000030000000379005e-01
2.000020000000404252e-01
2.000020000000404252e-01
2.000020000000404252e-01
2.547749999999950887e-01
2.000030000000379005e-01
2.000020000000404252e-01
2.000010000000429500e-01
2.000030000000379005e-01
2.000000000000454747e-01
2.000029999999242136e-01
2.000010000000429500e-01
2.445679999999583742e-01
2.000009999999292631e-01
2.000010000000429500e-01
2.000009999999292631e-01
2.000030000000379005e-01
2.000000000000454747e-01
2.000020000000404252e-01
2.000000000000454747e-01
2.524270000000115033e-01
2.000009999999292631e-01
2.000030000000379005e-01
2.000019999999267384e-01
2.000010000000429500e-01
2.000010000000429500e-01
2.000009999999292631e-01
2.000019999999267384e-01
2.587049999999635475e-01
2.000030000000379005e-01
2.000010000000429500e-01
2.000030000000379005e-01
2.000029999999242136e-01
2.000019999999267384e-01
2.000009999999292631e-01
2.000059999999166394e-01
2.576259999999592765e-01
2.000030000000379005e-01
2.000010000000429500e-01
2.000019999999267384e-01
2.000029999999242136e-01
2.000039999999216889e-01
2.000000000000454747e-01
2.000000000000454747e-01
2.526719999999613719e-01
2.000020000000404252e-01
2.000040000000353757e-01
2.000000000000454747e-01
2.000019999999267384e-01
2.000000000000454747e-01
2.000029999999242136e-01
2.000009999999292631e-01
2.536430000000109430e-01
2.000000000000454747e-01
2.000019999999267384e-01
2.000020000000404252e-01
2.000019999999267384e-01
2.000039999999216889e-01
2.000029999999242136e-01
2.000030000000379005e-01
2.547880000000759537e-01
2.000000000000454747e-01
2.000030000000379005e-01
2.000020000000404252e-01
2.000019999999267384e-01
2.000010000000429500e-01
2.000009999999292631e-01
2.000020000000404252e-01
2.480750000000853106e-01
2.000019999999267384e-01
2.000010000000429500e-01
2.000010000000429500e-01
2.000020000000404252e-01
2.000020000000404252e-01
2.000019999999267384e-01
2.000010000000429500e-01
2.463079999999990832e-01
2.000030000000379005e-01
2.000029999999242136e-01
2.000010000000429500e-01
2.000000000000454747e-01
2.000020000000404252e-01
2.000029999999242136e-01
2.000000000000454747e-01
2.543719999999893844e-01
2.000020000000404252e-01
2.000029999999242136e-01
2.000010000000429500e-01
2.000019999999267384e-01
2.000000000000454747e-01
2.000029999999242136e-01
2.000030000000379005e-01
2.540119999999888023e-01
2.000000000000454747e-01
2.000010000000429500e-01
2.000000000000454747e-01
2.000019999999267384e-01
2.000000000000454747e-01
2.000030000000379005e-01
2.000019999999267384e-01
2.515449999999646025e-01
2.000030000000379005e-01
2.000030000000379005e-01
2.000000000000454747e-01
2.000030000000379005e-01
2.000020000000404252e-01
2.000029999999242136e-01
2.000030000000379005e-01
2.474710000000186483e-01
2.000020000000404252e-01
2.000010000000429500e-01
2.000039999999216889e-01
2.000000000000454747e-01
2.000010000000429500e-01
2.000030000000379005e-01
2.000000000000454747e-01
2.483210000000326545e-01
2.000000000000454747e-01
2.000010000000429500e-01
2.000000000000454747e-01
2.000030000000379005e-01
2.000020000000404252e-01
2.000000000000454747e-01
2.000010000000429500e-01
2.576930000000174914e-01
2.000020000000404252e-01
2.000009999999292631e-01
2.000030000000379005e-01
2.000030000000379005e-01
2.000030000000379005e-01
2.000030000000379005e-01
2.000000000000454747e-01
2.540769999999383799e-01
2.000000000000454747e-01
2.000010000000429500e-01
2.000010000000429500e-01
2.000030000000379005e-01
2.000030000000379005e-01
2.000000000000454747e-01
2.000000000000454747e-01
2.495870000000195432e-01
2.000030000000379005e-01
2.000019999999267384e-01
2.000010000000429500e-01
2.000020000000404252e-01
2.000010000000429500e-01
2.000020000000404252e-01
2.000009999999292631e-01
2.507799999999633656e-01
2.000039999999216889e-01
2.000010000000429500e-01
2.000000000000454747e-01
2.000000000000454747e-01
2.000029999999242136e-01
2.000030000000379005e-01
2.000030000000379005e-01
2.518600000000787986e-01
2.000030000000379005e-01
2.000010000000429500e-01
2.000029999999242136e-01
2.000010000000429500e-01
2.000030000000379005e-01
2.000050000000328509e-01
2.000039999999216889e-01
2.488260000000082073e-01
2.000000000000454747e-01
2.000019999999267384e-01
2.000000000000454747e-01
2.000020000000404252e-01
2.000020000000404252e-01
2.000029999999242136e-01
2.000010000000429500e-01
2.554619999999658830e-01
2.000019999999267384e-01
2.000039999999216889e-01
2.000019999999267384e-01
2.000030000000379005e-01
2.000030000000379005e-01
2.000029999999242136e-01
2.000010000000429500e-01
2.520289999999931752e-01
2.000009999999292631e-01
2.000020000000404252e-01
2.000019999999267384e-01
2.000000000000454747e-01
2.000009999999292631e-01
2.000029999999242136e-01
2.000010000000429500e-01
2.454349999999294596e-01
2.000000000000454747e-01
2.000030000000379005e-01
2.000020000000404252e-01
2.000010000000429500e-01
2.000030000000379005e-01
2.000009999999292631e-01
2.000010000000429500e-01
2.505479999999806751e-01
2.000030000000379005e-01
2.000030000000379005e-01
2.000030000000379005e-01
2.000040000000353757e-01
2.000029999999242136e-01
2.000029999999242136e-01
2.000039999999216889e-01
2.467510000000174841e-01
2.440149999999903230e-01
2.000019999999267384e-01
2.000039999999216889e-01
2.000010000000429500e-01
2.000010000000429500e-01
2.000030000000379005e-01
2.000010000000429500e-01
2.514400000000023283e-01
2.000009999999292631e-01
2.000040000000353757e-01
2.000000000000454747e-01
2.000009999999292631e-01
2.000010000000429500e-01
2.000039999999216889e-01
2.000020000000404252e-01
2.455840000000080181e-01
2.000029999999242136e-01
2.000029999999242136e-01
2.000020000000404252e-01
2.000039999999216889e-01
2.000019999999267384e-01
2.000010000000429500e-01
2.000039999999216889e-01
2.531529999999975189e-01
2.000019999999267384e-01
2.000000000000454747e-01
2.000020000000404252e-01
2.000020000000404252e-01
2.000000000000454747e-01
2.000039999999216889e-01
2.000009999999292631e-01
2.450029999999969732e-01
2.000019999999267384e-01
2.000030000000379005e-01
2.000030000000379005e-01
2.000010000000429500e-01
2.000030000000379005e-01
2.000039999999216889e-01
2.000030000000379005e-01
2.510009999999738284e-01
2.000010000000429500e-01
2.000000000000454747e-01
2.000010000000429500e-01
2.000019999999267384e-01
2.000020000000404252e-01
2.000029999999242136e-01
2.000030000000379005e-01
