# Rotation Matrix timer: 2017-12-12 17:44:01.959400
2.055000000000029026e-03
1.283999999999618780e-03
1.338999999999757051e-03
1.280999999998755357e-03
1.275000000001469402e-03
1.274999999999693046e-03
1.755000000001061267e-03
1.295999999999963848e-03
1.345000000000595719e-03
1.333000000002471097e-03
1.376000000000487944e-03
1.303000000000054115e-03
1.252000000000919044e-03
1.313000000003228251e-03
1.289999999997348823e-03
1.347000000002651632e-03
1.323999999996772203e-03
1.288999999999873580e-03
1.400000000003842615e-03
2.142999999996675342e-03
1.362999999997782652e-03
1.453000000005033598e-03
1.290999999994824066e-03
1.281999999996230599e-03
1.319999999999765805e-03
1.294999999998935891e-03
1.288000000002398338e-03
1.318999999995185135e-03
1.282000000003336027e-03
1.272000000000161890e-03
1.356000000001245098e-03
1.289999999997348823e-03
1.277999999999224201e-03
1.315999999988548552e-03
2.512000000010061740e-03
1.305000000002110028e-03
1.297999999991361619e-03
1.344000000003120476e-03
1.271000000002686647e-03
1.291999999992299308e-03
1.366000000004419235e-03
1.286999999990712240e-03
1.287000000004923095e-03
1.282000000003336027e-03
1.292000000006510163e-03
1.292999999989774551e-03
1.339000000001533408e-03
1.317999999997709892e-03
1.286000000007447852e-03
1.300999999983787347e-03
1.710000000002764864e-03
1.318000000026131602e-03
1.270000000005211405e-03
1.251999999993813617e-03
1.281000000005860784e-03
1.321999999987610863e-03
1.283000000000811269e-03
1.283000000000811269e-03
1.465999999993528036e-03
1.283000000000811269e-03
1.283999999998286512e-03
1.292000000006510163e-03
1.274999999992587618e-03
1.286000000021658707e-03
1.376999999990857759e-03
1.333000000016681952e-03
1.440000000002328306e-03
1.280000000008385541e-03
1.276999999987538104e-03
1.328999999998359272e-03
1.301000000012209057e-03
1.368000000013580575e-03
1.287999999988187483e-03
1.345999999983860107e-03
1.280000000008385541e-03
1.292999999975563696e-03
1.277999999985013346e-03
1.295999999996411134e-03
1.306999999997060513e-03
1.368000000013580575e-03
1.274999999992587618e-03
1.282000000003336027e-03
1.326000000005933543e-03
1.336999999978161213e-03
1.281000000005860784e-03
1.280999999977439074e-03
1.320000000021082087e-03
1.320000000021082087e-03
1.291000000009034920e-03
1.267999999981839210e-03
1.284999999995761755e-03
2.142999999989569915e-03
1.729000000011637894e-03
1.303000000007159542e-03
1.279000000010910298e-03
1.288999999985662726e-03
1.298999999988836862e-03
1.287999999988187483e-03
1.289000000014084435e-03
1.312999999981911969e-03
1.316000000031181116e-03
1.323999999954139639e-03
1.346000000012281816e-03
1.316999999971812940e-03
1.309999999989486241e-03
1.360000000033778633e-03
1.286999999990712240e-03
1.296999999965464667e-03
1.290999999980613211e-03
1.315000000033705874e-03
1.308000000051379175e-03
1.317000000028656359e-03
1.295999999967989424e-03
1.328999999998359272e-03
1.297000000022308086e-03
1.309999999989486241e-03
1.327000000003408786e-03
1.319000000023606844e-03
1.301000000012209057e-03
1.377999999988333002e-03
1.305000000002110028e-03
1.336000000037529389e-03
1.316999999971812940e-03
1.311999999984436727e-03
1.314000000036230631e-03
1.322000000016032573e-03
1.373000000000956788e-03
1.322000000016032573e-03
1.328000000000884029e-03
1.374999999995907274e-03
1.304000000004634785e-03
1.345999999955438398e-03
1.452999999969506462e-03
1.333999999985735485e-03
1.283000000000811269e-03
1.303000000007159542e-03
1.285999999993236997e-03
1.317000000028656359e-03
1.376999999990857759e-03
1.318999999966763426e-03
1.283000000000811269e-03
1.334999999983210728e-03
1.320000000021082087e-03
1.336999999978161213e-03
1.373000000000956788e-03
2.119000000050164090e-03
1.312999999981911969e-03
1.300000000014733814e-03
1.299999999957890395e-03
2.132000000017342245e-03
1.288999999985662726e-03
1.280000000008385541e-03
1.289999999983137968e-03
1.283999999998286512e-03
1.312000000041280146e-03
1.339000000029955117e-03
1.391000000012354576e-03
1.526000000012572855e-03
1.384000000030027877e-03
2.111999999954150553e-03
2.108999999961724825e-03
1.281000000005860784e-03
1.337000000035004632e-03
1.303000000007159542e-03
1.324999999951614882e-03
1.283999999998286512e-03
1.325000000008458301e-03
1.373999999998432031e-03
1.283999999998286512e-03
1.640000000008967618e-03
1.387000000022453605e-03
1.286999999990712240e-03
1.305999999999585270e-03
1.324999999951614882e-03
1.327000000003408786e-03
1.285999999993236997e-03
1.281000000005860784e-03
1.293000000032407115e-03
1.283000000000811269e-03
1.349000000004707545e-03
2.055999999981850124e-03
1.371000000006006303e-03
1.271000000031108357e-03
1.300000000014733814e-03
1.307999999994535756e-03
1.284999999995761755e-03
1.327000000003408786e-03
1.291999999978088454e-03
1.283000000000811269e-03
1.376999999990857759e-03
1.335999999980685971e-03
1.299999999957890395e-03
1.418000000001029548e-03
1.297999999962939910e-03
1.295999999967989424e-03
1.285999999993236997e-03
1.347000000009757059e-03
1.322999999956664396e-03
1.291999999921245035e-03
1.313999999979387212e-03
1.487999999994826794e-03
1.877000000035877747e-03
1.395000000002255547e-03
1.272000000085427018e-03
1.333999999928892066e-03
1.290000000039981387e-03
1.285999999936393579e-03
1.296000000024832843e-03
2.145999999925152224e-03
1.392000000009829819e-03
1.299000000017258571e-03
1.328999999941515853e-03
1.285999999936393579e-03
1.341000000024905603e-03
1.302000000009684300e-03
1.428999999916413799e-03
2.211999999985891918e-03
1.330999999936466338e-03
1.311999999984436727e-03
1.450999999974555976e-03
1.321999999959189154e-03
1.349000000004707545e-03
1.363999999966836185e-03
1.333999999928892066e-03
1.392000000009829819e-03
1.343000000019856088e-03
1.288000000045030902e-03
1.415000000065447239e-03
1.284000000055129931e-03
1.328999999941515853e-03
2.160000000003492460e-03
1.302000000009684300e-03
1.336999999921317794e-03
1.289000000042506144e-03
1.315000000090549293e-03
1.312999999981911969e-03
1.316999999971812940e-03
2.166999999985819159e-03
1.277999999956591637e-03
1.262999999994462996e-03
1.346000000012281816e-03
1.292000000034931873e-03
1.316999999971812940e-03
1.338000000032479875e-03
1.316999999971812940e-03
1.285999999936393579e-03
1.288000000045030902e-03
1.276999999959116394e-03
1.320000000077925506e-03
1.285000000052605174e-03
1.318999999966763426e-03
1.357999999981984729e-03
1.281999999946492608e-03
1.268999999979314453e-03
1.279999999951542122e-03
1.305000000002110028e-03
1.330000000052677933e-03
1.393000000007305061e-03
1.312999999981911969e-03
1.350999999999658030e-03
1.279000000067753717e-03
1.327999999944040610e-03
1.335000000040054147e-03
1.430999999911364284e-03
1.279000000067753717e-03
1.305999999999585270e-03
1.278999999954066880e-03
1.393000000007305061e-03
1.343000000019856088e-03
1.277999999956591637e-03
1.351999999997133273e-03
1.280000000065228960e-03
1.300000000014733814e-03
1.239000000055057171e-03
2.047999999945204763e-03
1.429999999913889042e-03
1.403999999979532731e-03
1.281999999946492608e-03
1.277999999956591637e-03
1.315999999974337697e-03
1.314999999976862455e-03
1.339000000029955117e-03
1.566000000025269401e-03
1.284000000055129931e-03
1.279999999951542122e-03
1.341000000024905603e-03
1.270999999974264938e-03
1.292000000034931873e-03
1.288000000045030902e-03
1.279999999951542122e-03
