# Image grab timer: 2017-12-12 17:57:41.816213
1.127159999999999829e-01
2.213345000000000340e+00
2.603768000000000082e+00
2.605648999999999660e+00
2.633225000000001259e+00
2.608765000000000001e+00
2.598226999999999620e+00
2.592700999999998146e+00
2.597885999999999029e+00
2.611878000000000810e+00
2.603463000000001415e+00
2.599915000000002863e+00
2.604623000000000133e+00
2.603647999999996188e+00
2.596318000000003678e+00
2.605145999999997741e+00
2.612380999999999176e+00
2.621825999999998658e+00
2.606500000000004036e+00
2.622846000000002675e+00
2.614802000000004512e+00
2.602016000000006102e+00
2.601506999999998015e+00
2.610318999999996947e+00
2.608609000000001288e+00
2.613512000000000057e+00
2.627098000000003708e+00
2.609993000000002894e+00
2.715550000000007458e+00
2.610900000000000887e+00
2.617279000000010569e+00
2.600117999999994822e+00
2.614035000000001219e+00
2.595918999999994980e+00
2.642677000000006160e+00
2.605302999999992153e+00
2.603084000000009723e+00
2.612921000000000049e+00
2.607457999999994058e+00
2.725747999999995841e+00
2.631900999999999158e+00
2.622558999999995422e+00
2.616939000000002125e+00
2.619592000000011467e+00
2.607668000000003872e+00
2.605003999999993880e+00
2.594840999999988185e+00
2.602563000000003512e+00
2.604028999999997041e+00
2.691548000000011598e+00
2.606272999999987405e+00
2.600240000000013652e+00
2.593162000000006628e+00
2.618570000000005393e+00
2.605981999999983145e+00
2.600684999999998581e+00
2.594184000000012702e+00
2.845351000000022168e+00
2.979939999999999145e+00
3.006711999999993168e+00
3.031580999999988535e+00
3.037206999999995105e+00
2.849041999999997188e+00
2.753621000000009644e+00
2.915742999999991980e+00
2.946912999999995009e+00
2.812273000000004686e+00
2.910571000000004460e+00
2.924097999999986541e+00
2.945867999999990161e+00
2.943766999999979816e+00
2.922822999999993954e+00
2.893006000000013955e+00
2.893826999999987493e+00
2.795875999999992700e+00
2.900163999999989528e+00
2.919753999999983307e+00
3.083759999999983847e+00
2.870385999999996329e+00
2.868844999999993206e+00
2.835648999999989428e+00
2.857782000000014477e+00
2.817923000000007505e+00
2.858843999999976404e+00
2.833586999999994305e+00
2.969839000000007445e+00
2.836358999999987418e+00
3.001851000000016256e+00
3.012517000000002554e+00
2.893194999999991524e+00
2.871061000000025842e+00
2.876551000000006297e+00
2.856550999999996066e+00
3.012784000000010565e+00
2.932906000000002678e+00
2.862015000000042164e+00
2.857160000000021682e+00
2.871385000000032051e+00
2.980547999999998865e+00
2.789911000000017793e+00
2.943652999999983422e+00
2.781882999999993444e+00
2.909947000000045136e+00
2.932701000000008662e+00
3.109234999999955562e+00
2.868584999999995944e+00
2.971379000000013093e+00
2.979301000000020849e+00
2.949072000000001026e+00
2.770204999999975826e+00
2.944071000000008098e+00
2.824752999999986969e+00
2.901985999999965316e+00
2.938317999999981112e+00
2.815163000000040938e+00
2.860046000000011190e+00
2.840718999999978678e+00
2.878285000000005311e+00
2.949330999999972391e+00
2.734522000000026765e+00
2.762090000000000600e+00
3.032286999999996624e+00
2.951389000000006035e+00
2.916638000000034481e+00
2.959314000000006217e+00
2.889718999999956850e+00
2.855817000000001826e+00
2.953530000000000655e+00
2.796116999999981090e+00
2.953511999999989257e+00
2.896856000000013864e+00
2.930668999999966218e+00
2.892131000000006225e+00
2.962346999999965647e+00
2.904684999999972206e+00
2.847822000000007847e+00
2.825627999999994699e+00
2.754434000000003380e+00
2.885604999999998199e+00
2.764609000000007200e+00
2.876095000000020718e+00
2.870859999999993306e+00
2.801760000000001583e+00
2.928334000000006654e+00
2.791423000000008869e+00
2.944090000000016971e+00
2.807831000000021504e+00
2.828086999999982254e+00
