# Marker Detection timer: 2017-12-12 17:57:41.812902
6.902699999999994951e-02
7.030000000000002913e-02
6.849000000000060595e-02
6.656499999999887507e-02
7.040899999999972181e-02
7.085099999999933118e-02
6.247899999999972920e-02
6.104599999999749116e-02
7.026500000000268642e-02
7.138000000000133127e-02
6.568899999999899819e-02
6.619799999999997908e-02
6.409799999999776787e-02
6.947600000000164755e-02
6.889899999999471447e-02
7.143200000000149430e-02
7.233199999999584406e-02
6.394499999999680995e-02
7.728499999999627335e-02
7.716399999999623560e-02
6.266800000000216642e-02
6.565700000000163072e-02
7.243200000000626915e-02
6.870299999999929241e-02
6.972400000000078535e-02
7.367000000000700766e-02
7.082900000000336149e-02
6.819099999999878037e-02
6.168399999999962802e-02
7.487900000000990985e-02
6.701300000000287582e-02
7.172900000000481668e-02
6.547599999998965359e-02
6.649999999999067768e-02
6.963199999999858392e-02
6.503100000000472392e-02
6.904499999998847670e-02
6.304900000000657201e-02
7.638700000001108492e-02
7.772099999999682041e-02
6.537500000000306954e-02
6.822400000000072851e-02
6.757300000001009721e-02
6.866800000000239379e-02
6.607100000000798445e-02
6.034099999999398278e-02
6.908900000000528507e-02
6.651999999999702595e-02
7.304800000000000182e-02
6.808899999998629937e-02
6.635700000001065746e-02
6.222199999999133979e-02
7.298700000001190347e-02
6.563899999997602208e-02
7.200299999999515421e-02
6.002499999999599822e-02
6.057000000001266926e-02
6.011399999999866850e-02
6.468800000001806438e-02
6.264699999999834290e-02
6.014099999998734347e-02
5.946299999999382635e-02
8.347100000000295950e-02
7.065399999999044667e-02
6.685699999999883403e-02
6.705700000000547334e-02
7.836199999999848842e-02
6.109800000001541775e-02
5.922100000000796172e-02
6.941900000001055560e-02
6.015199999998799285e-02
6.813399999998637213e-02
5.929799999998408566e-02
5.986199999998120802e-02
6.369300000000066575e-02
6.478200000000811087e-02
6.186700000000655564e-02
6.403599999998732528e-02
6.273600000000101318e-02
6.399200000001314947e-02
6.421599999998761632e-02
6.121899999999413922e-02
6.059400000000891851e-02
6.426899999999591273e-02
6.537500000001728040e-02
8.643000000000711225e-02
6.209300000000439468e-02
6.326800000002208435e-02
7.630799999998316707e-02
6.614600000000336877e-02
6.076200000001108492e-02
6.364899999999806823e-02
6.318600000000174077e-02
6.072100000000091313e-02
6.306200000000217187e-02
6.430100000000038563e-02
6.087799999994558675e-02
6.289199999997663326e-02
6.206600000001571971e-02
6.379700000002230809e-02
6.292200000001457738e-02
6.458899999995537655e-02
9.018800000001192529e-02
6.343800000001920125e-02
6.936799999999720967e-02
6.543700000003127570e-02
7.417599999996582483e-02
7.432399999999006468e-02
6.835399999999935972e-02
6.570899999996981933e-02
6.367599999998674321e-02
6.256500000000642103e-02
6.048500000002832167e-02
6.155400000000099681e-02
6.632999999999356078e-02
6.971099999998386920e-02
6.412799999998242129e-02
6.361200000003464083e-02
6.777400000004263347e-02
6.122500000003583409e-02
6.913500000001704393e-02
6.526500000001078661e-02
8.038699999997334089e-02
6.094999999999117790e-02
6.067600000000084037e-02
7.542799999998806015e-02
6.117199999999911597e-02
6.443699999999807915e-02
6.381600000003118112e-02
6.270000000000663931e-02
6.475499999999101419e-02
6.267600000001039007e-02
6.121500000000423825e-02
6.034399999998640851e-02
6.001100000003134483e-02
6.371899999999186548e-02
7.211100000000669752e-02
6.707700000004024332e-02
6.187299999999140709e-02
6.875300000001516310e-02
5.909500000001344233e-02
6.189299999999775537e-02
5.952899999999772263e-02
8.396700000002965680e-02
6.264900000002171510e-02
6.206100000002834349e-02
6.084800000002132947e-02
6.184799999999768261e-02
