# Homography application timer: 2017-12-12 17:57:41.825642
8.184299999999999908e-02
7.523100000000004783e-02
7.069100000000005934e-02
7.078800000000007309e-02
7.091000000000002856e-02
7.232799999999994789e-02
7.212099999999965760e-02
6.982100000000013296e-02
7.060699999999986431e-02
7.359100000000040609e-02
7.306100000000004258e-02
7.302499999999989555e-02
7.317799999999952121e-02
7.340400000000002478e-02
7.267799999999979832e-02
7.262500000000038369e-02
7.033399999999989660e-02
7.449599999999989564e-02
7.305600000000023186e-02
7.474900000000062050e-02
7.279299999999988557e-02
7.510900000000031440e-02
7.397999999999971266e-02
7.426699999999986090e-02
7.052799999999948000e-02
7.402800000000020475e-02
7.461699999999993338e-02
7.374800000000014677e-02
1.457910000000008921e-01
7.255600000000050898e-02
7.230699999999856686e-02
7.311099999999903787e-02
7.082899999999980878e-02
7.371200000000044383e-02
7.249299999999969657e-02
7.486500000000084754e-02
7.283200000000000784e-02
7.451399999999885893e-02
7.497699999999873910e-02
7.488400000000083878e-02
7.227899999999998215e-02
7.453700000000118564e-02
7.471400000000016917e-02
7.484600000000085629e-02
7.366700000000037107e-02
7.269499999999951001e-02
7.172100000000014575e-02
7.220000000000048601e-02
7.019099999999944828e-02
7.281300000000001660e-02
7.244899999999887541e-02
7.276199999999732881e-02
7.264499999999785018e-02
7.280800000000198224e-02
7.258900000000068076e-02
7.290700000000072123e-02
7.001699999999999591e-02
7.560900000000003729e-02
7.213800000000247792e-02
7.571899999999942565e-02
7.548600000000149635e-02
7.551800000000241653e-02
7.545499999999805141e-02
7.529399999999952797e-02
7.451800000000119439e-02
7.573600000000269006e-02
7.266100000000008663e-02
7.225299999999990064e-02
7.201600000000141222e-02
7.554700000000025284e-02
7.534599999999969100e-02
7.553700000000063142e-02
7.561899999999965871e-02
7.297399999999854003e-02
7.499800000000078626e-02
7.149000000000071964e-02
7.230799999999959482e-02
7.227999999999923375e-02
7.231099999999912598e-02
7.338999999999984425e-02
6.983299999999914576e-02
7.367400000000046134e-02
7.174100000000294131e-02
7.219299999999861939e-02
7.138199999999983447e-02
7.113600000000275259e-02
7.240200000000029945e-02
7.425699999999935130e-02
7.415699999999958436e-02
7.336799999999854549e-02
7.325699999999812917e-02
7.370299999999829765e-02
7.289400000000156865e-02
7.502399999999909141e-02
7.465299999999785996e-02
7.266100000000008663e-02
7.204199999999971737e-02
7.297300000000106479e-02
7.406100000000037653e-02
7.317400000000162663e-02
7.492299999999829652e-02
7.245900000000204955e-02
7.275599999999826650e-02
7.271399999999772490e-02
7.008199999999931151e-02
7.222800000000262344e-02
7.404000000000365844e-02
7.396200000000163755e-02
7.095400000000040563e-02
7.249900000000053524e-02
7.262999999999664169e-02
7.275099999999667943e-02
7.086900000000184718e-02
7.403300000000001546e-02
7.403200000000254022e-02
7.245999999999952479e-02
7.421100000000535601e-02
7.408900000000073760e-02
7.150000000000034106e-02
7.407200000000102591e-02
7.044199999999989359e-02
7.415599999999500369e-02
7.348499999999802412e-02
7.386400000000037380e-02
7.307099999999877582e-02
7.185899999999634247e-02
7.517599999999902138e-02
7.519099999999667716e-02
7.285300000000205500e-02
7.537800000000061118e-02
7.548199999999383181e-02
7.545799999999758256e-02
7.217200000000190130e-02
7.223399999999458032e-02
7.254700000000013915e-02
7.367899999999849570e-02
7.097300000000217324e-02
7.245400000000046248e-02
7.350699999999932288e-02
7.597499999999968168e-02
7.450000000000045475e-02
7.547699999999935017e-02
7.544899999999898910e-02
7.591699999999690363e-02
7.525499999999851752e-02
7.579400000000191540e-02
7.551600000000036061e-02
7.399600000000106093e-02
7.567299999999477222e-02
7.594600000000184536e-02
7.164300000000167756e-02
7.511999999999829924e-02
7.066300000000325099e-02
7.314500000000379032e-02
7.552400000000147884e-02
7.544000000000039563e-02
7.563599999999581769e-02
7.443199999999450256e-02
7.487100000000168620e-02
7.434599999999846887e-02
7.189499999999782176e-02
7.493500000000352657e-02
7.251999999999725333e-02
7.219600000000525597e-02
7.323199999999729926e-02
7.263200000000580303e-02
7.341100000000011505e-02
7.332900000000108776e-02
7.286899999999718602e-02
7.347200000000242426e-02
7.307500000000288765e-02
7.042899999999718830e-02
7.221600000000449882e-02
7.267900000000082628e-02
7.410999999999745569e-02
7.463700000000272894e-02
7.117299999999460169e-02
7.483899999999721331e-02
7.261199999999945476e-02
7.303499999999729653e-02
7.485599999999692500e-02
7.263199999999869760e-02
7.218999999999908823e-02
7.213699999999789725e-02
6.996500000000338559e-02
7.315499999999985903e-02
7.494099999999548345e-02
7.274100000000061073e-02
7.448200000000326781e-02
7.459599999999966258e-02
7.474099999999594957e-02
7.293899999999808870e-02
7.132099999999752526e-02
7.319900000000245655e-02
7.350200000000484124e-02
7.312100000000043565e-02
7.241199999999992087e-02
7.283700000000692398e-02
7.167900000000315686e-02
7.198700000000712862e-02
7.242500000000973159e-02
7.555500000000847649e-02
7.557300000000566342e-02
7.205499999999176453e-02
7.160899999999514876e-02
7.244500000000186901e-02
7.250200000000006639e-02
7.284400000000346154e-02
7.175499999999601641e-02
7.282299999999963802e-02
7.134099999998966268e-02
7.301100000000815271e-02
7.276500000000396540e-02
7.110200000001043463e-02
7.212299999999061129e-02
7.111399999999434840e-02
7.014399999999909596e-02
7.035700000000133514e-02
7.101699999999766533e-02
7.297700000000872933e-02
7.225999999999999091e-02
7.083699999999737429e-02
7.255200000000172622e-02
7.482900000000825003e-02
7.441699999999684678e-02
7.168200000000979344e-02
7.369500000000073214e-02
7.514699999998697422e-02
7.495500000000276941e-02
7.501600000000507862e-02
7.492600000000493310e-02
7.218600000000208183e-02
7.098700000000235377e-02
7.304800000000000182e-02
7.323299999998766907e-02
7.503499999999974079e-02
7.531200000001092576e-02
7.517199999999490956e-02
7.502700000000572800e-02
7.296499999999639385e-02
6.992900000000190630e-02
7.160600000000272303e-02
7.265900000000158343e-02
7.269399999999848205e-02
7.539699999999527336e-02
7.210400000001015997e-02
7.546599999999159536e-02
7.402299999999684132e-02
7.175600000000770251e-02
7.131599999999593820e-02
7.353499999999257852e-02
7.387400000000354794e-02
7.429199999999980264e-02
7.251399999999819102e-02
7.269200000000353157e-02
7.571099999999830743e-02
7.080600000000458749e-02
7.538300000000219825e-02
7.560699999999087595e-02
7.278199999998946623e-02
7.322299999999870579e-02
7.240099999999927149e-02
7.035400000000890941e-02
7.263500000000533419e-02
7.090200000000379532e-02
7.184999999999774900e-02
7.263700000000028467e-02
1.434370000000058099e-01
7.201399999999580359e-02
7.261700000000814725e-02
7.085299999999961074e-02
7.248600000001204080e-02
7.181700000001001172e-02
7.220300000000179352e-02
7.270200000000670570e-02
7.274499999999761712e-02
7.304800000000000182e-02
7.260600000000749787e-02
7.266200000000822001e-02
7.266899999999054671e-02
7.032300000000191176e-02
7.178199999999890224e-02
7.398999999999489319e-02
7.281900000000973705e-02
7.320999999998889507e-02
7.264500000000850832e-02
7.372499999999604370e-02
7.426399999999944157e-02
7.048899999999491683e-02
7.447399999999504416e-02
7.298299999999358079e-02
7.261099999999487409e-02
7.447399999999504416e-02
7.394899999999893225e-02
7.459599999999966258e-02
7.513700000001222179e-02
7.330600000000231375e-02
7.294799999999668216e-02
7.265000000001009539e-02
7.176099999999507872e-02
7.308400000000858654e-02
7.293599999999855754e-02
7.504199999999627835e-02
7.203099999999551528e-02
7.466900000000009641e-02
7.441400000000442105e-02
7.484800000000291220e-02
7.542199999998899784e-02
7.373300000000426735e-02
7.437400000000593536e-02
7.552200000000652835e-02
7.568600000000458294e-02
7.134899999999788633e-02
7.571800000000905584e-02
8.366999999999791271e-02
7.322400000001039189e-02
7.483999999999468855e-02
7.247099999999306874e-02
7.585299999999506326e-02
7.399100000000657928e-02
7.146600000000091768e-02
7.324800000000664113e-02
7.288400000000194723e-02
7.394000000000744421e-02
7.515599999999267311e-02
7.272699999998621934e-02
7.218399999999292049e-02
7.475700000000529144e-02
6.887499999999135980e-02
7.620799999999405827e-02
7.338300000000685941e-02
7.694899999999904594e-02
7.520100000000695672e-02
7.188600000000633372e-02
7.289899999999249758e-02
7.346099999999466945e-02
7.341999999999870852e-02
7.358200000000181262e-02
7.558899999999368902e-02
7.408300000000167529e-02
7.330699999999978900e-02
7.158200000000647378e-02
7.309300000000007458e-02
7.306800000000635009e-02
7.073200000000667842e-02
7.154300000000546333e-02
7.351599999999791635e-02
7.314399999999920965e-02
7.303000000000281489e-02
7.307799999999531337e-02
7.208500000000128694e-02
7.345800000000224372e-02
7.058299999999917418e-02
7.202500000001066383e-02
7.205999999999335159e-02
7.207800000000474938e-02
7.428800000000990167e-02
7.172599999999818010e-02
7.294500000000425644e-02
7.267699999999877036e-02
7.295799999999985630e-02
7.147600000000409182e-02
7.142599999998822113e-02
7.129700000000127602e-02
7.285399999999242482e-02
7.181199999999421379e-02
7.273999999999603006e-02
7.112500000000920863e-02
6.986899999999707234e-02
7.250399999999501688e-02
7.156299999999760075e-02
7.128400000000567616e-02
7.175199999998937983e-02
7.370699999999885677e-02
7.241100000000244563e-02
7.275799999999321699e-02
6.994500000000414275e-02
7.351099999999632928e-02
7.316499999998882231e-02
7.190500000000099590e-02
7.223399999999458032e-02
7.133100000000069940e-02
7.263900000000944601e-02
7.497199999998827025e-02
7.013800000000003365e-02
7.544299999999282136e-02
7.387300000000607270e-02
7.546200000000169439e-02
7.088799999999650936e-02
7.383299999999337615e-02
7.368599999999503325e-02
7.366000000001804437e-02
7.079100000001403714e-02
7.301899999998795465e-02
7.154099999999630199e-02
7.075499999999124157e-02
7.208600000001297303e-02
7.223600000000374166e-02
7.221700000002329034e-02
7.239099999998188650e-02
6.980500000000233740e-02
7.247200000000475484e-02
7.217300000002069282e-02
7.251899999999977808e-02
7.237100000000395994e-02
7.163299999999139800e-02
7.204400000000532600e-02
7.219599999999104512e-02
6.891399999997815939e-02
7.216000000002509296e-02
7.224899999999934153e-02
7.160399999997935083e-02
7.120299999999701868e-02
7.157700000001909757e-02
7.318000000000779437e-02
7.278600000000778891e-02
7.071799999999939246e-02
7.268299999998362182e-02
7.522099999999909414e-02
7.509400000000709952e-02
7.396999999997433406e-02
7.245000000000345608e-02
7.564700000000357250e-02
7.405299999999215288e-02
7.098400000000992804e-02
7.506699999999000283e-02
7.353499999999257852e-02
7.287800000000288492e-02
7.510499999997932719e-02
7.330399999997894156e-02
7.504599999998617932e-02
7.456600000000435102e-02
7.080999999999448846e-02
7.223799999999869215e-02
7.120899999998187013e-02
7.243199999999205829e-02
7.235400000001845910e-02
7.230899999998996464e-02
7.238799999998946078e-02
7.473300000000904220e-02
7.258699999999862484e-02
7.233999999999696229e-02
7.215199999998844760e-02
7.214899999999602187e-02
7.102900000001000080e-02
7.483300000001236185e-02
7.269300000001521767e-02
7.485300000001871013e-02
7.099900000000047839e-02
7.312500000000454747e-02
7.238600000002293200e-02
7.508200000000897489e-02
7.885000000001696208e-02
7.146000000000185537e-02
7.110400000001959597e-02
7.119099999999889405e-02
7.185599999999681131e-02
7.200100000000020373e-02
7.093000000000415639e-02
7.047500000001605258e-02
7.215499999998087333e-02
7.120299999999701868e-02
7.149599999999622923e-02
7.307299999999372631e-02
9.559600000000045839e-02
7.086699999999268584e-02
7.076200000000198997e-02
7.143899999999803185e-02
7.054100000001994886e-02
7.230999999998743988e-02
7.700299999999060674e-02
7.297800000000620457e-02
8.422899999999344800e-02
7.161200000001599619e-02
7.208500000001549779e-02
7.206800000000157524e-02
7.155099999999947613e-02
7.187799999999811007e-02
7.728799999998159365e-02
7.162700000000654654e-02
7.814499999997792656e-02
7.053999999999405190e-02
7.176799999999161628e-02
7.151899999999500324e-02
7.165499999999269676e-02
7.152800000000070213e-02
7.144800000000373075e-02
7.158499999999889951e-02
7.742500000000518412e-02
7.126700000000596447e-02
7.157700000001909757e-02
7.282800000001543594e-02
7.056500000001619810e-02
7.219499999999356987e-02
7.099099999999225474e-02
7.237600000001975786e-02
7.231300000000828732e-02
7.840699999999856118e-02
7.117700000000581895e-02
7.173500000001808985e-02
7.063700000000494583e-02
7.067200000000184446e-02
7.121699999999009378e-02
7.148699999999053034e-02
7.528099999998971725e-02
7.539800000000695945e-02
7.477599999998574276e-02
7.012799999998264866e-02
7.108800000000314867e-02
7.162299999998822386e-02
7.063299999998662315e-02
7.128900000000726322e-02
7.611499999998727617e-02
7.566099999999664760e-02
7.154900000000452565e-02
7.086800000001858280e-02
7.272800000001211629e-02
7.072599999997919440e-02
7.108600000000819819e-02
7.171200000001931585e-02
7.941499999998313797e-02
7.107899999999744978e-02
7.167399999997314808e-02
7.156800000001339868e-02
7.150500000000192813e-02
7.095099999997955820e-02
7.259300000001189801e-02
7.155399999999190186e-02
7.846900000001255648e-02
7.147899999998230669e-02
7.217900000000554428e-02
7.226299999999241663e-02
7.042000000001280569e-02
7.041000000000963155e-02
7.154599999998367821e-02
7.108999999999809916e-02
7.895500000000765795e-02
7.180900000000178807e-02
7.160100000001534681e-02
7.143600000000560613e-02
7.140499999999860847e-02
7.114400000000387081e-02
7.817800000000829641e-02
7.101700000001187618e-02
7.834099999999466490e-02
7.054500000000984983e-02
7.260999999999739885e-02
7.149000000001137778e-02
7.131100000000856198e-02
7.254799999998340354e-02
7.183200000000056207e-02
7.193899999998620842e-02
7.705599999999890315e-02
7.744900000000143336e-02
7.247200000000475484e-02
7.150300000000697764e-02
7.192100000000323234e-02
7.126999999999839019e-02
7.076900000001273838e-02
7.143200000001570515e-02
7.833099999999149077e-02
7.371000000000549335e-02
7.401600000000030377e-02
7.079099999998561543e-02
7.167499999999904503e-02
7.479100000000471482e-02
7.048599999998828025e-02
7.061600000000112232e-02
7.106899999999427564e-02
6.984600000001250919e-02
7.191800000001080662e-02
7.043699999999830652e-02
7.298899999997843224e-02
7.065399999999044667e-02
7.055099999999470128e-02
7.189400000001455737e-02
8.543300000002318484e-02
7.816000000002532033e-02
7.124199999998381827e-02
7.818700000001399530e-02
7.659499999999752617e-02
7.047099999999772990e-02
7.114300000000639557e-02
7.167599999999652027e-02
7.841999999999416104e-02
7.157000000000834916e-02
7.129900000001043736e-02
7.109200000002147135e-02
7.069900000001894114e-02
7.121100000000524233e-02
7.097500000000422915e-02
7.060599999999794818e-02
7.197200000001657827e-02
7.131400000000098771e-02
7.183399999999551255e-02
7.197700000000395448e-02
7.149499999999875399e-02
7.176499999999919055e-02
7.190499999998678504e-02
7.177799999999479041e-02
7.943300000002295747e-02
7.102900000001000080e-02
7.106600000000184991e-02
7.146299999999428110e-02
7.144499999998288331e-02
7.630000000000336513e-02
7.034500000000321052e-02
7.101199999999607826e-02
7.440600000001040826e-02
7.036099999999123611e-02
7.217900000000554428e-02
7.197299999998563180e-02
7.213500000000294676e-02
7.146700000001260378e-02
7.178700000000048931e-02
7.180400000001441185e-02
8.223999999998454769e-02
7.737799999998173917e-02
7.238600000002293200e-02
6.991199999998798376e-02
7.099100000002067645e-02
7.128400000001988701e-02
7.100299999999037937e-02
7.112000000000762157e-02
7.549000000000205546e-02
7.622299999999881948e-02
7.027499999998099156e-02
7.319999999998572093e-02
7.092900000000668115e-02
7.064600000001064473e-02
7.153900000000135151e-02
7.105099999998287785e-02
7.956799999999475403e-02
7.815700000000447289e-02
7.358999999999582542e-02
7.015000000001236913e-02
7.085900000001288390e-02
7.118499999998562089e-02
7.278500000001031367e-02
7.148100000000567888e-02
7.560399999999845022e-02
7.104200000000560067e-02
7.236800000001153421e-02
7.241099999998823478e-02
7.139900000001375702e-02
7.309599999999250031e-02
7.060999999998784915e-02
7.075400000002218803e-02
7.363999999998327439e-02
7.146199999999680585e-02
7.225800000000504042e-02
7.061699999999859756e-02
6.997899999998935527e-02
7.190599999998426028e-02
7.152899999999817737e-02
7.182699999998476414e-02
7.750699999999710599e-02
7.140000000001123226e-02
7.037500000001273293e-02
7.045300000001475382e-02
7.217399999998974636e-02
7.140599999999608372e-02
7.099000000002320121e-02
7.112699999998994826e-02
7.375299999998219391e-02
6.987200000000370892e-02
7.092899999997825944e-02
7.091700000000855653e-02
7.054800000000227556e-02
7.085499999999456122e-02
7.158200000000647378e-02
7.165800000001354420e-02
7.802399999999920510e-02
7.111400000002277011e-02
7.852099999999495594e-02
7.112200000000257205e-02
7.189200000001960689e-02
7.107100000001764784e-02
7.137899999997898703e-02
7.665799999998057501e-02
7.294799999999668216e-02
7.260700000000497312e-02
7.656700000001137596e-02
7.031899999998358908e-02
7.084600000001728404e-02
7.070799999999621832e-02
7.105400000000372529e-02
7.094000000000733053e-02
7.704400000000077853e-02
7.029100000002586057e-02
7.115800000002536763e-02
7.205500000000597538e-02
7.161099999999009924e-02
7.120199999999954343e-02
7.164199999999709689e-02
7.171199999999089414e-02
7.428300000000831460e-02
7.149400000000127875e-02
7.062400000000934597e-02
7.206500000000914952e-02
7.262399999999047395e-02
7.153300000001650005e-02
7.494500000001380613e-02
8.034899999998401654e-02
7.260500000001002263e-02
7.095899999998778185e-02
7.230699999999501415e-02
7.227299999999559077e-02
7.470499999999447027e-02
7.048500000001922672e-02
7.040000000000645741e-02
7.550999999997998202e-02
7.456600000000435102e-02
7.120900000001029184e-02
7.613499999999362444e-02
7.414000000002829438e-02
7.009199999998827479e-02
7.057099999997262785e-02
7.164900000000784530e-02
7.130599999999276406e-02
8.096299999999700958e-02
8.098000000001093213e-02
7.245000000000345608e-02
7.122599999999579268e-02
7.101900000000682667e-02
7.084399999999391184e-02
7.036299999998618659e-02
7.124100000001476474e-02
7.351499999998623025e-02
7.082800000000588625e-02
7.040399999999635838e-02
7.086900000001605804e-02
7.065399999999044667e-02
7.169700000000034379e-02
7.071899999999686770e-02
7.285299999998073872e-02
8.349799999999163447e-02
7.801399999999603097e-02
6.991600000000630644e-02
7.200199999999767897e-02
7.272799999998369458e-02
7.142199999998410931e-02
7.159299999997870145e-02
7.152200000001585067e-02
7.840500000000361069e-02
7.600500000000920409e-02
7.192399999999565807e-02
7.111599999998929889e-02
7.707899999999767715e-02
7.242399999995541293e-02
7.130699999999023930e-02
7.253399999996190672e-02
7.778899999999566717e-02
7.121599999999261854e-02
7.069200000000819273e-02
7.856899999995903272e-02
7.132400000000416185e-02
7.105400000000372529e-02
7.166699999999082138e-02
7.245799999998325802e-02
7.928099999998039493e-02
7.878300000004401227e-02
7.107700000000249929e-02
7.118299999996224869e-02
7.185200000003533205e-02
7.032399999997096529e-02
7.046800000000530417e-02
7.182799999998223939e-02
8.315099999998665226e-02
7.105000000001382432e-02
7.107899999999744978e-02
7.510000000002037268e-02
7.182600000004413232e-02
7.079400000003488458e-02
7.102500000002009983e-02
7.172400000001744047e-02
8.629899999999679494e-02
7.242600000000720684e-02
7.504700000004049798e-02
7.116899999999759530e-02
7.268499999997857230e-02
7.111000000003286914e-02
7.148499999999557986e-02
7.175399999999854117e-02
7.768999999996140104e-02
7.092600000004267713e-02
7.206500000000914952e-02
7.143200000001570515e-02
7.505100000003039895e-02
7.160900000002357046e-02
7.195899999999255670e-02
7.107799999999997453e-02
8.572800000001734588e-02
7.863199999997050327e-02
7.105300000000625005e-02
7.200000000000272848e-02
7.148799999998800558e-02
7.214900000002444358e-02
7.168100000001231820e-02
7.245399999999335705e-02
8.581900000001496664e-02
7.379000000003088644e-02
7.172800000000734144e-02
7.162200000004759204e-02
7.470699999998942076e-02
7.106900000002269735e-02
7.008400000000847285e-02
7.017199999995682447e-02
7.895299999995586404e-02
7.757899999995743201e-02
7.244399999996176120e-02
7.138299999996888801e-02
7.105799999999362626e-02
7.131299999997509076e-02
7.139599999999290958e-02
7.145400000001700391e-02
6.999700000000075306e-02
7.172800000000734144e-02
7.119500000004563844e-02
7.685899999995626786e-02
7.211800000004586764e-02
7.150599999999940337e-02
7.183900000001131048e-02
7.037000000002535671e-02
7.394899999997051054e-02
7.032499999996844053e-02
7.105300000000625005e-02
7.037500000001273293e-02
7.263999999997849955e-02
7.103799999998727799e-02
7.153399999998555359e-02
7.184000000000878572e-02
7.016999999996187398e-02
7.798999999999978172e-02
7.262500000001637090e-02
7.156500000002097295e-02
7.142199999998410931e-02
7.093700000001490480e-02
7.144099999999298234e-02
7.167599999996809856e-02
8.648299999998698695e-02
7.184999999998353815e-02
7.180700000003525929e-02
7.252199999999220381e-02
7.238300000000208456e-02
7.133899999996629049e-02
7.438500000000658474e-02
7.100300000001880107e-02
7.374000000004343747e-02
7.627400000001216540e-02
7.065000000000054570e-02
7.089099999996051338e-02
7.863099999997302803e-02
7.162700000003496825e-02
7.151900000002342495e-02
7.334300000002258457e-02
7.615499999997155101e-02
7.317599999998947169e-02
7.173099999999976717e-02
7.186999999998988642e-02
7.737900000000763612e-02
7.070800000002464003e-02
7.103599999999232750e-02
7.261099999999487409e-02
7.931200000001581429e-02
7.871599999998579733e-02
7.108499999998230123e-02
7.810000000000627551e-02
7.057500000001937224e-02
7.071600000000444197e-02
7.137299999999413558e-02
7.252000000005409674e-02
7.312100000001464650e-02
7.071700000000191721e-02
7.130999999998266503e-02
7.155999999997675332e-02
7.152500000000827640e-02
7.195999999999003194e-02
7.056800000003704554e-02
7.312200000001212175e-02
8.841400000000021464e-02
7.108200000004671892e-02
8.577300000001741864e-02
7.095099999997955820e-02
7.139000000000805812e-02
7.132400000000416185e-02
7.163299999996297629e-02
7.220700000004853791e-02
7.507200000003422247e-02
7.134199999995871622e-02
7.119799999998122075e-02
7.591100000001915760e-02
7.203599999996868064e-02
7.123599999999896681e-02
7.205699999997250416e-02
7.078599999999823922e-02
8.322899999996025144e-02
7.154900000000452565e-02
7.492999999999483407e-02
7.192999999995208782e-02
7.170600000000604268e-02
7.148200000000315413e-02
7.180899999997336636e-02
7.076699999998936619e-02
7.748900000001412991e-02
7.918699999999034844e-02
7.590599999997493796e-02
7.072699999997666964e-02
7.935199999997166742e-02
7.621199999999817010e-02
7.109099999996715269e-02
7.143899999999803185e-02
7.299999999997908162e-02
7.202799999998887870e-02
7.120399999996607221e-02
7.079699999997046689e-02
7.027900000002773595e-02
7.103299999999990177e-02
7.212700000002314482e-02
7.115700000002789238e-02
7.443000000000665750e-02
7.163200000002234447e-02
7.179899999999861393e-02
7.821699999999509600e-02
7.096300000000610453e-02
7.605300000000170257e-02
7.054199999998900239e-02
7.477299999999331703e-02
7.817999999997482519e-02
7.199399999996103361e-02
7.092499999998835847e-02
7.156900000001087392e-02
7.168599999999969441e-02
7.190299999996341285e-02
7.168900000004896356e-02
7.172100000002501474e-02
8.075200000001814260e-02
7.179500000000871296e-02
7.045899999997118357e-02
7.035899999999628562e-02
7.128900000003568493e-02
7.144099999999298234e-02
7.682099999999536521e-02
7.095600000002377783e-02
6.907799999999042484e-02
7.071500000000696673e-02
7.116800000000012005e-02
7.132900000004838148e-02
7.061399999997775012e-02
7.088299999998071144e-02
7.126499999998259227e-02
7.136700000000928412e-02
8.724300000000084765e-02
7.872300000002496745e-02
7.104800000001887383e-02
7.233300000001463559e-02
7.097199999998338171e-02
7.049399999999650390e-02
7.128399999999146530e-02
7.103499999999485226e-02
7.757799999995995677e-02
7.167200000003504101e-02
6.993999999997413397e-02
7.017899999999599459e-02
7.035300000001143417e-02
7.034699999996973929e-02
7.034299999997983832e-02
7.029299999999238935e-02
7.948299999998198473e-02
7.557300000001987428e-02
7.248300000003382593e-02
7.304399999998167914e-02
7.626199999998561907e-02
7.151700000002847446e-02
7.111300000002529487e-02
7.258000000001629815e-02
7.650199999994811151e-02
7.167699999996557381e-02
7.109900000000379805e-02
7.472000000001344233e-02
7.419899999996459883e-02
7.322299999998449493e-02
7.087699999999585998e-02
7.132300000000668661e-02
8.479199999999309512e-02
7.735700000000633736e-02
7.332900000000108776e-02
7.163000000002739398e-02
7.107899999999744978e-02
7.684500000004845788e-02
7.087000000001353328e-02
7.090700000003380410e-02
7.762100000002192246e-02
7.638600000001360968e-02
7.096899999999095598e-02
7.133800000002565866e-02
7.200900000003684909e-02
7.199000000002797606e-02
7.096200000000862929e-02
7.877700000000231739e-02
7.230500000002848537e-02
7.203100000003814785e-02
7.428199999998241765e-02
7.092399999999088323e-02
7.026299999995444523e-02
7.132200000000921136e-02
7.314900000000079672e-02
7.190899999994826430e-02
7.929500000000189175e-02
7.159000000001469743e-02
7.519500000000789441e-02
8.320500000002084562e-02
7.187299999998231215e-02
7.049200000000155342e-02
7.368200000001934313e-02
7.028200000002016168e-02
7.930099999998674321e-02
8.226100000001679291e-02
7.063999999996894985e-02
7.198600000003807509e-02
7.175699999999096690e-02
7.106399999997847772e-02
7.189900000003035530e-02
7.096200000000862929e-02
7.632800000004635876e-02
7.109800000000632281e-02
8.073200000001179433e-02
7.224500000000944056e-02
7.249100000001362787e-02
7.131700000002183515e-02
7.142299999998158455e-02
7.135600000003705645e-02
7.956199999995305916e-02
7.172200000002248998e-02
7.089799999999968350e-02
7.080000000001973604e-02
7.454400000000305226e-02
7.139499999999543434e-02
7.653700000003027526e-02
7.214099999998779822e-02
7.448099999999158172e-02
7.072899999997162013e-02
7.091900000000350701e-02
7.128099999999903957e-02
7.203799999996363113e-02
7.598899999999275678e-02
7.120600000001786611e-02
7.138900000001058288e-02
7.811000000003787136e-02
7.892000000003918103e-02
7.111400000002277011e-02
7.887699999997721534e-02
7.228299999997034320e-02
7.851900000002842717e-02
7.128899999997884152e-02
7.234199999999191277e-02
8.442400000001271110e-02
7.111800000001267108e-02
7.179800000000113869e-02
7.162499999998317435e-02
7.133299999998143903e-02
8.445800000004055619e-02
7.253500000001622539e-02
7.176600000002508750e-02
7.358299999998507701e-02
7.118300000001909211e-02
7.125499999995099643e-02
7.166399999999839565e-02
7.195200000001023000e-02
7.767599999999674765e-02
7.059499999996887709e-02
7.118500000001404260e-02
7.455600000002959860e-02
7.107200000001512308e-02
7.071799999999939246e-02
7.182599999998728890e-02
7.054600000003574678e-02
7.044299999995473627e-02
7.177699999999731517e-02
7.157999999998310159e-02
7.921800000002576780e-02
7.163299999996297629e-02
7.395399999995788676e-02
7.016299999997954728e-02
7.105999999998857675e-02
7.106599999997342820e-02
7.226600000001326407e-02
7.087100000001100852e-02
7.826899999997749546e-02
7.719200000002501838e-02
7.197100000001910303e-02
7.230900000001838634e-02
7.193200000000388172e-02
7.113099999997984924e-02
7.199500000001535227e-02
7.240799999999580905e-02
7.861399999995910548e-02
8.034299999997074337e-02
7.165900000001101944e-02
7.122599999996737097e-02
7.186399999994819154e-02
7.101699999998345447e-02
7.098500000000740329e-02
7.113299999997479972e-02
7.332400000001371154e-02
7.106399999997847772e-02
7.082200000002103479e-02
7.149399999997285704e-02
7.077900000001591252e-02
7.094699999998965723e-02
7.069200000000819273e-02
7.208900000000539876e-02
7.916199999999662396e-02
7.850899999999683132e-02
7.277900000002546221e-02
7.144399999998540807e-02
7.155699999998432759e-02
7.186100000001260923e-02
7.036099999999123611e-02
7.249200000001110311e-02
7.903599999997368286e-02
7.594699999998510975e-02
7.289400000001933222e-02
7.085399999999708598e-02
7.017999999999346983e-02
7.039299999996728729e-02
8.251999999998815838e-02
7.173600000004398680e-02
7.192000000003417881e-02
7.320599999997057239e-02
7.694399999996903716e-02
7.340199999998731073e-02
7.120199999997112172e-02
7.127500000001418812e-02
7.081599999997933992e-02
7.133900000002313391e-02
7.411399999995182952e-02
7.150500000000192813e-02
7.199900000000525324e-02
7.156300000002602246e-02
7.163100000002486922e-02
7.127600000001166336e-02
7.138000000003330570e-02
7.327300000002878733e-02
7.692600000001448279e-02
7.262600000001384615e-02
7.221399999997402119e-02
7.111099999997350096e-02
7.098599999994803511e-02
7.087200000000848377e-02
7.112800000004426693e-02
7.160499999997682607e-02
7.221399999997402119e-02
7.114899999999124702e-02
7.613700000001699664e-02
7.083299999999326246e-02
7.572999999996454790e-02
7.060500000000047294e-02
7.099599999997963096e-02
7.003400000002102388e-02
7.514600000001792068e-02
7.168200000000979344e-02
7.153899999997292980e-02
7.143500000000813088e-02
7.033400000000256114e-02
7.111599999996087718e-02
7.154200000002219895e-02
7.052499999997507985e-02
7.325500000001738954e-02
7.047599999998510611e-02
7.078899999999066495e-02
7.041400000002795423e-02
7.090900000002875458e-02
7.074499999998806743e-02
7.068300000003091554e-02
7.274699999999256761e-02
7.208000000002812158e-02
7.074499999998806743e-02
7.404199999996308179e-02
7.576000000000249202e-02
7.126999999996996848e-02
7.035300000001143417e-02
7.031200000000126238e-02
7.047499999998763087e-02
