# Pose Estimation timer: 2017-12-12 17:57:41.819325
2.191399999999998904e-02
1.518100000000011107e-02
1.324399999999936739e-02
1.368600000000164130e-02
1.560199999999944964e-02
1.298300000000018883e-02
1.452500000000078728e-02
1.618599999999759120e-02
1.484300000000260411e-02
1.480800000000215277e-02
1.656699999999844408e-02
1.347200000000015052e-02
1.714000000000126533e-02
1.482399999999728379e-02
1.512900000000172440e-02
1.630399999999809779e-02
1.708999999999605279e-02
1.698999999999983856e-02
1.702999999999832426e-02
1.570699999999902730e-02
1.802499999999440661e-02
1.760000000000161435e-02
1.535400000000208820e-02
1.932199999999539841e-02
1.861900000000105138e-02
2.370100000000263663e-02
2.098000000000865839e-02
2.107499999999618012e-02
2.107200000000375439e-02
1.813699999999585089e-02
1.853900000000407999e-02
1.704999999999756710e-02
1.645899999999755892e-02
2.208799999999655483e-02
2.036699999999314059e-02
1.654300000001285298e-02
2.269499999999879947e-02
1.863400000000581258e-02
2.109000000000094133e-02
2.140199999999481406e-02
2.304100000000630644e-02
2.022800000000302134e-02
2.078000000000201908e-02
1.905399999999701777e-02
2.148499999999842203e-02
2.119199999999921147e-02
2.120699999998976182e-02
2.062499999999545253e-02
1.560200000000122600e-02
2.199899999999388456e-02
2.126599999999712054e-02
1.696499999999900865e-02
2.323499999999967258e-02
2.070800000001327135e-02
1.632599999999229112e-02
1.663000000002057277e-02
1.984999999999104148e-02
1.929299999997624582e-02
1.957500000000322871e-02
1.947599999999738429e-02
2.126699999999459578e-02
2.841300000000046566e-02
1.936200000000098953e-02
1.826799999997774648e-02
2.188699999999244028e-02
2.156199999998875683e-02
3.484800000001087028e-02
2.427600000001461922e-02
2.582900000001586704e-02
1.932500000000914042e-02
2.033399999999119245e-02
2.233099999997989471e-02
2.115999999998052772e-02
2.027300000000309410e-02
2.302000000000248292e-02
2.407199999998965723e-02
2.174099999999157262e-02
2.212599999998587919e-02
2.503500000000258296e-02
2.518999999998072781e-02
2.356599999998820749e-02
2.154000000001587978e-02
2.435299999999074316e-02
2.049300000001608169e-02
2.280500000000529326e-02
1.705899999998905514e-02
2.010400000000345244e-02
2.123199999999769716e-02
2.252799999999410829e-02
1.573999999999387001e-02
2.122199999999452302e-02
1.811000000000717591e-02
2.229700000000889304e-02
2.170499999999719876e-02
2.507600000001275475e-02
2.121099999999387364e-02
1.822099999998272324e-02
2.049299999998765998e-02
2.336000000002513843e-02
2.235199999995529652e-02
2.326899999997067425e-02
2.258100000000240470e-02
2.037099999995461985e-02
1.874399999996967381e-02
2.117299999997612758e-02
2.123199999999769716e-02
3.126199999996970291e-02
1.734899999996741826e-02
2.055999999998903149e-02
1.970099999999774809e-02
2.075200000001586886e-02
2.120500000000902219e-02
2.573399999999992360e-02
2.474999999998317435e-02
1.682399999998551721e-02
1.868500000000494765e-02
2.376499999996894985e-02
2.518500000002177330e-02
1.437599999997019040e-02
1.961199999999507781e-02
1.926500000001851731e-02
2.094599999998081330e-02
1.532600000001593799e-02
2.214800000001559965e-02
2.394900000001598528e-02
1.985999999999421561e-02
2.063499999997020495e-02
1.908200000002580055e-02
2.008100000000467844e-02
2.214900000001307490e-02
2.186799999998356725e-02
1.880599999998366911e-02
2.057800000000042928e-02
1.962299999996730548e-02
1.835099999999556530e-02
2.368100000001049921e-02
3.262999999998328349e-02
3.586999999998852218e-02
1.741300000003320747e-02
2.012600000000475120e-02
2.411499999999477950e-02
1.946400000002768138e-02
1.851699999997435953e-02
1.667700000001559602e-02
2.166300000004639514e-02
1.582899999999654028e-02
1.681600000000571526e-02
1.715400000000499858e-02
