# Projection image timer: 2017-12-12 17:57:41.788884
3.223900000000000099e-01
2.000019999999999021e-01
2.000020000000000131e-01
2.000000000000001776e-01
2.000040000000000706e-01
2.982059999999999711e-01
2.000039999999998486e-01
2.000010000000003174e-01
2.636979999999997659e-01
2.000039999999998486e-01
2.000029999999997088e-01
2.000030000000001529e-01
2.000010000000003174e-01
2.000020000000004572e-01
2.000029999999997088e-01
2.000000000000001776e-01
2.536369999999994462e-01
2.000000000000001776e-01
2.000020000000004572e-01
2.000019999999995690e-01
2.000020000000004572e-01
2.000009999999994292e-01
2.000010000000003174e-01
2.000010000000003174e-01
2.565319999999999823e-01
2.000010000000003174e-01
2.000030000000005970e-01
2.000030000000005970e-01
2.302619999999997447e-01
2.000000000000010658e-01
2.000030000000005970e-01
2.000019999999995690e-01
2.576879999999999171e-01
2.000010000000003174e-01
2.000010000000003174e-01
2.000000000000010658e-01
2.000019999999995690e-01
2.000039999999998486e-01
2.000000000000010658e-01
2.000010000000003174e-01
2.560909999999996245e-01
2.000030000000005970e-01
2.000019999999995690e-01
2.000030000000005970e-01
2.000000000000010658e-01
2.000019999999995690e-01
2.000009999999985411e-01
2.000019999999995690e-01
2.482710000000007966e-01
2.000020000000013454e-01
2.000039999999998486e-01
2.000029999999988206e-01
2.000010000000003174e-01
2.000000000000028422e-01
2.000039999999998486e-01
2.000020000000013454e-01
2.479289999999991778e-01
2.000029999999988206e-01
2.000019999999977927e-01
2.000010000000003174e-01
2.000029999999988206e-01
2.000029999999988206e-01
2.000020000000013454e-01
2.000010000000003174e-01
2.611279999999993606e-01
2.000010000000003174e-01
2.000010000000003174e-01
2.000020000000013454e-01
2.000019999999977927e-01
2.000010000000003174e-01
2.000029999999988206e-01
2.000010000000003174e-01
2.628289999999999793e-01
2.000000000000028422e-01
2.000019999999977927e-01
2.000029999999988206e-01
2.000039999999998486e-01
2.000010000000003174e-01
2.000020000000013454e-01
2.000010000000003174e-01
2.574760000000004823e-01
2.000010000000003174e-01
2.000030000000023733e-01
2.000010000000003174e-01
2.000019999999977927e-01
2.000010000000003174e-01
2.000010000000003174e-01
2.000059999999983518e-01
2.538419999999987908e-01
2.000009999999967647e-01
2.000010000000003174e-01
2.000030000000023733e-01
2.000039999999998486e-01
2.000000000000028422e-01
2.000019999999977927e-01
2.000010000000003174e-01
2.566720000000017876e-01
2.000059999999983518e-01
2.000039999999998486e-01
2.000029999999952679e-01
2.000010000000003174e-01
2.000030000000023733e-01
2.000000000000028422e-01
2.000010000000003174e-01
2.580560000000033938e-01
2.000019999999977927e-01
2.000000000000028422e-01
2.000030000000023733e-01
2.000030000000023733e-01
2.000039999999998486e-01
2.000030000000023733e-01
2.000020000000048981e-01
2.546299999999988017e-01
2.000029999999952679e-01
2.000019999999977927e-01
2.000029999999952679e-01
2.000019999999977927e-01
2.000010000000003174e-01
2.000010000000003174e-01
2.000019999999977927e-01
2.576280000000039649e-01
2.000000000000028422e-01
2.000039999999998486e-01
2.000000000000028422e-01
2.000000000000028422e-01
2.000010000000003174e-01
2.000030000000023733e-01
2.000019999999977927e-01
2.671230000000051064e-01
2.000030000000023733e-01
2.000019999999977927e-01
2.000029999999952679e-01
2.000020000000048981e-01
2.000010000000003174e-01
2.000030000000023733e-01
2.000019999999977927e-01
2.528879999999986694e-01
2.000010000000003174e-01
2.000030000000023733e-01
2.000029999999952679e-01
2.000010000000003174e-01
2.000039999999998486e-01
2.000039999999998486e-01
2.000030000000023733e-01
2.707509999999970773e-01
2.000029999999952679e-01
2.000010000000003174e-01
2.000000000000028422e-01
2.000079999999968550e-01
2.000010000000003174e-01
2.000039999999998486e-01
2.000000000000028422e-01
2.633709999999993556e-01
2.000000000000028422e-01
2.000039999999998486e-01
2.000020000000048981e-01
2.000010000000003174e-01
2.000010000000003174e-01
2.000019999999977927e-01
2.000039999999998486e-01
2.541160000000033392e-01
2.000019999999977927e-01
2.000039999999998486e-01
2.000010000000003174e-01
2.000030000000023733e-01
2.000030000000023733e-01
2.000010000000003174e-01
2.000030000000023733e-01
2.580179999999998586e-01
2.000000000000028422e-01
2.000010000000003174e-01
2.000019999999977927e-01
2.000010000000003174e-01
2.000020000000048981e-01
2.000000000000028422e-01
2.000030000000023733e-01
2.602720000000005030e-01
2.000010000000003174e-01
2.000020000000048981e-01
2.000039999999998486e-01
2.000030000000023733e-01
2.000010000000003174e-01
2.000000000000028422e-01
2.000020000000048981e-01
2.629009999999993852e-01
2.000010000000003174e-01
2.000010000000003174e-01
2.000019999999977927e-01
2.000000000000028422e-01
2.000019999999977927e-01
2.000000000000028422e-01
2.000029999999952679e-01
2.608350000000001501e-01
2.000010000000003174e-01
2.000010000000003174e-01
2.000029999999952679e-01
2.000019999999977927e-01
2.000019999999977927e-01
2.000000000000028422e-01
2.000019999999977927e-01
2.729520000000036362e-01
2.000010000000003174e-01
2.000000000000028422e-01
2.000010000000003174e-01
2.000010000000003174e-01
2.000010000000003174e-01
2.000029999999952679e-01
2.000029999999952679e-01
2.661069999999909896e-01
2.000010000000003174e-01
2.000029999999952679e-01
2.000039999999927431e-01
2.000010000000003174e-01
2.000019999999977927e-01
2.000010000000003174e-01
2.000000000000028422e-01
2.637399999999985312e-01
2.000020000000120035e-01
2.000039999999927431e-01
2.000010000000003174e-01
2.000029999999952679e-01
2.000020000000120035e-01
2.000010000000003174e-01
2.000019999999977927e-01
2.893040000000013379e-01
2.000000000000028422e-01
2.000030000000094788e-01
2.000010000000003174e-01
2.000000000000028422e-01
2.000010000000003174e-01
2.000019999999977927e-01
2.000019999999977927e-01
2.689370000000081973e-01
2.000029999999952679e-01
2.000030000000094788e-01
2.000010000000003174e-01
2.000039999999927431e-01
2.000000000000028422e-01
2.000030000000094788e-01
2.000040000000069540e-01
2.572480000000041400e-01
2.000019999999977927e-01
2.000010000000003174e-01
2.000030000000094788e-01
2.000019999999977927e-01
2.000000000000028422e-01
2.000019999999977927e-01
2.000019999999977927e-01
2.601240000000046848e-01
2.000010000000003174e-01
2.000010000000003174e-01
2.000020000000120035e-01
2.000029999999952679e-01
2.000029999999952679e-01
2.000019999999977927e-01
2.000019999999977927e-01
2.575870000000008986e-01
2.000029999999952679e-01
2.000010000000003174e-01
2.000010000000003174e-01
2.000010000000003174e-01
2.000029999999952679e-01
2.000019999999977927e-01
2.000000000000028422e-01
2.606220000000121217e-01
2.000019999999977927e-01
2.000000000000028422e-01
2.412700000000000955e-01
2.000010000000003174e-01
2.000019999999977927e-01
2.000010000000003174e-01
2.000029999999952679e-01
2.629139999999949850e-01
2.000000000000028422e-01
2.000030000000094788e-01
2.000039999999927431e-01
2.000030000000094788e-01
2.000029999999952679e-01
2.000019999999977927e-01
2.000029999999952679e-01
2.521089999999901465e-01
2.000030000000094788e-01
2.000000000000028422e-01
2.000020000000120035e-01
2.000000000000028422e-01
2.000019999999977927e-01
2.000000000000028422e-01
2.000010000000003174e-01
2.630380000000087648e-01
2.000029999999952679e-01
2.000019999999977927e-01
2.000000000000028422e-01
2.000000000000028422e-01
2.000019999999977927e-01
2.000030000000094788e-01
2.000000000000028422e-01
2.563049999999975626e-01
2.000029999999952679e-01
2.000019999999977927e-01
2.000010000000003174e-01
2.000029999999952679e-01
2.000029999999952679e-01
2.000029999999952679e-01
2.000019999999977927e-01
2.714630000000113341e-01
2.000019999999977927e-01
2.000019999999977927e-01
2.000030000000094788e-01
2.000010000000003174e-01
2.000019999999977927e-01
2.000029999999952679e-01
2.000019999999977927e-01
2.730320000000006075e-01
2.000030000000094788e-01
2.000029999999952679e-01
2.000019999999977927e-01
2.000010000000003174e-01
2.000019999999977927e-01
2.000019999999977927e-01
2.000000000000028422e-01
2.608749999999986358e-01
2.000010000000003174e-01
2.000019999999977927e-01
2.000019999999977927e-01
2.000029999999952679e-01
2.000019999999977927e-01
2.000029999999952679e-01
2.000030000000094788e-01
2.579410000000024183e-01
2.000029999999952679e-01
2.000019999999977927e-01
2.000029999999952679e-01
2.000039999999927431e-01
2.000029999999952679e-01
2.000000000000028422e-01
2.000019999999977927e-01
2.659220000000033224e-01
2.000039999999927431e-01
2.000029999999952679e-01
2.000019999999977927e-01
2.000029999999952679e-01
2.000019999999977927e-01
2.000029999999952679e-01
2.000029999999952679e-01
2.632619999999974425e-01
2.000000000000028422e-01
2.000010000000003174e-01
2.000000000000028422e-01
2.000030000000094788e-01
2.000029999999952679e-01
2.000029999999952679e-01
2.000010000000003174e-01
2.598810000000071341e-01
2.000019999999977927e-01
2.000010000000003174e-01
2.000039999999927431e-01
2.000000000000028422e-01
2.000000000000028422e-01
2.000019999999977927e-01
2.000029999999952679e-01
2.558180000000049858e-01
2.000029999999952679e-01
2.000019999999977927e-01
2.000029999999952679e-01
2.000019999999977927e-01
2.000029999999952679e-01
2.000019999999977927e-01
2.000049999999902184e-01
2.606919999999917081e-01
2.000019999999977927e-01
2.000000000000028422e-01
2.000030000000094788e-01
2.000010000000003174e-01
2.000069999999993797e-01
2.000029999999952679e-01
2.000010000000003174e-01
2.581109999999995352e-01
2.000029999999952679e-01
2.000029999999952679e-01
2.000309999999956290e-01
2.000010000000003174e-01
2.000010000000003174e-01
2.000010000000003174e-01
2.000029999999952679e-01
2.585029999999903794e-01
2.000019999999977927e-01
2.000029999999952679e-01
2.000000000000028422e-01
2.000029999999952679e-01
2.000010000000003174e-01
2.000030000000094788e-01
2.000009999999861066e-01
2.661800000000198452e-01
2.000009999999861066e-01
2.000009999999861066e-01
2.000020000000120035e-01
2.000009999999861066e-01
2.000000000000170530e-01
2.000020000000120035e-01
2.000000000000170530e-01
2.627420000000029177e-01
2.000029999999810570e-01
2.000020000000120035e-01
2.000000000000170530e-01
2.000010000000145283e-01
2.000009999999861066e-01
2.000030000000094788e-01
2.000020000000120035e-01
2.529719999999997526e-01
2.000009999999861066e-01
2.000040000000069540e-01
2.000040000000069540e-01
2.000040000000069540e-01
2.000030000000094788e-01
2.000020000000120035e-01
2.000020000000120035e-01
2.693069999999977426e-01
2.000009999999861066e-01
2.000030000000094788e-01
2.000040000000069540e-01
2.000000000000170530e-01
2.000020000000120035e-01
2.000020000000120035e-01
2.000009999999861066e-01
2.587400000000172895e-01
2.000019999999835818e-01
2.000020000000120035e-01
2.000009999999861066e-01
2.000029999999810570e-01
2.000019999999835818e-01
2.000010000000145283e-01
2.000040000000069540e-01
2.641409999999950742e-01
2.000010000000145283e-01
2.000020000000120035e-01
2.000010000000145283e-01
2.000029999999810570e-01
2.000020000000120035e-01
2.000019999999835818e-01
2.000020000000120035e-01
2.505900000000167438e-01
2.000029999999810570e-01
2.000010000000145283e-01
2.000020000000120035e-01
2.000039999999785323e-01
2.000030000000094788e-01
2.000050000000044292e-01
2.000010000000145283e-01
2.645219999999994798e-01
2.000039999999785323e-01
2.000039999999785323e-01
2.000000000000170530e-01
2.000009999999861066e-01
2.000009999999861066e-01
2.000020000000120035e-01
2.000009999999861066e-01
2.586959999999862703e-01
2.000010000000145283e-01
2.000020000000120035e-01
2.000009999999861066e-01
2.000010000000145283e-01
2.000030000000094788e-01
2.000019999999835818e-01
2.000030000000094788e-01
2.858180000000061227e-01
2.000029999999810570e-01
2.000019999999835818e-01
2.000009999999861066e-01
2.000010000000145283e-01
2.000060000000019045e-01
2.000019999999835818e-01
2.000020000000120035e-01
2.806250000000147793e-01
2.000040000000069540e-01
2.000020000000120035e-01
2.000019999999835818e-01
2.000030000000094788e-01
2.000010000000145283e-01
2.000030000000094788e-01
2.000010000000145283e-01
2.881530000000225300e-01
2.000000000000170530e-01
2.000020000000120035e-01
2.000039999999785323e-01
2.000020000000120035e-01
2.000030000000094788e-01
2.000010000000145283e-01
2.000009999999861066e-01
2.874119999999891206e-01
2.000029999999810570e-01
2.000039999999785323e-01
2.000020000000120035e-01
2.000010000000145283e-01
2.000019999999835818e-01
2.000009999999861066e-01
2.000029999999810570e-01
2.882899999999892771e-01
2.000039999999785323e-01
2.000010000000145283e-01
2.000010000000145283e-01
2.000030000000094788e-01
2.000010000000145283e-01
2.000030000000094788e-01
2.000040000000069540e-01
2.794730000000242853e-01
2.000029999999810570e-01
2.000000000000170530e-01
2.000000000000170530e-01
2.000040000000069540e-01
2.000029999999810570e-01
2.000020000000120035e-01
2.000020000000120035e-01
2.681190000000128748e-01
2.000029999999810570e-01
2.000020000000120035e-01
2.000010000000145283e-01
2.000020000000120035e-01
2.000040000000069540e-01
2.000000000000170530e-01
2.000019999999835818e-01
2.727989999999920201e-01
2.000020000000120035e-01
2.000019999999835818e-01
2.000030000000094788e-01
2.000020000000120035e-01
2.000039999999785323e-01
2.000039999999785323e-01
2.000020000000120035e-01
3.163399999999967349e-01
2.000009999999861066e-01
2.000040000000069540e-01
2.000009999999861066e-01
2.000020000000120035e-01
2.000040000000069540e-01
2.000000000000170530e-01
2.000000000000170530e-01
2.981210000000089622e-01
2.000019999999835818e-01
2.000040000000069540e-01
2.000019999999835818e-01
2.000009999999861066e-01
2.000009999999861066e-01
2.000019999999835818e-01
2.000040000000069540e-01
2.826750000000117780e-01
2.000000000000170530e-01
2.000010000000145283e-01
2.000019999999835818e-01
2.000040000000069540e-01
2.000000000000170530e-01
2.000000000000170530e-01
2.000010000000145283e-01
2.716110000000071523e-01
2.000040000000069540e-01
2.000030000000094788e-01
2.000020000000120035e-01
2.000000000000170530e-01
2.000030000000094788e-01
2.000020000000120035e-01
2.000020000000120035e-01
2.797780000000216205e-01
2.000039999999785323e-01
2.000009999999861066e-01
2.000010000000145283e-01
2.000030000000094788e-01
2.000019999999835818e-01
2.000030000000094788e-01
2.000020000000120035e-01
2.930439999999805423e-01
2.000000000000170530e-01
2.000019999999835818e-01
2.000030000000094788e-01
2.000010000000145283e-01
2.000010000000145283e-01
2.000000000000170530e-01
2.000010000000145283e-01
2.791330000000016298e-01
2.000140000000101281e-01
2.000029999999810570e-01
2.000000000000170530e-01
2.000029999999810570e-01
2.000040000000069540e-01
2.000030000000094788e-01
2.000019999999835818e-01
2.629730000000165546e-01
2.000030000000094788e-01
2.000039999999785323e-01
2.000020000000120035e-01
2.000009999999861066e-01
2.000029999999810570e-01
2.000010000000145283e-01
2.000019999999835818e-01
2.986850000000060845e-01
2.000020000000120035e-01
2.000009999999861066e-01
2.000039999999785323e-01
2.000009999999861066e-01
2.000029999999810570e-01
2.000020000000120035e-01
2.000010000000145283e-01
2.734890000000120835e-01
2.000429999999937536e-01
2.000010000000145283e-01
2.000019999999835818e-01
2.000009999999861066e-01
2.000029999999810570e-01
2.000009999999861066e-01
2.000020000000120035e-01
2.627779999999972915e-01
2.000019999999835818e-01
2.000040000000069540e-01
2.000030000000094788e-01
2.000020000000120035e-01
2.000030000000094788e-01
2.000039999999785323e-01
2.000040000000069540e-01
2.766180000000133532e-01
2.000029999999810570e-01
2.000019999999835818e-01
2.000030000000094788e-01
2.000000000000170530e-01
2.000009999999861066e-01
2.000020000000120035e-01
2.000019999999835818e-01
2.804780000000164364e-01
2.000029999999810570e-01
2.000030000000094788e-01
2.000010000000145283e-01
2.000019999999835818e-01
2.000019999999835818e-01
2.000009999999861066e-01
2.000010000000145283e-01
2.824349999999924421e-01
2.000000000000170530e-01
2.000000000000170530e-01
2.000029999999810570e-01
2.000009999999861066e-01
2.000030000000094788e-01
2.000010000000145283e-01
2.000000000000170530e-01
2.760299999999915599e-01
2.000010000000145283e-01
2.000030000000094788e-01
2.000010000000145283e-01
2.000020000000120035e-01
2.000030000000094788e-01
2.000019999999835818e-01
2.000019999999835818e-01
2.796110000000169293e-01
2.000030000000094788e-01
2.000000000000170530e-01
2.000009999999861066e-01
2.000010000000145283e-01
2.000020000000120035e-01
2.000010000000145283e-01
2.000019999999835818e-01
2.870560000000068612e-01
2.000040000000069540e-01
2.000040000000069540e-01
2.000039999999785323e-01
2.000020000000120035e-01
2.000030000000094788e-01
2.000030000000094788e-01
2.000100000000202272e-01
2.821050000000013824e-01
2.000040000000069540e-01
2.000029999999810570e-01
2.000019999999835818e-01
2.000030000000094788e-01
2.000400000000013279e-01
2.000020000000120035e-01
2.000050000000044292e-01
2.764070000000060645e-01
2.000010000000145283e-01
2.000069999999993797e-01
2.000039999999785323e-01
2.000000000000170530e-01
2.000010000000145283e-01
2.000019999999835818e-01
2.000000000000170530e-01
3.192249999999887677e-01
2.000000000000170530e-01
2.000039999999785323e-01
2.000020000000120035e-01
2.000029999999810570e-01
2.000080000000252767e-01
2.000019999999835818e-01
2.000030000000094788e-01
2.947690000000022792e-01
2.000019999999835818e-01
2.000039999999785323e-01
2.000030000000094788e-01
2.000029999999810570e-01
2.000009999999861066e-01
2.000030000000094788e-01
2.000020000000120035e-01
2.687760000000025684e-01
2.000020000000120035e-01
2.000009999999861066e-01
2.000009999999861066e-01
2.000020000000120035e-01
2.000000000000170530e-01
2.000029999999810570e-01
2.000029999999810570e-01
3.149939999999844531e-01
2.000030000000094788e-01
2.000039999999785323e-01
2.000030000000094788e-01
2.000009999999861066e-01
2.000009999999861066e-01
2.000009999999861066e-01
2.000020000000120035e-01
2.634299999999996089e-01
2.000010000000145283e-01
2.000020000000120035e-01
2.000030000000094788e-01
2.000019999999835818e-01
2.000010000000145283e-01
2.000020000000120035e-01
2.000000000000170530e-01
2.717379999999991469e-01
2.000029999999810570e-01
2.000009999999861066e-01
2.000039999999785323e-01
2.000000000000170530e-01
2.000040000000069540e-01
2.000030000000094788e-01
2.000040000000069540e-01
2.624619999999993070e-01
2.000040000000069540e-01
2.000019999999835818e-01
2.000040000000069540e-01
2.000029999999810570e-01
2.000009999999861066e-01
2.000079999999968550e-01
2.000009999999861066e-01
3.008909999999787033e-01
2.000160000000050786e-01
2.000010000000145283e-01
2.000040000000069540e-01
2.000010000000145283e-01
2.000000000000170530e-01
2.000009999999861066e-01
2.000040000000069540e-01
2.677610000000072432e-01
2.000020000000120035e-01
2.000020000000120035e-01
2.000010000000145283e-01
2.000000000000170530e-01
2.000030000000379005e-01
2.000020000000404252e-01
2.000019999999835818e-01
2.759209999999825413e-01
2.000009999999861066e-01
2.000029999999810570e-01
2.000009999999861066e-01
2.000010000000429500e-01
2.000040000000353757e-01
2.000010000000429500e-01
2.000030000000379005e-01
2.715230000000019572e-01
2.000009999999861066e-01
2.000019999999835818e-01
2.000019999999835818e-01
2.000019999999835818e-01
2.000000000000454747e-01
2.000009999999861066e-01
2.000029999999810570e-01
2.833109999999692263e-01
2.000009999999861066e-01
2.000010000000429500e-01
2.000019999999835818e-01
2.000019999999835818e-01
2.000019999999835818e-01
2.000019999999835818e-01
2.000029999999810570e-01
2.764230000000225118e-01
2.000020000000404252e-01
2.000029999999810570e-01
2.000019999999835818e-01
2.000019999999835818e-01
2.000020000000404252e-01
2.000039999999785323e-01
2.000009999999861066e-01
2.681269999999926767e-01
2.000029999999810570e-01
2.000019999999835818e-01
2.000039999999785323e-01
2.000009999999861066e-01
2.000029999999810570e-01
2.000029999999810570e-01
2.000009999999861066e-01
3.021149999999579450e-01
2.000029999999810570e-01
2.000039999999785323e-01
2.000039999999785323e-01
2.000039999999785323e-01
2.000029999999810570e-01
2.000030000000379005e-01
2.000010000000429500e-01
2.748780000000010659e-01
2.000040000000353757e-01
2.000029999999810570e-01
2.000009999999861066e-01
2.000010000000429500e-01
2.000019999999835818e-01
2.000020000000404252e-01
2.000029999999810570e-01
2.850210000000288346e-01
2.000029999999810570e-01
2.000040000000353757e-01
2.000019999999835818e-01
2.000030000000379005e-01
2.000000000000454747e-01
2.000010000000429500e-01
2.000000000000454747e-01
2.973199999999565080e-01
2.000009999999861066e-01
2.000009999999861066e-01
2.000010000000429500e-01
2.000029999999810570e-01
2.000009999999861066e-01
2.000009999999861066e-01
2.000019999999835818e-01
2.654459999999971842e-01
2.000040000000353757e-01
2.000030000000379005e-01
2.000039999999785323e-01
2.000029999999810570e-01
2.000020000000404252e-01
2.000010000000429500e-01
2.000019999999835818e-01
3.034660000000144464e-01
2.000370000000089021e-01
2.000019999999835818e-01
2.000010000000429500e-01
2.000030000000379005e-01
2.000029999999810570e-01
2.000020000000404252e-01
2.000030000000379005e-01
3.010730000000307882e-01
2.000009999999861066e-01
2.000059999999734828e-01
2.000010000000429500e-01
2.000039999999785323e-01
2.000009999999861066e-01
2.000009999999861066e-01
2.000009999999861066e-01
3.155299999999670035e-01
2.000009999999861066e-01
2.000010000000429500e-01
2.000019999999835818e-01
2.000039999999785323e-01
2.000029999999810570e-01
2.000000000000454747e-01
2.000029999999810570e-01
2.814599999999813917e-01
2.000019999999835818e-01
2.000040000000353757e-01
2.000010000000429500e-01
2.000030000000379005e-01
2.000039999999785323e-01
2.000039999999785323e-01
2.000029999999810570e-01
2.789660000000253604e-01
2.000030000000379005e-01
2.000019999999835818e-01
2.000009999999861066e-01
2.000019999999835818e-01
2.000039999999785323e-01
2.000040000000353757e-01
2.000030000000379005e-01
2.866690000000176042e-01
2.000029999999810570e-01
2.000029999999810570e-01
2.000019999999835818e-01
2.000029999999810570e-01
2.000039999999785323e-01
2.000039999999785323e-01
2.000009999999861066e-01
2.827790000000049986e-01
2.000019999999835818e-01
2.069109999999909633e-01
2.000009999999861066e-01
2.000049999999760075e-01
2.000009999999861066e-01
2.000010000000429500e-01
2.000039999999785323e-01
2.930430000000114887e-01
2.000020000000404252e-01
2.000019999999835818e-01
2.000029999999810570e-01
2.000009999999861066e-01
2.000009999999861066e-01
2.000020000000404252e-01
2.000000000000454747e-01
2.713400000000092405e-01
2.000039999999785323e-01
2.000019999999835818e-01
2.000019999999835818e-01
2.000019999999835818e-01
2.000039999999785323e-01
2.000009999999861066e-01
2.000009999999861066e-01
2.698390000000472355e-01
2.000019999999835818e-01
2.000039999999785323e-01
2.000009999999861066e-01
2.000039999999785323e-01
2.000020000000404252e-01
2.000009999999861066e-01
2.000020000000404252e-01
2.889140000000338659e-01
2.000039999999785323e-01
2.000009999999861066e-01
2.000000000000454747e-01
2.000000000000454747e-01
2.000019999999835818e-01
2.000009999999861066e-01
2.000019999999835818e-01
2.958559999999579304e-01
2.000019999999835818e-01
2.000199999999949796e-01
2.000000000000454747e-01
2.000029999999810570e-01
2.000039999999785323e-01
2.000020000000404252e-01
2.017390000000318651e-01
3.007269999999948595e-01
2.000029999999810570e-01
2.000019999999835818e-01
2.000029999999810570e-01
2.000039999999785323e-01
2.000249999999823558e-01
2.000039999999785323e-01
2.000010000000429500e-01
2.963849999999865759e-01
2.000009999999861066e-01
2.000039999999785323e-01
2.000029999999810570e-01
2.000009999999861066e-01
2.000019999999835818e-01
2.000039999999785323e-01
2.000029999999810570e-01
2.596779999999512256e-01
2.000009999999861066e-01
2.000029999999810570e-01
2.000009999999861066e-01
2.000019999999835818e-01
2.000009999999861066e-01
2.000019999999835818e-01
2.000019999999835818e-01
2.818439999999782231e-01
2.000009999999861066e-01
2.000009999999861066e-01
2.000019999999835818e-01
2.000009999999861066e-01
2.000030000000379005e-01
2.000009999999861066e-01
2.000019999999835818e-01
2.997849999999857573e-01
2.000039999999785323e-01
2.000010000000429500e-01
2.000029999999810570e-01
2.000029999999810570e-01
2.000019999999835818e-01
2.000010000000429500e-01
2.000020000000404252e-01
2.856239999999843349e-01
2.000019999999835818e-01
2.000580000000127256e-01
2.000019999999835818e-01
2.000029999999810570e-01
2.000000000000454747e-01
2.000009999999861066e-01
2.000040000000353757e-01
2.933909999999855245e-01
2.000009999999861066e-01
2.000000000000454747e-01
2.000030000000379005e-01
2.000030000000379005e-01
2.000000000000454747e-01
2.000019999999835818e-01
2.000040000000353757e-01
3.075019999999994980e-01
2.000590000000102009e-01
2.000039999999785323e-01
2.000030000000379005e-01
2.000039999999785323e-01
2.000020000000404252e-01
2.000000000000454747e-01
2.000029999999810570e-01
2.728209999999648971e-01
2.000009999999861066e-01
2.000070000000278014e-01
2.000019999999835818e-01
2.000029999999810570e-01
2.000029999999810570e-01
2.000020000000404252e-01
2.000019999999835818e-01
3.165139999999837528e-01
2.000010000000429500e-01
2.000019999999835818e-01
2.000009999999861066e-01
2.000010000000429500e-01
2.000029999999810570e-01
2.000019999999835818e-01
2.000009999999861066e-01
2.681469999999990250e-01
2.000039999999785323e-01
2.000040000000353757e-01
2.024030000000038854e-01
2.000020000000404252e-01
2.000000000000454747e-01
2.000020000000404252e-01
2.000039999999785323e-01
2.868579999999951724e-01
2.000050000000328509e-01
2.000009999999861066e-01
2.000039999999785323e-01
2.000019999999835818e-01
2.000030000000379005e-01
2.000009999999861066e-01
2.000039999999785323e-01
2.788370000000099935e-01
2.000019999999835818e-01
2.000020000000404252e-01
2.000040000000353757e-01
2.000020000000404252e-01
2.000030000000379005e-01
2.000029999999810570e-01
2.000000000000454747e-01
2.839189999999689462e-01
2.000019999999835818e-01
2.000009999999861066e-01
2.000009999999861066e-01
2.000019999999835818e-01
2.000010000000429500e-01
2.000030000000379005e-01
2.000039999999785323e-01
2.889240000000086184e-01
2.000009999999861066e-01
2.000009999999861066e-01
2.000019999999835818e-01
2.000030000000379005e-01
2.000000000000454747e-01
2.000009999999861066e-01
2.000040000000353757e-01
2.675049999999714601e-01
2.000030000000379005e-01
2.000029999999810570e-01
2.000000000000454747e-01
2.000020000000404252e-01
2.000009999999861066e-01
2.000039999999785323e-01
2.000009999999861066e-01
2.874550000000226646e-01
2.000010000000429500e-01
2.000009999999861066e-01
2.000040000000353757e-01
2.000039999999785323e-01
2.000019999999835818e-01
2.000019999999835818e-01
2.000009999999861066e-01
2.727630000000544896e-01
2.000029999999810570e-01
2.000010000000429500e-01
2.000029999999810570e-01
2.000009999999861066e-01
2.000020000000404252e-01
2.000039999999785323e-01
2.000000000000454747e-01
2.696740000000090731e-01
2.000039999999785323e-01
2.000029999999810570e-01
2.000009999999861066e-01
2.000019999999835818e-01
2.000019999999835818e-01
2.000029999999810570e-01
2.000029999999810570e-01
3.022660000000314540e-01
2.000049999999760075e-01
2.000010000000429500e-01
2.000030000000379005e-01
2.000039999999785323e-01
2.000039999999785323e-01
2.000040000000353757e-01
2.000009999999861066e-01
3.241150000000061482e-01
2.000059999999734828e-01
2.000000000000454747e-01
2.000000000000454747e-01
2.000020000000404252e-01
2.000009999999861066e-01
2.000010000000429500e-01
2.000010000000429500e-01
3.139269999999783067e-01
2.000019999999835818e-01
2.000029999999810570e-01
2.000029999999810570e-01
2.000019999999835818e-01
2.000009999999861066e-01
2.000019999999835818e-01
2.000019999999835818e-01
2.681640000000129476e-01
2.000009999999861066e-01
2.000039999999785323e-01
2.000020000000404252e-01
2.000020000000404252e-01
2.000019999999835818e-01
2.000019999999835818e-01
2.000019999999835818e-01
2.847110000000157015e-01
2.000049999999760075e-01
2.000009999999861066e-01
2.000010000000429500e-01
2.000019999999835818e-01
2.000040000000353757e-01
2.000029999999810570e-01
2.000039999999785323e-01
2.783049999999889224e-01
2.000010000000429500e-01
2.000019999999835818e-01
2.000020000000404252e-01
2.000029999999810570e-01
2.000010000000429500e-01
2.085870000000227265e-01
2.000020000000404252e-01
2.612480000000232394e-01
2.000010000000429500e-01
2.000170000000025539e-01
2.008989999999926113e-01
2.000029999999810570e-01
2.000029999999810570e-01
2.000019999999835818e-01
2.000019999999835818e-01
2.696419999999761785e-01
2.000009999999861066e-01
2.000029999999810570e-01
2.000029999999810570e-01
2.000039999999785323e-01
2.000039999999785323e-01
2.000009999999861066e-01
2.000019999999835818e-01
2.833219999999982974e-01
2.000019999999835818e-01
2.000020000000404252e-01
2.000009999999861066e-01
2.000019999999835818e-01
2.000010000000429500e-01
2.000019999999835818e-01
2.000029999999810570e-01
2.658170000000268374e-01
2.000009999999861066e-01
2.000029999999810570e-01
2.000009999999861066e-01
2.000020000000404252e-01
2.000010000000429500e-01
2.000009999999861066e-01
2.000009999999861066e-01
2.774650000000065120e-01
2.000019999999835818e-01
2.000019999999835818e-01
2.000009999999861066e-01
2.000030000000379005e-01
2.000009999999861066e-01
2.000009999999861066e-01
2.000039999999785323e-01
2.733200000000124419e-01
2.000040000000353757e-01
2.000029999999810570e-01
2.000040000000353757e-01
2.000019999999835818e-01
2.000019999999835818e-01
2.000019999999835818e-01
2.000040000000353757e-01
2.524530000000027030e-01
2.000020000000404252e-01
2.000029999999810570e-01
2.000019999999835818e-01
2.000039999999785323e-01
2.000009999999861066e-01
2.000029999999810570e-01
2.000030000000379005e-01
