# Rotation Matrix timer: 2017-12-12 17:57:41.822534
4.651000000000071744e-03
1.790000000000180336e-03
1.735000000000042064e-03
1.671999999999229658e-03
1.700999999998842327e-03
1.658000000000825480e-03
1.629999999998688054e-03
1.646999999998399744e-03
1.668000000002223260e-03
1.644999999999896545e-03
2.520000000000521823e-03
1.665000000002692104e-03
1.643999999998868589e-03
1.807999999996923179e-03
1.657000000001573881e-03
1.653000000004567482e-03
1.690000000003522018e-03
1.668999999999698503e-03
1.692000000005577931e-03
1.637999999999806278e-03
1.660999999998580279e-03
1.713000000002296019e-03
1.657999999999049123e-03
1.651999999999986812e-03
1.732999999994433438e-03
1.668000000009328687e-03
1.637999999999806278e-03
1.721000000003414243e-03
1.639999999994756763e-03
2.507000000008474672e-03
1.724999999993315214e-03
1.643000000001393346e-03
1.646999999991294317e-03
1.675000000005866241e-03
1.632999999998219209e-03
1.645999999993819074e-03
1.719999999991728146e-03
1.651999999992881385e-03
1.640000000008967618e-03
1.705000000001177796e-03
1.673999999994180143e-03
1.623999999992520316e-03
1.790999999997211489e-03
1.719000000008463758e-03
1.802000000012071723e-03
1.677000000000816726e-03
1.658000000006154551e-03
1.679000000009978066e-03
1.650999999995406142e-03
1.898999999980333087e-03
1.791999999994686732e-03
1.721000000003414243e-03
1.650999999981195288e-03
1.857000000001107765e-03
1.786000000009835276e-03
1.706999999981917426e-03
8.278000000018437277e-03
2.102999999976873369e-03
2.318000000002484740e-03
2.747999999996864062e-03
2.393999999981133442e-03
3.777999999982739610e-03
1.666000000000167347e-03
2.484000000009700670e-03
2.342999999996209226e-03
2.163000000024339897e-03
2.450000000010277290e-03
2.420999999998230123e-03
5.619999999993297024e-03
2.385000000003856258e-03
2.061999999995123289e-03
2.279000000015685146e-03
4.789000000016585545e-03
3.028999999997949999e-03
8.537000000018224455e-03
2.327000000008183633e-03
1.982999999995627149e-03
3.515999999990526703e-03
4.514999999997826308e-03
2.709000000010064468e-03
2.301999999986037437e-03
6.399000000016030754e-03
3.766999999982090230e-03
4.050000000006548362e-03
2.169000000009191353e-03
9.354999999999336069e-03
5.182000000019115760e-03
3.707000000019888830e-03
3.104000000007545168e-03
1.641000000006442860e-03
2.590000000026293492e-03
2.318999999999959982e-03
2.491999999989502612e-03
2.308999999996785846e-03
2.551000000039493898e-03
2.337000000011357770e-03
2.183000000002266461e-03
2.316000000007534254e-03
2.611000000001695298e-03
2.517000000011648808e-03
3.187000000025363988e-03
1.616000000012718374e-03
1.690999999993891834e-03
2.285999999969590135e-03
7.849000000021533197e-03
3.171000000008916686e-03
2.666000000033363904e-03
1.693999999986317562e-03
2.358000000015181286e-03
2.409000000000105501e-03
2.355000000022755557e-03
3.286000000002786692e-03
2.295000000003710738e-03
2.375000000029103830e-03
2.540000000010422809e-03
2.302999999983512680e-03
3.454999999974006641e-03
2.800000000036106940e-03
1.783999999986463081e-03
3.535999999996874976e-03
8.718999999985044269e-03
2.238000000033935066e-03
1.864000000011856173e-03
3.494000000046071364e-03
2.603999999962525180e-03
8.937000000003081368e-03
2.566000000001622539e-03
2.347999999983585440e-03
3.377999999997882696e-03
3.586999999981799192e-03
1.714999999990141077e-03
3.314999999986412149e-03
2.456999999992603989e-03
2.368999999987408955e-03
2.120999999988271156e-03
3.208000000029187504e-03
9.159000000011019438e-03
2.573999999981424480e-03
7.114999999998872227e-03
2.268000000015035766e-03
3.902999999979783752e-03
2.323000000046704372e-03
2.098999999986972398e-03
1.630999999974847015e-03
3.004999999973279046e-03
2.181000000007315975e-03
2.333000000021456799e-03
1.688999999998941348e-03
