# Image grab timer: 2017-12-12 17:00:51.226196
1.068250000000000033e-01
2.147291000000000061e+00
2.583756000000000164e+00
2.580112999999999879e+00
2.571802999999999173e+00
2.567765999999998883e+00
2.575924000000000547e+00
2.580950000000001410e+00
2.587147999999999115e+00
2.587538000000002114e+00
2.620775999999999328e+00
2.588938000000002404e+00
2.578013999999999584e+00
2.587359000000002851e+00
2.595510000000004425e+00
2.579848999999995840e+00
2.580770999999998594e+00
2.581772000000000844e+00
2.566620999999997821e+00
2.601559000000001731e+00
2.586678000000006250e+00
2.587927000000000533e+00
2.586619999999996367e+00
2.586379999999998347e+00
2.583063000000002774e+00
2.571641999999997097e+00
2.580640999999999963e+00
2.585903999999999314e+00
2.581536999999997306e+00
2.589036000000007220e+00
2.591110000000000468e+00
2.584310000000002105e+00
2.583433999999996900e+00
2.580534999999997581e+00
2.583758000000003108e+00
2.565749999999994202e+00
2.571196000000000481e+00
2.584184000000007586e+00
2.575141999999999598e+00
2.577765999999996893e+00
2.581721999999999184e+00
2.576624000000009573e+00
2.593640000000007717e+00
2.590143999999995117e+00
2.569213000000004854e+00
2.574587999999991439e+00
2.598376000000001795e+00
2.586100000000001842e+00
2.582297999999994431e+00
2.590792000000007533e+00
2.587371999999987793e+00
2.587970000000012760e+00
2.578504000000009455e+00
2.569503999999994903e+00
2.572115999999994074e+00
2.580066000000016402e+00
2.574052999999992153e+00
2.571340999999989663e+00
2.572168000000004895e+00
2.579569999999989705e+00
2.576594000000000051e+00
2.580013000000008105e+00
2.579413999999985663e+00
2.591233999999985826e+00
2.579671999999987975e+00
2.582871000000011463e+00
2.575663000000020020e+00
2.574720000000013442e+00
2.582295000000016216e+00
2.561140999999992118e+00
2.577262000000018816e+00
2.582771000000008144e+00
2.632384999999999309e+00
2.587875999999994292e+00
2.574550000000016325e+00
2.578969999999998208e+00
2.586849000000000842e+00
2.608986999999984846e+00
2.596032000000008111e+00
2.581277999999997519e+00
2.576877999999993563e+00
2.573963999999989483e+00
2.573191000000008444e+00
2.574353000000002112e+00
2.576799999999991542e+00
2.573279000000013639e+00
2.585042999999984659e+00
2.583651000000003251e+00
2.581062000000002854e+00
2.582483999999993785e+00
2.612067999999993617e+00
2.580833000000012589e+00
2.587986000000000786e+00
2.578495000000003756e+00
2.636697999999995545e+00
2.577530000000024302e+00
2.609169000000008509e+00
2.581208000000003722e+00
2.583779999999990196e+00
2.581831999999991467e+00
2.577457999999978711e+00
2.579951999999991585e+00
2.591680000000053496e+00
2.576215999999988071e+00
2.589925999999991291e+00
2.630421000000012555e+00
2.582335000000000491e+00
2.583195999999986725e+00
2.589766999999994823e+00
2.579924000000005435e+00
2.579992000000004282e+00
2.575877999999988788e+00
2.592205000000035398e+00
2.595354000000043015e+00
2.585053000000016254e+00
2.673738000000014381e+00
2.578128999999989901e+00
2.582535000000007130e+00
2.581265000000030341e+00
2.583368000000007214e+00
2.568388000000027205e+00
2.567126999999970849e+00
2.574246000000016465e+00
2.571904000000017732e+00
2.581826000000035037e+00
2.587351999999953023e+00
2.576192999999989297e+00
2.598893999999972948e+00
2.571081999999989876e+00
2.570106000000009772e+00
2.581181000000015047e+00
2.572039999999958582e+00
2.585635000000024775e+00
2.591616999999985183e+00
2.586767000000008920e+00
2.586881000000005315e+00
2.580339999999978318e+00
2.581322999999997592e+00
