# Marker Detection timer: 2017-12-12 17:00:51.223145
6.941299999999994697e-02
6.649400000000005306e-02
6.427400000000016433e-02
5.897199999999980236e-02
5.839699999999936608e-02
5.939599999999956026e-02
5.837799999999937484e-02
6.670800000000198793e-02
6.548599999999993315e-02
6.404399999999910165e-02
6.418400000000090699e-02
5.681599999999775719e-02
6.131200000000092132e-02
6.681599999999576767e-02
6.031499999999567763e-02
5.459100000000205455e-02
6.154500000000240334e-02
5.620799999999803731e-02
7.295099999999621332e-02
6.481999999999743522e-02
6.151400000000251111e-02
6.033799999999445163e-02
6.756200000000234240e-02
6.484400000000078990e-02
5.994900000000313867e-02
6.038400000001331591e-02
6.489099999998870771e-02
6.154300000000034743e-02
5.731000000000108230e-02
6.787800000000743239e-02
5.844600000000355067e-02
6.265500000000656655e-02
5.868499999999698957e-02
5.973600000000089949e-02
6.048699999999485044e-02
6.035300000000631826e-02
6.378800000000239834e-02
6.032799999999838292e-02
6.023100000000169985e-02
6.480399999999519878e-02
6.252500000000793534e-02
6.454100000000551063e-02
5.795700000000181262e-02
5.761500000001262833e-02
5.872800000000211185e-02
6.710400000000049658e-02
6.193100000000129057e-02
6.058500000000321961e-02
6.313500000000260570e-02
6.409299999999973352e-02
6.568599999999946704e-02
6.194099999999025385e-02
5.987099999998690691e-02
6.069299999998634121e-02
6.255999999999062311e-02
6.107099999999832107e-02
5.956399999999462125e-02
5.416099999999346437e-02
6.097799999997732812e-02
6.342900000001350236e-02
5.480000000000018190e-02
5.953600000000847103e-02
6.035800000000790533e-02
5.896300000000564978e-02
5.973299999999426291e-02
6.143099999999890315e-02
5.944699999997737905e-02
6.121300000000928776e-02
5.977699999999686042e-02
5.985000000001150511e-02
5.950500000000147338e-02
6.437199999999165811e-02
6.148399999997877785e-02
5.668000000000006366e-02
5.462799999997969280e-02
6.139200000001210356e-02
6.395099999997455598e-02
6.711599999999862121e-02
5.791199999998752901e-02
5.648099999999089960e-02
5.916100000001733861e-02
5.581599999999298234e-02
6.115700000000856562e-02
5.634399999999573083e-02
5.694499999998470230e-02
5.874500000001603439e-02
6.818199999997887062e-02
6.527400000001648550e-02
5.998800000000414911e-02
6.432000000000925866e-02
6.392199999999093052e-02
6.185600000000590626e-02
5.729900000000043292e-02
6.232699999998203566e-02
5.675899999999955980e-02
6.339099999999575630e-02
6.467999999998141902e-02
6.102200000000834734e-02
6.450000000000954969e-02
5.862899999999626743e-02
5.810600000000931686e-02
6.700499999999465217e-02
5.912000000000716682e-02
6.535000000002355591e-02
6.435899999996763654e-02
5.596799999995027974e-02
6.270399999999654028e-02
6.343299999997498162e-02
6.540599999999585634e-02
6.096000000002277375e-02
5.566800000002558590e-02
6.778800000000728687e-02
6.570099999999001739e-02
6.360399999999799547e-02
5.994300000003249806e-02
5.800699999997505074e-02
6.158099999998967178e-02
5.874699999998256317e-02
6.449299999997037958e-02
5.724699999996119004e-02
5.536399999999730426e-02
6.051899999999932334e-02
5.405100000001539229e-02
6.112799999999651845e-02
5.947199999997110353e-02
6.183400000003302921e-02
7.657099999994443351e-02
5.922100000003638343e-02
5.648600000000669752e-02
5.762300000003506284e-02
5.435099999999692955e-02
6.098500000001649823e-02
6.627200000002630986e-02
6.829800000002705929e-02
7.272899999998116982e-02
6.503700000001799708e-02
6.218099999995274629e-02
5.522799999999961074e-02
