# Homography application timer: 2017-12-12 17:00:51.234981
8.707899999999990648e-02
7.349200000000000177e-02
7.066099999999986281e-02
7.030399999999992211e-02
7.016900000000014792e-02
7.302900000000001057e-02
7.316100000000025361e-02
7.043799999999977857e-02
7.039000000000017465e-02
7.247399999999970532e-02
7.134499999999999176e-02
7.308300000000000907e-02
7.227400000000017144e-02
7.220799999999982788e-02
7.214399999999976387e-02
7.235100000000027620e-02
6.970800000000032526e-02
7.222200000000000841e-02
7.254000000000004889e-02
7.378300000000059811e-02
7.429299999999994242e-02
7.313499999999972800e-02
7.214999999999971436e-02
7.147500000000039933e-02
7.019199999999958806e-02
7.259900000000030218e-02
7.219700000000095486e-02
7.257500000000050022e-02
7.232699999999958607e-02
7.291700000000034265e-02
7.091699999999967474e-02
7.166999999999923432e-02
7.014800000000143143e-02
7.081600000000065620e-02
7.380199999999881300e-02
7.419900000000012597e-02
7.139100000000020430e-02
7.420000000000115392e-02
7.187799999999988643e-02
7.162300000000065836e-02
6.961200000000111743e-02
7.430699999999923477e-02
7.198700000000002319e-02
7.197500000000012221e-02
7.194799999999901274e-02
7.252800000000014791e-02
7.219100000000011619e-02
7.134000000000106922e-02
6.992399999999854288e-02
7.176199999999965939e-02
7.308199999999942520e-02
7.380799999999965166e-02
7.423999999999963961e-02
7.088800000000006207e-02
7.158499999999889951e-02
7.323200000000085197e-02
7.296499999999994657e-02
7.187400000000110367e-02
7.069399999999959050e-02
7.182500000000047180e-02
7.191100000000005821e-02
7.202600000000103364e-02
7.187999999999661327e-02
7.176899999999974966e-02
7.239999999999824354e-02
7.506899999999916417e-02
7.470400000000054774e-02
7.468899999999933925e-02
7.491400000000325576e-02
7.427700000000214686e-02
7.214600000000004343e-02
7.417300000000182081e-02
7.088299999999847500e-02
7.142499999999785132e-02
7.358499999999779106e-02
7.461999999999946453e-02
1.479290000000013094e-01
7.469100000000139516e-02
7.480500000000134264e-02
7.514700000000118507e-02
7.042900000000074101e-02
7.481599999999843931e-02
7.500800000000040768e-02
7.473900000000099908e-02
7.265399999999999636e-02
7.155200000000050409e-02
7.397600000000181808e-02
7.491900000000129012e-02
7.060500000000047294e-02
7.435500000000061505e-02
7.311699999999987654e-02
7.460700000000031196e-02
7.264399999999682223e-02
7.487300000000018940e-02
7.187299999999652300e-02
7.480999999999937700e-02
7.380299999999806460e-02
7.458199999999948204e-02
7.241299999999739612e-02
7.483099999999609508e-02
7.499499999999414968e-02
7.497599999999948750e-02
7.486099999999851207e-02
7.486099999999851207e-02
7.414700000000351565e-02
7.479299999999966531e-02
7.362799999999936063e-02
7.290100000000165892e-02
7.261299999999693000e-02
7.483700000000226282e-02
7.112700000000415912e-02
7.455799999999612737e-02
7.027500000000230784e-02
7.473699999999894317e-02
7.494599999999707052e-02
7.509799999999700049e-02
7.161800000000084765e-02
7.190599999999847114e-02
7.437999999999789225e-02
7.192600000000481941e-02
7.311700000000342925e-02
7.117300000000170712e-02
7.327599999999989677e-02
7.274900000000172895e-02
7.322399999999618103e-02
7.170200000000193086e-02
7.337199999999910460e-02
7.159099999999796182e-02
7.252299999999678448e-02
7.358299999999928787e-02
7.285099999999999909e-02
7.348800000000466071e-02
7.161800000000084765e-02
7.198400000000049204e-02
7.199900000000525324e-02
7.185400000000186083e-02
6.942700000000456839e-02
7.182999999999850615e-02
7.197500000000189857e-02
7.230299999999800775e-02
7.194199999999995043e-02
7.044700000000148066e-02
7.369500000000073214e-02
7.457399999999836382e-02
7.237400000000349110e-02
7.444299999999515194e-02
7.464799999999627289e-02
7.501400000000302271e-02
7.454100000000352111e-02
7.459200000000265618e-02
7.135399999999947340e-02
7.277599999999750935e-02
7.034499999999610509e-02
7.444100000000020145e-02
7.143100000000401906e-02
7.492399999999577176e-02
7.472399999999623788e-02
7.522800000000273712e-02
7.337100000000162936e-02
7.209800000000399223e-02
7.410400000000549880e-02
7.181599999999832562e-02
7.163700000000261525e-02
7.225700000000045975e-02
7.157699999999778129e-02
7.087299999999885358e-02
7.208800000000081809e-02
7.164600000000120872e-02
7.163599999999803458e-02
7.395700000000005048e-02
7.423900000000571708e-02
7.412300000000016098e-02
7.254799999999761440e-02
7.426699999999897273e-02
7.330000000000325144e-02
7.364699999999402280e-02
7.194600000000406226e-02
7.391799999999904003e-02
7.333399999999556940e-02
7.204399999999822057e-02
7.208399999999670626e-02
7.204700000000485716e-02
7.168099999999810734e-02
7.249000000000194177e-02
7.435199999999753118e-02
7.158600000000348018e-02
7.299500000000591626e-02
7.271500000000230557e-02
7.255200000000172622e-02
7.143500000000102546e-02
7.148099999999857346e-02
7.034199999999657393e-02
7.101300000000065893e-02
7.145599999999774354e-02
7.050799999999668444e-02
7.115299999999535885e-02
7.131499999999846295e-02
7.164199999999709689e-02
7.105200000000877480e-02
7.093400000000826822e-02
7.373400000000174259e-02
7.378800000000751425e-02
7.099000000000899036e-02
7.169600000000286855e-02
7.276200000001153967e-02
7.182000000000243745e-02
7.372200000000361797e-02
7.384700000000066211e-02
7.387699999999597367e-02
7.088900000000819546e-02
7.262799999999458578e-02
7.289200000001017088e-02
7.168999999998959538e-02
7.280000000000086402e-02
7.264200000000187174e-02
7.235499999998751264e-02
7.155600000000106320e-02
7.287099999999213651e-02
7.017499999999188276e-02
7.106300000000942418e-02
7.164500000000373348e-02
7.495900000000688124e-02
7.493099999999230931e-02
7.511499999999671218e-02
7.459999999998956355e-02
7.377800000000434011e-02
7.474799999999959255e-02
7.450400000000456657e-02
7.455999999999107786e-02
7.435500000001127319e-02
7.462600000000918499e-02
7.263700000000028467e-02
7.059600000000898490e-02
7.484800000000291220e-02
7.441800000000853288e-02
7.287100000000634736e-02
7.423199999999496868e-02
7.274999999999920419e-02
7.139999999999702140e-02
7.159199999999543707e-02
7.452399999999670399e-02
7.318899999999928241e-02
7.353100000000267755e-02
7.399300000000152977e-02
7.372099999999193187e-02
7.258899999999357533e-02
7.324599999999747979e-02
7.411499999999193733e-02
7.135599999999442389e-02
7.431899999998847761e-02
7.413999999999987267e-02
7.284300000000598629e-02
7.254099999998686599e-02
7.407800000000008822e-02
7.430300000000045202e-02
7.412100000000521050e-02
7.054500000000984983e-02
7.417800000000340788e-02
7.406600000000196360e-02
7.369500000000073214e-02
7.432699999999670126e-02
7.307000000000130058e-02
7.405300000000636373e-02
7.417700000000593263e-02
7.354999999999733973e-02
7.407999999999503871e-02
7.228499999999371539e-02
7.148899999999969168e-02
7.215899999999919601e-02
7.171400000000005548e-02
7.182099999999991269e-02
7.167700000000820637e-02
6.958800000001019725e-02
7.182499999998981366e-02
7.160899999999514876e-02
7.186800000000914679e-02
7.170399999999688134e-02
7.171999999999911779e-02
7.208500000000128694e-02
7.194499999999948159e-02
6.928300000001286207e-02
7.203800000000626369e-02
7.174899999999695410e-02
7.097299999999506781e-02
7.202800000000308955e-02
7.165299999999774627e-02
7.137300000000834643e-02
7.136900000000423461e-02
6.945100000000081764e-02
7.120600000000365526e-02
7.110500000000286036e-02
7.155600000000106320e-02
7.189499999999782176e-02
7.137800000000993350e-02
7.132999999998901330e-02
7.122799999999074316e-02
7.383699999999748798e-02
7.086300000000278487e-02
7.152100000000416458e-02
7.037100000000862110e-02
7.291199999998809744e-02
7.331600000000548789e-02
7.218699999999955708e-02
7.115199999999788361e-02
7.260499999999581178e-02
7.127799999999240299e-02
7.107799999999997453e-02
7.138999999999384727e-02
7.272700000000043019e-02
7.166800000000250748e-02
7.250700000000165346e-02
7.204600000000027649e-02
7.450000000000045475e-02
7.686200000000553700e-02
7.403400000001170156e-02
7.133500000000481123e-02
7.167900000000315686e-02
7.327399999999784086e-02
7.255699999998910243e-02
7.158100000000899854e-02
6.949700000001257649e-02
7.172699999999565534e-02
7.414999999998883595e-02
7.257199999999386364e-02
7.319999999999993179e-02
7.372000000000866748e-02
7.312299999999538613e-02
7.092400000000509408e-02
7.555200000000183991e-02
7.421300000000030650e-02
7.378199999999424108e-02
7.449300000000391719e-02
7.475900000000024193e-02
7.107499999999333795e-02
7.242799999998794647e-02
7.249400000000605360e-02
7.458599999999648844e-02
7.217400000000395721e-02
7.339100000000087221e-02
7.169300000001044282e-02
7.300299999999992906e-02
7.426900000000102864e-02
7.244699999999681950e-02
7.184399999999868669e-02
6.928599999999107695e-02
7.160700000000019827e-02
7.205600000000345062e-02
7.086000000001035914e-02
7.196999999999320607e-02
7.088699999999903412e-02
7.178199999999890224e-02
7.089300000001230728e-02
7.185300000000438558e-02
7.174999999999442934e-02
7.180600000000936234e-02
7.203400000000215186e-02
7.343800000001010631e-02
7.425499999999374268e-02
7.501800000000002910e-02
7.482200000001171247e-02
7.424199999999814281e-02
7.515699999999014835e-02
7.319800000000498130e-02
7.497399999999743159e-02
7.490099999999699776e-02
7.480800000000442651e-02
7.491599999998754811e-02
7.277500000000713953e-02
7.216299999998909698e-02
7.485800000000608634e-02
7.468400000000485761e-02
7.392600000000015825e-02
7.296100000000649288e-02
7.355200000000650107e-02
7.174799999999947886e-02
7.147400000000914133e-02
7.129799999999875126e-02
7.153399999999976444e-02
7.397100000000023101e-02
7.346400000000130603e-02
7.395999999999958163e-02
7.286400000000980981e-02
7.384600000000318687e-02
7.407299999999850115e-02
7.318899999999928241e-02
7.443499999999403371e-02
7.166099999999175907e-02
7.296100000000649288e-02
7.383099999999842566e-02
7.394500000000903128e-02
7.276099999999985357e-02
7.384500000000571163e-02
7.122399999998663134e-02
7.314000000000930868e-02
7.162800000000402179e-02
7.106699999999932515e-02
7.181800000000748696e-02
7.206899999999905049e-02
7.188899999999875945e-02
7.235699999998246312e-02
7.405599999998457861e-02
7.401800000002367597e-02
7.303900000002272463e-02
7.422199999999179454e-02
7.213400000000547152e-02
7.257899999999040119e-02
7.257300000000554974e-02
7.253099999999790271e-02
7.336000000000808541e-02
7.111799999998424937e-02
7.260099999999169995e-02
7.247499999999718057e-02
7.254199999999855208e-02
7.250999999999407919e-02
7.148100000000567888e-02
7.185499999999933607e-02
6.983600000000933505e-02
6.960300000000074760e-02
7.160600000000272303e-02
7.151300000001015178e-02
7.102899999998157909e-02
7.140000000001123226e-02
7.139799999998786006e-02
7.065399999999044667e-02
6.949000000000182808e-02
7.140699999999355896e-02
7.059799999998972453e-02
7.136499999998591193e-02
7.101499999998850399e-02
7.235100000002603338e-02
7.238300000000208456e-02
7.263199999999869760e-02
7.257199999997965278e-02
7.149000000001137778e-02
7.260700000000497312e-02
7.251600000000735236e-02
7.411399999998025123e-02
7.384599999997476516e-02
7.073299999998994281e-02
7.179999999999608917e-02
6.949600000001510125e-02
7.251600000000735236e-02
7.243700000000785622e-02
7.234900000000266118e-02
7.160899999999514876e-02
7.158300000000394903e-02
7.353800000001342596e-02
7.377399999998601743e-02
7.330400000000736327e-02
7.135399999998526255e-02
7.123400000000401633e-02
7.137000000000170985e-02
7.164700000001289482e-02
7.005399999999895044e-02
7.061299999998027488e-02
7.134899999999788633e-02
7.234900000000266118e-02
7.293100000001118133e-02
7.172900000000481668e-02
7.298700000001190347e-02
7.433599999998818930e-02
7.406700000001364970e-02
7.124800000002551315e-02
7.184599999999363718e-02
7.037199999999188549e-02
7.208999999997445229e-02
7.150500000000192813e-02
7.278900000000021464e-02
7.257899999999040119e-02
7.278399999998441672e-02
7.086899999998763633e-02
7.148399999999810461e-02
6.962500000000204636e-02
7.162100000002169509e-02
7.034199999998236308e-02
7.160199999998440035e-02
7.064199999999232205e-02
7.154800000000705040e-02
7.194000000001210537e-02
7.276199999998311796e-02
7.355100000000902583e-02
7.173000000000229193e-02
7.190199999999435931e-02
7.117600000000834370e-02
7.204000000001542503e-02
7.101000000000112777e-02
7.091500000001360604e-02
7.107799999999997453e-02
6.955800000000067485e-02
7.181600000001253647e-02
7.163499999998634848e-02
7.090099999999210922e-02
7.093199999999910688e-02
7.109900000000379805e-02
7.139300000000048385e-02
7.401299999997945633e-02
7.347099999998363273e-02
7.350999999999885404e-02
7.385800000000131149e-02
7.110500000001707122e-02
7.164600000001541957e-02
7.427500000000009095e-02
7.115199999998367275e-02
7.384300000001076114e-02
7.326800000001298940e-02
7.180900000000178807e-02
7.169500000000539330e-02
7.119000000000141881e-02
7.328699999999344072e-02
7.413099999999417378e-02
7.316599999998629755e-02
7.228799999998614112e-02
7.207199999999147622e-02
7.410600000000044929e-02
7.177400000000488944e-02
7.372100000000614273e-02
7.408599999999410102e-02
7.427800000002093839e-02
7.394199999998818384e-02
7.402600000000347791e-02
7.140300000000365799e-02
7.247499999999718057e-02
7.286299999998391286e-02
7.215199999998844760e-02
7.225499999998419298e-02
7.233400000001211083e-02
7.021500000001879016e-02
7.114599999999882129e-02
6.914599999998927160e-02
7.050399999999967804e-02
7.153700000000640102e-02
7.170899999999846841e-02
7.171800000000416730e-02
7.242000000002235538e-02
7.342499999998608473e-02
7.247599999999465581e-02
6.999000000001842636e-02
7.270600000001081753e-02
7.232299999998303974e-02
7.213200000001052103e-02
7.142200000001253102e-02
7.202300000000150249e-02
7.191500000001838089e-02
7.315400000001659464e-02
6.859600000001364606e-02
6.986900000001128319e-02
7.063999999999737156e-02
7.001499999998372914e-02
7.243400000001543049e-02
7.166899999998577186e-02
7.030999999997789018e-02
7.149599999999622923e-02
6.934400000000096043e-02
7.022799999998596832e-02
7.468399999999064676e-02
7.228700000001708759e-02
7.552000000001157787e-02
7.502100000002087654e-02
7.454300000000557702e-02
7.317099999997367377e-02
6.954400000000759974e-02
7.083600000001410990e-02
7.145299999999110696e-02
7.181299999999168904e-02
7.134199999998713793e-02
7.164099999999962165e-02
7.530099999999606553e-02
7.331300000001306216e-02
7.052699999999845204e-02
7.269600000000764339e-02
7.452999999998155545e-02
7.329999999998904059e-02
1.489710000000172840e-01
7.511599999997997656e-02
7.195899999999255670e-02
7.537800000000061118e-02
7.022799999998596832e-02
7.440799999997693703e-02
7.458499999998480234e-02
7.251199999998902967e-02
7.481000000001358785e-02
7.223200000001384069e-02
7.195600000000013097e-02
7.070400000000631735e-02
6.941800000001308035e-02
7.280900000000656291e-02
7.097899999999413012e-02
7.120100000000206819e-02
7.218700000001376793e-02
7.185300000000438558e-02
7.184599999999363718e-02
7.154399999998872772e-02
6.958399999999187457e-02
1.141739999999913380e-01
7.098200000001497756e-02
7.330799999999726424e-02
7.181299999999168904e-02
7.421899999999936881e-02
7.382400000000188811e-02
7.409699999999475040e-02
6.994700000001330409e-02
7.412200000001689659e-02
7.331400000001053741e-02
7.425900000001206536e-02
7.452000000000680302e-02
7.403000000002180059e-02
7.418199999997909799e-02
7.476900000000341606e-02
7.259300000001189801e-02
7.162199999999074862e-02
7.111399999999434840e-02
7.048199999999837928e-02
7.109700000000884756e-02
7.189800000000445834e-02
7.325699999998391831e-02
1.363519999999880383e-01
7.410799999999539978e-02
7.446699999999850661e-02
7.206600000000662476e-02
7.159299999997870145e-02
7.035999999999376087e-02
7.155699999998432759e-02
7.154600000001209992e-02
7.422900000000254295e-02
7.370000000000231921e-02
7.127800000000661385e-02
7.121999999998251951e-02
7.472200000000839282e-02
7.423199999999496868e-02
7.431099999999446482e-02
7.163699999998129897e-02
7.103399999999737702e-02
6.942699999999035754e-02
7.175399999999854117e-02
7.265699999999242209e-02
7.220499999999674401e-02
7.257200000000807449e-02
7.201299999999832835e-02
7.137500000001750777e-02
7.281100000000151340e-02
7.460100000000124965e-02
7.226800000000821456e-02
7.219299999999861939e-02
7.032200000000443652e-02
7.158599999999637475e-02
7.156600000001844819e-02
7.136299999999096144e-02
7.194000000001210537e-02
7.027999999999678948e-02
7.156699999998750172e-02
7.154599999998367821e-02
7.189600000000950786e-02
7.078899999999066495e-02
7.119199999999636930e-02
7.041499999999700776e-02
7.065499999998792191e-02
6.954600000000255022e-02
7.138100000000235923e-02
7.299099999997338273e-02
7.260700000000497312e-02
7.238900000001535773e-02
7.172399999998901876e-02
7.278100000002041270e-02
7.246299999999905594e-02
6.916699999999309512e-02
7.212999999998714884e-02
7.259300000001189801e-02
7.435399999999958709e-02
7.379199999999741522e-02
7.041300000000205728e-02
7.152599999997732994e-02
7.262099999999804822e-02
6.972300000001041553e-02
7.029699999998229032e-02
7.378900000000498949e-02
7.385700000000383625e-02
7.215400000001181979e-02
7.095499999999788088e-02
7.170200000001614171e-02
7.183200000000056207e-02
6.920800000000326690e-02
7.301699999999300417e-02
7.263500000001954504e-02
7.182900000000813634e-02
7.400999999998703061e-02
7.437699999999836109e-02
7.119599999998627027e-02
7.414799999997967461e-02
7.393099999998753447e-02
7.274000000001024091e-02
7.114200000000892032e-02
7.217499999998722160e-02
7.095099999997955820e-02
7.168299999997884697e-02
7.132900000001995977e-02
7.435499999999706233e-02
7.440600000001040826e-02
7.414500000001567059e-02
7.413800000000492219e-02
7.130500000002371053e-02
7.132099999998331441e-02
7.164399999999204738e-02
7.130900000001361150e-02
7.198099999999385545e-02
7.018299999998589556e-02
7.309599999999250031e-02
7.162300000001664557e-02
7.047000000000025466e-02
7.155799999998180283e-02
7.350900000000137879e-02
7.423900000000571708e-02
7.451099999997268242e-02
7.002699999998185376e-02
7.426899999998681778e-02
7.149499999999875399e-02
7.358599999997750274e-02
1.417250000000080945e-01
7.060899999999037391e-02
7.200600000001600165e-02
7.151299999998173007e-02
7.008100000001604712e-02
7.239599999999768443e-02
7.126599999998006751e-02
7.041899999998690873e-02
7.126700000000596447e-02
7.192200000000070759e-02
7.186399999997661325e-02
7.185699999999428655e-02
7.056299999999282591e-02
7.197999999999638021e-02
7.101099999999860302e-02
7.479700000001798799e-02
7.346900000001710396e-02
7.468400000001906847e-02
7.470000000000709406e-02
7.178100000001563785e-02
7.244800000000850559e-02
7.385300000001393528e-02
7.295700000000238106e-02
7.386300000001710941e-02
7.282200000000216278e-02
7.244399999999018291e-02
7.422900000000254295e-02
7.219900000001189255e-02
7.102899999998157909e-02
7.272899999998116982e-02
7.026300000001128865e-02
7.413900000000239743e-02
7.170499999998014573e-02
7.199299999999198008e-02
7.144599999998035855e-02
7.180299999998851490e-02
7.000700000000392720e-02
7.171800000000416730e-02
7.176299999997581835e-02
7.195199999998180829e-02
7.190700000001015724e-02
7.090999999999780812e-02
7.104999999998540261e-02
7.127599999998324165e-02
6.909899999999424836e-02
7.331000000002063643e-02
7.246299999999905594e-02
7.295999999999480679e-02
7.298199999999610554e-02
7.391499999999950887e-02
7.417399999999929605e-02
7.413099999999417378e-02
7.229700000002026172e-02
7.245299999999588181e-02
7.286300000001233457e-02
7.276399999997806844e-02
7.160600000000272303e-02
7.159100000001217268e-02
7.161200000001599619e-02
7.050499999999715328e-02
7.328599999999596548e-02
7.314100000002099478e-02
7.385099999999056308e-02
7.206100000001924855e-02
7.346499999999878128e-02
7.395999999999958163e-02
7.441299999999273496e-02
7.183200000000056207e-02
7.304300000001262561e-02
7.092800000000920591e-02
7.072900000000004184e-02
7.177500000000236469e-02
7.260099999999169995e-02
7.214299999998274870e-02
7.262900000000627188e-02
7.252700000000800173e-02
7.326199999999971624e-02
7.243199999999205829e-02
7.242200000001730587e-02
7.195899999999255670e-02
7.212400000003071909e-02
7.243800000003375317e-02
7.257900000001882290e-02
7.112600000004931644e-02
7.070299999998042040e-02
7.050600000002305023e-02
7.206999999999652573e-02
7.164399999999204738e-02
7.184000000000878572e-02
7.430599999997866689e-02
7.409899999998970088e-02
7.421300000004293906e-02
7.171099999999341890e-02
7.244599999995671169e-02
7.102000000003272362e-02
7.081099999999196370e-02
7.073500000001331500e-02
7.287499999995361577e-02
7.390700000001970693e-02
7.222200000001066655e-02
7.487099999997326449e-02
7.257600000002639717e-02
7.124900000002298839e-02
7.045399999998380736e-02
7.172699999995302278e-02
7.169199999998454587e-02
7.130200000000286309e-02
7.251000000002250090e-02
6.942800000001625449e-02
7.374599999997144550e-02
7.234699999997928899e-02
7.268300000004046524e-02
7.441899999997758641e-02
7.393600000000333239e-02
7.337300000000368527e-02
7.390700000001970693e-02
6.994600000001582885e-02
7.227199999999811553e-02
7.177400000000488944e-02
7.198900000003050081e-02
7.106299999998100247e-02
7.187099999998736166e-02
1.481370000000197251e-01
7.339299999995319013e-02
7.315599999998312342e-02
7.128499999998894054e-02
7.135199999999031206e-02
7.219400000002451634e-02
7.411500000000614818e-02
7.348999999999250576e-02
7.336199999997461418e-02
7.437700000002678280e-02
7.360099999999647480e-02
7.218699999998534622e-02
7.347600000002785237e-02
7.150899999999182910e-02
7.134200000001555964e-02
7.429899999999634019e-02
7.413700000000744694e-02
7.419300000003659079e-02
7.361699999995607868e-02
7.399399999997058330e-02
7.419700000002649176e-02
7.313199999998687417e-02
7.171799999997574560e-02
7.420400000000881846e-02
7.234899999997423947e-02
7.458100000002332308e-02
7.062700000000177170e-02
7.434299999999893771e-02
7.299999999997908162e-02
7.224899999999934153e-02
7.341000000002395609e-02
7.292899999998780913e-02
7.270999999997229679e-02
7.212100000003829336e-02
7.025699999996959377e-02
7.276200000001153967e-02
7.251000000002250090e-02
7.164299999999457214e-02
7.383500000003095920e-02
7.138900000001058288e-02
7.161800000000084765e-02
7.401600000002872548e-02
6.983200000001943408e-02
7.132599999999911233e-02
7.182099999999991269e-02
7.152999999999565262e-02
7.168100000001231820e-02
7.092299999999340798e-02
7.164399999999204738e-02
7.191699999998490966e-02
7.163099999996802580e-02
7.281799999998384010e-02
7.204400000000532600e-02
7.253700000001117587e-02
7.455999999996265615e-02
7.328200000000606451e-02
7.162699999997812483e-02
7.458500000001322405e-02
7.402200000001357694e-02
7.242400000001225635e-02
7.432800000003680907e-02
7.159799999999449938e-02
7.438499999994974132e-02
7.447200000001430453e-02
7.430499999998119165e-02
7.369399999998904605e-02
7.282700000001796070e-02
7.212400000003071909e-02
7.452399999999670399e-02
7.424499999996214683e-02
7.303500000000440195e-02
7.092299999999340798e-02
7.069899999999051943e-02
7.428800000002411252e-02
7.374900000002071465e-02
7.334600000001501030e-02
7.141799999999420834e-02
7.152899999999817737e-02
7.118900000000394357e-02
7.134100000001808439e-02
7.150199999995265898e-02
7.308899999998175190e-02
7.357300000001032458e-02
7.247799999998960629e-02
7.242899999999963256e-02
7.288599999998268686e-02
7.168699999999716965e-02
7.228000000003476089e-02
7.278599999995094549e-02
7.083399999999073771e-02
7.433400000002166053e-02
7.208900000000539876e-02
7.125500000000783984e-02
7.162599999998064959e-02
7.213700000005474067e-02
7.176499999997076884e-02
7.173499999998966814e-02
7.274499999999761712e-02
7.326299999999719148e-02
7.028500000001258741e-02
7.188899999999875945e-02
7.166499999999587089e-02
7.161500000000842192e-02
7.378799999997909254e-02
7.095900000001620356e-02
7.420799999999871943e-02
7.047399999999015563e-02
7.218100000000049477e-02
7.128099999999903957e-02
7.229799999998931526e-02
7.219700000001694207e-02
7.251600000000735236e-02
7.233999999999696229e-02
7.094599999999218198e-02
7.405099999999720239e-02
7.039099999997233681e-02
7.167700000002241723e-02
7.085499999999456122e-02
7.083299999999326246e-02
7.094800000004397589e-02
7.170800000000099317e-02
7.164900000003626701e-02
6.953299999997852865e-02
7.162700000003496825e-02
7.019500000001244189e-02
7.217199999996637416e-02
7.155899999997927807e-02
7.281500000004825779e-02
7.259700000003022069e-02
7.118800000000646833e-02
7.327500000002373781e-02
7.239900000001853186e-02
7.074300000004996036e-02
7.243400000004385220e-02
7.233200000001716035e-02
7.239199999997936175e-02
7.243399999998700878e-02
7.180399999998599014e-02
7.019900000000234286e-02
7.168100000001231820e-02
7.210499999996500264e-02
7.156800000001339868e-02
7.204200000001037552e-02
7.098500000000740329e-02
7.410600000002887100e-02
7.390299999997296254e-02
7.311200000003736932e-02
7.373799999999164356e-02
7.185399999997343912e-02
7.031299999999873762e-02
7.150799999999435386e-02
7.132800000005090624e-02
7.213099999995620237e-02
7.197200000001657827e-02
7.419699999996964834e-02
7.386400000001458466e-02
7.400499999999965439e-02
7.234899999997423947e-02
7.400100000000975342e-02
7.383199999998169005e-02
7.367700000003196692e-02
7.383300000003600871e-02
7.375700000000051659e-02
7.415499999996200131e-02
7.365299999997887426e-02
7.388700000001335866e-02
7.372799999996004772e-02
7.397300000002360321e-02
7.118300000001909211e-02
7.150500000000192813e-02
7.048499999996238330e-02
7.232399999998051499e-02
7.510400000001027365e-02
7.504700000004049798e-02
7.335499999999228748e-02
7.304700000003094829e-02
7.466999999996914994e-02
7.402000000001862645e-02
6.927100000001473745e-02
7.194000000004052708e-02
7.397500000001855369e-02
7.431599999995341932e-02
7.045899999997118357e-02
7.078999999998814019e-02
7.146599999998670683e-02
7.164399999999204738e-02
6.997799999999188003e-02
7.097499999997580744e-02
7.145700000000942964e-02
7.216700000003584137e-02
7.202200000000402724e-02
7.145000000002710294e-02
7.164499999998952262e-02
7.182600000004413232e-02
6.937599999997701161e-02
7.466499999998177373e-02
7.223700000002963861e-02
7.247799999998960629e-02
7.318199999997432315e-02
7.217399999996132465e-02
7.195799999999508145e-02
7.157499999999572537e-02
7.151799999996910628e-02
7.169099999998707062e-02
7.365700000002561865e-02
7.248899999996183396e-02
7.326100000000224099e-02
7.270499999998492058e-02
7.487299999996821498e-02
7.209600000004456888e-02
7.581599999997479244e-02
7.450099999999792999e-02
7.269200000001774242e-02
7.197500000000900400e-02
7.104000000003907189e-02
7.265899999998737258e-02
7.287700000000540967e-02
7.320199999998067142e-02
7.402500000000600267e-02
7.425299999999879219e-02
7.216500000004089088e-02
7.302899999996270708e-02
7.493800000003147943e-02
7.498400000002902743e-02
7.245499999999083229e-02
7.446099999998523344e-02
7.157899999998562635e-02
7.474600000000464206e-02
7.182299999999486317e-02
7.311300000003484456e-02
7.481799999999338979e-02
7.459299999999302599e-02
7.188899999999875945e-02
7.237799999995786493e-02
6.984099999999671127e-02
7.318800000001601802e-02
7.411899999999604916e-02
7.154700000000957516e-02
7.060500000000047294e-02
7.160000000004629328e-02
7.149400000002970046e-02
7.085399999999708598e-02
7.170300000001361695e-02
7.293900000001940498e-02
7.192400000002407978e-02
7.180000000005293259e-02
7.172799999995049802e-02
7.261899999997467603e-02
7.064000000002579327e-02
7.281900000003815876e-02
7.220899999998664498e-02
7.227999999997791747e-02
7.267400000000634464e-02
7.194300000003295281e-02
7.203099999998130443e-02
7.213400000000547152e-02
7.224800000000186628e-02
7.049699999998892963e-02
6.958800000001019725e-02
7.108900000002904562e-02
6.938400000001365697e-02
7.356900000002042361e-02
7.050300000003062451e-02
7.065000000000054570e-02
7.056900000003452078e-02
6.986599999999043575e-02
