# Pose Estimation timer: 2017-12-12 17:00:51.229093
4.111000000000086807e-03
2.284999999999648423e-03
1.827999999999718739e-03
1.787000000000205091e-03
2.186000000000021259e-03
2.349999999999852207e-03
2.299999999999968736e-03
1.816999999999069360e-03
1.765999999999934289e-03
1.980999999997123950e-03
2.383000000001800345e-03
2.326000000000050250e-03
1.802999999998888825e-03
2.304999999999779448e-03
2.219000000003745754e-03
2.259999999999706688e-03
4.443000000001973149e-03
2.228000000002339220e-03
1.933000000001072749e-03
1.809999999998979092e-03
2.229999999997289706e-03
1.986000000002263732e-03
2.642999999999062766e-03
1.916999999998836302e-03
3.021000000003937203e-03
2.703999999994266545e-03
2.065999999999235115e-03
1.967999999990865945e-03
3.242999999997664418e-03
2.673000000001479748e-03
1.964999999998440217e-03
1.970000000000027285e-03
4.918000000003530658e-03
2.190999999996279257e-03
2.656999999999243300e-03
2.101999999993608981e-03
2.037999999998874046e-03
1.997000000002913112e-03
1.921999999993317942e-03
1.923000000005004040e-03
3.085999999996147380e-03
2.052000000006160008e-03
2.234999999998876774e-03
1.964999999998440217e-03
2.095999999994546670e-03
1.911000000006879418e-03
1.830999999995697181e-03
1.925999999997429768e-03
2.095999999994546670e-03
4.234000000010951226e-03
1.863999999983434464e-03
1.791999999994686732e-03
2.263999999996713086e-03
2.080000000006521077e-03
1.921999999979107088e-03
4.986999999999852662e-03
2.116999999998370185e-03
4.057999999986350304e-03
2.339000000006308255e-03
2.173999999996567567e-03
2.082000000001471562e-03
2.026999999998224666e-03
4.653999999987945557e-03
4.270999999988589479e-03
2.826000000027306669e-03
4.133999999993420715e-03
4.175000000003592504e-03
4.109999999997171471e-03
1.932999999979756467e-03
4.681000000005042239e-03
4.063999999999623469e-03
4.176999999998542989e-03
4.160999999982095687e-03
2.019999999987476258e-03
4.130000000003519744e-03
4.981000000015001206e-03
4.509000000012974851e-03
4.219999999975243554e-03
4.959999999982755980e-03
4.149000000012392775e-03
4.363999999981160727e-03
5.773000000004913090e-03
4.120000000000345608e-03
4.067999999989524440e-03
4.356999999998834028e-03
4.974000000004252797e-03
4.373999999984334863e-03
3.996999999998251951e-03
2.794999999991887307e-03
4.114000000015494152e-03
4.030999999997675332e-03
4.113999999987072442e-03
4.154999999997244231e-03
4.034000000018522769e-03
4.018000000002075467e-03
2.093999999999596184e-03
2.112999999980047505e-03
2.124999999978172127e-03
2.187999999989642674e-03
2.157000000039488441e-03
2.537000000017997081e-03
2.997999999990952347e-03
2.160000000003492460e-03
2.217000000030111551e-03
2.836000000002059096e-03
2.029000000050018571e-03
2.206999999998515705e-03
1.969999999971605575e-03
1.940999999987980118e-03
2.031999999985600880e-03
2.208999999993466190e-03
1.977000000010775693e-03
2.823999999975512765e-03
1.953999999955158273e-03
2.104000000031192030e-03
1.939000000049873051e-03
1.933000000008178176e-03
2.070000000003346941e-03
2.341999999998733983e-03
1.932000000010702934e-03
2.198000000021238520e-03
1.976000000013300451e-03
1.998000000014599209e-03
2.124999999978172127e-03
2.931999999987056071e-03
1.957000000004427420e-03
2.066000000013445970e-03
1.941999999985455361e-03
1.986999999985528120e-03
2.024000000005798938e-03
1.996999999960280547e-03
2.213999999980842404e-03
2.105000000028667273e-03
1.952000000017051207e-03
1.958999999999377906e-03
1.951000000019575964e-03
1.980000000003201421e-03
2.112000000010993972e-03
