# Projection image timer: 2017-12-12 17:00:51.201104
2.932909999999999684e-01
2.000029999999999308e-01
2.000029999999999308e-01
2.000009999999998733e-01
2.000029999999999308e-01
2.995870000000000477e-01
2.000029999999997088e-01
2.000010000000003174e-01
2.380990000000000606e-01
2.000000000000001776e-01
2.000020000000000131e-01
2.000009999999998733e-01
2.000019999999995690e-01
2.000030000000005970e-01
2.000010000000003174e-01
2.000039999999998486e-01
2.306979999999994035e-01
2.000010000000003174e-01
2.000010000000003174e-01
2.000019999999995690e-01
2.000030000000005970e-01
2.000010000000003174e-01
2.000030000000005970e-01
2.000000000000001776e-01
2.275430000000007169e-01
2.000010000000003174e-01
2.000019999999995690e-01
2.000010000000003174e-01
2.000039999999998486e-01
2.000010000000003174e-01
2.000029999999988206e-01
2.000010000000003174e-01
2.296830000000014138e-01
2.000019999999995690e-01
2.000010000000003174e-01
2.000029999999988206e-01
2.000029999999988206e-01
2.000010000000003174e-01
2.000000000000010658e-01
2.000020000000013454e-01
2.278259999999985297e-01
2.000030000000005970e-01
2.000019999999995690e-01
2.000019999999995690e-01
2.000019999999995690e-01
2.000019999999995690e-01
2.000019999999995690e-01
2.000029999999988206e-01
2.305639999999993250e-01
2.000029999999988206e-01
2.000029999999988206e-01
2.000019999999977927e-01
2.000000000000028422e-01
2.000029999999988206e-01
2.000030000000023733e-01
2.000010000000003174e-01
2.382209999999993499e-01
2.000019999999977927e-01
2.000039999999998486e-01
2.000039999999998486e-01
2.000039999999998486e-01
2.000019999999977927e-01
2.000030000000023733e-01
2.000039999999998486e-01
2.383750000000013358e-01
2.000029999999988206e-01
2.000010000000003174e-01
2.000029999999988206e-01
2.000039999999998486e-01
2.000029999999988206e-01
2.000029999999988206e-01
2.000020000000013454e-01
2.330269999999998731e-01
2.000039999999998486e-01
2.000020000000013454e-01
2.000009999999967647e-01
2.325659999999984962e-01
2.000039999999998486e-01
2.000029999999988206e-01
2.000029999999988206e-01
2.392079999999978668e-01
2.000010000000003174e-01
2.000030000000023733e-01
2.000010000000003174e-01
2.000020000000013454e-01
2.000000000000028422e-01
2.000010000000003174e-01
2.000029999999988206e-01
2.283000000000008356e-01
2.000000000000028422e-01
2.000019999999977927e-01
2.000010000000003174e-01
2.000000000000028422e-01
2.000019999999977927e-01
2.000029999999988206e-01
2.000010000000003174e-01
2.341350000000019804e-01
2.000030000000023733e-01
2.000039999999998486e-01
2.000030000000023733e-01
2.000010000000003174e-01
2.000019999999977927e-01
2.000020000000048981e-01
2.000010000000003174e-01
2.388440000000002783e-01
2.000019999999977927e-01
2.000030000000023733e-01
2.000019999999977927e-01
2.000010000000003174e-01
2.000010000000003174e-01
2.000039999999998486e-01
2.000010000000003174e-01
2.310749999999970328e-01
2.000000000000028422e-01
2.000039999999998486e-01
2.000010000000003174e-01
2.000010000000003174e-01
2.000010000000003174e-01
2.000019999999977927e-01
2.000019999999977927e-01
2.273999999999958277e-01
2.000020000000048981e-01
2.000010000000003174e-01
2.000029999999952679e-01
2.000029999999952679e-01
2.000030000000023733e-01
2.000030000000023733e-01
2.000019999999977927e-01
2.386769999999955871e-01
2.000010000000003174e-01
2.000010000000003174e-01
2.000019999999977927e-01
2.000029999999952679e-01
2.000009999999932120e-01
2.000020000000048981e-01
2.000010000000003174e-01
2.267719999999968650e-01
2.000020000000048981e-01
2.000030000000023733e-01
2.000010000000003174e-01
2.000039999999998486e-01
2.000019999999977927e-01
2.000030000000023733e-01
2.000010000000003174e-01
2.438010000000048194e-01
2.000010000000003174e-01
2.000000000000028422e-01
2.000029999999952679e-01
2.000010000000003174e-01
2.000019999999977927e-01
2.000030000000023733e-01
2.000000000000028422e-01
2.356369999999969878e-01
2.000010000000003174e-01
2.000010000000003174e-01
2.000039999999998486e-01
2.000000000000028422e-01
2.000000000000028422e-01
2.000030000000023733e-01
2.000019999999977927e-01
2.387459999999990146e-01
2.000010000000003174e-01
2.000020000000048981e-01
2.000000000000028422e-01
2.000030000000023733e-01
2.000000000000028422e-01
2.000000000000028422e-01
2.000010000000003174e-01
2.365179999999966753e-01
2.000030000000023733e-01
2.000010000000003174e-01
2.000039999999998486e-01
2.000030000000023733e-01
2.000030000000023733e-01
2.000329999999976849e-01
2.000030000000023733e-01
2.375830000000007658e-01
2.000000000000028422e-01
2.000010000000003174e-01
2.000000000000028422e-01
2.000039999999998486e-01
2.000030000000023733e-01
2.000010000000003174e-01
2.000010000000003174e-01
2.375860000000002970e-01
2.000030000000023733e-01
2.000029999999952679e-01
2.000010000000003174e-01
2.000069999999993797e-01
2.000050000000044292e-01
2.000030000000023733e-01
2.000020000000048981e-01
2.321579999999983102e-01
2.000019999999977927e-01
2.000030000000023733e-01
2.000019999999977927e-01
2.000019999999977927e-01
2.000020000000048981e-01
2.000029999999952679e-01
2.000010000000003174e-01
2.356259999999963384e-01
2.000010000000003174e-01
2.000029999999952679e-01
2.000019999999977927e-01
2.000029999999952679e-01
2.000010000000003174e-01
2.000010000000003174e-01
2.000010000000003174e-01
2.362820000000027676e-01
2.000029999999952679e-01
2.000010000000003174e-01
2.000029999999952679e-01
2.000030000000094788e-01
2.000010000000003174e-01
2.000029999999952679e-01
2.000019999999977927e-01
2.315650000000033515e-01
2.000019999999977927e-01
2.000030000000094788e-01
2.000019999999977927e-01
2.000010000000003174e-01
2.000019999999977927e-01
2.000029999999952679e-01
2.000010000000003174e-01
2.377929999999963684e-01
2.000030000000094788e-01
2.000019999999977927e-01
2.000000000000028422e-01
2.000019999999977927e-01
2.000000000000028422e-01
2.000019999999977927e-01
2.000029999999952679e-01
2.405250000000052069e-01
2.000010000000003174e-01
2.000000000000028422e-01
2.000010000000003174e-01
2.000010000000003174e-01
2.000129999999984420e-01
2.000029999999952679e-01
2.000039999999927431e-01
2.318840000000079726e-01
2.000000000000028422e-01
2.000010000000003174e-01
2.000040000000069540e-01
2.000039999999927431e-01
2.000000000000028422e-01
2.000019999999977927e-01
2.000030000000094788e-01
2.342469999999963193e-01
2.000000000000028422e-01
2.000019999999977927e-01
2.000029999999952679e-01
2.000029999999952679e-01
2.000029999999952679e-01
2.000010000000003174e-01
2.000019999999977927e-01
2.319690000000065311e-01
2.000000000000028422e-01
2.000029999999952679e-01
2.000000000000028422e-01
2.000000000000028422e-01
2.000010000000003174e-01
2.000030000000094788e-01
2.000010000000003174e-01
2.331069999999897391e-01
2.000000000000028422e-01
2.000039999999927431e-01
2.000010000000003174e-01
2.000029999999952679e-01
2.000000000000028422e-01
2.000029999999952679e-01
2.000019999999977927e-01
2.320940000000035752e-01
2.000029999999952679e-01
2.000020000000120035e-01
2.000029999999952679e-01
2.000029999999952679e-01
2.000029999999952679e-01
2.000010000000003174e-01
2.000000000000028422e-01
2.284510000000068430e-01
2.000029999999952679e-01
2.000010000000003174e-01
2.000010000000003174e-01
2.000019999999977927e-01
2.000010000000003174e-01
2.000010000000003174e-01
2.000019999999977927e-01
2.348590000000001510e-01
2.000019999999977927e-01
2.000019999999977927e-01
2.000019999999977927e-01
2.000000000000028422e-01
2.000009999999861066e-01
2.000000000000028422e-01
2.000019999999977927e-01
2.346390000000013742e-01
2.000020000000120035e-01
2.000030000000094788e-01
2.000000000000028422e-01
2.000010000000003174e-01
2.000050000000044292e-01
2.000029999999952679e-01
2.000019999999977927e-01
2.337009999999963838e-01
2.000000000000028422e-01
2.000000000000028422e-01
2.000019999999977927e-01
2.000020000000120035e-01
2.000019999999977927e-01
2.000010000000003174e-01
2.000010000000003174e-01
2.363039999999898555e-01
2.000010000000003174e-01
2.000039999999927431e-01
2.000019999999977927e-01
2.000019999999977927e-01
2.000029999999952679e-01
2.000000000000028422e-01
2.000010000000003174e-01
2.312590000000085411e-01
2.000020000000120035e-01
2.000029999999952679e-01
2.000019999999977927e-01
2.000000000000028422e-01
2.000010000000003174e-01
2.000029999999952679e-01
2.000029999999952679e-01
2.387040000000126838e-01
2.000030000000094788e-01
2.000010000000003174e-01
2.000010000000003174e-01
2.000019999999977927e-01
2.000019999999977927e-01
2.000019999999977927e-01
2.000000000000028422e-01
2.415179999999992333e-01
2.000010000000003174e-01
2.000000000000028422e-01
2.000010000000003174e-01
2.000000000000028422e-01
2.000010000000003174e-01
2.000000000000028422e-01
2.000010000000003174e-01
2.259959999999949787e-01
2.000010000000003174e-01
2.000029999999952679e-01
2.000030000000094788e-01
2.000010000000003174e-01
2.000029999999952679e-01
2.000010000000003174e-01
2.000000000000028422e-01
2.290600000000040382e-01
2.000010000000003174e-01
2.000029999999952679e-01
2.000019999999977927e-01
2.000020000000120035e-01
2.000029999999952679e-01
2.000029999999952679e-01
2.000010000000003174e-01
2.390520000000009304e-01
2.000019999999977927e-01
2.000019999999977927e-01
2.000000000000028422e-01
2.000030000000094788e-01
2.000010000000003174e-01
2.000020000000120035e-01
2.000030000000094788e-01
2.350339999999988549e-01
2.000029999999952679e-01
2.000019999999977927e-01
2.000029999999952679e-01
2.000000000000028422e-01
2.000039999999927431e-01
2.000000000000028422e-01
2.000019999999977927e-01
2.304369999999948959e-01
2.000010000000003174e-01
2.000039999999927431e-01
2.000030000000094788e-01
2.000039999999927431e-01
2.000019999999977927e-01
2.000010000000003174e-01
2.000030000000094788e-01
2.361620000000073105e-01
2.000010000000003174e-01
2.000000000000028422e-01
2.000020000000120035e-01
2.000019999999977927e-01
2.000039999999927431e-01
2.000000000000028422e-01
2.000020000000120035e-01
2.370630000000062410e-01
2.000010000000003174e-01
2.000000000000028422e-01
2.000000000000028422e-01
2.000020000000120035e-01
2.000020000000120035e-01
2.000000000000170530e-01
2.000029999999810570e-01
2.389589999999941483e-01
2.000000000000170530e-01
2.000030000000094788e-01
2.000019999999835818e-01
2.000000000000170530e-01
2.000030000000094788e-01
2.000039999999785323e-01
2.000009999999861066e-01
2.346310000000073615e-01
2.000030000000094788e-01
2.000009999999861066e-01
2.000029999999810570e-01
2.000009999999861066e-01
2.000019999999835818e-01
2.000019999999835818e-01
2.000000000000170530e-01
2.300319999999942411e-01
2.000030000000094788e-01
2.000010000000145283e-01
2.000040000000069540e-01
2.000019999999835818e-01
2.000000000000170530e-01
2.000030000000094788e-01
2.000019999999835818e-01
2.315150000000016917e-01
2.000039999999785323e-01
2.000009999999861066e-01
2.000040000000069540e-01
2.000030000000094788e-01
2.000009999999861066e-01
2.000009999999861066e-01
2.000009999999861066e-01
2.332940000000007785e-01
2.000039999999785323e-01
2.000009999999861066e-01
2.000019999999835818e-01
2.000029999999810570e-01
2.000000000000170530e-01
2.000009999999861066e-01
2.000030000000094788e-01
2.345949999999845659e-01
2.000000000000170530e-01
2.000010000000145283e-01
2.000319999999931042e-01
2.000030000000094788e-01
2.000029999999810570e-01
2.000030000000094788e-01
2.000049999999760075e-01
2.313279999999906522e-01
2.000039999999785323e-01
2.000010000000145283e-01
2.000020000000120035e-01
2.000009999999861066e-01
2.000029999999810570e-01
2.000009999999861066e-01
2.000020000000120035e-01
2.263329999999825759e-01
2.000010000000145283e-01
2.000029999999810570e-01
2.000020000000120035e-01
2.000009999999861066e-01
2.000009999999861066e-01
2.000020000000120035e-01
2.000030000000094788e-01
2.323730000000239215e-01
2.000019999999835818e-01
2.000020000000120035e-01
2.000040000000069540e-01
2.000020000000120035e-01
2.000030000000094788e-01
2.000039999999785323e-01
2.000030000000094788e-01
2.299969999999973425e-01
2.000030000000094788e-01
2.000030000000094788e-01
2.000029999999810570e-01
2.000020000000120035e-01
2.000039999999785323e-01
2.000019999999835818e-01
2.000010000000145283e-01
2.332600000000013551e-01
2.000029999999810570e-01
2.000000000000170530e-01
2.000010000000145283e-01
2.000019999999835818e-01
2.000019999999835818e-01
2.000010000000145283e-01
2.000030000000094788e-01
2.291389999999751126e-01
2.000040000000069540e-01
2.000009999999861066e-01
2.000050000000044292e-01
2.000030000000094788e-01
2.000020000000120035e-01
2.000020000000120035e-01
2.000030000000094788e-01
2.347610000000202035e-01
2.000000000000170530e-01
2.000029999999810570e-01
2.000000000000170530e-01
2.000000000000170530e-01
2.000020000000120035e-01
2.000030000000094788e-01
2.000030000000094788e-01
2.345550000000002910e-01
2.000010000000145283e-01
2.000030000000094788e-01
2.000020000000120035e-01
2.000020000000120035e-01
2.000009999999861066e-01
2.000000000000170530e-01
2.000020000000120035e-01
2.332570000000089294e-01
2.000030000000094788e-01
2.000030000000094788e-01
2.000030000000094788e-01
2.000020000000120035e-01
2.000029999999810570e-01
2.000040000000069540e-01
2.000040000000069540e-01
2.325360000000102900e-01
2.000030000000094788e-01
2.000000000000170530e-01
2.000010000000145283e-01
2.000020000000120035e-01
2.000029999999810570e-01
2.000010000000145283e-01
2.000010000000145283e-01
2.326539999999965858e-01
2.000039999999785323e-01
2.000010000000145283e-01
2.000040000000069540e-01
2.000009999999861066e-01
2.000030000000094788e-01
2.000020000000120035e-01
2.000040000000069540e-01
2.333760000000211221e-01
2.000030000000094788e-01
2.000009999999861066e-01
2.000039999999785323e-01
2.000019999999835818e-01
2.000030000000094788e-01
2.000019999999835818e-01
2.000010000000145283e-01
2.258479999999849497e-01
2.000030000000094788e-01
2.000039999999785323e-01
2.000000000000170530e-01
2.000040000000069540e-01
2.000000000000170530e-01
2.000030000000094788e-01
2.000020000000120035e-01
2.308879999999930988e-01
2.000019999999835818e-01
2.000039999999785323e-01
2.000040000000069540e-01
2.000039999999785323e-01
2.000030000000094788e-01
2.000030000000094788e-01
2.000020000000120035e-01
2.284860000000037417e-01
2.000010000000145283e-01
2.000029999999810570e-01
2.000040000000069540e-01
2.000010000000145283e-01
2.000029999999810570e-01
2.000019999999835818e-01
2.000000000000170530e-01
2.381740000000149848e-01
2.000000000000170530e-01
2.000009999999861066e-01
2.000009999999861066e-01
2.411460000000147375e-01
2.000009999999861066e-01
2.000030000000094788e-01
2.000030000000094788e-01
2.335049999999796455e-01
2.000019999999835818e-01
2.000009999999861066e-01
2.000030000000094788e-01
2.000009999999861066e-01
2.000040000000069540e-01
2.000019999999835818e-01
2.000010000000145283e-01
2.272859999999923275e-01
2.000020000000120035e-01
2.000000000000170530e-01
2.000019999999835818e-01
2.000009999999861066e-01
2.000029999999810570e-01
2.000030000000094788e-01
2.000020000000120035e-01
2.242630000000076507e-01
2.057279999999934716e-01
2.000030000000094788e-01
2.000039999999785323e-01
2.000030000000094788e-01
2.000029999999810570e-01
2.000019999999835818e-01
2.000030000000094788e-01
2.352929999999844313e-01
2.000020000000120035e-01
2.000020000000120035e-01
2.000030000000094788e-01
2.000000000000170530e-01
2.000010000000145283e-01
2.000020000000120035e-01
2.000000000000170530e-01
2.416939999999954125e-01
2.000009999999861066e-01
2.000030000000094788e-01
2.000020000000120035e-01
2.000029999999810570e-01
2.000030000000094788e-01
2.000030000000094788e-01
2.248940000000061445e-01
2.407869999999832089e-01
2.000010000000145283e-01
2.000040000000069540e-01
2.000039999999785323e-01
2.000000000000170530e-01
2.000030000000094788e-01
2.000030000000094788e-01
2.000020000000120035e-01
2.399979999999857228e-01
2.000010000000145283e-01
2.000010000000145283e-01
2.000019999999835818e-01
2.000010000000145283e-01
2.000019999999835818e-01
2.000020000000120035e-01
2.000019999999835818e-01
2.265019999999822176e-01
2.000030000000094788e-01
2.000039999999785323e-01
2.000009999999861066e-01
2.000039999999785323e-01
2.000009999999861066e-01
2.000010000000145283e-01
2.000009999999861066e-01
2.340130000000044674e-01
2.000000000000170530e-01
2.000020000000120035e-01
2.000020000000120035e-01
2.000040000000069540e-01
2.000019999999835818e-01
2.000000000000170530e-01
2.000030000000094788e-01
2.300709999999810407e-01
2.000019999999835818e-01
2.000030000000094788e-01
2.000010000000145283e-01
2.000020000000120035e-01
2.000040000000069540e-01
2.000010000000145283e-01
2.000009999999861066e-01
2.301379999999824122e-01
2.000010000000145283e-01
2.000030000000094788e-01
2.000029999999810570e-01
2.000010000000145283e-01
2.000040000000069540e-01
2.000019999999835818e-01
2.000039999999785323e-01
2.276040000000136843e-01
2.000000000000170530e-01
2.000000000000170530e-01
2.000010000000145283e-01
2.000030000000094788e-01
2.000000000000170530e-01
2.000029999999810570e-01
2.000030000000094788e-01
2.320020000000226901e-01
2.000020000000120035e-01
2.000019999999835818e-01
2.000030000000094788e-01
2.000000000000170530e-01
2.000040000000069540e-01
2.000020000000120035e-01
2.000009999999861066e-01
2.339139999999986230e-01
2.000039999999785323e-01
2.000040000000069540e-01
2.000009999999861066e-01
2.000000000000170530e-01
2.000009999999861066e-01
2.000010000000145283e-01
2.000010000000145283e-01
2.457399999999836382e-01
2.000029999999810570e-01
2.000020000000120035e-01
2.000030000000094788e-01
2.000009999999861066e-01
2.000009999999861066e-01
2.000010000000145283e-01
2.000030000000094788e-01
2.390809999999987667e-01
2.000010000000145283e-01
2.000029999999810570e-01
2.000019999999835818e-01
2.000029999999810570e-01
2.000020000000120035e-01
2.000040000000069540e-01
2.000010000000145283e-01
2.349899999999820466e-01
2.000020000000120035e-01
2.000009999999861066e-01
2.000030000000094788e-01
2.000019999999835818e-01
2.000019999999835818e-01
2.000009999999861066e-01
2.000019999999835818e-01
2.357599999999990814e-01
2.000030000000094788e-01
2.000009999999861066e-01
2.000010000000145283e-01
2.300940000000082364e-01
2.000020000000120035e-01
2.000030000000094788e-01
2.000000000000170530e-01
2.337530000000072050e-01
2.000020000000120035e-01
2.000010000000145283e-01
2.000020000000120035e-01
2.000029999999810570e-01
2.000019999999835818e-01
2.000010000000145283e-01
2.000000000000170530e-01
2.356499999999925876e-01
2.000019999999835818e-01
2.000009999999861066e-01
2.000019999999835818e-01
2.000030000000094788e-01
2.000019999999835818e-01
2.000000000000170530e-01
2.000030000000094788e-01
2.336369999999874381e-01
2.000030000000094788e-01
2.000010000000145283e-01
2.000019999999835818e-01
2.000040000000069540e-01
2.000030000000094788e-01
2.000019999999835818e-01
2.000000000000170530e-01
2.347910000000013042e-01
2.000069999999993797e-01
2.000009999999861066e-01
2.000039999999785323e-01
2.000030000000094788e-01
2.000020000000120035e-01
2.000019999999835818e-01
2.000040000000069540e-01
2.273959999999988213e-01
2.000020000000120035e-01
2.000009999999861066e-01
2.000030000000094788e-01
2.000019999999835818e-01
2.000019999999835818e-01
2.000019999999835818e-01
2.000030000000094788e-01
2.335539999999980409e-01
2.000030000000094788e-01
2.000020000000120035e-01
2.000020000000120035e-01
2.000020000000120035e-01
2.000039999999785323e-01
2.000000000000170530e-01
2.000000000000170530e-01
2.402490000000057080e-01
2.000019999999835818e-01
2.000030000000094788e-01
2.000020000000120035e-01
2.000010000000145283e-01
2.000030000000094788e-01
2.000030000000094788e-01
2.000039999999785323e-01
2.318520000000034997e-01
2.000040000000069540e-01
2.000030000000094788e-01
2.000020000000120035e-01
2.000010000000145283e-01
2.000010000000145283e-01
2.000039999999785323e-01
2.000019999999835818e-01
2.350729999999998654e-01
2.000009999999861066e-01
2.000029999999810570e-01
2.000000000000170530e-01
2.000000000000170530e-01
2.000009999999861066e-01
2.000040000000069540e-01
2.000019999999835818e-01
2.307000000000130058e-01
2.000009999999861066e-01
2.000039999999785323e-01
2.000040000000353757e-01
2.000030000000379005e-01
2.000039999999785323e-01
2.000029999999810570e-01
2.000039999999785323e-01
2.277840000000423970e-01
2.000009999999861066e-01
2.000029999999810570e-01
2.000010000000429500e-01
2.000029999999810570e-01
2.000029999999810570e-01
2.000019999999835818e-01
2.000009999999861066e-01
2.445580000000404652e-01
2.000009999999861066e-01
2.000039999999785323e-01
2.000019999999835818e-01
2.000030000000379005e-01
2.000030000000379005e-01
2.000009999999861066e-01
2.000000000000454747e-01
2.348299999999881038e-01
2.000039999999785323e-01
2.000009999999861066e-01
2.000039999999785323e-01
2.000009999999861066e-01
2.000019999999835818e-01
2.000019999999835818e-01
2.000029999999810570e-01
2.363720000000171240e-01
2.000029999999810570e-01
2.000020000000404252e-01
2.000009999999861066e-01
2.000009999999861066e-01
2.000039999999785323e-01
2.000010000000429500e-01
2.000039999999785323e-01
2.377210000000218315e-01
2.000039999999785323e-01
2.000009999999861066e-01
2.000039999999785323e-01
2.000029999999810570e-01
2.000020000000404252e-01
2.520109999999817774e-01
2.000009999999861066e-01
2.289039999999999964e-01
2.000029999999810570e-01
2.000000000000454747e-01
2.000039999999785323e-01
2.000010000000429500e-01
2.000019999999835818e-01
2.000019999999835818e-01
2.000039999999785323e-01
2.387149999999564898e-01
2.000029999999810570e-01
2.000039999999785323e-01
2.000030000000379005e-01
2.000019999999835818e-01
2.000019999999835818e-01
2.000020000000404252e-01
2.000010000000429500e-01
2.361940000000117834e-01
2.000039999999785323e-01
2.000029999999810570e-01
2.000029999999810570e-01
2.000019999999835818e-01
2.000029999999810570e-01
2.000029999999810570e-01
2.000009999999861066e-01
2.347350000000005821e-01
2.000000000000454747e-01
2.000029999999810570e-01
2.000019999999835818e-01
2.000019999999835818e-01
2.000029999999810570e-01
2.000019999999835818e-01
2.000019999999835818e-01
2.296029999999973370e-01
2.000009999999861066e-01
2.000019999999835818e-01
2.000030000000379005e-01
2.000029999999810570e-01
2.000039999999785323e-01
2.000039999999785323e-01
2.000030000000379005e-01
2.245519999999601168e-01
2.000009999999861066e-01
2.000019999999835818e-01
2.000009999999861066e-01
2.000000000000454747e-01
2.000009999999861066e-01
2.000039999999785323e-01
2.000009999999861066e-01
2.374859999999898719e-01
2.000039999999785323e-01
2.000020000000404252e-01
2.000009999999861066e-01
2.000029999999810570e-01
2.000029999999810570e-01
2.000010000000429500e-01
2.000019999999835818e-01
2.451819999999997890e-01
2.000030000000379005e-01
2.000019999999835818e-01
2.000019999999835818e-01
2.000039999999785323e-01
2.000029999999810570e-01
2.000039999999785323e-01
2.000009999999861066e-01
2.338870000000383698e-01
2.000010000000429500e-01
2.000029999999810570e-01
2.000030000000379005e-01
2.000019999999835818e-01
2.000029999999810570e-01
2.000009999999861066e-01
2.000029999999810570e-01
2.315179999999941174e-01
2.000039999999785323e-01
2.000010000000429500e-01
2.000020000000404252e-01
2.000010000000429500e-01
2.000000000000454747e-01
2.000040000000353757e-01
2.000029999999810570e-01
2.297260000000278524e-01
2.000019999999835818e-01
2.000009999999861066e-01
2.000030000000379005e-01
2.000020000000404252e-01
2.000009999999861066e-01
2.000000000000454747e-01
2.000009999999861066e-01
2.394800000000145701e-01
2.000019999999835818e-01
2.000030000000379005e-01
2.000030000000379005e-01
2.000029999999810570e-01
2.000039999999785323e-01
2.000039999999785323e-01
2.000020000000404252e-01
2.307490000000029795e-01
2.000010000000429500e-01
2.000019999999835818e-01
2.000019999999835818e-01
2.000019999999835818e-01
2.000029999999810570e-01
2.000029999999810570e-01
2.000029999999810570e-01
2.393900000000144246e-01
2.000009999999861066e-01
2.000039999999785323e-01
2.000009999999861066e-01
2.000030000000379005e-01
2.000149999999507600e-01
2.000009999999861066e-01
2.000009999999861066e-01
2.296390000000201326e-01
2.000019999999835818e-01
2.000020000000404252e-01
2.000029999999810570e-01
2.000039999999785323e-01
2.000000000000454747e-01
2.000029999999810570e-01
2.000019999999835818e-01
2.236340000000041073e-01
2.000009999999861066e-01
2.000029999999810570e-01
2.000019999999835818e-01
2.000030000000379005e-01
2.000030000000379005e-01
2.000000000000454747e-01
2.000030000000379005e-01
2.366370000000301843e-01
2.000009999999861066e-01
2.000019999999835818e-01
2.000039999999785323e-01
2.000009999999861066e-01
2.000039999999785323e-01
2.000009999999861066e-01
2.000089999999659085e-01
2.231370000000083564e-01
2.000019999999835818e-01
2.000039999999785323e-01
2.000009999999861066e-01
2.000030000000379005e-01
2.000009999999861066e-01
2.000039999999785323e-01
2.000019999999835818e-01
2.342659999999909815e-01
2.000039999999785323e-01
2.000039999999785323e-01
2.000039999999785323e-01
2.000020000000404252e-01
2.000019999999835818e-01
2.000040000000353757e-01
2.000040000000353757e-01
2.379900000000247928e-01
2.000019999999835818e-01
2.000029999999810570e-01
2.000030000000379005e-01
2.000010000000429500e-01
2.000019999999835818e-01
2.000009999999861066e-01
2.000009999999861066e-01
2.389610000000175205e-01
2.000019999999835818e-01
2.000019999999835818e-01
2.000019999999835818e-01
2.000010000000429500e-01
2.000019999999835818e-01
2.000029999999810570e-01
2.000020000000404252e-01
2.468719999999962056e-01
2.000029999999810570e-01
2.000019999999835818e-01
2.000040000000353757e-01
2.000010000000429500e-01
2.000009999999861066e-01
2.000039999999785323e-01
2.000009999999861066e-01
2.284789999999929933e-01
2.000029999999810570e-01
2.000009999999861066e-01
2.000009999999861066e-01
2.000020000000404252e-01
2.000020000000404252e-01
2.000019999999835818e-01
2.000040000000353757e-01
2.262249999999994543e-01
2.000019999999835818e-01
2.000010000000429500e-01
2.000029999999810570e-01
2.000009999999861066e-01
2.000039999999785323e-01
2.000039999999785323e-01
2.000019999999835818e-01
2.294190000000071450e-01
2.000019999999835818e-01
2.000039999999785323e-01
2.000000000000454747e-01
2.000019999999835818e-01
2.000009999999861066e-01
2.000009999999861066e-01
2.000019999999835818e-01
2.254540000000133659e-01
2.000000000000454747e-01
2.000010000000429500e-01
2.000000000000454747e-01
2.000009999999861066e-01
2.000039999999785323e-01
2.000009999999861066e-01
2.000020000000404252e-01
2.391390000000228611e-01
2.000039999999785323e-01
2.000020000000404252e-01
2.000009999999861066e-01
2.000039999999785323e-01
2.000040000000353757e-01
2.000010000000429500e-01
2.000000000000454747e-01
2.402280000000018845e-01
2.000030000000379005e-01
2.000010000000429500e-01
2.000030000000379005e-01
2.000009999999861066e-01
2.000019999999835818e-01
2.000039999999785323e-01
2.000009999999861066e-01
2.379700000000184446e-01
2.000029999999810570e-01
2.000029999999810570e-01
2.000029999999810570e-01
2.000019999999835818e-01
2.000020000000404252e-01
2.000029999999810570e-01
2.000009999999861066e-01
2.403329999999641586e-01
2.000029999999810570e-01
2.000029999999810570e-01
2.000019999999835818e-01
2.000029999999810570e-01
2.000009999999861066e-01
2.000029999999810570e-01
2.000039999999785323e-01
2.337689999999952306e-01
2.000019999999835818e-01
2.000020000000404252e-01
2.000019999999835818e-01
2.000009999999861066e-01
2.000040000000353757e-01
2.000009999999861066e-01
2.000019999999835818e-01
2.349760000000173932e-01
2.000029999999810570e-01
2.000019999999835818e-01
2.000039999999785323e-01
2.000029999999810570e-01
2.000019999999835818e-01
2.000039999999785323e-01
2.000010000000429500e-01
2.242089999999734573e-01
2.000020000000404252e-01
2.000039999999785323e-01
2.000019999999835818e-01
2.000029999999810570e-01
2.000010000000429500e-01
2.000009999999861066e-01
2.000019999999835818e-01
