# Rotation Matrix timer: 2017-12-12 17:00:51.232060
6.360000000000809450e-04
3.219999999997114060e-04
3.220000000005995844e-04
3.080000000004190497e-04
4.949999999990239985e-04
4.099999999986891908e-04
4.319999999999879492e-04
3.229999999980748271e-04
3.229999999980748271e-04
3.519999999994638529e-04
3.270000000021866526e-04
3.529999999969390956e-04
3.340000000022769200e-04
3.469999999978767846e-04
3.579999999985261638e-04
3.409999999988144737e-04
3.969999999995366124e-04
2.920000000017353159e-04
3.370000000018080755e-04
3.150000000005093170e-04
3.480000000024574547e-04
3.960000000020613697e-04
3.330000000048016773e-04
3.609999999980573193e-04
3.829999999993560778e-04
3.540000000015197656e-04
3.299999999910596671e-04
3.350000000068575901e-04
3.439999999983456291e-04
3.150000000005093170e-04
3.269999999986339390e-04
3.039999999998599378e-04
4.169999999987794581e-04
3.820000000018808350e-04
3.650000000021691449e-04
3.650000000021691449e-04
3.400000000084446583e-04
3.590000000031068339e-04
3.090000000014470061e-04
2.919999999875244612e-04
3.489999999999326974e-04
3.459999999932961146e-04
7.849999999933743311e-04
3.499999999974079401e-04
4.470000000083018676e-04
3.279999999961091817e-04
3.379999999992833182e-04
3.010000000074342097e-04
4.600000000039017323e-04
3.579999999914207365e-04
3.480000000024574547e-04
3.229999999803112587e-04
3.949999999974806997e-04
3.560000000106811058e-04
3.199999999878855306e-04
3.890000000126292434e-04
3.639999999904830474e-04
3.389999999967585609e-04
4.849999999976262188e-04
3.820000000018808350e-04
1.157000000006291884e-03
3.349999999784358806e-04
3.640000000189047569e-04
3.560000000106811058e-04
3.729999999961819412e-04
3.420000000176059984e-04
3.759999999886076694e-04
3.550000000132058631e-04
3.379999999992833182e-04
4.189999999937299435e-04
3.849999999943065632e-04
3.570000000081563485e-04
3.419999999891842890e-04
3.470000000049822120e-04
3.460000000075069693e-04
3.999999999848569132e-04
3.729999999961819412e-04
3.629999999930078047e-04
1.137999999997418854e-03
3.489999999999326974e-04
4.259999999760566425e-04
3.869999999892570486e-04
3.679999999803840183e-04
3.480000000024574547e-04
3.789999999810333975e-04
1.156000000008816642e-03
3.740000000220788934e-04
3.360000000043328328e-04
3.640000000189047569e-04
3.489999999999326974e-04
3.529999999898336682e-04
3.100000000131331035e-04
4.430000000184008968e-04
3.570000000081563485e-04
3.379999999992833182e-04
3.340000000093823473e-04
3.199999999878855306e-04
3.230000000087329681e-04
3.379999999992833182e-04
3.290000000220061338e-04
5.810000000110449037e-04
3.470000000334039214e-04
3.430000000435029506e-04
1.134000000035939593e-03
3.700000000321779225e-04
3.310000000169566192e-04
3.699999999753345037e-04
3.360000000043328328e-04
3.199999999878855306e-04
3.189999999904102879e-04
3.470000000334039214e-04
3.570000000081563485e-04
3.340000000093823473e-04
3.400000000510772225e-04
3.820000000018808350e-04
3.229999999803112587e-04
2.969999999891115294e-04
3.970000000208528945e-04
3.590000000031068339e-04
3.210000000422041921e-04
3.320000000144318619e-04
3.479999999740357453e-04
3.459999999790852598e-04
3.739999999652354745e-04
6.420000000275649654e-04
3.479999999740357453e-04
3.600000000005820766e-04
3.340000000093823473e-04
3.060000000232321327e-04
3.459999999790852598e-04
4.359999999792307790e-04
3.820000000018808350e-04
4.509999999982028385e-04
3.320000000144318619e-04
3.650000000448017090e-04
3.530000000182553777e-04
3.239999999777865014e-04
3.659999999854335329e-04
