# Image grab timer: 2017-12-12 17:16:46.795987
1.023219999999999685e-01
2.240277999999999992e+00
2.594545000000000101e+00
2.587316999999999645e+00
2.590388999999998276e+00
2.588280000000001024e+00
2.579435999999999396e+00
2.588001999999999470e+00
2.598320999999998548e+00
2.581466999999999956e+00
2.600211999999999080e+00
2.609062000000001547e+00
2.596460000000000434e+00
2.590439999999997411e+00
2.585802999999998519e+00
2.570686000000002025e+00
2.662985999999996523e+00
2.602648999999999546e+00
2.591378999999996324e+00
2.596468000000001553e+00
2.581634999999998570e+00
2.583668000000002962e+00
2.629608999999994978e+00
2.594506000000002643e+00
2.591312000000002058e+00
2.578931999999994673e+00
2.598326000000000136e+00
2.710096999999990430e+00
2.590267999999994686e+00
2.594888000000011630e+00
2.624784999999988599e+00
2.599868000000000734e+00
2.587322000000000344e+00
2.579762000000002331e+00
2.598009000000004676e+00
2.614604999999997403e+00
2.586635000000001128e+00
2.580325000000001978e+00
2.591869000000002643e+00
2.595371999999997570e+00
2.600093000000001098e+00
2.592050999999997885e+00
2.582053999999999405e+00
2.598298999999997250e+00
2.599945999999988544e+00
2.590218999999990501e+00
2.592844999999996958e+00
2.593217999999993140e+00
2.588600999999997043e+00
2.593866999999988820e+00
2.593528000000006273e+00
2.648574999999993906e+00
2.592327000000011594e+00
2.587788999999986572e+00
2.603585000000009586e+00
2.581389000000001488e+00
2.601152000000013231e+00
2.598878999999982398e+00
2.584075999999981832e+00
2.576795000000004165e+00
2.632091000000002623e+00
2.590906999999987192e+00
2.585991000000007034e+00
2.658531000000010636e+00
2.585800000000006094e+00
2.649281000000001995e+00
2.584145999999975629e+00
2.599862000000001672e+00
2.637587999999993826e+00
2.586423999999993839e+00
2.586840999999992619e+00
2.588488999999981388e+00
2.584303000000005568e+00
2.592315999999982523e+00
2.582816000000008216e+00
2.577336999999999989e+00
2.577629000000001724e+00
2.594003999999983989e+00
2.585180000000008249e+00
2.600706999999999880e+00
2.585432999999994763e+00
2.596646999999990157e+00
2.574233999999989919e+00
2.587103999999982307e+00
2.626091999999999871e+00
2.588872000000009166e+00
2.589270999999996548e+00
2.572213000000004968e+00
2.585270999999977448e+00
2.580091999999979180e+00
2.591205000000002201e+00
2.585813999999999169e+00
2.590919999999982792e+00
2.592763999999988300e+00
2.562950999999998203e+00
2.583077000000002954e+00
2.583039999999982683e+00
2.603106999999994287e+00
2.591229999999995925e+00
2.583221000000008871e+00
2.595989999999972042e+00
2.595704999999952634e+00
2.587925000000041109e+00
2.586110000000019227e+00
2.598569999999995161e+00
2.591295999999999822e+00
2.591196999999965556e+00
2.585712000000000899e+00
2.591399000000023989e+00
2.590111999999976433e+00
2.598154999999962911e+00
2.571463999999991756e+00
2.581160999999951855e+00
2.589818999999977223e+00
2.588643000000047323e+00
2.584653000000002976e+00
2.579575000000033924e+00
2.581622999999979129e+00
2.586161000000004151e+00
2.601514999999949396e+00
2.594730000000026848e+00
2.582609999999988304e+00
2.586828000000025440e+00
2.590091000000029453e+00
2.578275999999959822e+00
2.577448000000003958e+00
2.579813999999998941e+00
2.595858000000021093e+00
2.592474999999978991e+00
2.591128000000026077e+00
2.604193999999949938e+00
2.607151999999985037e+00
2.601382000000000971e+00
2.582653999999990901e+00
2.584913999999969292e+00
2.586054999999987558e+00
2.593544999999949141e+00
2.592837999999971998e+00
2.674187999999958265e+00
2.593074000000001433e+00
2.588230000000010023e+00
2.587883999999974094e+00
2.588330999999982396e+00
2.582972999999981312e+00
2.588475000000016735e+00
2.579477999999994609e+00
2.597699999999974807e+00
2.597749000000021624e+00
2.583712000000048192e+00
2.581678000000010798e+00
2.705536999999992531e+00
2.587976000000026033e+00
2.597863999999958651e+00
2.608118999999987864e+00
2.613990999999998621e+00
2.608801999999968757e+00
2.602550000000007913e+00
2.577899999999999636e+00
2.594623999999953412e+00
2.590176000000042222e+00
2.592771999999968102e+00
2.592579000000000633e+00
2.586865000000045711e+00
2.574883999999997286e+00
2.593438999999989392e+00
2.602751000000012027e+00
2.598651000000018030e+00
2.583221000000037293e+00
2.588825999999983196e+00
2.620849000000021078e+00
2.577896999999950367e+00
2.580117999999970380e+00
2.578796000000011190e+00
2.574750999999992018e+00
2.584659999999985303e+00
2.604823000000010325e+00
2.598791000000005624e+00
2.662501000000020213e+00
2.603499999999996817e+00
2.581800999999984469e+00
2.647733000000016546e+00
2.588747000000012122e+00
2.593795999999997548e+00
2.578780999999992218e+00
2.599577000000010685e+00
2.642454999999984011e+00
2.592135000000041600e+00
2.582444000000009510e+00
2.581618999999989228e+00
2.599422000000004118e+00
2.586074000000053275e+00
2.666253000000040174e+00
2.580958000000009633e+00
2.599243000000001302e+00
2.597731000000010226e+00
2.595148999999992157e+00
2.579369999999983065e+00
2.575222999999994045e+00
2.594740000000001601e+00
2.585557999999991807e+00
2.600681000000008680e+00
2.586655000000064319e+00
2.666735000000016953e+00
2.591585000000009131e+00
2.589057000000025255e+00
2.578916000000049280e+00
2.581688999999983025e+00
2.680411999999932959e+00
2.585842000000070584e+00
2.583705000000009022e+00
2.587091999999984182e+00
2.580590000000029249e+00
2.598245000000019900e+00
2.587146999999959007e+00
2.589614999999980682e+00
2.596957999999972344e+00
2.588062000000036278e+00
2.589048000000047978e+00
2.592517000000043481e+00
2.588412000000062108e+00
2.624709999999936372e+00
2.588974000000007436e+00
2.606033000000024913e+00
2.593393999999989319e+00
2.591398000000026514e+00
2.591773999999986700e+00
2.593341000000009444e+00
2.598015000000032160e+00
2.609859999999912361e+00
2.593764999999962129e+00
2.586515999999960513e+00
2.592283000000065840e+00
2.589632999999935237e+00
2.583608000000026550e+00
2.577756000000022141e+00
2.592358999999987645e+00
2.602728999999953885e+00
2.595390999999949599e+00
2.587626000000000204e+00
2.594698000000107641e+00
2.589870999999902779e+00
2.584972999999990861e+00
2.582425999999941268e+00
2.585242999999991298e+00
2.581476999999949840e+00
2.584659999999985303e+00
2.596206000000051972e+00
2.590155999999979031e+00
2.586327999999980420e+00
2.587049999999976535e+00
2.579134999999951106e+00
2.579991999999947438e+00
2.584937000000081753e+00
2.579950000000053478e+00
2.599823000000014872e+00
2.601594000000091000e+00
2.600755999999933010e+00
2.576898999999912121e+00
2.586475999999947817e+00
2.627751999999986765e+00
2.593311000000085187e+00
2.610047000000008666e+00
2.583144000000061169e+00
2.595996000000013737e+00
2.635457000000087646e+00
2.583710999999993874e+00
2.584612999999990279e+00
2.592638999999962834e+00
2.600149000000101296e+00
2.594112999999993008e+00
2.590126000000054773e+00
2.592463999999949920e+00
2.579760000000078435e+00
2.573737000000051012e+00
2.591080000000033579e+00
2.599710999999956584e+00
