# Marker Detection timer: 2017-12-12 17:16:46.789786
1.241600000000000481e-01
6.891699999999989501e-02
6.281000000000069861e-02
6.039700000000003399e-02
6.123799999999945953e-02
5.734900000000031639e-02
5.910800000000016041e-02
6.100100000000097111e-02
6.400400000000061596e-02
6.487399999999965416e-02
6.476100000000073464e-02
6.735400000000169030e-02
6.692899999999823990e-02
6.571300000000235286e-02
5.570900000000023056e-02
6.382599999999882812e-02
6.662000000000034561e-02
6.010700000000213095e-02
6.130499999999727834e-02
6.402200000000135560e-02
5.997200000000191267e-02
6.860199999999849751e-02
6.475199999999858846e-02
6.592099999999589954e-02
5.889499999999969759e-02
6.615400000001159242e-02
6.909600000000182263e-02
6.271700000000635100e-02
6.683699999999248575e-02
6.341000000000462933e-02
7.543599999999628380e-02
6.671000000000049113e-02
6.253300000000194814e-02
6.263600000001190438e-02
6.278400000000772252e-02
6.133800000000633190e-02
6.195800000000417640e-02
6.002900000000011005e-02
6.703600000000164982e-02
6.817999999999813099e-02
6.196800000000735054e-02
6.136899999999911870e-02
7.124799999999709144e-02
6.684900000000482123e-02
6.130399999999269767e-02
6.764799999999127067e-02
6.199199999998938893e-02
5.779200000000628279e-02
7.157300000000077489e-02
6.494900000001280205e-02
7.482300000000918772e-02
6.334699999999315878e-02
6.393199999999410466e-02
7.148699999999053034e-02
5.904599999999504689e-02
6.908600000002707020e-02
6.761199999999689680e-02
6.371500000000196451e-02
5.541500000001065018e-02
6.129100000001130866e-02
6.784600000000295950e-02
6.141199999999003012e-02
6.418300000001408989e-02
6.513400000000046930e-02
6.881400000000326145e-02
6.265099999998824387e-02
6.657399999997437590e-02
6.855300000000852378e-02
6.227999999998701242e-02
6.568300000000704131e-02
6.191400000000157888e-02
6.202599999997460145e-02
6.506200000001172157e-02
6.822599999998146814e-02
5.708500000000071850e-02
6.119000000001051376e-02
6.303599999998255043e-02
6.391600000000607906e-02
6.724900000000388900e-02
6.213900000000194268e-02
6.471999999999411557e-02
6.095899999999687680e-02
6.337600000000520595e-02
5.749900000000707223e-02
6.066600000002608795e-02
6.481999999999743522e-02
5.696800000001189801e-02
6.358399999999164720e-02
5.663400000000251566e-02
6.380500000000211003e-02
6.169399999998859130e-02
6.441300000000182990e-02
6.754200000000309956e-02
5.550700000000574619e-02
5.946600000001467379e-02
6.376099999999951251e-02
6.714199999998982094e-02
5.901900000000637192e-02
6.304999999997562554e-02
6.878400000005058246e-02
6.998100000004114918e-02
6.184200000001283115e-02
6.397300000003269815e-02
7.034599999997226405e-02
6.496100000003934838e-02
6.560100000001511944e-02
5.700100000001384615e-02
6.317400000000361615e-02
7.037799999994831524e-02
6.741499999998268322e-02
5.637300000000777800e-02
6.254599999999754800e-02
6.098899999994955579e-02
6.049099999995632970e-02
6.352400000002944580e-02
5.659900000000561704e-02
6.305300000002489469e-02
6.641500000000633008e-02
7.005099999997810301e-02
6.440500000002202796e-02
6.361099999998032217e-02
6.508800000000292130e-02
6.341900000001032822e-02
5.874799999998003841e-02
6.106100000005199036e-02
5.745799999999690044e-02
6.666200000000799264e-02
6.382400000001098306e-02
6.479500000000371074e-02
6.940700000001243097e-02
6.740999999999530701e-02
6.879699999996091719e-02
5.597099999999954889e-02
6.604200000003856985e-02
6.136499999996658516e-02
6.377199999997174018e-02
6.041099999998778003e-02
1.291879999999991924e-01
6.448899999998047861e-02
6.228300000003628156e-02
6.647200000003294917e-02
5.947000000003299647e-02
6.107300000002169327e-02
6.255099999998492422e-02
6.180899999998246130e-02
7.059100000003581954e-02
7.418799999999237116e-02
6.207899999998289786e-02
6.180399999999508509e-02
6.216000000000576620e-02
5.985600000002477827e-02
6.909999999999172360e-02
6.500800000003437162e-02
7.246299999997063424e-02
6.234100000000353248e-02
6.913199999996777478e-02
6.105700000000524597e-02
6.282900000002200613e-02
6.218499999999949068e-02
6.922400000001971421e-02
6.591599999995878534e-02
5.780900000002020533e-02
6.128300000000308501e-02
6.313099999999849388e-02
6.809500000002799425e-02
6.524899999999433930e-02
6.240199999996320912e-02
6.444700000002967499e-02
5.987199999998438216e-02
6.100799999995842882e-02
6.193200000001297667e-02
6.120500000002948582e-02
6.013899999999239299e-02
5.782799999997223495e-02
7.354200000003174864e-02
6.965500000001156877e-02
6.072899999998071507e-02
6.969400000002679008e-02
6.074899999998706335e-02
6.563799999997854684e-02
5.793399999998882777e-02
6.457899999998062412e-02
5.681400000003122841e-02
7.058299999999917418e-02
6.276000000002568413e-02
7.005699999996295446e-02
6.157300000000986984e-02
6.110900000004448884e-02
6.907400000000052387e-02
6.144000000000460204e-02
7.370099999997137274e-02
6.072199999999838838e-02
6.644800000003669993e-02
6.808899999998629937e-02
6.544500000001107765e-02
5.836000000005014954e-02
5.643299999996997940e-02
6.703300000003764580e-02
6.158800000002884190e-02
7.463399999994635436e-02
6.456300000002102024e-02
6.902700000000550062e-02
6.055500000002211891e-02
6.121200000006865594e-02
5.885099999989051867e-02
5.983700000001590524e-02
6.560799999999744614e-02
6.297700000004624599e-02
5.829299999993509118e-02
6.513199999994867539e-02
5.811399999993227539e-02
6.843600000001970329e-02
6.096500000001014996e-02
6.456400000001849548e-02
6.651999999996860424e-02
6.715299999996204861e-02
6.067899999993642268e-02
6.045900000003712194e-02
6.160700000009455835e-02
6.689099999994141399e-02
6.298700000002099841e-02
7.548099999996793485e-02
6.092899999998735439e-02
7.131500000002688466e-02
6.517600000006495975e-02
6.410700000003544119e-02
6.414899999992940138e-02
7.093500000007679773e-02
6.097999999997227860e-02
6.271600000002308661e-02
6.281099999989692151e-02
5.835300000001097942e-02
7.071199999995769758e-02
6.294600000001082662e-02
6.567199999994954851e-02
6.825800000001436274e-02
7.096200000000862929e-02
6.151200000010703661e-02
6.441700000004857429e-02
6.028900000001158332e-02
6.209599999999682041e-02
6.036600000004455069e-02
5.806199999994987593e-02
5.964999999991960067e-02
6.160999999997329724e-02
6.539099999997688428e-02
6.233199999996941187e-02
6.074200000000473665e-02
6.395399999996698170e-02
5.884600000001682929e-02
6.038799999998900603e-02
6.396899999992911034e-02
5.860399999994569953e-02
7.010900000000219734e-02
7.242499999995288817e-02
6.529899999998178828e-02
6.261800000004313915e-02
6.184300000006714981e-02
6.563699999992422818e-02
6.943099999989499338e-02
6.151599999998325075e-02
5.595700000003489549e-02
6.325499999991279765e-02
6.330600000001140870e-02
5.657200000007378549e-02
6.211099999995894905e-02
6.043899999997393024e-02
6.723599999997986743e-02
6.905199999994238169e-02
6.665699999996377301e-02
6.645300000002407614e-02
5.569300000001931039e-02
5.888499999991836376e-02
6.260300000008101051e-02
6.764399999997294799e-02
6.278799999995499093e-02
