# Homography application timer: 2017-12-12 17:16:46.813807
1.070499999999999785e-01
7.753799999999999581e-02
7.103300000000012382e-02
7.084299999999998931e-02
7.058100000000000485e-02
7.304899999999991955e-02
7.208000000000014396e-02
7.054399999999994009e-02
7.046899999999967079e-02
7.433400000000034424e-02
7.306599999999985329e-02
7.238699999999997914e-02
7.482800000000011664e-02
7.254000000000004889e-02
7.171899999999986619e-02
7.221399999999977837e-02
7.327800000000017633e-02
7.452199999999997715e-02
7.191199999999930981e-02
7.358799999999998676e-02
7.295099999999976603e-02
7.327400000000050539e-02
7.264599999999976632e-02
7.220799999999982788e-02
6.944100000000119621e-02
7.188100000000119394e-02
7.469599999999942952e-02
7.302099999999889235e-02
7.408400000000092689e-02
7.449000000000083332e-02
7.229799999999997340e-02
7.296700000000022612e-02
6.996000000000002217e-02
7.543900000000114403e-02
7.539300000000004331e-02
7.488900000000064949e-02
7.465300000000141267e-02
7.482300000000030593e-02
7.142800000000093519e-02
7.264299999999934698e-02
6.953599999999937609e-02
7.218299999999899796e-02
7.440599999999975012e-02
7.294900000000126283e-02
7.267199999999895965e-02
7.089600000000118030e-02
7.101700000000121804e-02
7.254200000000032844e-02
7.467100000000037596e-02
7.458100000000200680e-02
7.459000000000060027e-02
7.337300000000013256e-02
7.478099999999798797e-02
7.315200000000032787e-02
7.203300000000112391e-02
7.276699999999891588e-02
7.203400000000215186e-02
7.282899999999870033e-02
7.307099999999877582e-02
7.248299999999829879e-02
9.705999999999903594e-02
7.206700000000054729e-02
7.299800000000189470e-02
7.268900000000044770e-02
7.114300000000284285e-02
7.309899999999913689e-02
7.190800000000052705e-02
7.192099999999967963e-02
7.176600000000021851e-02
7.192799999999976990e-02
7.125399999999970646e-02
7.161800000000084765e-02
7.400099999999909528e-02
7.305399999999906413e-02
7.334699999999827469e-02
7.333900000000070918e-02
7.540299999999788838e-02
7.394399999999734518e-02
7.205500000000242267e-02
7.163899999999756574e-02
7.016000000000133241e-02
7.255600000000228533e-02
1.408459999999998047e-01
7.260099999999880538e-02
7.263299999999972556e-02
7.030200000000164096e-02
7.090200000000024261e-02
7.230799999999959482e-02
7.328899999999904935e-02
7.444599999999823581e-02
7.181399999999982242e-02
7.255100000000069826e-02
7.226599999999905322e-02
7.301500000000160640e-02
7.442999999999955207e-02
7.419600000000059481e-02
7.253299999999995862e-02
7.263499999999822876e-02
7.454800000000005866e-02
7.439899999999965985e-02
7.463599999999814827e-02
7.424500000000477939e-02
7.420899999999619467e-02
7.431199999999904549e-02
7.262599999999963529e-02
7.457999999999742613e-02
7.401499999999572310e-02
7.447200000000009368e-02
7.180900000000178807e-02
7.230200000000053251e-02
7.031799999999321926e-02
7.227999999999923375e-02
7.220099999999973761e-02
7.208800000000081809e-02
7.215099999999807778e-02
7.167400000000156979e-02
7.177800000000189584e-02
7.171900000000164255e-02
7.216199999999872716e-02
7.226599999999905322e-02
7.126999999999839019e-02
7.219800000000020646e-02
7.060100000000346654e-02
7.211200000000417276e-02
7.210899999999753618e-02
7.237299999999891043e-02
7.203499999999962711e-02
7.199999999999562306e-02
7.402000000000441560e-02
7.340199999999441616e-02
7.419600000000059481e-02
7.209000000000287400e-02
7.298200000000321097e-02
7.286500000000017963e-02
7.461200000000189902e-02
7.433100000000081309e-02
7.311100000000436694e-02
7.266700000000270165e-02
7.476799999999883539e-02
7.466000000000150294e-02
7.447700000000168075e-02
7.454500000000052751e-02
7.100200000000000955e-02
7.476900000000341606e-02
7.224099999999822330e-02
7.375800000000509726e-02
7.378299999999882175e-02
7.505599999999645888e-02
7.224099999999822330e-02
7.281299999999646388e-02
7.264200000000187174e-02
7.248799999999988586e-02
7.215200000000265845e-02
7.271100000000529917e-02
7.303299999999524061e-02
7.285399999999953025e-02
7.211800000000323507e-02
7.277299999999797819e-02
7.242300000000057025e-02
7.268299999999783267e-02
6.992400000000031923e-02
7.306599999999718875e-02
7.437699999999836109e-02
7.368600000000213868e-02
7.462100000000049249e-02
7.422400000000095588e-02
7.403200000000254022e-02
7.422899999999543752e-02
7.076899999999852753e-02
7.320500000000151886e-02
7.188899999999875945e-02
7.232499999999930651e-02
7.216499999999825832e-02
7.455600000000117689e-02
7.091199999999986403e-02
7.383900000000664932e-02
7.419000000000153250e-02
7.457300000000088858e-02
7.175699999999807233e-02
7.203499999999962711e-02
7.277900000000414593e-02
7.427299999999803504e-02
7.301599999999552892e-02
7.345899999999971897e-02
7.306299999999765760e-02
7.445500000000038199e-02
7.264900000000551472e-02
7.163800000000009049e-02
7.132299999999958118e-02
7.146900000000044884e-02
7.350000000000278533e-02
7.210899999999753618e-02
7.189400000000034652e-02
7.245099999999382590e-02
7.291599999999931470e-02
7.233699999999743113e-02
7.236400000000031696e-02
7.336700000000462296e-02
7.118099999999571992e-02
7.518600000000219552e-02
7.321699999999964348e-02
7.195400000000518048e-02
7.448500000000990440e-02
7.404800000000477667e-02
7.329099999999755255e-02
7.103800000000148884e-02
7.228299999999876491e-02
7.464799999999627289e-02
7.488800000000139789e-02
7.466300000000103410e-02
7.287300000000129785e-02
7.478899999999555348e-02
7.185499999999933607e-02
7.207699999999306328e-02
7.399600000000816635e-02
7.104300000000307591e-02
7.458900000000312502e-02
7.148899999999969168e-02
7.247200000000475484e-02
7.129700000000127602e-02
7.381199999998955263e-02
7.377800000000434011e-02
7.407299999999850115e-02
7.352400000000614000e-02
7.289899999999249758e-02
7.454500000000052751e-02
7.465799999999944703e-02
7.398700000000246746e-02
7.302799999999365355e-02
7.515600000000688397e-02
7.532100000000241380e-02
7.563799999999787360e-02
6.962500000000204636e-02
7.594799999999679585e-02
1.185679999999962320e-01
7.512499999999988631e-02
7.270199999999249485e-02
7.547500000001150511e-02
7.280500000000245109e-02
7.469600000000298223e-02
7.068200000000501859e-02
7.522199999999656939e-02
7.539500000000032287e-02
7.259999999999422471e-02
7.568799999999953343e-02
7.251300000000071577e-02
7.522999999999058218e-02
7.500500000000442924e-02
7.137900000000740874e-02
7.374000000000080490e-02
7.406499999999027750e-02
7.320500000000151886e-02
7.427699999999504143e-02
7.185300000000438558e-02
7.165999999999428383e-02
7.152999999999565262e-02
7.054300000000068849e-02
7.198199999999133070e-02
7.175100000000611544e-02
7.201600000000496493e-02
7.154199999999377724e-02
7.467800000000579530e-02
7.188700000000380896e-02
7.437499999998919975e-02
7.505900000001020089e-02
7.288700000000858381e-02
7.540600000000097225e-02
7.444399999999973261e-02
7.362700000000188538e-02
7.444899999998710882e-02
7.522899999999310694e-02
7.491399999999259762e-02
7.207000000001073658e-02
7.218500000000460659e-02
7.233899999999948704e-02
7.368300000000260752e-02
7.131400000000098771e-02
7.080999999999448846e-02
1.419989999999984320e-01
7.106900000000848650e-02
7.481699999999591455e-02
7.194499999999948159e-02
7.221799999999234387e-02
7.204199999999616466e-02
7.169999999999276952e-02
7.507300000000327600e-02
7.511700000000587352e-02
7.399999999999806732e-02
7.239700000000937052e-02
7.201700000000244017e-02
7.216800000000489490e-02
7.235400000000424825e-02
7.143999999999550710e-02
7.232000000000482487e-02
7.060899999999037391e-02
7.231199999999660122e-02
7.496600000000341879e-02
7.110900000000697219e-02
7.377800000000434011e-02
7.465000000000543423e-02
7.379299999999489046e-02
7.496400000000846831e-02
7.294999999999163265e-02
7.548000000001309218e-02
7.454500000000052751e-02
7.517500000000154614e-02
7.246599999999148167e-02
7.269800000000259388e-02
7.192499999999313332e-02
7.519699999998863404e-02
7.507999999999981355e-02
7.581499999999152806e-02
7.404800000000477667e-02
7.507699999999317697e-02
7.209200000001203534e-02
7.541999999999404736e-02
7.527399999999317970e-02
7.406800000001112494e-02
7.176099999999507872e-02
7.208099999999717511e-02
7.304800000000000182e-02
7.324099999999589272e-02
7.413999999999987267e-02
7.432300000000680029e-02
7.427200000000766522e-02
7.378900000000498949e-02
7.345300000000065666e-02
7.271399999999061947e-02
7.044399999999484407e-02
7.269600000000764339e-02
7.078400000000328873e-02
7.209999999999183729e-02
7.404900000000225191e-02
7.188200000000222190e-02
7.435399999999958709e-02
7.481500000000096406e-02
7.218799999999703232e-02
7.337900000000274758e-02
7.392000000000109594e-02
7.361099999999964894e-02
7.459800000000882392e-02
7.475399999999865486e-02
7.393299999999669581e-02
7.267000000000223281e-02
7.437099999999929878e-02
7.266100000001074477e-02
7.213799999999537249e-02
7.433499999999071406e-02
7.443099999998992189e-02
7.462499999999749889e-02
7.428299999999410375e-02
7.321000000000310592e-02
7.292199999999127158e-02
7.335499999999228748e-02
7.145699999999521879e-02
7.446399999999187003e-02
7.172299999999154352e-02
7.493699999999137162e-02
7.336800000000209820e-02
7.342100000001039461e-02
7.495699999999771990e-02
7.393500000000585715e-02
7.269700000000511864e-02
7.381600000000787531e-02
7.368800000000419459e-02
7.114400000000387081e-02
7.055099999999470128e-02
7.059999999999888587e-02
7.443000000000665750e-02
7.333699999999510055e-02
7.331899999999791362e-02
7.378599999999835291e-02
7.382300000000441287e-02
7.397799999999676857e-02
7.318200000000274486e-02
7.399799999998890598e-02
7.220999999999833108e-02
7.367200000000195814e-02
7.355600000001061289e-02
7.112700000000415912e-02
7.148300000000062937e-02
7.344599999998990825e-02
7.076700000000357704e-02
7.121200000000271757e-02
7.056299999999282591e-02
7.547100000000739328e-02
7.418000000001256922e-02
7.184399999999868669e-02
7.207400000000063756e-02
7.160100000000113596e-02
7.072599999999340525e-02
7.275799999999321699e-02
7.266900000000475757e-02
7.249899999999342981e-02
7.249600000000100408e-02
7.385499999998046405e-02
7.400899999998955536e-02
7.353999999997995474e-02
7.397800000001097942e-02
7.358899999999835018e-02
7.064400000001569424e-02
7.325399999999149259e-02
7.162800000000402179e-02
7.445400000000290675e-02
7.424500000001899025e-02
7.373100000000931686e-02
1.491090000000099280e-01
7.522199999999656939e-02
7.429999999999381544e-02
7.053999999999405190e-02
7.381699999999113970e-02
7.135900000000106047e-02
7.277500000000713953e-02
7.218900000000871842e-02
7.228200000000128966e-02
7.202599999999392821e-02
6.880699999999251304e-02
7.257300000000554974e-02
7.642400000000293403e-02
7.315300000001911940e-02
7.519400000001041917e-02
7.211000000000922228e-02
7.253099999999790271e-02
7.197700000000395448e-02
7.083499999998821295e-02
7.207300000001737317e-02
7.260600000000749787e-02
7.472900000001914123e-02
7.296099999999228203e-02
7.491099999998596104e-02
7.462200000000507316e-02
1.184769999999844003e-01
6.971699999999714237e-02
7.072999999999751708e-02
7.214299999998274870e-02
7.359399999998572639e-02
7.165100000000279579e-02
7.176000000001181434e-02
7.170700000000351793e-02
7.327899999998521707e-02
7.137900000000740874e-02
7.308299999999690044e-02
7.338999999998918611e-02
7.344699999998738349e-02
7.262700000001132139e-02
7.242600000000720684e-02
7.471499999999764441e-02
7.227399999999306601e-02
7.073299999998994281e-02
7.481099999998264138e-02
7.501800000000002910e-02
7.523299999999721877e-02
7.535400000000436194e-02
7.336300000000051114e-02
7.214399999998022395e-02
7.201500000002170054e-02
7.201899999998317980e-02
7.148799999998800558e-02
7.217199999999479587e-02
7.119800000000964246e-02
7.100700000000870205e-02
7.258099999998535168e-02
7.263700000001449553e-02
7.197400000001152875e-02
6.978099999997766645e-02
7.108399999998482599e-02
7.034300000000826003e-02
7.239599999999768443e-02
7.206100000001924855e-02
7.115600000000199543e-02
7.095499999999788088e-02
7.107199999998670137e-02
7.429199999998559178e-02
7.171999999999911779e-02
7.427300000000514046e-02
7.428300000000831460e-02
7.183000000000561158e-02
1.464990000000057080e-01
7.091299999999023385e-02
7.111800000001267108e-02
7.006000000001222361e-02
7.198800000000460386e-02
7.329500000000166438e-02
7.171900000000164255e-02
7.203400000000215186e-02
7.184000000000878572e-02
7.029700000001071203e-02
7.419300000000816908e-02
7.134499999997956365e-02
7.171800000000416730e-02
7.067399999999679494e-02
7.340199999998731073e-02
7.321400000000721775e-02
7.428699999999821557e-02
7.215999999999667125e-02
7.233700000000453656e-02
7.365200000000982072e-02
7.405099999999720239e-02
7.406599999998775274e-02
7.422099999999431930e-02
7.312500000000454747e-02
7.140799999999103420e-02
7.265399999999999636e-02
7.247700000002055276e-02
7.056900000000609907e-02
7.241500000000655746e-02
7.220699999999169449e-02
7.360700000000974796e-02
7.277299999998376734e-02
7.276099999998564272e-02
7.295899999999733154e-02
7.235500000001593435e-02
7.048499999999080501e-02
7.223999999999364263e-02
7.196899999999573083e-02
7.468899999997802297e-02
7.362600000001862099e-02
7.409100000000989894e-02
1.418769999999938136e-01
7.361099999999964894e-02
7.430800000000203909e-02
7.482799999999656393e-02
7.172500000001491571e-02
7.209699999998520070e-02
7.219899999998347084e-02
7.218500000001881745e-02
7.218399999999292049e-02
7.156299999999760075e-02
7.386199999999121246e-02
7.499999999998863132e-02
7.523199999999974352e-02
7.463799999999309875e-02
7.510999999999512511e-02
7.538900000000126056e-02
7.235199999999508691e-02
7.555400000001100125e-02
7.433499999999071406e-02
7.454400000000305226e-02
7.549799999998185740e-02
7.456900000002519846e-02
1.466499999999939519e-01
7.456899999999677675e-02
7.430800000000203909e-02
7.420300000001134322e-02
7.369400000001746776e-02
7.334299999999416286e-02
7.432500000001596163e-02
7.467600000001084481e-02
7.174499999999284228e-02
7.238699999999198553e-02
7.278700000000526416e-02
7.299699999998665589e-02
7.034699999999816100e-02
7.224800000000186628e-02
7.249999999999090505e-02
7.283499999999776264e-02
7.270799999997734631e-02
7.188899999999875945e-02
7.173900000000799082e-02
7.106300000000942418e-02
7.030599999998798921e-02
7.089799999999968350e-02
7.192200000000070759e-02
7.170599999997762097e-02
7.154600000001209992e-02
7.185300000000438558e-02
7.148699999999053034e-02
7.151200000001267654e-02
6.958000000000197360e-02
7.200699999998505518e-02
7.196199999998498242e-02
7.194599999999695683e-02
7.158100000000899854e-02
7.183799999998541352e-02
7.177400000000488944e-02
7.259500000000684850e-02
7.255800000001499939e-02
7.216800000000489490e-02
7.446900000002187880e-02
7.456899999999677675e-02
7.309000000000764885e-02
7.124400000000719047e-02
7.333200000002193519e-02
7.332500000001118678e-02
7.027799999997341729e-02
7.383900000002086017e-02
7.210600000001932131e-02
7.197800000000142973e-02
7.205199999998512794e-02
7.231799999999566353e-02
7.220000000000936780e-02
7.218899999998029671e-02
6.961400000000139698e-02
7.114900000001966873e-02
7.117599999997992199e-02
7.206899999999905049e-02
7.262000000000057298e-02
7.186200000001008448e-02
7.200799999998253043e-02
7.099299999998720523e-02
6.963200000001279477e-02
7.199399999998945532e-02
7.327000000000793989e-02
7.252399999998715430e-02
7.261499999998477506e-02
7.342400000001703120e-02
7.368900000000166983e-02
7.119800000000964246e-02
7.501999999999497959e-02
7.469699999998624662e-02
7.445200000000795626e-02
7.392600000000015825e-02
7.134899999999788633e-02
7.285100000001420995e-02
7.232300000001146145e-02
7.250600000000417822e-02
7.088100000001418266e-02
7.345300000000065666e-02
7.281400000002236084e-02
7.245299999999588181e-02
7.091199999999275860e-02
7.061999999999102329e-02
7.190800000000763248e-02
7.296600000000807995e-02
7.146000000000185537e-02
7.473899999999389365e-02
7.466700000000514592e-02
7.220699999999169449e-02
7.474300000001221633e-02
7.226299999999241663e-02
7.211799999998902422e-02
7.396099999999705688e-02
7.053400000000920045e-02
7.373699999999416832e-02
7.417900000001509397e-02
7.443099999997571103e-02
7.415800000001127046e-02
7.426300000000196633e-02
7.253000000000042746e-02
7.457899999999995089e-02
7.495599999998603380e-02
7.461599999999180000e-02
7.434700000001726039e-02
7.180900000000178807e-02
7.176000000001181434e-02
7.397699999998508247e-02
7.263100000000122236e-02
7.273599999999191823e-02
7.185799999999176180e-02
7.175200000000359069e-02
7.205399999998007843e-02
7.166200000000344517e-02
7.194699999999443207e-02
7.180999999999926331e-02
7.168200000000979344e-02
7.109299999999052488e-02
6.976299999999469037e-02
7.190599999998426028e-02
7.175200000000359069e-02
7.229399999999941429e-02
7.216900000000237014e-02
7.273100000000454202e-02
7.231300000000828732e-02
7.282399999999711326e-02
7.367899999999849570e-02
7.335100000000238651e-02
7.230599999999753891e-02
7.468699999998307248e-02
7.386099999999373722e-02
7.392699999999763349e-02
1.453710000000114633e-01
7.344700000001580520e-02
6.967300000002296656e-02
7.423400000001834087e-02
7.471400000000016917e-02
7.468299999999317151e-02
7.397500000001855369e-02
7.468199999999569627e-02
7.175100000000611544e-02
7.212000000001239641e-02
7.252199999999220381e-02
7.093900000000985528e-02
7.384100000001581066e-02
7.158499999999889951e-02
7.085900000001288390e-02
7.189299999998866042e-02
7.487499999999158717e-02
7.082099999999513784e-02
7.344299999999748252e-02
7.241300000001160697e-02
7.089999999999463398e-02
7.111299999999687316e-02
7.235799999997993837e-02
7.181800000000748696e-02
7.255999999998152816e-02
7.200600000001600165e-02
7.402400000000852742e-02
7.128900000000726322e-02
7.217299999999227111e-02
7.159899999999197462e-02
7.151600000000257751e-02
7.254700000001435001e-02
7.115799999999694592e-02
7.217599999998469684e-02
6.932900000001041008e-02
7.112499999999499778e-02
7.157799999998815110e-02
7.224099999999111787e-02
7.349000000002092747e-02
7.373700000002259003e-02
7.345599999999308238e-02
7.210200000000099863e-02
7.055300000001807348e-02
7.354700000001912485e-02
7.385499999998046405e-02
7.201100000000337786e-02
7.258500000000367436e-02
7.301699999999300417e-02
7.125899999999774082e-02
7.216800000000489490e-02
7.117599999997992199e-02
7.137900000000740874e-02
7.146700000001260378e-02
7.078599999999823922e-02
7.267199999998297244e-02
7.272000000000389264e-02
7.282899999998448948e-02
7.259099999998852581e-02
7.094699999998965723e-02
7.187100000001578337e-02
7.369399999998904605e-02
7.266400000000317050e-02
7.357500000000527507e-02
7.260599999997907616e-02
7.408100000000672480e-02
7.376200000001631452e-02
7.166300000000092041e-02
7.353499999999257852e-02
7.345899999998550811e-02
7.308799999998427666e-02
7.300000000000750333e-02
7.404900000000225191e-02
7.463800000002152046e-02
7.259400000000937325e-02
6.940000000000168257e-02
7.170400000001109220e-02
7.180700000000683758e-02
7.177999999998974090e-02
7.160700000000019827e-02
7.169500000000539330e-02
7.175200000000359069e-02
7.120299999999701868e-02
7.050099999997883060e-02
7.148300000000062937e-02
7.028999999999996362e-02
7.197400000001152875e-02
7.175000000000864020e-02
7.532400000002326124e-02
7.403800000000160253e-02
7.160200000001282206e-02
6.976000000000226464e-02
7.213999999999032298e-02
7.242399999998383464e-02
7.115999999999189640e-02
7.289800000000923319e-02
7.261500000001319677e-02
7.461299999999937427e-02
7.379199999999741522e-02
7.274300000000266664e-02
7.463899999999057400e-02
7.384000000001833541e-02
7.391100000000960790e-02
7.501800000000002910e-02
7.390800000001718217e-02
7.488000000000738510e-02
7.502900000000067848e-02
7.356499999997367922e-02
7.327999999998269232e-02
7.212899999998967360e-02
7.489099999997961277e-02
7.464999999999122338e-02
7.403999999999655302e-02
7.238000000000965883e-02
7.206600000000662476e-02
6.956999999999879947e-02
7.427100000001018998e-02
7.483299999998394014e-02
7.488800000001560875e-02
7.264799999998672320e-02
7.474500000000716682e-02
7.267500000000381988e-02
7.299499999999170541e-02
6.947300000001632725e-02
7.324399999998831845e-02
7.460800000001199805e-02
7.505000000003292371e-02
7.437900000002173329e-02
7.445699999999533247e-02
7.248900000001867738e-02
7.462500000002592060e-02
7.026899999999614010e-02
7.346799999999120701e-02
7.456000000001949957e-02
7.449500000001307853e-02
7.139300000000048385e-02
7.209499999999025022e-02
7.139100000000553337e-02
7.099799999997458144e-02
7.163899999994782775e-02
7.190499999995836333e-02
7.354600000002164961e-02
7.211200000000417276e-02
7.250600000003259993e-02
7.196000000004687536e-02
7.265100000000757063e-02
7.203200000003562309e-02
6.977800000004208414e-02
7.183100000003150853e-02
7.311499999997295163e-02
7.463400000000319778e-02
7.388700000001335866e-02
7.473700000002736488e-02
7.433000000003175955e-02
7.262600000001384615e-02
7.121000000000776708e-02
7.273499999996602128e-02
7.381099999997786654e-02
7.469299999996792394e-02
7.261699999997972554e-02
7.441499999998768544e-02
7.228899999995519465e-02
7.351499999998623025e-02
7.227899999998044223e-02
7.443999999998140993e-02
7.321200000001226726e-02
7.442599999995991311e-02
7.403900000002749948e-02
7.299100000000180444e-02
7.186699999999746069e-02
7.182399999999233842e-02
7.268199999998614658e-02
7.150599999999940337e-02
7.272100000000136788e-02
7.310899999998810017e-02
7.198500000004059984e-02
7.265200000000504588e-02
7.103899999998475323e-02
7.128400000004830872e-02
7.442300000002433080e-02
7.126799999997501800e-02
7.125899999999774082e-02
7.426000000003796231e-02
7.141699999999673310e-02
7.443699999998898420e-02
7.412800000003016976e-02
7.435700000002043453e-02
7.408900000001494845e-02
7.164199999999709689e-02
7.191100000000005821e-02
7.432499999998753992e-02
7.417900000001509397e-02
7.412399999998342537e-02
7.490300000000615910e-02
7.472899999999071952e-02
7.044799999999895590e-02
7.152500000000827640e-02
7.269800000000259388e-02
7.360199999999395004e-02
7.149900000001707667e-02
7.296199999996133556e-02
7.297199999999293141e-02
7.286199999998643762e-02
7.345600000002150409e-02
7.425000000000636646e-02
7.435600000002295928e-02
7.445400000000290675e-02
7.292499999999790816e-02
7.230499999997164196e-02
7.179600000000618820e-02
7.221900000001824083e-02
6.950800000004164758e-02
7.166699999999082138e-02
7.179699999994682003e-02
7.249999999999090505e-02
7.190899999994826430e-02
7.160899999996672705e-02
7.152200000001585067e-02
7.175899999998591738e-02
6.993199999999433203e-02
7.183600000001888475e-02
7.144799999997530904e-02
7.183200000002898378e-02
7.077600000002348679e-02
7.395599999995283724e-02
7.388500000001840817e-02
7.403499999998075509e-02
7.312899999999444844e-02
7.401900000002115121e-02
7.313700000003109380e-02
7.119299999999384454e-02
7.402899999999590364e-02
7.264200000003029345e-02
7.426299999997354462e-02
7.104199999997717896e-02
7.439999999996871338e-02
7.192799999995713733e-02
7.222100000001319131e-02
7.195199999995338658e-02
7.396199999999453212e-02
7.396300000004885078e-02
7.422300000001769149e-02
7.432300000004943286e-02
6.971900000002051456e-02
7.278099999996356928e-02
7.442199999997001214e-02
7.289500000001680746e-02
7.259900000002517118e-02
7.462800000001834633e-02
7.432799999997996565e-02
7.491199999998343628e-02
7.003199999996922998e-02
7.457200000004604590e-02
7.470299999999951979e-02
7.334700000001248554e-02
7.461599999999180000e-02
7.245600000004515095e-02
7.501200000001517765e-02
7.266699999996717452e-02
7.023199999997586929e-02
7.081000000005133188e-02
7.189099999999370993e-02
7.464399999997795021e-02
7.435099999997873965e-02
7.229499999999688953e-02
7.196099999998750718e-02
7.162199999999074862e-02
7.042400000000270666e-02
7.354800000001660010e-02
7.384300000001076114e-02
7.257699999996702900e-02
7.168699999999716965e-02
7.146599999998670683e-02
7.128700000004073445e-02
7.164700000004131653e-02
7.017999999999346983e-02
7.277099999998881685e-02
7.487500000002000888e-02
7.447999999999410647e-02
7.394599999997808482e-02
7.461000000000694854e-02
7.271100000002661545e-02
7.410300000003644527e-02
7.298100000002705201e-02
7.263700000004291724e-02
7.384200000001328590e-02
7.264499999996587576e-02
7.259700000003022069e-02
7.568299999996952465e-02
7.249899999999342981e-02
7.040400000005320180e-02
6.950599999998985368e-02
7.145400000001700391e-02
7.260899999999992360e-02
7.270699999997987106e-02
7.033000000001266017e-02
7.256999999998470230e-02
7.120099999997364648e-02
7.323900000000094224e-02
6.966600000004063986e-02
7.142199999998410931e-02
7.402700000000095315e-02
7.314000000002351953e-02
7.271800000000894215e-02
7.400699999999460488e-02
7.365700000002561865e-02
7.197200000001657827e-02
7.442400000002180604e-02
7.133600000003070818e-02
7.175000000000864020e-02
7.160099999998692510e-02
7.161400000001094668e-02
7.403900000002749948e-02
7.464599999997290070e-02
7.459199999999555075e-02
7.036000000005060429e-02
7.245499999999083229e-02
7.215099999996255065e-02
7.240100000001348235e-02
7.178399999997964187e-02
7.222400000000561704e-02
7.153900000002977322e-02
7.092299999999340798e-02
6.938599999995176404e-02
7.212199999997892519e-02
7.116099999996094994e-02
7.176100000003771129e-02
7.126200000004700996e-02
7.139499999999543434e-02
7.154299999996283077e-02
7.156199999997170380e-02
7.138700000001563239e-02
7.290999999997893610e-02
7.300899999995635881e-02
7.197600000000647924e-02
7.006400000000212458e-02
7.314099999996415136e-02
7.117399999998497151e-02
7.166599999999334614e-02
7.120600000001786611e-02
7.183700000001635999e-02
7.229799999998931526e-02
7.276899999999386637e-02
7.317399999999452120e-02
7.244500000001607987e-02
7.297599999998283238e-02
7.284200000003693276e-02
7.170000000002119123e-02
7.289000000002943125e-02
7.466700000003356763e-02
7.182900000003655805e-02
7.424699999995709732e-02
7.096300000000610453e-02
7.371600000004718822e-02
7.345900000001392982e-02
7.414199999999482316e-02
7.123599999999896681e-02
7.250600000003259993e-02
7.275900000001911394e-02
7.084100000002990782e-02
7.362000000000534783e-02
7.395999999999958163e-02
7.442700000001423177e-02
7.206800000000157524e-02
7.413099999996575207e-02
7.450400000004719914e-02
7.454999999998790372e-02
7.460600000001704757e-02
7.498000000003912646e-02
7.389599999999063584e-02
7.198600000003807509e-02
7.349399999998240673e-02
7.483500000000731234e-02
7.341100000002143133e-02
7.474099999996042243e-02
7.488299999999981083e-02
7.496099999997341001e-02
7.218899999998029671e-02
7.290000000000418368e-02
7.492300000001250737e-02
7.426800000001776425e-02
7.158799999996290353e-02
7.257800000002134766e-02
7.287200000001803346e-02
7.172200000002248998e-02
7.259099999998852581e-02
7.096799999999348074e-02
7.191799999998238491e-02
7.378900000003341120e-02
7.340700000003153036e-02
7.256999999998470230e-02
7.399600000002237721e-02
7.378199999999424108e-02
7.354400000002669913e-02
7.360800000003564492e-02
7.059200000003329478e-02
7.269700000000511864e-02
7.207800000003317109e-02
7.237700000001723311e-02
7.193899999998620842e-02
7.176799999996319457e-02
7.135699999997768828e-02
7.198500000004059984e-02
7.143700000000308137e-02
7.145700000000942964e-02
7.179899999999861393e-02
7.128699999998389103e-02
7.184100000000626096e-02
7.203099999998130443e-02
7.294799999999668216e-02
7.384999999999308784e-02
7.010999999999967258e-02
7.206199999995988037e-02
7.336199999997461418e-02
7.286900000002560773e-02
7.345200000003160312e-02
7.304699999997410487e-02
7.219000000003461537e-02
7.533000000000811269e-02
7.473400000003493915e-02
7.215599999994992686e-02
7.119199999999636930e-02
7.240900000005012771e-02
7.219199999997272243e-02
7.245800000004010144e-02
7.453799999996135739e-02
7.460400000002209708e-02
8.309300000001940134e-02
7.460400000002209708e-02
7.424099999997224586e-02
7.348200000001270382e-02
7.476900000000341606e-02
7.485800000000608634e-02
7.513399999999137435e-02
7.238000000000965883e-02
7.420100000001639273e-02
7.441800000003695459e-02
7.427899999998999192e-02
7.343400000002020533e-02
7.177699999999731517e-02
7.256299999994553218e-02
7.207900000003064633e-02
7.169199999998454587e-02
7.438500000000658474e-02
7.299299999999675492e-02
7.243800000003375317e-02
7.494100000002390516e-02
7.159900000004881804e-02
7.252299999998967905e-02
7.289499999995996404e-02
7.225499999998419298e-02
7.029899999997724080e-02
7.162299999998822386e-02
7.307800000000952423e-02
7.308699999998680141e-02
7.078699999999571446e-02
7.394299999998565909e-02
7.456099999996013139e-02
7.297800000003462628e-02
7.317299999999704596e-02
7.453700000002072557e-02
7.260699999994812970e-02
7.185099999998101339e-02
7.233500000000958607e-02
7.193200000000388172e-02
7.491399999997838677e-02
7.399099999997815758e-02
7.458800000000564978e-02
7.116899999999759530e-02
7.129900000001043736e-02
7.253899999994928294e-02
7.247399999999970532e-02
7.275700000002416346e-02
7.296800000000303044e-02
7.303799999999682768e-02
7.354200000003174864e-02
7.264500000002271918e-02
7.283899999998766361e-02
7.197099999996225961e-02
7.281799999998384010e-02
7.259399999998095154e-02
7.262600000001384615e-02
7.321099999995794860e-02
6.991000000004987669e-02
7.166100000000596992e-02
7.197400000001152875e-02
7.170899999999846841e-02
7.197300000001405351e-02
7.213400000000547152e-02
7.175399999999854117e-02
7.455100000004222238e-02
7.136700000000928412e-02
7.280200000002423621e-02
7.391899999998940984e-02
7.393100000001595618e-02
7.202399999999897773e-02
7.215999999999667125e-02
7.245699999998578278e-02
7.222300000000814180e-02
7.026999999999361535e-02
7.190699999995331382e-02
7.254100000000107684e-02
7.421199999998862040e-02
7.253900000000612636e-02
7.406100000002879824e-02
7.103299999999990177e-02
7.261599999998225030e-02
6.936899999999468491e-02
7.267300000000886939e-02
7.211499999999659849e-02
7.207499999998390194e-02
7.129299999996874249e-02
7.507199999997737905e-02
7.373100000000931686e-02
7.446199999998270869e-02
7.085599999999203646e-02
7.458300000001827357e-02
7.347999999996090992e-02
7.403299999998580461e-02
7.465500000000702130e-02
7.319699999999329521e-02
7.275900000001911394e-02
7.179300000001376247e-02
7.041299999997363557e-02
7.429400000000896398e-02
7.441399999999021020e-02
7.422500000001264198e-02
7.451599999996005863e-02
7.419499999997469786e-02
7.438499999994974132e-02
7.375499999994872269e-02
7.166799999998829662e-02
7.237700000001723311e-02
7.445699999999533247e-02
7.456399999995255712e-02
7.284800000002178422e-02
7.164499999998952262e-02
7.180299999998851490e-02
7.207200000004831963e-02
7.324899999997569466e-02
7.357000000001789886e-02
7.174100000003136302e-02
7.373899999998911881e-02
7.354299999997238046e-02
7.313999999996667611e-02
7.410800000002382149e-02
7.241699999997308623e-02
7.367300000004206595e-02
7.470000000000709406e-02
7.459199999999555075e-02
7.151299999998173007e-02
7.387199999999438660e-02
8.353499999998348358e-02
7.279699999998001658e-02
7.590400000003683090e-02
7.488399999999728607e-02
7.722599999999602005e-02
7.553000000001475200e-02
7.753499999995483449e-02
7.116600000000516957e-02
7.237799999995786493e-02
7.288899999997511259e-02
7.217600000001311855e-02
7.172699999995302278e-02
7.380799999998544081e-02
7.675100000000156797e-02
7.133999999996376573e-02
7.501000000002022716e-02
7.933500000001458830e-02
7.324299999999084321e-02
7.573099999996202314e-02
7.021400000002131492e-02
7.446699999997008490e-02
7.472500000000081855e-02
7.630299999999579086e-02
7.321699999999964348e-02
7.233700000000453656e-02
7.297799999997778286e-02
7.191000000000258296e-02
7.049000000000660293e-02
7.291200000003073001e-02
7.043699999996988481e-02
7.166899999998577186e-02
7.182999999997718987e-02
7.204600000000027649e-02
7.159799999999449938e-02
7.319000000001096851e-02
7.372500000002446541e-02
7.169199999998454587e-02
7.141300000000683212e-02
7.219900000001189255e-02
7.139499999999543434e-02
7.202299999994465907e-02
7.362399999999524880e-02
7.296200000001817898e-02
7.240400000000590808e-02
7.154400000001714943e-02
7.287200000001803346e-02
7.263299999999617285e-02
7.266099999998232306e-02
7.088099999998576095e-02
7.280300000002171146e-02
7.321799999999711872e-02
7.113000000003921741e-02
7.460200000002714660e-02
7.150300000000697764e-02
7.067000000000689397e-02
7.065699999998287240e-02
7.227100000000064028e-02
7.229200000000446380e-02
7.259400000003779496e-02
7.450399999999035572e-02
7.221699999996644692e-02
7.263499999999112333e-02
7.199800000000777800e-02
7.168799999999464490e-02
7.153300000004492176e-02
7.249800000005279799e-02
7.224800000000186628e-02
7.281699999998636486e-02
7.108199999998987550e-02
7.230600000002596062e-02
7.235600000001340959e-02
7.230099999998174098e-02
7.236599999998816202e-02
7.251999999999725333e-02
7.141799999999420834e-02
6.944700000002512752e-02
7.236799999998311250e-02
7.250499999997828127e-02
7.246000000003505193e-02
7.182099999999991269e-02
7.168799999999464490e-02
7.170999999999594365e-02
7.217600000001311855e-02
7.100600000001122680e-02
7.225499999998419298e-02
7.243600000003880268e-02
7.237099999997553823e-02
7.410700000002634624e-02
7.492799999999988358e-02
7.494900000000370710e-02
7.459199999999555075e-02
7.517200000000912041e-02
7.308599999998932617e-02
7.523800000001301669e-02
7.462800000001834633e-02
7.537800000000061118e-02
7.467900000000327054e-02
7.277999999996609404e-02
7.558099999999967622e-02
7.425699999998869316e-02
7.502699999997730629e-02
7.477500000004511094e-02
7.503800000000637738e-02
7.485799999994924292e-02
7.279699999998001658e-02
7.344500000004927642e-02
7.197700000000395448e-02
7.146099999999933061e-02
7.242999999999710781e-02
7.166300000000092041e-02
7.214600000003201785e-02
7.207599999998137719e-02
7.194000000004052708e-02
7.241700000002992965e-02
7.201200000002927482e-02
7.405199999999467764e-02
7.178799999996954284e-02
7.349699999997483246e-02
7.215899999999919601e-02
7.259399999998095154e-02
7.445599999999785723e-02
7.446500000003197783e-02
7.193399999999883221e-02
7.101000000000112777e-02
7.164699999998447311e-02
7.166999999998324711e-02
7.270600000003923924e-02
1.355149999999980537e-01
7.243399999998700878e-02
7.322799999997187115e-02
7.286099999998896237e-02
7.324199999999336796e-02
7.170000000002119123e-02
7.183600000001888475e-02
7.187899999996716360e-02
7.152500000000827640e-02
7.168500000000221917e-02
7.192700000001650551e-02
7.254799999998340354e-02
6.959100000000262298e-02
7.173600000004398680e-02
7.190400000001773151e-02
7.189799999997603663e-02
7.144599999998035855e-02
7.106499999997595296e-02
7.158500000002732122e-02
7.137300000005097900e-02
6.980800000002318484e-02
7.148799999998800558e-02
7.149800000001960143e-02
7.121999999998251951e-02
7.167200000003504101e-02
7.140199999997776104e-02
7.174099999997451960e-02
7.225199999999176725e-02
6.982700000003205787e-02
7.208100000002559682e-02
7.213299999995115286e-02
7.203800000002047454e-02
7.220100000000684304e-02
7.125800000000026557e-02
7.186299999995071630e-02
7.248400000003130117e-02
6.967000000003054083e-02
7.235100000002603338e-02
7.410900000002129673e-02
7.152700000000322689e-02
7.118300000001909211e-02
7.480200000003378591e-02
7.490500000000110958e-02
7.492799999999988358e-02
7.069300000000566797e-02
7.521900000000414366e-02
7.536299999998163912e-02
7.501500000000760338e-02
7.277700000003051173e-02
7.273399999996854604e-02
7.456600000000435102e-02
7.535899999999173815e-02
7.279099999999516513e-02
7.345700000001897934e-02
7.230399999997416671e-02
7.382699999999431384e-02
7.343300000002273009e-02
7.387299999999186184e-02
7.178500000003396053e-02
7.371399999999539432e-02
7.023800000001756416e-02
7.221599999996897168e-02
7.135800000003200694e-02
7.215700000000424552e-02
7.191199999999753345e-02
7.270299999998997009e-02
7.171700000003511377e-02
7.159200000000964792e-02
7.142199999998410931e-02
7.510000000002037268e-02
7.333500000004278263e-02
7.267899999999372085e-02
7.325700000001234002e-02
7.322799999997187115e-02
7.331699999997454142e-02
7.211200000000417276e-02
6.961799999999129795e-02
7.194400000003042805e-02
7.225600000003851164e-02
7.537700000000313594e-02
7.529800000003206151e-02
7.526599999999916690e-02
7.209799999998267594e-02
7.510400000001027365e-02
7.426500000002533852e-02
7.431900000000268847e-02
7.363799999995990220e-02
7.519299999995610051e-02
7.478000000003248715e-02
7.357600000000275031e-02
7.433399999996481711e-02
7.113499999996975021e-02
7.505400000002282468e-02
7.169599999997444684e-02
7.145300000001952867e-02
7.210900000001174703e-02
7.464500000003226887e-02
7.279299999999011561e-02
7.452699999998912972e-02
7.443499999999403371e-02
7.505400000002282468e-02
7.286499999997886334e-02
7.480800000001863737e-02
7.486499999998841304e-02
7.296900000000050568e-02
7.309999999995397957e-02
7.308499999999185093e-02
7.301100000000815271e-02
7.053700000000162618e-02
7.167399999997314808e-02
7.209499999999025022e-02
7.201800000001412627e-02
7.241599999997561099e-02
7.190900000000510772e-02
7.267999999999119609e-02
7.279899999997496707e-02
7.065600000004224057e-02
7.263100000000122236e-02
7.476900000000341606e-02
7.467500000001336957e-02
7.329000000004270987e-02
7.403000000005022230e-02
7.424600000001646549e-02
7.399700000001985245e-02
7.005600000002232264e-02
7.457099999999172724e-02
7.173900000003641253e-02
7.300299999997150735e-02
7.498900000001640365e-02
7.461599999999180000e-02
7.354700000001912485e-02
7.273500000002286470e-02
7.039000000003170499e-02
7.129300000002558590e-02
7.476700000000846558e-02
7.481300000000601358e-02
7.207699999997885243e-02
7.185200000003533205e-02
7.124699999997119448e-02
7.404700000000730142e-02
7.045199999998885687e-02
7.175399999999854117e-02
7.195699999999760621e-02
7.180699999997841587e-02
7.178399999997964187e-02
7.162099999999327338e-02
7.181200000002263550e-02
7.116700000000264481e-02
7.374800000002323941e-02
7.201299999996990664e-02
7.202200000000402724e-02
7.205199999998512794e-02
7.155199999999695137e-02
7.133499999997638952e-02
7.113300000003164314e-02
7.114000000001396984e-02
7.338299999997843770e-02
7.385900000002720844e-02
7.379500000001826265e-02
7.126299999998764179e-02
7.253600000001370063e-02
7.119899999997869600e-02
7.166200000000344517e-02
7.308699999998680141e-02
7.349099999998998101e-02
7.354199999997490522e-02
7.190000000002783054e-02
7.119299999999384454e-02
7.126800000003186142e-02
7.270499999998492058e-02
7.137999999997646228e-02
7.362100000000282307e-02
9.779600000001664739e-02
7.203499999997120540e-02
7.379799999995384496e-02
7.106699999997090345e-02
7.375899999999546708e-02
7.205499999997755367e-02
7.289599999995743929e-02
7.201300000002675006e-02
6.980499999997391569e-02
7.159799999999449938e-02
7.160499999997682607e-02
7.443699999998898420e-02
7.210300000002689558e-02
7.449400000001560329e-02
7.422499999995579856e-02
7.450199999999540523e-02
7.271100000002661545e-02
7.544599999999945794e-02
7.248800000002120214e-02
7.510100000001784792e-02
7.439900000002808156e-02
7.480299999997441773e-02
7.505399999996598126e-02
7.372299999997267150e-02
7.068600000002334127e-02
7.224599999995007238e-02
7.522700000004078902e-02
7.556300000004512185e-02
7.505500000002029992e-02
7.505199999997103077e-02
7.432199999999511419e-02
7.503700000000890213e-02
6.977399999999533975e-02
7.128099999999903957e-02
7.509299999998120256e-02
7.516599999996742554e-02
7.274300000000266664e-02
7.452599999999165448e-02
7.352500000001782610e-02
7.513299999999389911e-02
7.549399999999195643e-02
7.149099999998043131e-02
7.194400000003042805e-02
7.158199999997805207e-02
7.189499999998361091e-02
7.137899999997898703e-02
7.164599999998699786e-02
7.182900000003655805e-02
6.932299999999713691e-02
7.163000000002739398e-02
7.185199999997848863e-02
7.165400000002364322e-02
7.165900000001101944e-02
7.128399999999146530e-02
7.171200000004773756e-02
7.201900000001160151e-02
7.343800000001010631e-02
7.118199999996477345e-02
7.376999999996769475e-02
7.505000000003292371e-02
7.199300000002040179e-02
7.453499999996893166e-02
7.471799999996164843e-02
7.312000000001717126e-02
7.283800000004703179e-02
7.133899999996629049e-02
7.169899999996687256e-02
7.221400000003086461e-02
7.274400000005698530e-02
7.163700000000972068e-02
7.117400000004181493e-02
7.158299999991868390e-02
7.017400000006546179e-02
7.358299999998507701e-02
7.361300000002302113e-02
7.268200000009983341e-02
7.207499999992705852e-02
7.270799999992050289e-02
7.089699999994536483e-02
7.242900000005647598e-02
6.949999999994815880e-02
7.203900000001794979e-02
7.195899999999255670e-02
7.195000000001527951e-02
7.138600000007500057e-02
7.184800000004543108e-02
7.177500000000236469e-02
7.477999999991880031e-02
7.175400000005538459e-02
7.515100000000529690e-02
7.507999999995718099e-02
7.175600000005033507e-02
7.512599999995472899e-02
7.222200000001066655e-02
7.226800000000821456e-02
7.242999999994026439e-02
7.517000000007101335e-02
7.161999999993895472e-02
7.503899999994700920e-02
7.495300000005045149e-02
7.494400000007317431e-02
7.362900000009631185e-02
7.533000000000811269e-02
7.498199999997723353e-02
6.955499999992298399e-02
7.259799999997085251e-02
7.375499999989187927e-02
7.329000000004270987e-02
7.236499999999068677e-02
7.132500000000163709e-02
7.341700000006312621e-02
7.254999999997835403e-02
7.151900000008026836e-02
7.225800000003346213e-02
7.230199999992237281e-02
7.227599999998801650e-02
7.223799999997027044e-02
7.496500000002015440e-02
7.317100000000209548e-02
7.263799999998354906e-02
7.008899999993900565e-02
7.077800000001843728e-02
7.397000000003117748e-02
7.176499999991392542e-02
7.198400000004312460e-02
7.243700000003627792e-02
7.236599999998816202e-02
7.419700000002649176e-02
7.241999999996551196e-02
7.310999999992873200e-02
7.192999999995208782e-02
7.158400000002984598e-02
7.287599999995109101e-02
7.394899999997051054e-02
7.468799999992370431e-02
7.437300000003688183e-02
7.276600000000144064e-02
7.171500000004016329e-02
7.063100000004851609e-02
7.171200000004773756e-02
7.452499999999417923e-02
7.171700000003511377e-02
7.205499999997755367e-02
7.377999999994244718e-02
7.372799999996004772e-02
7.347099999992678931e-02
7.327699999996184488e-02
7.338699999991149525e-02
7.265700000004926551e-02
7.190700000001015724e-02
7.127700000000913860e-02
7.223999999996522092e-02
7.000200000004497269e-02
7.142299999998158455e-02
7.165099999997437408e-02
7.379600000001573790e-02
7.407299999999850115e-02
7.254700000009961514e-02
7.160699999997177656e-02
7.170400000006793562e-02
7.230899999990469951e-02
7.172900000000481668e-02
7.182099999999991269e-02
7.250000000010459189e-02
7.160799999996925180e-02
7.211499999993975507e-02
7.207200000004831963e-02
7.215600000006361370e-02
7.224400000006880873e-02
7.148599999993621168e-02
7.518600000003061723e-02
7.384799999999813735e-02
7.433300000002418528e-02
7.445900000004712638e-02
7.434500000010757503e-02
7.456899999999677675e-02
7.179600000006303162e-02
7.425299999999879219e-02
7.528200000001561421e-02
7.406900000000860018e-02
7.439799999997376290e-02
7.438000000001920853e-02
7.356599999991431105e-02
7.450800000003710011e-02
7.370600000001559238e-02
7.442900000000918226e-02
7.349699999997483246e-02
7.408999999995558028e-02
7.159500000000207365e-02
7.014099999992140511e-02
7.236000000000331056e-02
7.170399999995424878e-02
7.212600000002566958e-02
7.431300000007468043e-02
7.227999999997791747e-02
7.319800000004761387e-02
7.458799999994880636e-02
7.445500000005722541e-02
7.428399999992052471e-02
7.194500000002790330e-02
7.047900000009121868e-02
7.154300000001967419e-02
7.283300000005965558e-02
7.419600000002901652e-02
7.241399999998066050e-02
7.162000000005264155e-02
7.173399999999219290e-02
7.197999999993953679e-02
7.337400000005800393e-02
7.463500000005751644e-02
7.317699999998694693e-02
7.116899999994075188e-02
7.159799999999449938e-02
7.056599999998525163e-02
7.364699999993717938e-02
7.322900000008303323e-02
7.190199999990909419e-02
7.163600000001224544e-02
7.167500000002746674e-02
7.209299999999529973e-02
7.359399999995730468e-02
7.470899999998437124e-02
7.431999999994332029e-02
7.511199999999007559e-02
7.427200000006450864e-02
7.102199999997083069e-02
7.227299999999559077e-02
7.151299999998173007e-02
7.189700000003540481e-02
7.179099999996196857e-02
7.196099999998750718e-02
7.400000000006912160e-02
7.002099999999700231e-02
7.454500000005737093e-02
7.193500000005315087e-02
7.222800000010920485e-02
7.190300000002025627e-02
7.347199999992426456e-02
7.109400000001642184e-02
1.261070000000472646e-01
7.176200000003518653e-02
7.136800000000675936e-02
7.284499999991567165e-02
7.318799999995917460e-02
7.188199999995958933e-02
7.214199999998527346e-02
7.154200000002219895e-02
7.129200000008495408e-02
7.074699999998301791e-02
7.441699999992579251e-02
7.481800000005023321e-02
7.527500000003328751e-02
7.261600000003909372e-02
7.345499999996718543e-02
7.342200000005050242e-02
7.323800000006031041e-02
7.177400000000488944e-02
7.366400000000794535e-02
7.272499999999126885e-02
7.382699999993747042e-02
7.321600000000216824e-02
7.244300000002112938e-02
7.137799999998151179e-02
7.176100000003771129e-02
7.419900000002144225e-02
7.186599999999998545e-02
7.199300000002040179e-02
7.178399999997964187e-02
7.240000000001600711e-02
7.225199999993492384e-02
7.048799999995480903e-02
7.354900000007091876e-02
7.042999999998755811e-02
7.184600000005048059e-02
7.206300000007104245e-02
7.368799999994735117e-02
7.435299999997369014e-02
7.083599999998568819e-02
7.216999999991458026e-02
7.235300000002098386e-02
7.319399999994402606e-02
7.188299999995706457e-02
7.219400000008135976e-02
7.525399999997262057e-02
7.512900000006084156e-02
7.417499999996834958e-02
7.179500000006555638e-02
7.132999999998901330e-02
7.365000000004329195e-02
7.269300000007206108e-02
7.267899999999372085e-02
7.498500000008334609e-02
7.538900000008652569e-02
7.527900000002318848e-02
7.518799999991188088e-02
7.358599999997750274e-02
7.096100000001115404e-02
7.206100000007609196e-02
7.133499999997638952e-02
7.550099999991743971e-02
7.452200000000175351e-02
7.159300000000712316e-02
7.474700000000211730e-02
7.530499999995754479e-02
7.211900000004334288e-02
7.437900000002173329e-02
7.161400000006779010e-02
7.123300000000654109e-02
7.117800000003171590e-02
7.118900000000394357e-02
7.194100000003800233e-02
7.232899999996789120e-02
7.166400000005523907e-02
7.225900000003093737e-02
7.216700000003584137e-02
7.105200000000877480e-02
7.122700000002168963e-02
7.219800000007126073e-02
7.217800000000806904e-02
7.231500000000323780e-02
7.014000000003761670e-02
7.403999999996813131e-02
7.214999999996507540e-02
7.270800000003418972e-02
7.275600000002668821e-02
7.258500000000367436e-02
7.351100000005317270e-02
7.373600000005353650e-02
7.448199999998905696e-02
7.183599999996204133e-02
7.457999999996900442e-02
7.511499999998250132e-02
7.462099999997917621e-02
7.442000000003190507e-02
7.449300000007497147e-02
7.375500000000556611e-02
7.339500000000498403e-02
7.101699999998345447e-02
7.168999999998959538e-02
7.181600000001253647e-02
7.084099999997306440e-02
7.214800000008381176e-02
7.164299999999457214e-02
7.161299999995662802e-02
6.957699999998112617e-02
7.418000000006941264e-02
7.410000000004401954e-02
7.111399999996592669e-02
7.055400000001554872e-02
7.418200000006436312e-02
7.484699999997701525e-02
7.373200000006363553e-02
7.421899999997094710e-02
7.440899999994599057e-02
7.288100000005215406e-02
7.207099999993715755e-02
7.221600000002581510e-02
7.233999999994011887e-02
7.223899999996774568e-02
7.137000000000170985e-02
7.397199999991244113e-02
7.728299999996579572e-02
7.496600000001762965e-02
7.516499999996995030e-02
7.528100000001813896e-02
7.404599999995298276e-02
7.251199999996060797e-02
7.444099999997888517e-02
7.127500000001418812e-02
7.432300000004943286e-02
7.389200000000073487e-02
7.419200000003911555e-02
7.349699999997483246e-02
7.337699999993674282e-02
7.420299999989765638e-02
7.236799999998311250e-02
7.104000000003907189e-02
7.204500000000280124e-02
7.412700000008953793e-02
7.412999999996827682e-02
7.173299999999471765e-02
7.152200000007269409e-02
7.132500000000163709e-02
7.145500000001447916e-02
7.237099999997553823e-02
7.446400000003450259e-02
7.351299999993443635e-02
7.211000000006606570e-02
7.172100000002501474e-02
7.374400000003333844e-02
7.267500000000381988e-02
7.383700000002590969e-02
7.241500000009182259e-02
7.425499999999374268e-02
7.446800000002440356e-02
7.387400000004618050e-02
7.197799999994458631e-02
7.234799999991992081e-02
7.152599999994890823e-02
7.253700000001117587e-02
7.434799999998631392e-02
7.244800000000850559e-02
7.289500000001680746e-02
7.292499999994106474e-02
7.054500000003827154e-02
7.087500000000090949e-02
7.231500000000323780e-02
7.187799999996968836e-02
7.037500000001273293e-02
7.117399999992812809e-02
7.181099999991147342e-02
7.362499999999272404e-02
7.372300000008635834e-02
7.324699999992390076e-02
7.176800000002003799e-02
7.115899999996599945e-02
7.347700000002532761e-02
7.246299999997063424e-02
7.540400000004865433e-02
7.226900000000568980e-02
7.099700000003394962e-02
7.374800000002323941e-02
7.272800000009738142e-02
7.329899999990630022e-02
6.966200000010758231e-02
7.183200000008582720e-02
7.176500000002761226e-02
7.131099999992329685e-02
7.298500000001695298e-02
7.158500000002732122e-02
7.152999999993880920e-02
7.303600000000187720e-02
7.027300000004288449e-02
7.154600000001209992e-02
7.244200000002365414e-02
7.245100000000093132e-02
7.254299999999602733e-02
7.101999999997588020e-02
7.078299999989212665e-02
7.382500000005620677e-02
7.499599999994188693e-02
7.217600000001311855e-02
7.350500000006832124e-02
7.365300000003571768e-02
7.382399999994504469e-02
7.344899999998233397e-02
7.340499999997973646e-02
7.196699999997235864e-02
7.015799999999217107e-02
7.207600000003822061e-02
7.199600000001282751e-02
7.524399999999786814e-02
7.509700000002794695e-02
7.445799999993596430e-02
7.516199999997752457e-02
7.537000000002080924e-02
7.221000000004096364e-02
7.453599999996640690e-02
7.271200000002409070e-02
7.420700000000124419e-02
7.213799999999537249e-02
7.266900000001896842e-02
7.165699999995922553e-02
7.327199999997446866e-02
6.976099999997131818e-02
7.193599999993693928e-02
7.303400000000692671e-02
7.273499999996602128e-02
7.279499999992822268e-02
7.417699999996330007e-02
7.285100000001420995e-02
7.186000000001513399e-02
7.133199999998396379e-02
7.150100000001202716e-02
7.278699999994842074e-02
7.293499999991581717e-02
7.215900000005603943e-02
7.287299999995866528e-02
7.186799999999493593e-02
7.186000000001513399e-02
6.953599999997095438e-02
7.178899999996701808e-02
7.252899999991768709e-02
7.201999999995223334e-02
7.352400000002035085e-02
7.210699999995995313e-02
7.204799999999522697e-02
7.193399999994198879e-02
6.963500000006206392e-02
7.205799999996997940e-02
7.192299999996976112e-02
7.228799999995771941e-02
7.109400000001642184e-02
7.124700000008488132e-02
7.234300000004623143e-02
7.060000000001309672e-02
6.978800000001683657e-02
7.055800000000544969e-02
7.225500000004103640e-02
7.241700000008677307e-02
7.045800000003055175e-02
7.204999999999017746e-02
7.205899999996745464e-02
7.246899999995548569e-02
7.420000000001891749e-02
7.270000000005438778e-02
7.245299999999588181e-02
7.390199999997548730e-02
7.487699999990127253e-02
7.488200000000233558e-02
7.275900000001911394e-02
7.356800000002294837e-02
7.102199999997083069e-02
7.395099999996546103e-02
7.279099999993832171e-02
7.375999999999294232e-02
7.444200000009004725e-02
7.476500000007035851e-02
7.240400000000590808e-02
7.258600000000114960e-02
7.304499999997915438e-02
7.534699999996519182e-02
7.525099999998019484e-02
7.514100000003054447e-02
7.376699999997526902e-02
7.523200000002816523e-02
7.270400000004428875e-02
7.120899999995344842e-02
6.950600000004669710e-02
7.164799999998194835e-02
7.194500000002790330e-02
7.143200000007254857e-02
7.188300000007075141e-02
7.175999999992654921e-02
7.159599999999954889e-02
7.148100000006252230e-02
7.023599999990892684e-02
7.118600000001151784e-02
7.116399999995337566e-02
7.171100000005026232e-02
7.116900000005443871e-02
7.332800000006045593e-02
7.213699999999789725e-02
7.087699999999585998e-02
7.280500000001666194e-02
1.432379999999966458e-01
7.194199999992179073e-02
7.240500000000338332e-02
7.254899999998087878e-02
7.441700000003947935e-02
7.252500000004147296e-02
7.497599999999238207e-02
7.011499999998704880e-02
7.171300000004521280e-02
7.140800000001945591e-02
7.328199999994922109e-02
7.347900000002027809e-02
7.375199999989945354e-02
7.359499999995477992e-02
7.366500000000542059e-02
7.049400000005334732e-02
7.206099999996240513e-02
7.336500000008072675e-02
7.280500000001666194e-02
7.348000000001775334e-02
7.360500000004321919e-02
1.020039999999653446e-01
7.134700000005977927e-02
7.395899999994526297e-02
7.195699999999760621e-02
7.136000000002695742e-02
7.391900000004625326e-02
7.341499999995448889e-02
7.370500000001811713e-02
7.128699999998389103e-02
7.344100000000253203e-02
7.487600000001748413e-02
7.182899999997971463e-02
7.410800000002382149e-02
7.275600000002668821e-02
7.374699999991207733e-02
7.535099999995509279e-02
7.207400000004327012e-02
7.169199999998454587e-02
6.958299999996597762e-02
7.218599999998787098e-02
7.138100000008762436e-02
7.169499999997697159e-02
1.481009999999969295e-01
7.477800000003753667e-02
7.361700000001292210e-02
7.232199999998556450e-02
7.241600000008929783e-02
7.198900000003050081e-02
7.462800000007518975e-02
7.405999999991763616e-02
7.452699999998912972e-02
7.427999999993062374e-02
7.168199999989610660e-02
7.153300000004492176e-02
6.996500000002470188e-02
7.232299999998303974e-02
7.119900000009238283e-02
7.219899999995504913e-02
7.111099999997350096e-02
7.241599999997561099e-02
7.177100000001246372e-02
7.388000000003103196e-02
7.146099999999933061e-02
7.412600000009206269e-02
7.201999999995223334e-02
7.473500000003241439e-02
7.465799999999944703e-02
7.520399999998517160e-02
7.457499999998162821e-02
7.503599999995458347e-02
7.375099999990197830e-02
7.459900000003472087e-02
7.518400000003566674e-02
7.453800000007504423e-02
7.440299999996113911e-02
7.167500000002746674e-02
7.144800000003215246e-02
7.625699999994139944e-02
7.156299999996917904e-02
7.282999999995354301e-02
7.060100000001057197e-02
7.247600000005149923e-02
7.376300000009905489e-02
7.282900000006975461e-02
7.353799999998500425e-02
7.383099999992737139e-02
7.019400000001496664e-02
7.359900000005836773e-02
7.363399999997000123e-02
7.337699999993674282e-02
7.270700000003671448e-02
7.380399999999553984e-02
7.366599999988920899e-02
7.155799999998180283e-02
7.202699999993456004e-02
7.269600000006448681e-02
7.254299999999602733e-02
7.085700000004635513e-02
7.218899999998029671e-02
7.198900000003050081e-02
7.298399999990579090e-02
7.303300000000945147e-02
7.038999999997486157e-02
7.641599999999471038e-02
7.295199999998658313e-02
7.276500000000396540e-02
7.452799999998660496e-02
7.322900000008303323e-02
7.270300000004681351e-02
7.052499999997507985e-02
7.033799999999246211e-02
7.184900000004290632e-02
7.183999999995194230e-02
7.099099999993541132e-02
7.285200000001168519e-02
7.173900000009325595e-02
7.123699999999644206e-02
7.100700000000870205e-02
7.427000000006955815e-02
7.081200000004628237e-02
7.183599999996204133e-02
7.336399999996956467e-02
7.177999999998974090e-02
7.386899999994511745e-02
7.360599999992700759e-02
7.376499999998031853e-02
7.100600000001122680e-02
7.169499999997697159e-02
7.450999999991836376e-02
7.396599999992758967e-02
7.451900000000932778e-02
7.419700000002649176e-02
7.191299999999500869e-02
7.094600000004902540e-02
7.037800000000515865e-02
7.252300000004652247e-02
7.291500000007999915e-02
7.016399999997702253e-02
6.956000000002404704e-02
7.045900000002802699e-02
7.025099999998474232e-02
7.056000000000040018e-02
