# Pose Estimation timer: 2017-12-12 17:16:46.801885
1.685000000000003162e-02
6.022000000000193864e-03
5.998999999999199417e-03
5.920999999998954877e-03
5.689999999999528768e-03
6.059999999999732267e-03
6.280000000000285354e-03
5.904000000001019544e-03
7.477999999998985459e-03
6.605000000000416094e-03
5.628000000001520675e-03
6.513000000001767376e-03
5.864000000002533852e-03
6.101999999998497515e-03
5.507999999998958174e-03
6.265999999996552106e-03
6.211000000000410637e-03
7.625000000004433787e-03
7.070000000005904894e-03
5.857999999996366114e-03
7.377000000005295988e-03
6.765999999998939529e-03
6.132999999998389740e-03
6.642999999996845872e-03
5.966000000000803993e-03
6.073000000000661203e-03
6.202999999999292413e-03
8.041000000005738002e-03
6.001000000011913471e-03
6.207000000003404239e-03
5.910999999997557097e-03
7.022000000006300979e-03
5.505999999996902261e-03
7.585999999989212483e-03
6.816999999998074600e-03
7.457000000002267370e-03
7.062000000004786671e-03
5.940999999992868652e-03
5.414000000001806256e-03
5.808999999999286956e-03
6.304999999997562554e-03
6.073000000000661203e-03
7.384000000001833541e-03
6.793000000001825356e-03
5.712000000002603883e-03
6.365000000002396519e-03
7.027999999991152436e-03
7.781999999991739969e-03
6.365000000002396519e-03
6.775000000004638423e-03
7.286999999990939614e-03
7.402000000013231329e-03
6.148000000024467226e-03
6.739000000010264557e-03
6.033999999999650754e-03
6.714999999985593604e-03
6.695999999976720574e-03
6.475999999992154699e-03
6.831000000005360562e-03
6.270999999998139174e-03
6.071000000019921572e-03
6.290000000007012204e-03
6.921000000005506081e-03
7.710000000002992238e-03
5.875000000003183231e-03
6.874999999979536369e-03
7.981999999998379280e-03
6.961999999987256160e-03
6.866000000002259185e-03
6.150000000019417712e-03
7.328999999998586645e-03
7.124000000004571120e-03
5.949000000015303158e-03
7.681999999988420313e-03
6.832000000002835804e-03
5.999000000002752131e-03
6.664999999998144631e-03
6.510999999989053322e-03
7.811000000003787136e-03
6.996000000015101250e-03
6.714999999985593604e-03
5.574999999993224264e-03
7.507999999972980731e-03
5.143000000003894456e-03
7.034000000004425601e-03
6.233000000008814823e-03
6.938000000019428626e-03
5.648000000007868948e-03
6.987000000009402356e-03
7.058999999998150088e-03
8.137000000004945832e-03
6.794999999982564987e-03
7.010000000008176357e-03
6.568000000015672413e-03
6.968000000000529326e-03
6.367000000011557859e-03
7.875000000012732926e-03
7.636000000019294021e-03
6.818000000009760697e-03
8.075000000019372237e-03
6.748000000015963451e-03
6.795999999951618520e-03
6.646000000046115019e-03
7.142999999985022441e-03
7.300999999984014721e-03
7.538000000010924850e-03
6.986999999980980647e-03
7.043000000010124495e-03
6.666000000052463292e-03
7.969000000002779416e-03
6.511999999986528564e-03
7.098000000041793101e-03
7.441999999969084456e-03
7.097999999984949682e-03
6.384000000025480404e-03
6.853999999975712853e-03
5.508999999960906280e-03
5.525000000034197001e-03
7.921000000010280928e-03
7.572999999979401764e-03
7.396999999969011697e-03
7.061000000021522283e-03
7.217999999966195901e-03
6.153999999980896973e-03
6.981000000052972609e-03
7.240000000024338078e-03
7.332999999960065907e-03
7.164999999986321200e-03
7.456999999988056516e-03
7.852999999954590749e-03
8.105999999997948180e-03
7.124999999973624654e-03
8.128999999996722181e-03
7.063000000016472768e-03
7.543999999995776307e-03
6.119000000012420060e-03
6.722999999965395546e-03
1.283200000000306318e-02
7.280999999977666448e-03
7.589999999993324309e-03
6.847999999990861397e-03
7.341999999994186510e-03
7.619999999974425009e-03
8.125000000006821210e-03
8.175999999991745426e-03
5.765999999994164682e-03
6.612999999958901753e-03
7.624999999961801223e-03
7.122999999978674168e-03
8.149000000003070454e-03
6.762000000037460268e-03
6.904999999960637069e-03
8.137999999973999365e-03
7.296999999994113750e-03
8.420000000000982254e-03
7.995999999991454388e-03
7.040999999958330591e-03
7.787000000007537892e-03
8.164000000022042514e-03
8.104000000002997695e-03
7.281999999975141691e-03
6.874999999979536369e-03
7.260999999971318175e-03
7.130000000017844286e-03
7.005999999989853677e-03
7.429000000001906301e-03
8.125000000006821210e-03
7.229999999992742232e-03
7.047000000000025466e-03
7.990000000006602932e-03
6.897000000037678547e-03
6.771000000014737452e-03
6.557999999984076567e-03
6.236999999998715793e-03
5.934999999965384632e-03
6.820999999945343006e-03
6.834999999966839823e-03
7.257999999978892447e-03
6.639000000006944902e-03
6.994000000020150765e-03
7.089000000007672497e-03
6.223999999974694219e-03
7.300999999984014721e-03
6.639000000006944902e-03
6.992999999965832103e-03
8.023000000036972779e-03
7.416999999975359970e-03
6.316000000026633643e-03
7.824000000027808710e-03
5.576000000019121217e-03
8.750999999961095455e-03
8.128999999996722181e-03
8.128999999996722181e-03
6.774999999947795004e-03
5.672000000004118192e-03
7.211999999981344445e-03
7.429999999999381544e-03
7.387999999991734512e-03
5.788999999936095264e-03
5.832999999938692781e-03
8.676999999920553819e-03
7.339999999999236024e-03
8.546000000023923349e-03
9.816000000000713044e-03
6.752000000005864422e-03
8.431999999970685167e-03
8.439999999950487108e-03
7.944999999949686753e-03
6.819000000064079359e-03
8.467999999993480742e-03
7.820999999921696144e-03
6.337000000030457159e-03
8.423999999990883225e-03
7.100000000036743586e-03
8.193000000005667971e-03
7.746999999994841346e-03
8.748000000082356564e-03
7.692000000020016159e-03
6.314999999972314981e-03
7.356999999956315150e-03
8.017999999992753146e-03
7.165999999983796442e-03
1.073800000006031041e-02
7.567999999992025550e-03
7.854000000065752829e-03
6.443999999987681804e-03
8.226000000036037818e-03
8.385999999973137164e-03
8.374000000003434252e-03
7.285000000024410838e-03
8.823000000006686605e-03
7.879000000002633897e-03
7.622000000083062332e-03
5.285000000071704562e-03
7.199000000014166289e-03
8.037999999942258000e-03
8.467999999993480742e-03
6.992999999965832103e-03
7.375000000024556357e-03
8.691999999996369297e-03
7.184999999935826054e-03
7.528999999976804247e-03
7.572999999979401764e-03
7.553999999913685315e-03
7.103999999912957719e-03
9.412999999995008693e-03
8.121999999957552063e-03
7.600000000024920155e-03
7.350999999971463694e-03
7.317999999941093847e-03
8.187000000020816515e-03
7.711999999969521014e-03
7.658999999989646312e-03
9.032000000047446520e-03
8.368000000018582796e-03
8.064999999987776391e-03
6.762000000094303687e-03
7.886999999982435838e-03
9.217000000035113771e-03
7.142999999928179022e-03
7.935000000088621164e-03
7.526999999981853762e-03
6.985999999983505404e-03
8.057000000007974450e-03
8.296999999970466888e-03
7.371000000034655386e-03
8.930999999961386493e-03
8.069999999975152605e-03
8.322000000021034793e-03
7.804000000078303856e-03
6.270999999969717464e-03
7.693000000017491402e-03
7.408000000054926204e-03
7.502000000044972694e-03
1.150700000005144830e-02
8.090000000038344297e-03
