# Projection image timer: 2017-12-12 17:16:46.743839
3.801320000000000254e-01
2.000000000000000666e-01
2.000009999999998733e-01
2.000009999999998733e-01
2.000039999999998486e-01
3.004009999999999181e-01
2.000029999999997088e-01
2.000029999999997088e-01
2.478030000000002175e-01
2.000030000000001529e-01
2.000079999999999636e-01
2.000020000000000131e-01
2.000020000000004572e-01
2.000029999999997088e-01
2.000000000000001776e-01
2.000020000000004572e-01
2.407320000000003901e-01
2.000009999999994292e-01
2.000019999999995690e-01
2.000020000000004572e-01
2.000029999999997088e-01
2.000000000000001776e-01
2.000010000000003174e-01
2.000020000000004572e-01
2.371430000000005478e-01
2.000010000000003174e-01
2.000019999999995690e-01
2.000039999999998486e-01
2.000030000000005970e-01
2.000030000000005970e-01
2.000029999999988206e-01
2.000019999999995690e-01
2.404739999999989664e-01
2.000039999999998486e-01
2.000029999999988206e-01
2.000029999999988206e-01
2.000010000000003174e-01
2.000029999999988206e-01
2.000029999999988206e-01
2.000010000000003174e-01
2.318250000000006139e-01
2.000030000000005970e-01
2.000000000000010658e-01
2.000000000000010658e-01
2.000039999999998486e-01
2.000019999999995690e-01
2.000010000000003174e-01
2.000010000000003174e-01
2.367729999999994561e-01
2.000029999999988206e-01
2.000019999999977927e-01
2.000000000000028422e-01
2.000030000000023733e-01
2.000019999999977927e-01
2.000010000000003174e-01
2.000010000000003174e-01
2.383890000000015164e-01
2.000030000000023733e-01
2.000039999999998486e-01
2.000039999999998486e-01
2.153239999999989607e-01
2.000039999999998486e-01
2.000019999999977927e-01
2.000020000000013454e-01
2.407840000000014413e-01
2.000029999999988206e-01
2.000010000000003174e-01
2.000039999999998486e-01
2.000039999999998486e-01
2.000010000000003174e-01
2.000020000000013454e-01
2.000039999999998486e-01
2.465279999999978600e-01
2.000010000000003174e-01
2.000020000000013454e-01
2.000000000000028422e-01
2.000020000000013454e-01
2.000039999999998486e-01
2.000029999999988206e-01
2.000010000000003174e-01
2.388450000000013063e-01
2.000000000000028422e-01
2.253259999999990271e-01
2.000030000000023733e-01
2.000030000000023733e-01
2.000009999999967647e-01
2.000030000000023733e-01
2.000019999999977927e-01
2.485950000000016757e-01
2.000029999999988206e-01
2.000039999999998486e-01
2.000019999999977927e-01
2.000029999999988206e-01
2.000039999999998486e-01
2.000029999999988206e-01
2.000019999999977927e-01
2.412619999999989773e-01
2.000020000000013454e-01
2.000030000000023733e-01
2.000010000000003174e-01
2.000000000000028422e-01
2.000030000000023733e-01
2.000029999999952679e-01
2.000030000000023733e-01
2.407509999999959405e-01
2.000029999999952679e-01
2.000010000000003174e-01
2.000010000000003174e-01
2.000010000000003174e-01
2.000020000000048981e-01
2.000019999999977927e-01
2.000019999999977927e-01
2.313189999999991642e-01
2.000019999999977927e-01
2.000030000000023733e-01
2.000019999999977927e-01
2.000030000000023733e-01
2.000000000000028422e-01
2.000039999999998486e-01
2.000030000000023733e-01
2.418499999999994543e-01
2.000039999999998486e-01
2.000010000000003174e-01
2.000000000000028422e-01
2.000039999999998486e-01
2.000079999999968550e-01
2.000030000000023733e-01
2.000019999999977927e-01
2.498749999999958504e-01
2.000019999999977927e-01
2.000039999999998486e-01
2.000000000000028422e-01
2.000029999999952679e-01
2.000010000000003174e-01
2.000019999999977927e-01
2.000010000000003174e-01
2.433689999999941733e-01
2.000019999999977927e-01
2.000020000000048981e-01
2.000019999999977927e-01
2.000030000000023733e-01
2.000010000000003174e-01
2.000010000000003174e-01
2.000020000000048981e-01
2.416620000000051505e-01
2.000020000000048981e-01
2.000019999999977927e-01
2.000039999999998486e-01
2.000010000000003174e-01
2.000030000000023733e-01
2.000000000000028422e-01
2.000030000000023733e-01
2.414829999999952292e-01
2.000029999999952679e-01
2.000010000000003174e-01
2.000010000000003174e-01
2.000020000000048981e-01
2.000010000000003174e-01
2.000019999999977927e-01
2.000019999999977927e-01
2.370469999999968991e-01
2.000020000000048981e-01
2.000030000000023733e-01
2.000010000000003174e-01
2.000359999999972160e-01
2.000010000000003174e-01
2.000030000000023733e-01
2.000029999999952679e-01
2.436420000000012465e-01
2.000030000000023733e-01
2.000039999999998486e-01
2.000029999999952679e-01
2.000029999999952679e-01
2.000000000000028422e-01
2.000030000000023733e-01
2.000019999999977927e-01
2.438089999999988322e-01
2.000030000000023733e-01
2.000020000000048981e-01
2.000010000000003174e-01
2.000010000000003174e-01
2.000019999999977927e-01
2.000010000000003174e-01
2.000039999999998486e-01
2.437189999999986867e-01
2.000030000000023733e-01
2.000020000000048981e-01
2.000000000000028422e-01
2.000019999999977927e-01
2.000039999999998486e-01
2.000010000000003174e-01
2.000010000000003174e-01
2.347919999999987795e-01
2.000030000000023733e-01
2.000019999999977927e-01
2.000030000000023733e-01
2.000000000000028422e-01
2.000020000000120035e-01
2.000029999999952679e-01
2.000020000000120035e-01
2.483869999999939182e-01
2.000029999999952679e-01
2.000000000000028422e-01
2.000039999999927431e-01
2.000030000000094788e-01
2.000010000000003174e-01
2.000010000000003174e-01
2.000010000000003174e-01
2.530750000000097089e-01
2.000029999999952679e-01
2.000020000000120035e-01
2.000039999999927431e-01
2.000020000000120035e-01
2.000010000000003174e-01
2.000030000000094788e-01
2.000000000000028422e-01
2.453599999999909187e-01
2.000029999999952679e-01
2.000000000000028422e-01
2.000010000000003174e-01
2.000019999999977927e-01
2.000010000000003174e-01
2.000000000000028422e-01
2.000020000000120035e-01
2.440629999999970323e-01
2.000019999999977927e-01
2.000039999999927431e-01
2.000030000000094788e-01
2.000010000000003174e-01
2.000019999999977927e-01
2.000029999999952679e-01
2.000010000000003174e-01
2.405329999999992197e-01
2.000030000000094788e-01
2.336449999999956617e-01
2.000019999999977927e-01
2.000019999999977927e-01
2.000020000000120035e-01
2.000010000000003174e-01
2.000019999999977927e-01
2.505039999999922884e-01
2.000010000000003174e-01
2.000029999999952679e-01
2.000000000000028422e-01
2.000010000000003174e-01
2.000019999999977927e-01
2.000000000000028422e-01
2.000000000000028422e-01
2.443280000000100927e-01
2.000010000000003174e-01
2.000029999999952679e-01
2.000030000000094788e-01
2.000019999999977927e-01
2.000000000000028422e-01
2.000029999999952679e-01
2.000000000000028422e-01
2.365349999999892816e-01
2.000019999999977927e-01
2.000019999999977927e-01
2.000019999999977927e-01
2.000010000000003174e-01
2.000050000000044292e-01
2.000029999999952679e-01
2.000030000000094788e-01
2.437060000000030868e-01
2.000000000000028422e-01
2.000010000000003174e-01
2.000029999999952679e-01
2.000000000000028422e-01
2.000000000000028422e-01
2.000030000000094788e-01
2.000029999999952679e-01
2.414129999999943266e-01
2.000029999999952679e-01
2.000000000000028422e-01
2.000029999999952679e-01
2.000019999999977927e-01
2.000000000000028422e-01
2.266709999999960701e-01
2.000030000000094788e-01
2.428560000000032915e-01
2.000000000000028422e-01
2.000010000000003174e-01
2.000009999999861066e-01
2.000019999999977927e-01
2.000020000000120035e-01
2.000029999999952679e-01
2.000019999999977927e-01
2.401389999999992142e-01
2.000029999999952679e-01
2.000030000000094788e-01
2.000019999999977927e-01
2.000000000000028422e-01
2.000030000000094788e-01
2.000010000000003174e-01
2.000000000000028422e-01
2.408170000000069422e-01
2.000020000000120035e-01
2.000020000000120035e-01
2.000000000000028422e-01
2.000019999999977927e-01
2.000010000000003174e-01
2.000029999999952679e-01
2.000010000000003174e-01
2.481780000000100017e-01
2.000010000000003174e-01
2.000010000000003174e-01
2.000019999999977927e-01
2.000029999999952679e-01
2.000010000000003174e-01
2.000010000000003174e-01
2.000039999999927431e-01
2.497420000000118989e-01
2.000010000000003174e-01
2.000029999999952679e-01
2.000019999999977927e-01
2.000019999999977927e-01
2.000020000000120035e-01
2.000010000000003174e-01
2.000000000000028422e-01
2.401330000000001519e-01
2.000029999999952679e-01
2.000029999999952679e-01
2.000010000000003174e-01
2.000019999999977927e-01
2.000000000000028422e-01
2.000029999999952679e-01
2.000000000000028422e-01
2.385920000000112395e-01
2.000010000000003174e-01
2.000010000000003174e-01
2.000029999999952679e-01
2.000000000000028422e-01
2.000000000000028422e-01
2.000000000000028422e-01
2.000029999999952679e-01
2.474330000000009022e-01
2.000019999999977927e-01
2.000010000000003174e-01
2.000010000000003174e-01
2.000029999999952679e-01
2.000010000000003174e-01
2.000029999999952679e-01
2.000010000000003174e-01
2.465959999999967067e-01
2.000000000000028422e-01
2.000030000000094788e-01
2.000029999999952679e-01
2.000039999999927431e-01
2.000030000000094788e-01
2.000019999999977927e-01
2.000019999999977927e-01
2.402310000000085211e-01
2.000039999999927431e-01
2.000029999999952679e-01
2.000010000000003174e-01
2.000000000000028422e-01
2.000010000000003174e-01
2.000039999999927431e-01
2.000000000000028422e-01
2.472939999999965721e-01
2.000010000000003174e-01
2.000010000000003174e-01
2.000029999999952679e-01
2.000030000000094788e-01
2.000030000000094788e-01
2.000019999999977927e-01
2.000029999999952679e-01
2.417399999999929605e-01
2.000010000000003174e-01
2.000010000000003174e-01
2.000039999999927431e-01
2.000039999999927431e-01
2.000029999999952679e-01
2.000010000000003174e-01
2.000039999999927431e-01
2.420390000000054442e-01
2.000030000000094788e-01
2.000000000000028422e-01
2.000010000000003174e-01
2.000010000000003174e-01
2.000000000000028422e-01
2.000029999999952679e-01
2.000010000000003174e-01
2.502230000000054133e-01
2.000000000000028422e-01
2.000000000000028422e-01
2.000039999999927431e-01
2.000000000000028422e-01
2.000030000000094788e-01
2.000010000000003174e-01
2.000000000000028422e-01
2.420560000000051559e-01
2.000040000000069540e-01
2.000009999999861066e-01
2.000040000000069540e-01
2.000020000000120035e-01
2.000000000000170530e-01
2.000030000000094788e-01
2.000009999999861066e-01
2.490400000000079217e-01
2.000009999999861066e-01
2.000010000000145283e-01
2.000030000000094788e-01
2.000030000000094788e-01
2.000029999999810570e-01
2.435609999999996944e-01
2.000020000000120035e-01
2.470150000000046475e-01
2.000040000000069540e-01
2.000020000000120035e-01
2.000019999999835818e-01
2.000009999999861066e-01
2.000030000000094788e-01
2.000000000000170530e-01
2.000010000000145283e-01
2.393989999999917018e-01
2.000019999999835818e-01
2.000029999999810570e-01
2.000010000000145283e-01
2.000009999999861066e-01
2.000000000000170530e-01
2.000019999999835818e-01
2.000019999999835818e-01
2.526919999999961419e-01
2.000000000000170530e-01
2.000030000000094788e-01
2.000040000000069540e-01
2.000020000000120035e-01
2.000009999999861066e-01
2.000030000000094788e-01
2.070109999999942829e-01
2.331819999999993342e-01
2.000040000000069540e-01
2.000019999999835818e-01
2.000019999999835818e-01
2.000000000000170530e-01
2.000040000000069540e-01
2.000009999999861066e-01
2.000039999999785323e-01
2.463219999999921583e-01
2.000010000000145283e-01
2.000060000000019045e-01
2.000039999999785323e-01
2.000029999999810570e-01
2.000030000000094788e-01
2.000029999999810570e-01
2.000019999999835818e-01
2.514409999999998035e-01
2.000020000000120035e-01
2.000009999999861066e-01
2.000040000000069540e-01
2.000079999999968550e-01
2.000009999999861066e-01
2.000030000000094788e-01
2.000009999999861066e-01
2.404549999999971988e-01
2.000029999999810570e-01
2.000020000000120035e-01
2.000040000000069540e-01
2.000019999999835818e-01
2.000040000000069540e-01
2.000019999999835818e-01
2.000020000000120035e-01
2.328550000000007003e-01
2.000000000000170530e-01
2.000000000000170530e-01
2.000019999999835818e-01
2.000000000000170530e-01
2.000030000000094788e-01
2.000000000000170530e-01
2.000030000000094788e-01
2.418199999999899319e-01
2.000670000000184245e-01
2.000010000000145283e-01
2.000010000000145283e-01
2.000009999999861066e-01
2.400459999999782212e-01
2.000020000000120035e-01
2.000020000000120035e-01
2.440749999999809461e-01
2.000019999999835818e-01
2.000009999999861066e-01
2.000019999999835818e-01
2.000009999999861066e-01
2.000030000000094788e-01
2.000020000000120035e-01
2.000009999999861066e-01
2.430900000000235650e-01
2.000000000000170530e-01
2.000009999999861066e-01
2.000000000000170530e-01
2.000020000000120035e-01
2.000020000000120035e-01
2.000009999999861066e-01
2.000030000000094788e-01
2.788150000000086948e-01
2.000030000000094788e-01
2.000030000000094788e-01
2.000010000000145283e-01
2.000019999999835818e-01
2.000020000000120035e-01
2.000019999999835818e-01
2.000000000000170530e-01
2.421879999999987376e-01
2.000019999999835818e-01
2.000010000000145283e-01
2.000000000000170530e-01
2.000020000000120035e-01
2.000019999999835818e-01
2.000029999999810570e-01
2.000019999999835818e-01
2.416000000000053660e-01
2.000020000000120035e-01
2.000020000000120035e-01
2.000000000000170530e-01
2.000020000000120035e-01
2.000010000000145283e-01
2.517670000000009622e-01
2.000009999999861066e-01
2.444779999999866504e-01
2.000039999999785323e-01
2.000009999999861066e-01
2.000019999999835818e-01
2.000020000000120035e-01
2.000019999999835818e-01
2.000039999999785323e-01
2.000010000000145283e-01
2.485180000000184464e-01
2.000010000000145283e-01
2.000009999999861066e-01
2.000010000000145283e-01
2.000030000000094788e-01
2.000030000000094788e-01
2.000029999999810570e-01
2.000039999999785323e-01
2.490469999999902484e-01
2.000009999999861066e-01
2.000039999999785323e-01
2.000040000000069540e-01
2.381869999999821630e-01
2.000010000000145283e-01
2.000019999999835818e-01
2.000000000000170530e-01
2.408580000000029031e-01
2.000040000000069540e-01
2.000010000000145283e-01
2.000010000000145283e-01
2.000010000000145283e-01
2.000020000000120035e-01
2.000020000000120035e-01
2.000000000000170530e-01
2.446620000000052642e-01
2.000030000000094788e-01
2.000000000000170530e-01
2.000030000000094788e-01
2.000000000000170530e-01
2.000000000000170530e-01
2.000030000000094788e-01
2.000029999999810570e-01
2.390819999999962420e-01
2.000010000000145283e-01
2.000000000000170530e-01
2.000020000000120035e-01
2.000010000000145283e-01
2.000000000000170530e-01
2.000020000000120035e-01
2.000029999999810570e-01
2.356760000000122091e-01
2.000000000000170530e-01
2.000020000000120035e-01
2.000039999999785323e-01
2.000009999999861066e-01
2.000039999999785323e-01
2.000009999999861066e-01
2.000020000000120035e-01
2.431609999999864158e-01
2.000009999999861066e-01
2.000039999999785323e-01
2.000010000000145283e-01
2.000030000000094788e-01
2.000030000000094788e-01
2.000010000000145283e-01
2.000030000000094788e-01
2.493659999999806587e-01
2.000039999999785323e-01
2.000009999999861066e-01
2.000029999999810570e-01
2.000040000000069540e-01
2.000030000000094788e-01
2.000030000000094788e-01
2.000039999999785323e-01
2.339520000000163691e-01
2.000009999999861066e-01
2.000009999999861066e-01
2.000030000000094788e-01
2.000040000000069540e-01
2.000020000000120035e-01
2.000030000000094788e-01
2.000010000000145283e-01
2.356180000000165364e-01
2.000039999999785323e-01
2.000020000000120035e-01
2.000020000000120035e-01
2.000000000000170530e-01
2.000040000000069540e-01
2.000009999999861066e-01
2.000019999999835818e-01
2.418739999999957035e-01
2.000060000000019045e-01
2.000009999999861066e-01
2.000030000000094788e-01
2.000009999999861066e-01
2.000020000000120035e-01
2.000020000000120035e-01
2.000020000000120035e-01
2.397130000000231576e-01
2.000010000000145283e-01
2.000010000000145283e-01
2.000019999999835818e-01
2.000019999999835818e-01
2.000020000000120035e-01
2.000019999999835818e-01
2.000010000000145283e-01
2.495010000000092987e-01
2.000019999999835818e-01
2.000000000000170530e-01
2.000020000000120035e-01
2.000020000000120035e-01
2.000009999999861066e-01
2.000009999999861066e-01
2.000009999999861066e-01
2.399230000000045493e-01
2.000009999999861066e-01
2.000010000000145283e-01
2.000009999999861066e-01
2.000020000000120035e-01
2.000019999999835818e-01
2.000030000000094788e-01
2.000040000000069540e-01
2.479380000000048767e-01
2.000040000000069540e-01
2.000020000000120035e-01
2.000029999999810570e-01
2.000020000000120035e-01
2.000040000000069540e-01
2.000010000000145283e-01
2.000009999999861066e-01
2.412469999999871106e-01
2.000000000000170530e-01
2.000000000000170530e-01
2.000030000000094788e-01
2.000029999999810570e-01
2.000040000000069540e-01
2.000009999999861066e-01
2.000040000000069540e-01
2.407419999999831361e-01
2.000009999999861066e-01
2.000040000000069540e-01
2.000000000000170530e-01
2.000009999999861066e-01
2.000019999999835818e-01
2.000020000000120035e-01
2.000010000000145283e-01
2.407440000000065083e-01
2.000020000000120035e-01
2.000020000000120035e-01
2.000009999999861066e-01
2.000010000000145283e-01
2.000010000000145283e-01
2.399320000000102482e-01
2.000010000000145283e-01
2.355599999999924421e-01
2.000020000000120035e-01
2.000009999999861066e-01
2.000009999999861066e-01
2.000020000000120035e-01
2.000029999999810570e-01
2.000030000000094788e-01
2.000019999999835818e-01
2.434089999999855536e-01
2.000020000000120035e-01
2.000020000000120035e-01
2.000020000000120035e-01
2.000040000000069540e-01
2.000020000000120035e-01
2.000030000000094788e-01
2.000030000000094788e-01
2.351339999999879637e-01
2.000019999999835818e-01
2.000010000000145283e-01
2.000010000000145283e-01
2.000000000000170530e-01
2.000020000000120035e-01
2.000019999999835818e-01
2.000000000000170530e-01
2.408999999999821284e-01
2.000029999999810570e-01
2.000029999999810570e-01
2.000009999999861066e-01
2.000009999999861066e-01
2.000009999999861066e-01
2.000040000000069540e-01
2.000019999999835818e-01
2.313619999999900756e-01
2.000009999999861066e-01
2.000000000000170530e-01
2.000010000000145283e-01
2.000029999999810570e-01
2.000039999999785323e-01
2.000040000000069540e-01
2.000019999999835818e-01
2.431049999999856936e-01
2.000009999999861066e-01
2.000019999999835818e-01
2.000029999999810570e-01
2.000019999999835818e-01
2.000040000000069540e-01
2.000040000000069540e-01
2.000010000000145283e-01
2.389389999999878000e-01
2.000020000000120035e-01
2.000009999999861066e-01
2.000020000000120035e-01
2.000020000000120035e-01
2.000020000000120035e-01
2.000030000000094788e-01
2.000020000000120035e-01
2.449719999999899755e-01
2.000010000000145283e-01
2.000009999999861066e-01
2.000030000000094788e-01
2.000019999999835818e-01
2.000050000000044292e-01
2.000010000000145283e-01
2.000010000000145283e-01
2.447459999999921365e-01
2.000019999999835818e-01
2.000030000000094788e-01
2.000020000000120035e-01
2.000029999999810570e-01
2.000020000000120035e-01
2.000000000000170530e-01
2.000030000000094788e-01
2.288039999999966767e-01
2.000030000000094788e-01
2.000000000000170530e-01
2.000030000000094788e-01
2.000010000000145283e-01
2.000010000000145283e-01
2.000009999999861066e-01
2.000039999999785323e-01
2.357389999999952579e-01
2.000019999999835818e-01
2.000000000000170530e-01
2.000019999999835818e-01
2.000000000000170530e-01
2.000020000000120035e-01
2.000019999999835818e-01
2.000029999999810570e-01
2.417910000000063064e-01
2.000019999999835818e-01
2.000039999999785323e-01
2.000039999999785323e-01
2.000020000000120035e-01
2.000019999999835818e-01
2.000030000000094788e-01
2.000039999999785323e-01
2.457810000000222317e-01
2.000039999999785323e-01
2.000020000000120035e-01
2.000020000000120035e-01
2.000000000000170530e-01
2.000040000000069540e-01
2.000020000000120035e-01
2.000029999999810570e-01
2.448310000000049058e-01
2.000040000000069540e-01
2.000029999999810570e-01
2.000000000000170530e-01
2.000000000000170530e-01
2.000019999999835818e-01
2.000000000000170530e-01
2.000010000000145283e-01
2.410029999999778738e-01
2.000040000000069540e-01
2.000019999999835818e-01
2.000020000000120035e-01
2.000039999999785323e-01
2.000040000000353757e-01
2.000009999999861066e-01
2.000020000000404252e-01
2.475049999999896500e-01
2.000029999999810570e-01
2.000039999999785323e-01
2.000019999999835818e-01
2.000030000000379005e-01
2.000029999999810570e-01
2.000019999999835818e-01
2.000029999999810570e-01
2.469060000000240507e-01
2.000019999999835818e-01
2.000039999999785323e-01
2.000019999999835818e-01
2.000039999999785323e-01
2.000020000000404252e-01
2.000009999999861066e-01
2.000039999999785323e-01
2.370280000000093423e-01
2.000019999999835818e-01
2.000029999999810570e-01
2.000020000000404252e-01
2.000029999999810570e-01
2.000009999999861066e-01
2.000009999999861066e-01
2.000020000000404252e-01
2.407220000000052096e-01
2.000009999999861066e-01
2.000000000000454747e-01
2.000029999999810570e-01
2.000019999999835818e-01
2.000030000000379005e-01
2.000009999999861066e-01
2.000029999999810570e-01
2.455490000000395412e-01
2.000039999999785323e-01
2.000020000000404252e-01
2.000009999999861066e-01
2.000029999999810570e-01
2.000009999999861066e-01
2.000010000000429500e-01
2.000000000000454747e-01
2.438559999999938555e-01
2.000009999999861066e-01
2.000020000000404252e-01
2.000009999999861066e-01
2.000009999999861066e-01
2.000039999999785323e-01
2.000009999999861066e-01
2.000019999999835818e-01
2.419889999999895736e-01
2.000009999999861066e-01
2.000009999999861066e-01
2.000029999999810570e-01
2.000009999999861066e-01
2.000019999999835818e-01
2.000029999999810570e-01
2.000010000000429500e-01
2.383330000000114524e-01
2.000009999999861066e-01
2.000009999999861066e-01
2.000039999999785323e-01
2.000030000000379005e-01
2.000029999999810570e-01
2.000029999999810570e-01
2.000029999999810570e-01
2.432809999999676620e-01
2.000039999999785323e-01
2.000029999999810570e-01
2.000019999999835818e-01
2.000019999999835818e-01
2.000039999999785323e-01
2.000019999999835818e-01
2.000029999999810570e-01
2.446590000000128384e-01
2.000000000000454747e-01
2.000029999999810570e-01
2.000020000000404252e-01
2.000019999999835818e-01
2.000000000000454747e-01
2.000029999999810570e-01
2.000019999999835818e-01
2.474729999999567553e-01
2.000029999999810570e-01
2.000029999999810570e-01
2.000039999999785323e-01
2.000010000000429500e-01
2.000019999999835818e-01
2.000020000000404252e-01
2.000019999999835818e-01
2.294709999999895444e-01
2.000019999999835818e-01
2.000009999999861066e-01
2.000029999999810570e-01
2.000000000000454747e-01
2.000010000000429500e-01
2.000040000000353757e-01
2.000009999999861066e-01
2.402680000000145810e-01
2.000030000000379005e-01
2.000010000000429500e-01
2.000030000000379005e-01
2.000010000000429500e-01
2.000020000000404252e-01
2.000009999999861066e-01
2.000020000000404252e-01
2.398009999999999309e-01
2.000009999999861066e-01
2.000029999999810570e-01
2.000009999999861066e-01
2.000050000000328509e-01
2.000009999999861066e-01
2.000019999999835818e-01
2.000010000000429500e-01
2.422009999999659158e-01
2.000019999999835818e-01
2.000019999999835818e-01
2.000009999999861066e-01
2.000039999999785323e-01
2.000009999999861066e-01
2.000040000000353757e-01
2.000039999999785323e-01
2.372900000000299769e-01
2.000029999999810570e-01
2.000009999999861066e-01
2.000009999999861066e-01
2.000029999999810570e-01
2.000039999999785323e-01
2.000000000000454747e-01
2.000010000000429500e-01
2.295540000000073633e-01
2.000049999999760075e-01
2.000009999999861066e-01
2.000020000000404252e-01
2.000019999999835818e-01
2.000049999999760075e-01
2.000330000000190012e-01
2.000009999999861066e-01
2.361950000000092587e-01
2.000029999999810570e-01
2.000019999999835818e-01
2.000030000000379005e-01
2.000019999999835818e-01
2.000020000000404252e-01
2.000010000000429500e-01
2.000029999999810570e-01
2.422279999999545907e-01
2.000029999999810570e-01
2.000029999999810570e-01
2.000009999999861066e-01
2.000000000000454747e-01
2.000040000000353757e-01
2.000009999999861066e-01
2.000019999999835818e-01
2.471269999999776701e-01
2.000030000000379005e-01
2.000030000000379005e-01
2.000019999999835818e-01
2.000019999999835818e-01
2.000019999999835818e-01
2.000019999999835818e-01
2.000019999999835818e-01
2.486410000000205400e-01
2.000009999999861066e-01
2.000039999999785323e-01
2.000019999999835818e-01
2.000040000000353757e-01
2.000009999999861066e-01
2.000010000000429500e-01
2.000040000000353757e-01
2.402439999999614884e-01
2.000020000000404252e-01
2.000019999999835818e-01
2.000019999999835818e-01
2.000029999999810570e-01
2.000019999999835818e-01
2.000009999999861066e-01
2.000010000000429500e-01
2.426009999999791944e-01
2.000009999999861066e-01
2.000039999999785323e-01
2.000019999999835818e-01
2.000040000000353757e-01
2.000000000000454747e-01
2.000030000000379005e-01
2.000019999999835818e-01
2.433550000000082036e-01
2.000009999999861066e-01
2.000000000000454747e-01
2.000020000000404252e-01
2.000039999999785323e-01
2.000009999999861066e-01
2.000009999999861066e-01
2.000010000000429500e-01
2.314460000000053697e-01
2.000039999999785323e-01
2.000029999999810570e-01
2.000019999999835818e-01
2.000030000000379005e-01
2.000019999999835818e-01
2.000019999999835818e-01
2.000019999999835818e-01
2.389610000000175205e-01
2.000029999999810570e-01
2.000029999999810570e-01
2.000010000000429500e-01
2.000039999999785323e-01
2.000039999999785323e-01
2.000039999999785323e-01
2.000039999999785323e-01
2.376300000000242107e-01
2.000009999999861066e-01
2.000010000000429500e-01
2.000030000000379005e-01
2.000009999999861066e-01
2.000019999999835818e-01
2.000009999999861066e-01
2.000030000000379005e-01
2.437279999999759639e-01
2.000009999999861066e-01
2.000039999999785323e-01
2.000000000000454747e-01
2.000029999999810570e-01
2.000039999999785323e-01
2.000019999999835818e-01
2.000029999999810570e-01
2.419309999999654792e-01
2.000009999999861066e-01
2.000009999999861066e-01
2.000039999999785323e-01
2.000040000000353757e-01
2.000020000000404252e-01
2.000000000000454747e-01
2.000029999999810570e-01
2.428009999999858337e-01
2.000030000000379005e-01
2.000029999999810570e-01
2.000019999999835818e-01
2.000040000000353757e-01
2.000010000000429500e-01
2.000039999999785323e-01
2.000029999999810570e-01
2.494490000000268992e-01
2.000029999999810570e-01
2.000030000000379005e-01
2.000000000000454747e-01
2.000019999999835818e-01
2.000039999999785323e-01
2.000009999999861066e-01
2.000039999999785323e-01
2.513680000000135806e-01
2.000019999999835818e-01
2.000009999999861066e-01
2.000029999999810570e-01
2.000039999999785323e-01
2.000029999999810570e-01
2.000029999999810570e-01
2.000009999999861066e-01
2.541789999999650718e-01
2.000010000000429500e-01
2.000019999999835818e-01
2.000009999999861066e-01
2.000039999999785323e-01
2.000029999999810570e-01
2.000019999999835818e-01
2.000029999999810570e-01
2.357759999999871070e-01
2.000039999999785323e-01
2.000010000000429500e-01
2.000040000000353757e-01
2.000020000000404252e-01
2.000019999999835818e-01
2.000019999999835818e-01
2.000009999999861066e-01
2.451320000000123400e-01
2.000039999999785323e-01
2.000039999999785323e-01
2.000009999999861066e-01
2.000019999999835818e-01
2.000010000000429500e-01
2.000030000000379005e-01
2.000010000000429500e-01
2.374140000000011241e-01
2.000040000000353757e-01
2.000020000000404252e-01
2.000030000000379005e-01
2.000000000000454747e-01
2.000019999999835818e-01
2.000029999999810570e-01
2.000019999999835818e-01
2.402450000000158070e-01
2.000020000000404252e-01
2.000010000000429500e-01
2.000029999999810570e-01
2.000039999999785323e-01
2.000009999999861066e-01
2.000039999999785323e-01
2.000020000000404252e-01
2.385450000000446380e-01
2.000009999999861066e-01
2.000009999999861066e-01
2.000020000000404252e-01
2.000040000000353757e-01
2.000140000000101281e-01
2.000039999999785323e-01
2.000010000000429500e-01
3.331310000000371474e-01
2.000019999999835818e-01
2.000030000000379005e-01
2.000039999999785323e-01
2.000029999999810570e-01
2.000019999999835818e-01
2.000009999999861066e-01
2.000039999999785323e-01
2.463480000000117798e-01
2.000030000000379005e-01
2.000029999999810570e-01
2.000039999999785323e-01
2.000030000000379005e-01
2.000009999999861066e-01
2.000019999999835818e-01
2.000029999999810570e-01
2.423229999999989559e-01
2.000030000000379005e-01
2.000009999999861066e-01
2.000009999999861066e-01
2.000029999999810570e-01
2.000030000000379005e-01
2.000040000000353757e-01
2.000010000000429500e-01
2.399330000000077234e-01
2.000039999999785323e-01
2.000030000000379005e-01
2.000009999999861066e-01
2.000019999999835818e-01
2.000009999999861066e-01
2.000030000000379005e-01
2.000030000000379005e-01
2.383409999999912543e-01
2.000039999999785323e-01
2.000009999999861066e-01
2.000009999999861066e-01
2.000039999999785323e-01
2.000009999999861066e-01
2.000039999999785323e-01
2.000009999999861066e-01
2.431149999999888678e-01
2.000009999999861066e-01
2.000009999999861066e-01
2.000019999999835818e-01
2.000019999999835818e-01
2.000019999999835818e-01
2.000009999999861066e-01
2.000010000000429500e-01
2.427950000000009823e-01
2.000029999999810570e-01
2.000009999999861066e-01
2.000039999999785323e-01
2.000019999999835818e-01
2.000039999999785323e-01
2.000029999999810570e-01
2.000090000000227519e-01
2.394930000000385917e-01
2.000009999999861066e-01
2.000039999999785323e-01
2.000029999999810570e-01
2.000029999999810570e-01
2.000029999999810570e-01
2.000029999999810570e-01
2.000009999999861066e-01
2.471019999999839456e-01
2.000039999999785323e-01
2.000039999999785323e-01
2.000009999999861066e-01
2.000019999999835818e-01
2.000030000000379005e-01
2.000020000000404252e-01
2.000029999999810570e-01
2.502069999999889660e-01
2.000019999999835818e-01
2.000009999999861066e-01
2.000030000000379005e-01
2.000039999999785323e-01
2.000030000000379005e-01
2.000029999999810570e-01
2.000030000000379005e-01
2.383990000000153486e-01
2.000020000000404252e-01
2.000039999999785323e-01
2.000029999999810570e-01
2.000040000000353757e-01
2.000009999999861066e-01
2.000039999999785323e-01
2.000039999999785323e-01
2.377710000000092805e-01
2.000040000000353757e-01
2.000020000000404252e-01
2.000029999999810570e-01
2.000020000000404252e-01
2.000039999999785323e-01
2.000019999999835818e-01
2.000019999999835818e-01
2.408479999999713073e-01
2.000029999999810570e-01
2.000009999999861066e-01
2.000020000000404252e-01
2.000009999999861066e-01
2.000029999999810570e-01
2.000029999999810570e-01
2.000000000000454747e-01
2.384119999999825268e-01
2.000019999999835818e-01
2.000039999999785323e-01
2.000029999999810570e-01
2.000000000000454747e-01
2.000029999999810570e-01
2.000020000000404252e-01
2.000009999999861066e-01
2.474530000000072505e-01
2.000030000000379005e-01
2.000029999999810570e-01
2.000009999999861066e-01
2.000009999999861066e-01
2.000019999999835818e-01
2.000000000000454747e-01
2.000020000000404252e-01
2.461780000000430846e-01
2.000020000000404252e-01
2.000029999999810570e-01
2.000030000000379005e-01
2.000009999999861066e-01
2.000029999999810570e-01
2.000009999999861066e-01
2.000039999999785323e-01
2.529499999999984539e-01
2.000010000000429500e-01
2.000019999999835818e-01
2.000029999999810570e-01
2.000019999999835818e-01
2.000039999999785323e-01
2.000000000000454747e-01
2.000020000000404252e-01
2.407829999999648862e-01
2.000000000000454747e-01
2.000029999999810570e-01
2.000030000000379005e-01
2.000029999999810570e-01
2.000000000000454747e-01
2.000019999999835818e-01
2.000039999999785323e-01
2.488299999999981083e-01
2.000000000000454747e-01
2.000009999999861066e-01
2.000019999999835818e-01
2.000029999999810570e-01
2.000030000000379005e-01
2.000029999999810570e-01
2.000019999999835818e-01
2.370260000000143918e-01
2.000019999999835818e-01
2.000030000000379005e-01
2.000019999999835818e-01
2.000009999999861066e-01
2.000020000000404252e-01
2.000029999999810570e-01
2.000039999999785323e-01
2.415930000000230393e-01
2.000039999999785323e-01
2.000009999999861066e-01
2.000009999999861066e-01
2.000029999999810570e-01
2.000029999999810570e-01
2.000000000000454747e-01
2.000019999999835818e-01
2.417489999999702377e-01
2.000040000000353757e-01
2.000019999999835818e-01
2.000030000000379005e-01
2.000030000000379005e-01
2.000009999999861066e-01
2.000029999999810570e-01
2.000019999999835818e-01
2.456650000000308864e-01
2.000009999999861066e-01
2.000039999999785323e-01
2.000019999999835818e-01
2.000029999999810570e-01
2.000039999999785323e-01
2.000009999999861066e-01
2.000019999999835818e-01
2.449430000000347718e-01
2.000019999999835818e-01
2.000019999999835818e-01
2.000020000000404252e-01
2.000009999999861066e-01
2.000029999999810570e-01
2.000010000000429500e-01
2.000030000000379005e-01
2.381280000000174368e-01
2.000029999999810570e-01
2.000020000000404252e-01
2.000019999999835818e-01
2.000029999999810570e-01
2.000010000000429500e-01
2.000019999999835818e-01
2.000019999999835818e-01
2.379210000000284708e-01
2.000030000000379005e-01
2.000039999999785323e-01
2.000019999999835818e-01
2.000019999999835818e-01
2.000010000000429500e-01
2.000029999999810570e-01
2.000040000000353757e-01
2.447419999999738138e-01
2.000039999999785323e-01
2.000019999999835818e-01
2.000040000000353757e-01
2.000009999999861066e-01
2.000019999999835818e-01
2.000020000000404252e-01
2.000029999999810570e-01
2.504759999999919273e-01
2.000030000000379005e-01
2.000009999999861066e-01
2.000019999999835818e-01
2.000029999999810570e-01
2.000010000000429500e-01
2.000009999999861066e-01
2.000029999999810570e-01
2.449370000000499203e-01
2.000019999999835818e-01
2.000009999999861066e-01
2.000009999999861066e-01
2.000030000000379005e-01
2.000019999999835818e-01
2.000029999999810570e-01
2.000040000000353757e-01
2.404660000000262698e-01
2.000029999999810570e-01
2.000030000000379005e-01
2.000030000000379005e-01
2.000009999999861066e-01
2.000020000000404252e-01
2.000019999999835818e-01
2.000039999999785323e-01
2.457099999999741158e-01
2.000019999999835818e-01
2.000020000000404252e-01
2.000039999999785323e-01
2.000010000000429500e-01
2.000029999999810570e-01
2.000010000000429500e-01
2.000000000000454747e-01
2.364870000000109940e-01
2.000019999999835818e-01
2.000020000000404252e-01
2.000029999999810570e-01
2.421919999999886386e-01
2.000019999999835818e-01
2.000029999999810570e-01
2.000029999999810570e-01
2.400279999999952452e-01
2.000040000000353757e-01
2.000000000000454747e-01
2.000029999999810570e-01
2.000010000000429500e-01
2.000019999999835818e-01
2.000019999999835818e-01
2.000019999999835818e-01
2.383079999999608845e-01
2.000029999999810570e-01
2.000010000000429500e-01
2.000039999999785323e-01
2.000039999999785323e-01
2.000039999999785323e-01
2.000000000000454747e-01
2.000040000000353757e-01
2.380839999999579959e-01
2.000039999999785323e-01
2.000019999999835818e-01
2.000019999999835818e-01
2.000039999999785323e-01
2.000019999999835818e-01
2.000029999999810570e-01
2.000019999999835818e-01
2.363940000000184227e-01
2.000019999999835818e-01
2.000029999999810570e-01
2.000040000000353757e-01
2.000010000000429500e-01
2.000009999999861066e-01
2.000009999999861066e-01
2.000059999999734828e-01
2.343159999999784304e-01
2.000039999999785323e-01
2.000019999999835818e-01
2.000030000000379005e-01
2.000010000000429500e-01
2.000029999999810570e-01
2.000029999999810570e-01
2.000029999999810570e-01
2.515839999999798238e-01
2.000010000000429500e-01
2.000039999999785323e-01
2.000009999999861066e-01
2.000029999999810570e-01
2.000000000000454747e-01
2.000029999999810570e-01
2.000039999999785323e-01
2.503899999999816828e-01
2.000019999999835818e-01
2.000020000000404252e-01
2.000039999999785323e-01
2.000030000000379005e-01
2.000039999999785323e-01
2.000039999999785323e-01
2.000000000000454747e-01
2.374330000000099972e-01
2.000009999999861066e-01
2.000029999999810570e-01
2.000010000000429500e-01
2.000009999999861066e-01
2.000059999999734828e-01
2.000019999999835818e-01
2.000009999999861066e-01
2.507190000000036889e-01
2.000029999999810570e-01
2.000019999999835818e-01
2.000039999999785323e-01
2.000009999999861066e-01
2.000000000000454747e-01
2.000029999999810570e-01
2.000009999999861066e-01
2.337840000000142027e-01
2.000019999999835818e-01
2.000009999999861066e-01
2.000019999999835818e-01
2.000029999999810570e-01
2.000030000000379005e-01
2.000010000000429500e-01
2.000029999999810570e-01
2.450650000000109685e-01
2.000080000000252767e-01
2.000029999999810570e-01
2.000029999999810570e-01
2.000029999999810570e-01
2.000030000000379005e-01
2.000009999999861066e-01
2.000009999999861066e-01
2.361220000000230357e-01
2.000029999999810570e-01
2.000000000000454747e-01
2.000019999999835818e-01
2.000019999999835818e-01
2.000010000000429500e-01
2.000009999999861066e-01
2.000019999999835818e-01
2.459039999999959036e-01
2.000009999999861066e-01
2.000019999999835818e-01
2.000029999999810570e-01
2.000009999999861066e-01
2.000020000000404252e-01
2.000040000000353757e-01
2.000029999999810570e-01
2.319930000000454129e-01
2.000010000000429500e-01
2.000030000000379005e-01
2.000029999999810570e-01
2.000000000000454747e-01
2.000030000000379005e-01
2.000009999999861066e-01
2.000019999999835818e-01
2.457839999999578140e-01
2.000039999999785323e-01
2.000009999999861066e-01
2.000009999999861066e-01
2.000039999999785323e-01
2.000030000000379005e-01
2.000019999999835818e-01
2.000039999999785323e-01
2.441460000000006403e-01
2.000040000000353757e-01
2.000029999999810570e-01
2.000039999999785323e-01
2.000029999999810570e-01
2.000019999999835818e-01
2.000000000000454747e-01
2.000030000000379005e-01
2.459210000000098262e-01
2.000029999999810570e-01
2.000019999999835818e-01
2.000019999999835818e-01
2.000030000000379005e-01
2.000010000000429500e-01
2.000029999999810570e-01
2.000029999999810570e-01
2.364689999999995962e-01
2.000030000000379005e-01
2.000009999999861066e-01
2.000039999999785323e-01
2.000039999999785323e-01
2.000029999999810570e-01
2.000029999999810570e-01
2.000019999999835818e-01
2.383340000000089276e-01
2.000019999999835818e-01
2.000010000000429500e-01
2.000009999999861066e-01
2.000019999999835818e-01
2.000030000000379005e-01
2.000019999999835818e-01
2.000009999999861066e-01
2.524259999999571846e-01
2.000019999999835818e-01
2.000040000000353757e-01
2.000019999999835818e-01
2.000029999999810570e-01
2.000009999999861066e-01
2.000010000000429500e-01
2.000020000000404252e-01
2.432190000000105101e-01
2.000029999999810570e-01
2.000009999999861066e-01
2.000019999999835818e-01
2.000039999999785323e-01
2.000029999999810570e-01
2.000009999999861066e-01
2.000009999999861066e-01
3.142530000000078871e-01
2.000009999999861066e-01
2.000009999999861066e-01
2.000030000000379005e-01
2.000000000000454747e-01
2.000019999999835818e-01
2.000009999999861066e-01
2.000029999999810570e-01
2.351090000000226610e-01
2.000009999999861066e-01
2.000029999999810570e-01
2.000019999999835818e-01
2.000040000000353757e-01
2.000029999999810570e-01
2.000019999999835818e-01
2.000019999999835818e-01
2.473009999999931097e-01
2.000029999999810570e-01
2.000019999999835818e-01
2.000029999999810570e-01
2.000029999999810570e-01
2.000000000000454747e-01
2.000029999999810570e-01
2.000009999999861066e-01
2.435919999999782704e-01
2.000019999999835818e-01
2.000010000000429500e-01
2.000009999999861066e-01
2.000019999999835818e-01
2.000029999999810570e-01
2.000020000000404252e-01
2.000019999999835818e-01
2.453840000000013788e-01
2.000030000000379005e-01
2.000019999999835818e-01
2.000039999999785323e-01
2.000019999999835818e-01
2.000029999999810570e-01
2.000010000000429500e-01
2.000009999999861066e-01
2.376530000000229848e-01
2.000030000000379005e-01
2.000009999999861066e-01
2.000030000000379005e-01
2.000009999999861066e-01
2.000030000000379005e-01
2.000029999999810570e-01
2.000029999999810570e-01
2.317620000000033542e-01
2.000030000000379005e-01
2.000009999999861066e-01
2.000019999999835818e-01
2.000009999999861066e-01
2.000009999999861066e-01
2.000030000000379005e-01
2.000029999999810570e-01
2.505179999999995744e-01
2.000040000000353757e-01
2.000000000000454747e-01
2.000020000000404252e-01
2.000010000000429500e-01
2.000000000000454747e-01
2.000000000000454747e-01
2.000009999999292631e-01
2.369340000000192958e-01
2.000009999999292631e-01
2.000009999999292631e-01
2.000000000000454747e-01
2.000019999999267384e-01
2.000039999999216889e-01
2.000000000000454747e-01
2.000009999999292631e-01
2.476290000000744840e-01
2.000020000000404252e-01
2.000009999999292631e-01
2.000000000000454747e-01
2.000009999999292631e-01
2.000010000000429500e-01
2.000009999999292631e-01
2.000039999999216889e-01
2.402309999999943102e-01
2.000009999999292631e-01
2.000019999999267384e-01
2.000009999999292631e-01
2.000009999999292631e-01
2.000010000000429500e-01
2.000020000000404252e-01
2.000009999999292631e-01
2.534249999999929059e-01
2.000039999999216889e-01
2.000000000000454747e-01
2.000019999999267384e-01
2.000020000000404252e-01
2.000020000000404252e-01
2.000040000000353757e-01
2.000000000000454747e-01
2.443939999999429347e-01
2.000020000000404252e-01
2.000010000000429500e-01
2.000039999999216889e-01
2.000029999999242136e-01
2.000010000000429500e-01
2.000030000000379005e-01
2.000009999999292631e-01
2.413700000000744694e-01
2.000019999999267384e-01
2.000000000000454747e-01
2.000020000000404252e-01
2.000000000000454747e-01
2.000029999999242136e-01
2.000010000000429500e-01
2.000000000000454747e-01
2.339869999999564243e-01
2.000019999999267384e-01
2.000030000000379005e-01
2.000030000000379005e-01
2.000030000000379005e-01
2.000020000000404252e-01
2.000020000000404252e-01
2.000009999999292631e-01
2.361079999999446954e-01
2.000000000000454747e-01
2.000010000000429500e-01
2.000029999999242136e-01
2.000020000000404252e-01
2.000010000000429500e-01
2.000030000000379005e-01
2.000010000000429500e-01
2.481119999999918946e-01
2.000039999999216889e-01
2.000029999999242136e-01
2.000020000000404252e-01
2.000029999999242136e-01
2.000020000000404252e-01
2.000029999999242136e-01
2.000020000000404252e-01
2.432009999999991123e-01
2.000030000000379005e-01
2.000030000000379005e-01
2.000030000000379005e-01
2.000010000000429500e-01
2.000039999999216889e-01
2.000030000000379005e-01
2.000030000000379005e-01
2.379760000000032960e-01
2.000000000000454747e-01
2.000000000000454747e-01
2.000010000000429500e-01
2.000030000000379005e-01
2.000030000000379005e-01
2.000030000000379005e-01
2.000020000000404252e-01
2.416849999999612919e-01
2.000020000000404252e-01
2.000010000000429500e-01
2.000020000000404252e-01
2.000009999999292631e-01
2.000020000000404252e-01
2.000030000000379005e-01
2.000020000000404252e-01
2.359950000000026193e-01
2.000000000000454747e-01
2.000029999999242136e-01
2.000030000000379005e-01
2.000000000000454747e-01
2.000020000000404252e-01
2.000010000000429500e-01
2.000010000000429500e-01
2.482189999999491192e-01
2.000009999999292631e-01
2.000030000000379005e-01
2.000009999999292631e-01
2.000020000000404252e-01
2.000030000000379005e-01
2.000019999999267384e-01
2.000009999999292631e-01
2.395779999999376741e-01
2.000030000000379005e-01
2.000010000000429500e-01
2.000010000000429500e-01
2.000020000000404252e-01
2.000039999999216889e-01
2.000040000000353757e-01
2.000000000000454747e-01
2.440839999999298016e-01
2.000030000000379005e-01
2.000040000000353757e-01
2.000010000000429500e-01
2.000029999999242136e-01
2.000030000000379005e-01
2.000020000000404252e-01
2.000000000000454747e-01
2.455650000000559885e-01
2.000019999999267384e-01
2.000009999999292631e-01
2.000000000000454747e-01
2.000020000000404252e-01
2.000000000000454747e-01
2.000010000000429500e-01
2.000029999999242136e-01
2.427390000000286818e-01
2.000019999999267384e-01
2.000030000000379005e-01
2.000039999999216889e-01
2.000009999999292631e-01
2.000010000000429500e-01
2.000029999999242136e-01
2.000010000000429500e-01
2.415479999999661231e-01
2.000020000000404252e-01
2.000009999999292631e-01
2.000040000000353757e-01
2.000009999999292631e-01
2.000020000000404252e-01
2.000020000000404252e-01
2.000020000000404252e-01
2.374340000000074724e-01
2.000000000000454747e-01
2.000030000000379005e-01
2.000020000000404252e-01
2.000010000000429500e-01
2.000020000000404252e-01
2.000000000000454747e-01
2.000020000000404252e-01
2.427289999999402426e-01
2.000030000000379005e-01
2.000019999999267384e-01
2.000040000000353757e-01
2.000039999999216889e-01
2.000029999999242136e-01
2.000009999999292631e-01
2.000029999999242136e-01
2.426249999999754436e-01
2.000049999999191641e-01
2.000009999999292631e-01
2.000040000000353757e-01
2.000020000000404252e-01
2.000039999999216889e-01
2.000030000000379005e-01
2.369869999999991705e-01
2.408580000000029031e-01
2.000039999999216889e-01
2.000030000000379005e-01
2.000020000000404252e-01
2.000000000000454747e-01
2.000010000000429500e-01
2.000019999999267384e-01
2.000019999999267384e-01
2.563539999999875363e-01
2.000010000000429500e-01
2.000040000000353757e-01
2.000000000000454747e-01
2.000039999999216889e-01
2.000039999999216889e-01
2.000010000000429500e-01
2.000030000000379005e-01
2.454589999999825523e-01
2.000019999999267384e-01
2.000020000000404252e-01
2.000019999999267384e-01
2.000020000000404252e-01
2.000030000000379005e-01
2.000020000000404252e-01
2.000029999999242136e-01
2.496719999999186257e-01
2.000009999999292631e-01
2.000009999999292631e-01
2.000030000000379005e-01
2.000030000000379005e-01
2.000040000000353757e-01
2.000000000000454747e-01
2.000020000000404252e-01
2.427739999999403153e-01
2.000010000000429500e-01
2.000010000000429500e-01
2.000009999999292631e-01
2.000020000000404252e-01
2.000020000000404252e-01
2.000010000000429500e-01
2.000020000000404252e-01
2.423029999999926076e-01
2.000010000000429500e-01
2.000010000000429500e-01
2.000000000000454747e-01
2.000000000000454747e-01
2.000020000000404252e-01
2.000000000000454747e-01
2.000020000000404252e-01
2.440840000000434884e-01
2.000040000000353757e-01
2.000010000000429500e-01
2.000010000000429500e-01
2.000020000000404252e-01
2.000020000000404252e-01
2.000009999999292631e-01
2.000019999999267384e-01
2.530659999999897991e-01
2.000010000000429500e-01
2.000010000000429500e-01
2.000010000000429500e-01
2.000020000000404252e-01
2.000010000000429500e-01
2.000010000000429500e-01
2.000030000000379005e-01
2.476639999999861175e-01
2.000009999999292631e-01
2.000029999999242136e-01
2.000030000000379005e-01
2.000039999999216889e-01
2.000010000000429500e-01
2.000000000000454747e-01
2.000030000000379005e-01
2.420510000000604123e-01
2.000030000000379005e-01
2.000030000000379005e-01
2.000030000000379005e-01
2.000020000000404252e-01
2.000009999999292631e-01
2.000020000000404252e-01
2.000009999999292631e-01
2.411889999999630163e-01
2.000009999999292631e-01
2.000020000000404252e-01
2.000030000000379005e-01
2.000000000000454747e-01
2.000010000000429500e-01
2.000009999999292631e-01
2.000020000000404252e-01
2.420650000000250657e-01
2.000020000000404252e-01
2.000000000000454747e-01
2.000009999999292631e-01
2.000019999999267384e-01
2.000010000000429500e-01
2.000020000000404252e-01
2.000009999999292631e-01
2.504979999999932261e-01
2.000030000000379005e-01
2.000000000000454747e-01
2.000000000000454747e-01
2.000030000000379005e-01
2.000029999999242136e-01
2.000030000000379005e-01
2.000039999999216889e-01
2.351029999999809661e-01
2.000009999999292631e-01
2.000020000000404252e-01
2.000000000000454747e-01
2.000010000000429500e-01
2.000039999999216889e-01
2.000030000000379005e-01
2.000000000000454747e-01
2.439160000000129003e-01
2.000019999999267384e-01
2.000010000000429500e-01
2.000010000000429500e-01
2.000000000000454747e-01
2.000000000000454747e-01
2.000020000000404252e-01
2.000010000000429500e-01
2.515819999999848733e-01
2.000030000000379005e-01
2.000000000000454747e-01
2.000020000000404252e-01
2.000020000000404252e-01
2.000020000000404252e-01
2.000040000000353757e-01
2.000029999999242136e-01
2.490609999999833235e-01
2.000000000000454747e-01
2.000009999999292631e-01
2.000009999999292631e-01
2.000020000000404252e-01
2.000020000000404252e-01
2.000009999999292631e-01
2.000030000000379005e-01
2.390689999999722204e-01
2.000000000000454747e-01
2.000019999999267384e-01
2.000030000000379005e-01
2.000020000000404252e-01
2.000039999999216889e-01
2.000009999999292631e-01
2.000020000000404252e-01
2.426700000000892032e-01
2.000039999999216889e-01
2.000020000000404252e-01
2.000010000000429500e-01
2.000010000000429500e-01
2.000009999999292631e-01
2.000000000000454747e-01
2.000010000000429500e-01
2.395270000000664368e-01
2.000000000000454747e-01
2.000010000000429500e-01
2.000019999999267384e-01
2.000029999999242136e-01
2.000009999999292631e-01
2.000010000000429500e-01
2.000020000000404252e-01
2.432660000000623768e-01
2.000020000000404252e-01
2.000020000000404252e-01
2.000020000000404252e-01
2.000030000000379005e-01
2.000020000000404252e-01
2.000019999999267384e-01
2.000030000000379005e-01
2.362029999999322172e-01
2.000010000000429500e-01
2.000020000000404252e-01
2.000029999999242136e-01
2.000010000000429500e-01
2.000010000000429500e-01
2.000030000000379005e-01
2.000019999999267384e-01
2.369410000000016225e-01
2.000019999999267384e-01
2.000000000000454747e-01
2.000009999999292631e-01
2.000040000000353757e-01
2.000009999999292631e-01
2.000020000000404252e-01
2.000030000000379005e-01
2.337609999999585852e-01
2.000010000000429500e-01
2.000010000000429500e-01
2.000029999999242136e-01
2.000019999999267384e-01
2.000020000000404252e-01
2.000000000000454747e-01
2.000019999999267384e-01
2.375960000000532091e-01
2.000009999999292631e-01
2.000019999999267384e-01
2.000020000000404252e-01
2.000000000000454747e-01
2.000009999999292631e-01
2.000009999999292631e-01
2.000009999999292631e-01
2.493790000000899454e-01
2.000029999999242136e-01
2.000000000000454747e-01
2.000019999999267384e-01
2.000029999999242136e-01
2.000000000000454747e-01
2.000010000000429500e-01
2.000010000000429500e-01
2.383899999999812280e-01
2.000020000000404252e-01
2.000020000000404252e-01
2.000020000000404252e-01
2.000019999999267384e-01
2.000009999999292631e-01
2.000029999999242136e-01
2.000030000000379005e-01
2.374990000000707369e-01
2.000039999999216889e-01
2.000019999999267384e-01
2.000010000000429500e-01
2.000030000000379005e-01
2.000020000000404252e-01
2.000030000000379005e-01
2.000010000000429500e-01
2.398480000000517975e-01
2.000039999999216889e-01
2.000000000000454747e-01
2.000010000000429500e-01
2.000009999999292631e-01
2.000009999999292631e-01
2.000010000000429500e-01
2.000030000000379005e-01
2.354829999999310530e-01
2.000029999999242136e-01
2.000030000000379005e-01
2.000019999999267384e-01
2.000020000000404252e-01
2.000020000000404252e-01
2.000020000000404252e-01
2.000020000000404252e-01
2.382840000000214786e-01
2.000009999999292631e-01
2.000030000000379005e-01
2.000020000000404252e-01
2.000020000000404252e-01
2.000009999999292631e-01
2.000030000000379005e-01
2.000010000000429500e-01
2.417000000000371074e-01
2.000090000000227519e-01
2.000039999999216889e-01
2.000039999999216889e-01
2.000030000000379005e-01
2.000030000000379005e-01
2.000030000000379005e-01
2.000000000000454747e-01
2.351780000000189830e-01
2.000020000000404252e-01
2.000020000000404252e-01
2.000020000000404252e-01
2.000019999999267384e-01
2.000000000000454747e-01
2.000029999999242136e-01
2.000020000000404252e-01
2.504150000000890941e-01
2.000039999999216889e-01
2.000020000000404252e-01
2.000020000000404252e-01
2.000000000000454747e-01
2.000030000000379005e-01
2.000010000000429500e-01
2.000010000000429500e-01
2.505449999999882493e-01
2.000009999999292631e-01
2.000020000000404252e-01
2.000009999999292631e-01
2.000019999999267384e-01
2.000000000000454747e-01
2.000020000000404252e-01
2.000019999999267384e-01
2.459999999999809006e-01
2.000010000000429500e-01
2.000029999999242136e-01
2.000000000000454747e-01
2.000019999999267384e-01
2.000010000000429500e-01
2.000000000000454747e-01
2.000020000000404252e-01
2.393329999999878055e-01
2.000039999999216889e-01
2.000020000000404252e-01
2.000000000000454747e-01
2.000020000000404252e-01
2.000030000000379005e-01
2.000000000000454747e-01
2.000000000000454747e-01
2.406760000000076616e-01
2.000000000000454747e-01
2.000020000000404252e-01
2.000029999999242136e-01
2.000009999999292631e-01
2.000020000000404252e-01
2.000010000000429500e-01
2.000010000000429500e-01
2.504920000000083746e-01
2.301489999999830616e-01
2.000020000000404252e-01
2.000010000000429500e-01
2.000030000000379005e-01
2.000020000000404252e-01
2.000010000000429500e-01
2.000039999999216889e-01
2.435770000000729851e-01
2.000020000000404252e-01
2.000020000000404252e-01
2.000029999999242136e-01
2.000020000000404252e-01
2.000000000000454747e-01
2.000030000000379005e-01
2.000020000000404252e-01
2.398650000000088767e-01
2.000000000000454747e-01
2.000020000000404252e-01
2.000009999999292631e-01
2.000010000000429500e-01
2.000010000000429500e-01
2.202159999999366846e-01
2.000010000000429500e-01
2.355999999999767169e-01
2.000009999999292631e-01
2.000020000000404252e-01
2.000040000000353757e-01
2.000009999999292631e-01
2.000000000000454747e-01
2.000030000000379005e-01
2.000000000000454747e-01
2.427480000000059590e-01
2.000039999999216889e-01
2.000030000000379005e-01
2.000010000000429500e-01
2.000019999999267384e-01
2.000019999999267384e-01
2.000000000000454747e-01
2.000040000000353757e-01
2.418490000000019791e-01
2.000020000000404252e-01
2.000020000000404252e-01
2.000059999999166394e-01
2.440540000000055443e-01
2.000020000000404252e-01
2.000020000000404252e-01
2.000039999999216889e-01
2.367699999999786087e-01
2.000020000000404252e-01
2.000000000000454747e-01
2.000029999999242136e-01
2.000019999999267384e-01
2.000029999999242136e-01
2.000020000000404252e-01
2.000010000000429500e-01
2.369169999999485299e-01
2.000020000000404252e-01
2.000020000000404252e-01
2.000010000000429500e-01
2.000030000000379005e-01
2.000029999999242136e-01
2.000010000000429500e-01
2.000010000000429500e-01
2.397939999999607608e-01
2.000019999999267384e-01
2.000020000000404252e-01
2.000030000000379005e-01
2.000030000000379005e-01
2.000000000000454747e-01
2.000010000000429500e-01
2.000020000000404252e-01
2.481860000000324362e-01
2.000030000000379005e-01
2.000030000000379005e-01
2.000039999999216889e-01
2.000029999999242136e-01
2.000010000000429500e-01
2.000019999999267384e-01
2.000039999999216889e-01
2.490310000000590662e-01
2.000010000000429500e-01
2.000020000000404252e-01
2.000009999999292631e-01
2.000020000000404252e-01
2.000030000000379005e-01
2.000030000000379005e-01
2.000010000000429500e-01
2.412849999999480133e-01
2.000020000000404252e-01
2.000010000000429500e-01
2.000000000000454747e-01
2.000020000000404252e-01
2.000020000000404252e-01
2.000020000000404252e-01
2.000009999999292631e-01
2.439529999999194843e-01
2.000000000000454747e-01
2.000029999999242136e-01
2.000030000000379005e-01
2.000000000000454747e-01
2.000000000000454747e-01
2.000019999999267384e-01
2.000010000000429500e-01
2.340279999999665961e-01
2.000030000000379005e-01
2.000019999999267384e-01
2.000010000000429500e-01
2.000030000000379005e-01
2.000029999999242136e-01
2.000030000000379005e-01
2.000000000000454747e-01
2.344110000000227956e-01
2.000000000000454747e-01
2.000019999999267384e-01
2.000029999999242136e-01
2.000020000000404252e-01
2.000000000000454747e-01
2.000020000000404252e-01
2.000009999999292631e-01
2.437469999999848369e-01
2.000010000000429500e-01
2.000019999999267384e-01
2.000020000000404252e-01
2.000019999999267384e-01
2.000009999999292631e-01
2.000030000000379005e-01
2.000010000000429500e-01
2.485560000000077707e-01
2.000029999999242136e-01
2.000020000000404252e-01
2.000010000000429500e-01
2.000029999999242136e-01
2.000030000000379005e-01
2.000030000000379005e-01
2.000010000000429500e-01
2.446899999999914144e-01
2.000020000000404252e-01
2.000009999999292631e-01
2.000010000000429500e-01
2.000010000000429500e-01
2.000009999999292631e-01
2.000010000000429500e-01
2.000020000000404252e-01
