# Rotation Matrix timer: 2017-12-12 17:16:46.807839
2.326999999999967983e-03
9.209999999999496367e-04
1.019999999999576801e-03
8.220000000012106511e-04
7.979999999996323368e-04
8.160000000003719833e-04
7.500000000000284217e-04
8.110000000023376288e-04
7.969999999986043804e-04
8.000000000016882495e-04
7.359999999998478870e-04
7.999999999981355359e-04
7.559999999990907327e-04
7.710000000002992238e-04
7.560000000026434464e-04
8.089999999967290023e-04
1.581000000001608896e-03
1.705999999998653038e-03
7.749999999973056219e-04
7.820000000009486030e-04
9.659999999982460395e-04
7.909999999995420694e-04
7.470000000040499799e-04
7.520000000056370482e-04
7.909999999995420694e-04
1.615000000001032276e-03
8.119999999962601578e-04
1.108000000002107299e-03
7.570000000072241164e-04
8.029999999905612640e-04
7.370000000008758434e-04
1.284999999995761755e-03
7.569999999930132617e-04
1.271000000002686647e-03
7.710000000002992238e-04
1.071999999993522579e-03
1.303000000007159542e-03
7.969999999914989530e-04
7.750000000044110493e-04
9.249999999951796781e-04
7.700000000028239810e-04
7.999999999981355359e-04
7.630000000062864274e-04
7.820000000009486030e-04
7.669999999961873982e-04
7.519999999914261934e-04
1.123999999990132892e-03
7.530000000031122909e-04
8.300000000076579454e-04
8.929999999907067831e-04
7.449999999948886398e-04
7.929999999873871275e-04
7.599999999854389898e-04
7.769999999993615347e-04
9.180000000128529791e-04
7.739999999785140972e-04
7.709999999860883690e-04
7.590000000163854565e-04
7.650000000012369128e-04
7.890000000259078661e-04
7.659999999987121555e-04
7.980000000031850504e-04
8.919999999932315404e-04
7.600000000138606993e-04
7.520000000056370482e-04
7.160000000112631824e-04
9.240000000261261448e-04
8.320000000026084308e-04
7.579999999904885044e-04
7.429999999999381544e-04
1.050999999989699063e-03
7.569999999930132617e-04
7.799999999917872628e-04
7.799999999917872628e-04
7.650000000012369128e-04
7.949999999823376129e-04
7.609999999829142325e-04
8.050000000139334588e-04
1.621999999997569830e-03
7.830000000126347004e-04
8.119999999962601578e-04
1.684000000011565135e-03
8.009999999956107786e-04
8.789999999976316758e-04
7.250000000169620762e-04
7.970000000057098077e-04
7.630000000062864274e-04
7.520000000056370482e-04
8.090000000038344297e-04
7.750000000044110493e-04
7.950000000107593223e-04
7.829999999842129910e-04
8.680000000254040060e-04
7.540000000005875336e-04
8.760000000052059477e-04
7.760000000018862920e-04
7.939999999848623702e-04
7.910000000208583515e-04
7.769999999993615347e-04
8.040000000164582161e-04
7.840000000101099431e-04
7.759999999734645826e-04
8.000000000265572453e-04
7.630000000062864274e-04
7.770000000277832441e-04
7.560000000239597284e-04
7.699999999886131263e-04
7.560000000239597284e-04
7.889999999974861566e-04
7.719999999835636117e-04
7.479999999873143679e-04
9.330000000318250386e-04
8.169999999836363713e-04
7.809999999608407961e-04
8.290000000101827027e-04
7.449999999948886398e-04
7.459999999923638825e-04
7.740000000353575160e-04
1.206000000024687324e-03
1.591000000018993887e-03
7.969999999772880983e-04
8.170000000404797902e-04
8.839999999850078893e-04
7.560000000239597284e-04
7.699999999886131263e-04
7.939999999848623702e-04
8.310000000051331881e-04
8.050000000139334588e-04
7.519999999772153387e-04
8.199999999760620994e-04
1.576000000000021828e-03
8.080000000063591870e-04
8.070000000088839442e-04
7.880000000000109139e-04
8.690000000228792487e-04
8.379999999874598871e-04
7.870000000025356712e-04
1.588000000026568159e-03
8.230000000253312464e-04
7.719999999835636117e-04
7.509999999797400960e-04
7.550000000264844857e-04
8.310000000051331881e-04
7.610000000113359420e-04
9.550000000331237970e-04
7.790000000227337296e-04
7.749999999759893399e-04
9.089999999787323759e-04
8.080000000063591870e-04
7.460000000492073013e-04
7.390000000100371835e-04
7.580000000189102138e-04
7.779999999684150680e-04
7.830000000126347004e-04
7.760000000303080014e-04
7.509999999797400960e-04
7.620000000088111847e-04
7.659999999987121555e-04
7.570000000214349711e-04
7.739999999785140972e-04
7.669999999961873982e-04
1.635000000021591404e-03
7.800000000202089723e-04
7.609999999544925231e-04
7.660000000555555744e-04
7.640000000037616701e-04
7.570000000214349711e-04
7.929999999873871275e-04
7.809999999608407961e-04
1.042999999981475412e-03
7.530000000315340003e-04
7.959999999798128556e-04
7.750000000328327587e-04
7.830000000126347004e-04
8.520000000089567038e-04
7.929999999873871275e-04
7.770000000277832441e-04
7.899999999949613994e-04
7.860000000050604285e-04
7.710000000429317879e-04
7.679999999936626409e-04
7.760000000303080014e-04
7.580000000189102138e-04
7.830000000126347004e-04
7.550000000264844857e-04
7.259999999860156095e-04
8.320000000026084308e-04
7.790000000227337296e-04
8.060000000114087015e-04
7.990000000290820026e-04
7.710000000429317879e-04
7.439999999974133971e-04
8.780000000001564331e-04
7.419999999456194928e-04
7.820000000151594577e-04
7.539999999721658241e-04
7.540000000290092430e-04
8.530000000064319465e-04
7.419999999456194928e-04
7.129999999051506165e-04
7.640000000037616701e-04
1.006000000074891432e-03
7.560000000239597284e-04
1.614000000017767888e-03
7.540000000290092430e-04
7.579999999052233761e-04
1.579999999989922799e-03
8.569999999963329174e-04
8.019999999078208930e-04
7.540000000290092430e-04
7.730000000947256922e-04
8.349999999381907401e-04
7.910000000492800609e-04
7.540000000290092430e-04
7.859999999482170097e-04
7.610000000113359420e-04
8.340000000544023351e-04
7.600000000138606993e-04
7.939999999280189513e-04
8.719999999584615580e-04
7.509999999228966772e-04
8.129999999937354005e-04
7.879999999431674951e-04
7.769999999709398253e-04
7.829999999557912815e-04
7.520000000340587576e-04
8.970000000090294634e-04
8.830000000443760655e-04
7.930000000442305463e-04
7.749999999759893399e-04
7.589999999026986188e-04
7.600000000138606993e-04
7.520000000340587576e-04
7.729999999810388545e-04
7.970000000341315172e-04
7.620000000088111847e-04
7.840000000669533620e-04
8.349999999381907401e-04
7.669999999961873982e-04
7.550000000264844857e-04
7.360000000744548743e-04
7.580000000189102138e-04
7.509999999228966772e-04
7.540000000290092430e-04
7.580000000189102138e-04
7.510000000365835149e-04
7.729999999810388545e-04
8.030000000189829734e-04
7.610000000113359420e-04
7.729999999810388545e-04
9.349999999130886863e-04
8.010000000240324880e-04
8.990000000039799488e-04
8.540000000039071892e-04
7.759999999734645826e-04
7.729999999810388545e-04
7.249999999885403668e-04
8.109999999987849151e-04
8.450000000266300049e-04
7.719999999835636117e-04
7.819999999583160388e-04
7.570000000214349711e-04
7.540000000290092430e-04
8.810000000494255801e-04
7.600000000138606993e-04
8.030000000189829734e-04
8.430000000316795195e-04
7.999999999128704076e-04
9.089999999787323759e-04
7.600000000138606993e-04
7.839999999532665242e-04
8.159999999861611286e-04
7.500000000391082722e-04
8.429999999179926817e-04
7.560000000239597284e-04
8.150000001023727236e-04
