# Image grab timer: 2017-12-12 17:25:29.530308
1.066600000000000326e-01
2.327107999999999954e+00
2.591727000000000114e+00
2.858913000000000260e+00
2.591152000000001010e+00
2.583002000000000464e+00
2.597588000000001784e+00
2.591897999999996927e+00
2.586954999999999671e+00
2.583467999999999876e+00
2.592501000000002165e+00
2.590844000000000591e+00
2.601599000000000217e+00
2.595473999999995840e+00
2.605165999999996984e+00
2.590563000000003058e+00
2.602719000000000449e+00
2.593823000000000434e+00
2.596414000000002886e+00
2.585771999999998627e+00
2.584887999999999408e+00
2.599139000000000976e+00
2.604306999999998595e+00
2.597698000000001173e+00
2.596172000000002811e+00
2.604962000000000444e+00
2.581790999999995506e+00
2.607681999999996947e+00
2.595002999999991289e+00
2.581840999999997166e+00
2.591241000000010786e+00
2.603228000000001430e+00
2.596081999999995560e+00
2.588407000000003677e+00
2.598078999999998473e+00
2.598761999999993577e+00
2.597029999999989514e+00
2.586196000000001050e+00
2.591565000000002783e+00
2.623114000000001056e+00
2.644137000000000626e+00
2.578794000000002029e+00
2.591307000000000471e+00
2.586439999999996076e+00
2.586099000000004366e+00
2.588973999999993225e+00
2.640182999999993285e+00
2.597471999999996228e+00
2.596308999999990874e+00
2.636952000000007956e+00
2.592916999999999916e+00
2.598164999999994507e+00
2.597158999999976459e+00
2.607428999999996222e+00
2.596627000000012231e+00
2.598544000000003962e+00
2.595995999999985315e+00
2.582573999999993930e+00
2.600503000000003340e+00
2.610393000000016173e+00
2.599997999999999365e+00
2.606879000000020596e+00
2.593887999999992644e+00
2.589633999999989555e+00
2.586389999999994416e+00
2.576479000000006181e+00
2.587243000000000848e+00
2.596599999999995134e+00
2.594618999999994458e+00
2.607292000000001053e+00
2.588372999999990043e+00
2.641047999999983631e+00
2.596603999999985035e+00
2.601787000000001626e+00
2.593788000000017746e+00
2.599584000000021433e+00
2.602217999999993481e+00
2.592729999999988877e+00
2.581193000000013171e+00
2.591547000000019807e+00
2.595067000000000235e+00
2.594993000000016536e+00
2.600030000000003838e+00
2.597180000000008704e+00
2.599206999999978507e+00
2.591662999999982731e+00
2.598905999999999494e+00
2.603053999999985990e+00
2.585094999999995480e+00
2.595589999999987185e+00
2.625886000000008380e+00
2.588026000000013482e+00
2.593041999999996960e+00
2.595428999999995767e+00
2.599750999999997703e+00
2.689726000000007389e+00
2.579907999999988988e+00
2.586410999999998239e+00
2.637046999999995478e+00
2.596167999999977383e+00
2.619150999999988016e+00
2.605277000000000953e+00
2.587720999999987725e+00
2.646340000000009240e+00
2.576143000000001848e+00
2.588614000000006854e+00
2.588666999999986729e+00
2.584370000000035361e+00
2.588716999999974178e+00
2.591229999999995925e+00
2.590881000000024414e+00
2.606937000000016269e+00
2.603426000000013119e+00
2.604465000000004693e+00
2.590098000000011780e+00
2.594363999999984571e+00
2.601855999999997948e+00
2.606033000000024913e+00
2.602718999999979133e+00
2.598449000000016440e+00
2.600218999999981406e+00
2.587422000000003663e+00
2.589814999999987322e+00
2.586612999999999829e+00
2.595621999999991658e+00
2.585276999999962300e+00
2.593692999999973381e+00
2.597113999999976386e+00
2.592877999999984695e+00
2.604818999999963580e+00
2.609159000000033757e+00
2.598512999999968542e+00
2.599720999999988180e+00
2.595158000000026277e+00
2.597597000000007483e+00
2.595782999999983076e+00
2.582999000000029355e+00
2.598909999999989395e+00
2.589217000000019198e+00
2.586323999999990519e+00
2.594335000000000946e+00
2.599622000000010758e+00
2.596160999999995056e+00
2.583353999999985717e+00
2.598041000000023359e+00
2.600656999999955588e+00
2.600570000000004711e+00
2.590041999999982636e+00
2.600406000000020867e+00
2.585232000000019070e+00
2.580756000000008044e+00
2.592383000000040738e+00
2.598161000000004606e+00
2.595062999999981912e+00
2.595449000000030537e+00
2.588344000000006417e+00
2.591799999999977899e+00
2.594458000000031461e+00
2.591730000000040945e+00
2.594611000000043077e+00
2.584785000000010768e+00
2.595142000000009830e+00
2.583544000000017604e+00
2.586110999999959859e+00
2.588891999999987092e+00
2.591259999999977026e+00
2.600868999999988773e+00
2.596119999999984884e+00
2.596808000000009997e+00
2.603091000000006261e+00
2.597333999999989373e+00
2.603404000000011820e+00
2.596387999999990370e+00
2.587614999999971133e+00
2.631150999999988471e+00
2.592586000000039803e+00
2.582280000000025666e+00
2.614687000000003536e+00
2.600152000000036878e+00
2.708928000000014435e+00
2.596936999999968521e+00
2.598087000000020907e+00
2.642602000000010776e+00
2.586921000000018012e+00
2.598202000000014777e+00
2.596028999999987263e+00
2.589756000000022595e+00
2.598967000000016014e+00
2.596831000000008771e+00
2.596266000000014174e+00
2.597315999999977976e+00
2.580270999999981996e+00
2.590160000000025775e+00
2.601400000000012369e+00
2.606233999999972184e+00
2.605174999999974261e+00
2.606352999999955955e+00
2.605802999999980329e+00
2.606259000000022752e+00
2.603890999999975975e+00
2.589631999999937761e+00
2.591541000000006534e+00
2.576736999999980071e+00
2.586328999999977896e+00
2.596294000000057167e+00
2.595964999999978318e+00
2.593689000000040323e+00
2.599191000000018903e+00
2.604782000000000153e+00
2.602182999999968160e+00
2.603580999999962842e+00
2.594415000000026339e+00
2.594505000000026484e+00
2.601352000000019871e+00
2.583762999999976273e+00
2.590767999999911808e+00
2.645499999999969987e+00
2.597734999999943284e+00
2.593874000000027991e+00
2.580912000000012085e+00
2.581329999999979918e+00
2.600574000000051456e+00
2.597993999999971493e+00
2.585234000000014021e+00
2.602642999999943640e+00
2.598082000000090375e+00
2.600472000000081607e+00
2.597906999999963773e+00
2.604033999999955995e+00
2.599003999999922598e+00
2.589602000000013504e+00
2.590007000000014159e+00
2.588461000000052081e+00
2.593711999999982254e+00
2.627705999999989217e+00
2.595479999999952270e+00
2.579301999999984218e+00
2.591094999999995707e+00
2.597582999999985987e+00
2.598051999999938744e+00
2.594034999999962565e+00
2.591853000000014617e+00
2.606506000000081258e+00
2.601817999999980202e+00
2.603913000000034117e+00
2.650579999999990832e+00
2.592032000000017433e+00
2.583126999999990403e+00
2.594644000000016604e+00
2.584557000000017979e+00
2.594714999999951033e+00
2.596125000000029104e+00
2.592419999999947322e+00
2.580050000000028376e+00
2.589609999999993306e+00
2.590192000000001826e+00
2.600683000000003631e+00
2.581482999999934691e+00
2.646070000000008804e+00
2.594658999999978732e+00
2.588694999999916035e+00
2.590895999999929700e+00
2.599037000000066655e+00
2.588121999999998479e+00
2.612500999999952001e+00
2.587237000000072840e+00
2.592522000000030857e+00
2.589352999999960048e+00
2.596917999999959648e+00
