# Marker Detection timer: 2017-12-12 17:25:29.524445
1.200369999999999493e-01
6.466100000000007952e-02
7.100300000000014933e-02
6.015900000000051762e-02
5.999199999999937916e-02
6.584600000000051523e-02
6.273199999999690135e-02
6.826299999999818624e-02
6.231799999999765305e-02
6.541700000000005844e-02
6.626800000000088176e-02
6.678399999999840020e-02
6.270199999999803708e-02
6.862300000000232103e-02
6.498100000000306409e-02
6.715599999999710690e-02
6.933200000000283580e-02
6.796300000000599084e-02
6.151299999999793044e-02
6.447699999999656484e-02
6.615500000000196223e-02
7.161100000000431010e-02
6.740500000000082537e-02
6.111699999999586908e-02
7.085200000000213549e-02
5.658299999998916974e-02
7.192200000000070759e-02
6.895900000000665386e-02
5.903500000000860837e-02
6.684599999999818465e-02
6.918199999999785632e-02
6.815500000000440650e-02
5.709199999999725605e-02
6.918800000001112949e-02
6.677699999998765179e-02
6.756699999999682404e-02
5.898500000000694854e-02
6.105100000000618365e-02
6.614600000000336877e-02
6.393700000000990258e-02
6.105499999999608463e-02
6.459000000000969521e-02
5.897500000000377440e-02
6.523500000000126420e-02
5.888199999999699230e-02
6.114599999999370539e-02
6.553500000001122316e-02
6.165500000000179170e-02
6.798399999999560350e-02
6.025499999999794909e-02
6.781499999999596184e-02
6.494399999999700412e-02
7.045299999998633211e-02
6.880700000002093475e-02
6.616499999998382009e-02
6.142899999997553095e-02
5.879500000000348336e-02
7.108999999999809916e-02
7.371600000001876651e-02
6.559599999999932152e-02
6.984600000001250919e-02
6.551799999999730062e-02
6.426700000000096225e-02
6.671099999999796637e-02
5.673500000000331056e-02
6.010600000001886656e-02
6.705900000000042382e-02
6.277400000001875924e-02
7.579100000000948967e-02
5.982600000001525586e-02
6.433700000002318120e-02
6.205299999999169813e-02
7.081800000000271211e-02
6.441499999999678039e-02
6.606400000001144690e-02
6.952099999998040403e-02
6.034300000001735498e-02
5.750100000000202272e-02
6.377599999999006286e-02
6.513100000000804357e-02
6.499800000000277578e-02
7.384800000002655906e-02
5.985899999998878229e-02
6.543899999999780448e-02
6.229799999999841020e-02
6.935500000000160981e-02
6.873899999999366628e-02
5.661299999999869215e-02
5.939100000000507862e-02
6.282299999998031126e-02
6.450599999999440115e-02
6.392700000000672844e-02
6.634999999999990905e-02
6.674599999999486499e-02
6.164900000001694025e-02
5.866299999999569081e-02
6.645199999999817919e-02
6.658199999998259955e-02
6.471500000000673936e-02
6.783199999995304097e-02
7.674400000001924127e-02
6.429100000002563320e-02
6.707499999998844942e-02
5.707400000000006912e-02
6.343700000002172601e-02
5.886899999995875987e-02
6.348599999995485632e-02
6.404599999996207771e-02
6.314799999995557300e-02
5.892499999998790372e-02
6.763399999999819556e-02
6.823600000001306398e-02
6.790100000000620639e-02
6.086900000002515299e-02
6.270100000000411455e-02
6.772399999999834108e-02
7.004999999998062776e-02
6.738200000000915679e-02
6.592100000000300497e-02
7.225300000004608592e-02
5.949800000001914668e-02
6.377500000002100933e-02
6.133299999999053398e-02
6.403900000003659443e-02
6.024499999995214239e-02
6.382100000001855733e-02
7.293799999996508632e-02
5.964300000005096081e-02
6.903499999998530257e-02
7.242300000001478111e-02
7.107899999999744978e-02
6.773100000003751120e-02
6.738000000001420631e-02
7.144199999999045758e-02
6.686300000001210719e-02
6.312700000000859291e-02
6.259899999997742270e-02
6.652400000001534863e-02
6.082300000002760498e-02
5.970000000002073648e-02
6.054399999999304782e-02
6.876799999997729174e-02
6.133899999997538544e-02
6.556799999998474959e-02
7.213500000000294676e-02
6.544299999995928374e-02
6.348100000002432353e-02
6.674699999996391853e-02
6.164200000000619184e-02
6.008800000000746877e-02
6.693400000000337968e-02
6.799799999998867861e-02
5.931700000002138040e-02
6.596999999999297870e-02
5.741899999998167914e-02
6.471499999997831765e-02
6.524999999999181455e-02
5.946199999999635111e-02
6.867899999997462146e-02
5.696299999999610009e-02
6.753599999996140468e-02
6.499900000000025102e-02
6.463500000000976797e-02
6.320800000003146124e-02
5.903899999998429848e-02
7.068900000001576700e-02
6.580599999995229155e-02
6.723000000005185939e-02
6.409800000000132059e-02
6.493999999997868144e-02
6.235700000001997978e-02
6.259599999998499698e-02
6.110599999999521970e-02
6.946400000003905006e-02
6.638499999996838596e-02
5.865900000003421155e-02
6.933199999997441410e-02
7.154900000000452565e-02
6.724000000002661181e-02
6.724400000001651279e-02
6.904500000001689841e-02
6.074000000000978616e-02
5.876200000000153523e-02
6.589400000001433000e-02
6.494399999996858242e-02
6.286900000003470268e-02
6.799899999998615385e-02
6.359199999997144914e-02
6.754200000000309956e-02
6.928199999998696512e-02
5.757899999997562190e-02
6.464399999998704516e-02
6.572899999997616760e-02
7.012199999996937549e-02
6.995599999999058127e-02
6.871999999998479325e-02
6.791599999996833503e-02
7.146599999998670683e-02
6.417099999998754356e-02
6.847400000003744935e-02
6.058500000006006303e-02
6.535299999995913822e-02
6.262600000002294109e-02
5.957100000000536966e-02
6.825200000002951128e-02
6.258300000001781882e-02
6.578300000001036096e-02
6.621999999993022357e-02
6.598300000007384369e-02
6.603599999994003156e-02
6.607299999996030238e-02
6.137599999999565625e-02
5.935599999997975829e-02
6.004000000007181370e-02
5.830500000001848093e-02
1.062929999999369102e-01
7.202600000005077163e-02
5.978899999990971992e-02
6.369900000004236063e-02
5.639299999995728285e-02
7.267500000000381988e-02
7.023800000001756416e-02
5.924300000003768218e-02
6.779600000004393223e-02
6.352300000003197056e-02
6.130499999994754035e-02
6.064800000001469016e-02
6.720900000004803587e-02
6.717400000002271554e-02
5.746599999997670238e-02
6.093699999996715633e-02
6.445199999996020779e-02
6.431299999997008854e-02
6.582000000003063178e-02
6.696500000009564246e-02
5.596100000002479646e-02
6.528600000001461012e-02
6.431299999997008854e-02
6.540900000004512549e-02
6.275300000004335743e-02
6.795399999998608109e-02
7.379300000002331217e-02
6.679799999994884274e-02
7.320200000003751484e-02
7.015899999998964631e-02
6.410200000004806498e-02
6.233799999995426333e-02
6.452799999999569991e-02
6.319600000006175833e-02
6.145099999991998629e-02
6.229600000006030314e-02
6.522000000006755727e-02
6.255800000008093775e-02
6.188699999995606049e-02
6.929000000002361048e-02
7.057300000008126517e-02
6.166299999995317194e-02
6.475699999998596468e-02
6.108800000004066533e-02
6.564700000001266744e-02
5.868099999997866689e-02
6.718699999998989369e-02
5.951299999992443190e-02
6.520699999998669227e-02
6.561599999997724808e-02
6.227799999999206193e-02
6.377700000007280323e-02
6.089699999995445978e-02
6.495699999993576057e-02
