# Homography application timer: 2017-12-12 17:25:29.547462
7.046599999999991759e-02
7.395099999999998897e-02
7.315399999999994129e-02
7.071100000000019037e-02
7.062199999999996258e-02
7.339899999999976998e-02
7.303099999999984604e-02
7.026900000000013691e-02
7.047499999999962128e-02
7.274000000000002686e-02
7.272100000000003561e-02
7.296999999999975728e-02
7.085899999999956123e-02
7.146700000000016928e-02
7.239699999999960056e-02
7.231300000000029371e-02
7.406399999999990769e-02
7.456700000000004991e-02
7.017000000000006565e-02
7.329500000000077620e-02
7.175799999999998846e-02
7.156299999999937711e-02
7.010200000000033072e-02
7.050599999999995759e-02
7.139000000000095270e-02
7.314999999999827196e-02
7.048299999999940724e-02
7.131000000000042860e-02
6.957399999999935858e-02
7.249700000000025568e-02
7.244299999999981310e-02
7.236600000000059651e-02
7.099399999999889133e-02
7.372600000000062437e-02
7.151900000000033231e-02
7.215099999999985414e-02
7.103099999999962222e-02
7.122000000000028308e-02
7.224200000000102762e-02
7.124800000000064415e-02
7.320499999999974250e-02
7.465499999999991587e-02
7.181399999999982242e-02
7.474000000000025068e-02
7.463900000000123214e-02
7.399799999999956412e-02
7.388899999999942736e-02
7.396000000000135799e-02
7.108699999999856800e-02
7.412699999999716738e-02
7.403800000000160253e-02
7.413299999999978240e-02
7.435399999999958709e-02
7.309599999999960573e-02
7.157499999999927809e-02
7.201599999999785950e-02
7.086999999999932243e-02
7.228399999999979286e-02
7.180500000000122895e-02
7.181499999999729766e-02
7.147800000000259502e-02
7.194199999999995043e-02
7.176000000000115620e-02
7.163200000000102818e-02
6.987499999999968736e-02
7.196799999999825559e-02
7.196099999999816532e-02
7.190499999999744318e-02
7.245400000000046248e-02
7.271100000000174646e-02
7.268699999999839179e-02
7.338999999999984425e-02
7.368499999999755801e-02
7.386800000000093291e-02
7.188799999999773149e-02
7.345400000000168461e-02
7.292199999999837701e-02
7.259099999999918396e-02
7.320400000000049090e-02
7.270600000000015939e-02
7.540399999999891634e-02
7.409799999999933107e-02
7.182099999999991269e-02
7.211399999999912325e-02
7.201599999999785950e-02
7.210699999999903298e-02
7.076899999999852753e-02
7.334299999999771558e-02
7.114100000000078694e-02
7.427500000000009095e-02
7.436700000000229238e-02
7.445900000000094110e-02
7.427699999999859415e-02
7.410599999999689658e-02
7.163699999999906254e-02
7.298799999999872057e-02
6.985300000000194132e-02
7.359800000000404907e-02
7.404999999999972715e-02
7.362200000000029831e-02
7.517299999999949023e-02
7.228800000000035197e-02
7.448600000000027421e-02
7.463299999999861711e-02
7.508800000000093178e-02
7.204899999999980764e-02
7.472399999999623788e-02
7.300900000000609680e-02
7.390499999999633474e-02
7.501800000000002910e-02
7.404500000000524551e-02
7.513300000000100454e-02
7.080299999999795091e-02
7.475699999999818601e-02
7.432000000000016371e-02
7.144699999999915008e-02
7.049899999999809097e-02
7.105799999999362626e-02
7.326700000000130331e-02
7.270199999999960028e-02
7.026299999999707779e-02
7.262399999999757938e-02
7.335700000000144883e-02
1.061630000000022278e-01
7.403300000000001546e-02
7.406500000000448836e-02
7.446000000000196906e-02
7.298999999999722377e-02
7.049200000000155342e-02
7.304500000000047066e-02
7.424799999999720512e-02
7.154599999999788906e-02
7.167400000000156979e-02
7.192899999999724514e-02
7.281899999999552620e-02
7.329700000000372029e-02
7.380399999999553984e-02
7.228599999999829606e-02
7.318399999999769534e-02
7.041900000000111959e-02
7.200399999999973488e-02
7.141299999999972670e-02
7.475699999999818601e-02
7.427799999999962210e-02
7.292900000000201999e-02
7.161299999999926058e-02
7.137100000000629052e-02
7.331100000000390082e-02
7.358800000000087493e-02
7.533000000000100727e-02
7.139800000000207092e-02
7.367399999999690863e-02
7.367899999999849570e-02
7.181400000000337513e-02
7.190900000000510772e-02
7.189400000000034652e-02
7.189199999999829060e-02
7.083499999999531838e-02
7.194100000000247519e-02
7.201700000000244017e-02
7.094999999999629381e-02
7.563199999999881129e-02
7.315200000000032787e-02
7.261900000000309774e-02
7.087900000000502132e-02
7.255499999999415195e-02
7.131900000000257478e-02
7.234700000000060527e-02
7.517299999999949023e-02
7.505900000000309547e-02
7.237699999999591682e-02
7.206800000000157524e-02
7.314300000000173441e-02
7.143700000000308137e-02
7.250699999999454803e-02
7.154599999999788906e-02
7.401999999999731017e-02
7.239900000000432101e-02
7.186899999999951660e-02
7.475099999999912370e-02
7.459400000000471209e-02
7.480300000000283944e-02
7.508699999999635111e-02
7.479000000000013415e-02
7.204700000000485716e-02
7.229300000000193904e-02
7.265100000000046521e-02
7.387800000000055434e-02
7.490100000000410319e-02
7.474100000000305499e-02
7.369600000000531281e-02
7.317299999999704596e-02
7.517499999999444071e-02
7.471600000000222508e-02
7.475900000000024193e-02
7.548399999999588772e-02
7.364900000000318414e-02
7.195200000001023000e-02
7.357799999999770080e-02
7.274100000000771615e-02
7.043399999999166994e-02
7.329599999999913962e-02
7.165600000000438285e-02
7.168000000000063210e-02
7.175000000000864020e-02
7.377999999999929059e-02
7.481799999999338979e-02
7.475599999999360534e-02
7.174700000000200362e-02
7.299500000000591626e-02
7.382700000000852469e-02
7.211999999999818556e-02
7.225300000000345335e-02
7.257099999999638840e-02
7.160899999999514876e-02
7.169300000001044282e-02
7.229200000000446380e-02
7.544699999999693318e-02
7.528399999999635384e-02
7.298400000000526688e-02
7.215800000000172076e-02
7.237299999999891043e-02
7.232899999999631291e-02
7.144599999999456941e-02
6.973999999999591637e-02
7.121100000000524233e-02
7.235199999999508691e-02
7.090199999998958447e-02
7.245399999999335705e-02
7.130499999999528882e-02
7.254600000000266391e-02
7.253500000000201453e-02
6.993400000000349337e-02
7.231300000000828732e-02
7.242199999998888416e-02
7.256600000000901218e-02
7.261300000000403543e-02
7.240199999999674674e-02
7.127400000000250202e-02
7.245000000000345608e-02
7.371299999999791908e-02
7.457699999999078955e-02
7.457000000000846285e-02
7.482100000000002638e-02
7.467199999999252213e-02
7.448500000000990440e-02
7.380000000000563887e-02
7.463299999999151169e-02
7.252900000000295222e-02
7.437600000000088585e-02
7.424000000000319233e-02
7.389299999999821011e-02
7.312799999999697320e-02
7.292499999999790816e-02
7.351599999999791635e-02
7.062599999999008560e-02
7.182199999999738793e-02
7.256900000000143791e-02
7.416800000000023374e-02
7.242100000000561977e-02
7.211599999999407373e-02
7.326400000000887758e-02
7.120499999999196916e-02
7.397000000000275577e-02
7.026999999999361535e-02
7.370800000001054286e-02
7.243400000000121963e-02
7.395099999999388274e-02
7.364299999998991098e-02
7.336499999999546162e-02
7.327600000000700220e-02
7.074599999999975353e-02
7.286999999999466127e-02
7.296200000000396813e-02
7.488600000000644741e-02
7.424999999999215561e-02
7.514499999999202373e-02
7.482899999999403917e-02
7.459000000000060027e-02
7.474499999999295596e-02
7.350800000000390355e-02
7.445600000001206809e-02
7.246299999999905594e-02
7.494699999999454576e-02
7.184399999999868669e-02
7.132800000000827367e-02
7.332699999999192642e-02
7.204400000000532600e-02
7.142600000000243199e-02
7.231400000000576256e-02
7.233800000000201180e-02
7.215999999999667125e-02
7.240399999999169722e-02
7.389799999999979718e-02
7.394299999999986994e-02
7.475399999999865486e-02
7.217699999999638294e-02
7.465599999999028569e-02
7.339199999999834745e-02
7.440499999999872216e-02
7.251300000000071577e-02
7.494599999999707052e-02
7.437199999999677402e-02
7.485499999999944976e-02
7.167300000000409455e-02
7.233999999999696229e-02
7.458599999999648844e-02
7.442099999998674775e-02
1.470100000000087448e-01
7.450800000000867840e-02
7.194700000000864293e-02
7.059800000000393538e-02
6.963500000000522050e-02
7.290500000000577074e-02
7.459599999999966258e-02
7.170600000000604268e-02
7.418800000000658201e-02
7.189300000000287127e-02
7.115799999999694592e-02
7.083400000000494856e-02
7.102199999999925240e-02
7.064800000000559521e-02
7.207600000000979890e-02
7.178600000000301407e-02
7.197499999999479314e-02
7.180500000001188710e-02
7.423000000000001819e-02
7.357500000000527507e-02
7.122699999999326792e-02
7.372900000000015552e-02
7.417000000000939508e-02
7.377900000000181535e-02
7.393500000000585715e-02
7.264700000000345881e-02
7.219200000000114414e-02
7.254000000000360160e-02
7.433100000000081309e-02
7.159399999999038755e-02
7.453999999999894044e-02
7.423899999999150623e-02
7.439799999998797375e-02
7.251400000001240187e-02
7.114799999999377178e-02
7.173099999999976717e-02
6.958000000000197360e-02
7.170700000000351793e-02
7.207700000000727414e-02
7.110800000000949694e-02
7.200299999999515421e-02
7.223700000000121690e-02
7.234099999999443753e-02
7.273100000000454202e-02
7.440100000000882119e-02
7.490599999999858483e-02
7.482799999999656393e-02
7.470800000000110686e-02
7.141199999999514603e-02
7.431400000000110140e-02
7.426800000000355340e-02
7.284099999999682495e-02
7.362600000000441014e-02
7.373699999999416832e-02
7.476499999999930424e-02
1.467420000000032587e-01
7.223100000000215459e-02
7.272500000000547971e-02
7.469499999999129614e-02
7.468500000000233285e-02
7.242899999999963256e-02
7.457400000001257467e-02
7.477899999999237934e-02
7.263300000001038370e-02
7.174799999999947886e-02
7.294699999999920692e-02
7.280099999999833926e-02
7.378900000000498949e-02
7.397100000000023101e-02
7.401500000000282853e-02
7.366400000000794535e-02
7.187600000000315958e-02
7.260099999999169995e-02
7.170400000001109220e-02
7.372800000000268028e-02
7.124799999999709144e-02
7.095100000000797991e-02
1.286899999999917554e-01
7.398999999999489319e-02
7.456500000000687578e-02
7.377800000000434011e-02
7.328300000000353975e-02
7.193499999999630745e-02
7.209299999999529973e-02
7.306300000000476302e-02
7.229200000000446380e-02
7.221100000001001717e-02
7.392500000000268301e-02
7.265000000001009539e-02
7.107000000002017259e-02
7.433299999999576357e-02
7.254000000000360160e-02
7.043600000000083128e-02
7.226299999999241663e-02
7.247100000000727960e-02
7.263200000002711931e-02
7.286099999998896237e-02
7.289199999999596002e-02
7.071899999999686770e-02
7.080099999998878957e-02
7.362600000001862099e-02
7.285999999999148713e-02
7.302299999997785562e-02
7.249600000000100408e-02
7.131499999999846295e-02
7.285699999999906140e-02
7.164300000002299385e-02
7.222899999999299325e-02
7.462200000000507316e-02
7.422200000002021625e-02
7.202200000000402724e-02
7.230699999999501415e-02
7.496299999999678221e-02
7.397800000001097942e-02
7.534700000002203524e-02
7.546800000000075670e-02
7.182299999999486317e-02
7.547500000001150511e-02
7.550200000000018008e-02
7.540099999999938518e-02
7.520399999998517160e-02
7.398599999999078136e-02
7.375799999999799184e-02
7.206800000000157524e-02
7.190099999999688407e-02
7.489200000000550972e-02
7.537299999998481326e-02
7.468399999999064676e-02
7.488699999998971180e-02
7.198099999999385545e-02
7.468300000002159322e-02
7.216099999999414649e-02
7.325499999998896783e-02
7.431800000000521322e-02
7.082099999999513784e-02
7.136099999999601096e-02
7.438000000001920853e-02
7.263299999999617285e-02
7.078300000000581349e-02
7.212200000000734690e-02
7.047499999998763087e-02
7.170799999997257146e-02
7.246900000001232911e-02
7.104400000000055115e-02
7.228599999999119063e-02
7.237900000001218359e-02
7.157399999999825013e-02
7.199499999998693056e-02
7.074300000002153865e-02
7.138799999998468593e-02
7.243799999997690975e-02
7.555800000000090222e-02
7.539800000000695945e-02
7.517999999998892235e-02
7.562200000000984801e-02
7.421199999998862040e-02
7.410000000001559783e-02
7.536899999999491229e-02
7.256100000000742511e-02
7.540500000001770786e-02
7.524700000001871558e-02
7.452599999999165448e-02
7.433900000000903674e-02
7.417499999999677129e-02
7.092500000001678018e-02
7.532100000000241380e-02
7.519600000000536966e-02
7.518300000000976979e-02
7.520499999998264684e-02
7.535799999999426291e-02
7.517699999999649663e-02
7.464899999999374813e-02
7.333599999998341445e-02
7.540199999999686042e-02
7.541700000001583248e-02
7.517599999999902138e-02
7.566799999997897430e-02
7.248599999999782995e-02
7.283899999998766361e-02
7.285999999999148713e-02
6.974500000001171429e-02
7.275300000000584077e-02
7.155599999998685234e-02
7.518599999997377381e-02
7.266699999999559623e-02
7.399100000000657928e-02
7.327099999997699342e-02
7.374499999997397026e-02
7.034600000000068576e-02
7.145299999999110696e-02
7.162600000000907130e-02
7.223499999997784471e-02
7.211000000000922228e-02
7.229300000000193904e-02
7.141799999999420834e-02
7.213000000001557055e-02
6.977200000000038926e-02
7.018400000001179251e-02
7.247499999999718057e-02
7.243199999999205829e-02
7.220300000000179352e-02
7.239100000001030821e-02
7.140699999999355896e-02
7.243199999999205829e-02
7.083899999997811392e-02
7.285099999998578824e-02
7.216499999998404746e-02
7.243099999999458305e-02
7.159400000000459841e-02
7.246000000000663022e-02
7.225399999998671774e-02
7.216299999998909698e-02
6.982500000000868567e-02
7.237100000000395994e-02
7.479200000000219006e-02
7.385999999999626198e-02
7.317399999999452120e-02
7.195699999999760621e-02
7.214399999998022395e-02
7.324199999999336796e-02
7.198099999999385545e-02
7.283800000001861008e-02
7.203199999997877967e-02
7.179899999999861393e-02
7.349099999998998101e-02
7.366400000000794535e-02
7.377700000000686487e-02
7.378700000001003900e-02
7.125500000000783984e-02
7.371100000000296859e-02
7.518200000001229455e-02
7.415199999999799729e-02
7.505399999999440297e-02
7.471200000000521868e-02
7.124500000000466571e-02
7.268899999999689499e-02
7.275800000002163870e-02
7.329500000000166438e-02
7.293900000001940498e-02
7.289400000001933222e-02
7.305000000002337401e-02
7.294400000000678119e-02
7.317600000001789340e-02
7.233999999999696229e-02
7.328499999999849024e-02
7.335799999998471321e-02
7.328000000001111403e-02
7.424500000001899025e-02
7.149799999999117972e-02
7.423199999999496868e-02
7.407599999999092688e-02
7.175999999998339263e-02
6.953000000001452463e-02
7.160899999999514876e-02
7.168100000001231820e-02
7.019300000001749140e-02
7.124500000000466571e-02
7.117600000000834370e-02
7.193600000002220440e-02
7.170999999999594365e-02
7.221899999998981912e-02
7.255600000002004890e-02
7.474799999999959255e-02
7.301100000000815271e-02
7.340299999998478597e-02
7.461200000000189902e-02
7.478900000000976434e-02
7.307500000001709850e-02
7.125299999998446765e-02
7.263400000002206980e-02
7.166499999999587089e-02
7.221200000000749242e-02
7.247799999998960629e-02
7.173800000001051558e-02
7.372699999999099418e-02
7.400200000000722866e-02
7.169899999999529427e-02
7.411599999997520172e-02
7.164700000001289482e-02
7.371799999998529529e-02
7.408599999999410102e-02
7.391400000000203363e-02
7.218900000000871842e-02
7.248999999998773092e-02
7.078999999998814019e-02
7.547199999999065767e-02
7.560499999999592546e-02
7.520300000001611807e-02
7.514100000000212276e-02
7.525499999999851752e-02
7.340500000000815817e-02
7.241700000000150794e-02
7.234700000000771070e-02
7.538999999999873580e-02
7.164500000001794433e-02
7.399100000000657928e-02
7.438400000000910950e-02
7.366200000001299486e-02
7.293000000001370609e-02
7.263299999999617285e-02
7.423700000001076660e-02
7.302500000000122782e-02
7.239599999999768443e-02
7.331500000000801265e-02
7.296499999998218300e-02
7.041800000001785520e-02
7.215899999999919601e-02
7.195899999999255670e-02
7.006100000000969885e-02
7.354900000001407534e-02
7.157300000000077489e-02
7.223100000001636545e-02
7.210399999999594911e-02
7.260199999998917519e-02
7.223799999999869215e-02
7.215700000000424552e-02
6.975299999999151623e-02
7.223299999998289422e-02
7.263900000000944601e-02
7.218899999998029671e-02
7.237500000002228262e-02
7.221900000001824083e-02
7.278100000002041270e-02
7.147699999998735620e-02
7.453199999997650593e-02
7.160400000000777254e-02
7.149799999999117972e-02
7.238200000000460932e-02
7.237499999999386091e-02
7.232099999998808926e-02
7.237199999997301347e-02
7.241999999999393367e-02
6.952000000001135049e-02
7.308000000000447471e-02
7.366500000000542059e-02
7.329300000000671389e-02
7.243800000000533146e-02
7.177500000000236469e-02
7.373499999999921783e-02
7.201799999998570456e-02
7.013399999999592183e-02
7.380299999999806460e-02
7.250899999999660395e-02
7.205300000001102489e-02
7.507900000001654917e-02
7.515100000000529690e-02
7.548099999999635656e-02
7.534600000002455999e-02
7.448399999998400745e-02
7.440499999998451131e-02
7.535599999999931242e-02
7.379400000002078741e-02
7.130699999999023930e-02
7.231699999999818829e-02
7.391999999998688509e-02
7.196300000001087938e-02
7.339200000001255830e-02
7.290899999998146086e-02
7.342800000000693217e-02
7.297499999998535714e-02
7.419800000002396700e-02
7.376399999998284329e-02
7.364200000000664659e-02
7.434899999998378917e-02
7.428900000002158777e-02
7.122799999999074316e-02
7.199700000001030276e-02
7.382499999999936335e-02
7.402199999998515523e-02
7.390200000000390901e-02
7.390399999999885949e-02
7.345699999999055763e-02
7.357300000001032458e-02
7.383500000000253749e-02
7.396700000001033004e-02
7.394899999999893225e-02
7.118899999997552186e-02
7.369599999998399653e-02
7.405599999998457861e-02
7.368500000001176886e-02
7.095300000000293039e-02
7.197200000001657827e-02
7.361600000001544686e-02
7.244800000000850559e-02
7.178899999999543979e-02
7.268099999998867133e-02
7.294099999998593375e-02
7.188199999998801104e-02
7.218900000000871842e-02
7.460000000000377440e-02
7.203599999999710235e-02
7.235399999999003740e-02
7.107199999998670137e-02
7.134299999998461317e-02
7.261199999999234933e-02
7.114699999999629654e-02
7.485900000000356158e-02
7.147800000001325316e-02
7.192500000002155502e-02
7.474099999998884414e-02
7.486199999999598731e-02
7.257899999999040119e-02
7.516599999999584725e-02
7.517599999999902138e-02
7.043200000001093031e-02
7.532299999999736428e-02
1.487890000000220425e-01
7.369800000000736873e-02
7.397699999998508247e-02
7.309300000000007458e-02
7.260899999999992360e-02
7.284599999999841202e-02
7.215099999999097236e-02
7.288800000000605905e-02
7.273699999998939347e-02
7.225300000001766421e-02
7.092800000000920591e-02
7.087500000000090949e-02
7.192499999999313332e-02
7.248999999998773092e-02
7.359900000000152431e-02
7.261199999999234933e-02
7.317199999999957072e-02
7.260800000000244836e-02
7.220399999999926877e-02
7.293899999999098327e-02
7.298499999998853127e-02
7.244499999998765816e-02
7.020299999999224383e-02
7.257300000000554974e-02
7.313800000000014734e-02
7.328000000001111403e-02
7.288199999999278589e-02
7.276500000000396540e-02
7.212399999997387567e-02
7.270500000001334229e-02
7.201499999999327883e-02
7.484399999998458952e-02
7.230999999998743988e-02
7.256399999999985084e-02
7.406899999998017847e-02
7.316700000001219450e-02
7.261799999997720079e-02
7.213600000000042201e-02
7.023600000002261368e-02
7.172400000001744047e-02
7.209100000000034925e-02
7.079699999999888860e-02
7.153199999999060310e-02
7.066000000000371983e-02
7.083000000000083674e-02
7.171399999998584462e-02
7.340299999998478597e-02
7.401900000002115121e-02
7.172100000002501474e-02
7.187899999999558531e-02
7.079000000001656190e-02
7.191400000002090565e-02
7.155899999997927807e-02
7.128099999999903957e-02
6.969599999999331885e-02
7.208299999999212559e-02
7.089199999998641033e-02
7.133699999999976171e-02
7.128299999999399006e-02
7.059900000001562148e-02
7.164199999999709689e-02
7.288600000001110857e-02
6.982500000000868567e-02
7.297500000001377884e-02
1.418639999999982138e-01
7.202599999999392821e-02
7.095900000001620356e-02
7.190599999998426028e-02
7.127300000001923763e-02
7.453899999998725434e-02
7.402199999998515523e-02
7.260500000001002263e-02
7.298300000002200250e-02
7.108299999998735075e-02
7.233800000000201180e-02
7.244599999995671169e-02
7.150300000000697764e-02
7.366100000001551962e-02
7.040899999998373460e-02
7.287600000000793443e-02
7.444099999997888517e-02
7.321500000000469299e-02
7.222899999999299325e-02
7.187299999998231215e-02
7.429400000000896398e-02
7.273499999996602128e-02
7.414900000003399327e-02
7.394699999997556006e-02
7.336300000002893285e-02
7.477199999999584179e-02
7.594399999999268402e-02
7.309099999997670238e-02
7.482400000003508467e-02
7.490599999999858483e-02
6.956800000000384898e-02
7.203400000003057357e-02
7.162399999998569911e-02
7.220200000000431828e-02
7.175300000000106593e-02
7.201799999995728285e-02
7.245499999999083229e-02
7.124500000003308742e-02
6.983299999996006591e-02
7.310499999999819920e-02
7.251800000000230284e-02
7.456799999999930151e-02
7.461100000000442378e-02
7.352399999996350743e-02
7.287000000002308298e-02
7.152300000001332592e-02
7.015699999999469583e-02
7.371399999999539432e-02
7.314400000001342050e-02
7.206099999996240513e-02
7.328300000000353975e-02
7.296000000002322849e-02
7.083699999998316343e-02
7.055100000002312299e-02
6.952300000000377622e-02
7.166200000000344517e-02
7.147700000001577791e-02
7.262600000001384615e-02
7.279599999998254134e-02
7.299799999998413114e-02
7.321899999999459396e-02
7.332500000001118678e-02
7.304099999998925341e-02
7.285000000001673470e-02
7.338699999996833867e-02
7.265499999999747160e-02
7.203700000002299930e-02
7.288499999998521162e-02
7.272799999998369458e-02
7.221099999998159547e-02
7.194799999996348561e-02
7.287299999995866528e-02
7.283499999999776264e-02
7.287500000001045919e-02
7.169800000002624074e-02
7.132100000001173612e-02
7.179300000001376247e-02
7.135999999997011400e-02
7.342199999999365900e-02
7.119499999998879503e-02
7.297600000003967580e-02
7.205200000004197136e-02
7.278800000000273940e-02
7.261600000003909372e-02
7.202200000000402724e-02
7.194600000002537854e-02
7.051800000004959657e-02
7.410500000003139576e-02
7.452100000000427826e-02
7.380200000000058935e-02
7.467400000001589433e-02
7.366799999999784632e-02
7.114799999999377178e-02
7.156200000002854722e-02
7.450399999999035572e-02
7.249600000000100408e-02
7.221499999997149644e-02
7.437900000002173329e-02
7.491100000004280446e-02
7.336300000002893285e-02
7.536599999997406485e-02
7.247900000004392496e-02
7.059400000002824527e-02
7.365399999997634950e-02
7.242899999999963256e-02
7.494499999995696271e-02
8.198799999996708721e-02
7.344000000000505679e-02
7.447000000001935405e-02
7.529199999999036663e-02
7.375000000001818989e-02
7.135900000002948218e-02
7.420799999999871943e-02
7.548099999996793485e-02
7.529399999998531712e-02
7.213600000000042201e-02
7.542900000004237882e-02
7.316400000001976878e-02
7.345300000002907836e-02
7.410299999997960185e-02
7.442699999995738835e-02
7.130599999999276406e-02
7.082300000001851004e-02
7.289000000002943125e-02
7.429899999999634019e-02
7.511699999997745181e-02
7.486499999998841304e-02
7.331699999997454142e-02
7.187700000002905654e-02
7.177200000000993896e-02
7.202600000005077163e-02
7.472700000005261245e-02
7.455800000002454908e-02
7.380699999998796557e-02
7.201700000001665103e-02
7.503500000001395165e-02
7.449200000002065281e-02
7.237299999997048872e-02
7.080099999996036786e-02
7.160400000003619425e-02
7.480100000003631067e-02
7.280400000001918670e-02
7.219600000001946682e-02
7.311900000001969602e-02
7.286799999997128907e-02
7.532399999996641782e-02
7.594799999998258500e-02
7.389499999999316060e-02
7.546500000000833097e-02
7.379100000002836168e-02
7.372199999997519626e-02
7.469400000002224260e-02
7.446500000003197783e-02
7.527700000002823799e-02
7.459499999998797648e-02
7.279400000004443427e-02
7.215400000001181979e-02
7.527900000002318848e-02
7.487700000001495937e-02
7.531799999998156636e-02
7.360900000003312016e-02
7.519800000000032014e-02
7.520999999997002305e-02
7.545199999998430940e-02
7.535400000000436194e-02
7.169299999998202111e-02
7.039199999996981205e-02
7.348899999999503052e-02
7.130699999999023930e-02
7.377300000001696390e-02
7.409699999999475040e-02
7.380499999999301508e-02
7.403499999998075509e-02
7.389200000000073487e-02
7.123899999999139254e-02
7.272199999999884312e-02
7.139100000000553337e-02
7.222699999999804277e-02
7.234799999997676423e-02
7.033000000001266017e-02
7.219599999996262341e-02
7.194900000001780427e-02
6.967599999995854887e-02
7.370099999997137274e-02
7.369199999999409556e-02
7.285300000000916043e-02
7.360199999999395004e-02
7.374100000004091271e-02
7.390500000002475645e-02
7.401700000002620072e-02
7.055000000002564775e-02
7.152099999996153201e-02
7.143099999996138649e-02
7.188899999999875945e-02
7.161899999999832289e-02
7.193000000000893124e-02
7.071799999999939246e-02
7.091700000000855653e-02
7.151899999996658153e-02
7.280000000002928573e-02
7.197999999999638021e-02
7.350200000001905210e-02
7.158299999997552732e-02
7.285000000001673470e-02
7.380000000000563887e-02
7.462000000003854439e-02
7.089200000001483204e-02
7.283499999999776264e-02
7.383599999997159102e-02
7.432800000003680907e-02
7.456999999999425199e-02
7.411299999995435428e-02
7.288800000003448076e-02
7.261199999999234933e-02
6.987300000002960587e-02
7.242100000001983062e-02
7.236500000004753019e-02
7.204100000001290027e-02
7.368399999995745020e-02
7.285100000001420995e-02
7.268599999997604755e-02
7.271399999996219776e-02
7.074499999998806743e-02
7.352100000002792513e-02
7.185200000003533205e-02
7.213699999999789725e-02
7.210199999997257692e-02
7.190300000002025627e-02
7.184200000000373620e-02
7.180300000004535832e-02
7.139699999999038482e-02
7.437199999998256317e-02
7.473999999996294719e-02
7.257099999998217754e-02
7.134200000001555964e-02
7.120600000001786611e-02
7.204900000004954563e-02
7.192600000001903027e-02
7.312600000000202272e-02
7.137999999997646228e-02
7.202100000000655200e-02
7.295699999997395935e-02
7.227599999998801650e-02
7.426500000002533852e-02
7.295199999998658313e-02
7.280800000000908767e-02
7.207499999998390194e-02
7.365900000002056913e-02
7.384600000000318687e-02
7.363299999997252598e-02
7.295900000002575325e-02
7.185799999996334009e-02
7.115200000004051617e-02
7.570499999997082341e-02
7.378599999998414205e-02
7.149900000001707667e-02
7.525000000003956302e-02
7.529400000004216054e-02
7.537999999999556167e-02
7.438700000000153523e-02
7.537999999999556167e-02
7.528099999996129554e-02
6.971099999998386920e-02
7.506599999999252759e-02
7.444499999996878614e-02
7.486299999999346255e-02
7.255200000003014793e-02
7.394099999999070860e-02
7.202599999999392821e-02
7.456699999994498285e-02
7.258899999999357533e-02
7.348899999999503052e-02
7.330500000000483851e-02
7.200599999998757994e-02
7.211999999998397470e-02
7.506999999998242856e-02
7.200199999999767897e-02
7.264400000002524393e-02
7.488899999998466228e-02
7.145299999996268525e-02
7.078300000000581349e-02
7.173599999998714338e-02
7.095199999997703344e-02
7.240799999999580905e-02
7.242800000000215732e-02
7.261299999998982457e-02
7.089700000000220825e-02
7.369399999998904605e-02
7.175899999998591738e-02
7.301000000001067747e-02
7.232899999996789120e-02
7.446300000003702735e-02
7.464199999998299973e-02
7.260400000001254739e-02
7.458500000001322405e-02
7.386399999995774124e-02
7.446199999998270869e-02
7.465799999999944703e-02
7.445799999999280772e-02
7.470200000000204454e-02
7.451000000003205059e-02
7.445599999999785723e-02
6.993999999997413397e-02
7.285000000001673470e-02
7.441500000004452886e-02
7.203800000002047454e-02
7.139500000005227776e-02
7.100700000000870205e-02
7.113300000003164314e-02
7.150699999999687861e-02
7.464500000003226887e-02
7.370700000001306762e-02
7.415900000000874570e-02
7.563700000002882007e-02
7.199300000002040179e-02
7.497299999999995634e-02
7.438300000001163426e-02
7.462799999996150291e-02
7.350100000002157685e-02
7.186900000004925460e-02
7.159200000000964792e-02
7.110099999999874854e-02
7.180600000003778405e-02
7.223599999997531995e-02
7.340499999997973646e-02
7.294899999999415741e-02
7.010000000002492015e-02
7.362399999999524880e-02
7.321200000001226726e-02
7.270499999998492058e-02
7.408399999997072882e-02
7.226799999995137114e-02
7.249799999999595457e-02
7.238499999999703505e-02
7.305300000001579974e-02
7.353100000000267755e-02
7.391599999999698412e-02
7.341799999994691461e-02
7.290899999998146086e-02
7.576699999998481871e-02
7.532800000001316221e-02
7.443699999998898420e-02
7.547500000003992682e-02
7.529499999998279236e-02
7.537999999999556167e-02
7.529399999998531712e-02
7.247300000000223008e-02
7.441700000003947935e-02
7.521400000001676744e-02
7.228999999995266990e-02
7.055400000001554872e-02
7.454799999999295324e-02
7.172100000002501474e-02
7.398599999999078136e-02
7.484300000004395770e-02
7.090199999998958447e-02
7.305600000000822547e-02
7.196600000003172681e-02
7.047000000000025466e-02
7.307700000001204899e-02
7.190400000001773151e-02
7.203499999997120540e-02
7.127800000000661385e-02
7.218100000000049477e-02
7.196900000002415254e-02
7.193499999999630745e-02
7.409100000000989894e-02
7.404999999999972715e-02
7.337200000000621003e-02
7.400899999998955536e-02
7.168200000000979344e-02
7.077899999995906910e-02
7.257299999997712803e-02
7.185500000002775778e-02
7.096899999999095598e-02
7.433900000000903674e-02
7.142500000003337846e-02
7.363900000001422086e-02
7.370499999996127372e-02
7.248299999997698251e-02
7.318900000001349326e-02
7.383900000002086017e-02
7.293699999996761107e-02
7.345399999996971019e-02
7.468299999999317151e-02
7.482800000002498564e-02
7.360699999998132625e-02
7.475200000004633694e-02
7.221500000002833985e-02
7.516199999997752457e-02
7.202599999999392821e-02
7.476700000000846558e-02
7.506799999998747808e-02
7.350899999994453538e-02
7.291500000002315574e-02
7.343600000001515582e-02
7.244100000002617890e-02
7.353399999999510328e-02
7.376700000003211244e-02
7.277400000003808600e-02
7.235500000001593435e-02
7.326999999997951818e-02
7.284100000003945752e-02
7.494600000001128137e-02
7.479999999998199200e-02
7.293600000002697925e-02
7.026100000001633816e-02
7.262400000001889566e-02
7.433000000003175955e-02
7.443200000000160799e-02
7.398800000004257527e-02
7.202999999998382918e-02
7.187400000003663081e-02
7.162899999997307532e-02
7.119099999999889405e-02
7.184000000000878572e-02
7.170200000001614171e-02
7.287400000001298395e-02
7.266099999998232306e-02
7.168200000000979344e-02
7.217600000001311855e-02
7.284100000003945752e-02
7.228999999995266990e-02
7.200100000000020373e-02
7.082400000001598528e-02
7.069200000000819273e-02
7.190800000000763248e-02
7.201700000001665103e-02
7.197300000001405351e-02
7.431800000000521322e-02
7.079200000003993409e-02
7.441699999998263593e-02
7.455399999997780469e-02
7.504399999999122883e-02
7.420300000001134322e-02
7.336600000002135857e-02
7.257200000003649620e-02
7.227399999999306601e-02
7.316299999996545012e-02
7.247599999999465581e-02
7.403299999998580461e-02
7.296099999996386032e-02
7.428299999997989289e-02
7.236699999998563726e-02
7.453600000002325032e-02
7.389499999999316060e-02
7.377800000000434011e-02
7.255100000003267269e-02
7.206400000001167427e-02
7.207900000003064633e-02
7.194199999997863415e-02
7.171499999998331987e-02
7.541699999995898906e-02
7.488599999999223655e-02
7.140900000001693115e-02
7.179300000001376247e-02
7.405199999999467764e-02
7.211799999998902422e-02
7.271400000001904118e-02
7.350400000001400258e-02
7.570600000002514207e-02
7.552499999997053237e-02
7.105000000001382432e-02
7.452899999998408020e-02
7.250399999998080602e-02
7.475899999997182022e-02
7.402200000001357694e-02
7.233800000000201180e-02
7.210400000002437082e-02
7.233999999999696229e-02
7.030699999995704275e-02
7.106600000003027162e-02
7.155700000004117101e-02
7.264500000002271918e-02
7.281199999999898864e-02
7.527500000003328751e-02
7.151299999998173007e-02
7.525100000003703826e-02
7.340599999997721170e-02
7.201800000001412627e-02
7.528400000001056469e-02
7.432799999997996565e-02
7.547199999999065767e-02
7.548600000001215449e-02
7.266199999997979830e-02
7.528100000001813896e-02
6.992800000000443106e-02
7.347900000002027809e-02
7.159300000000712316e-02
7.175100000000611544e-02
7.261499999998477506e-02
7.361099999997122723e-02
7.356600000002799788e-02
7.359000000002424713e-02
7.366100000001551962e-02
7.248499999997193299e-02
7.240500000000338332e-02
7.118600000001151784e-02
7.250299999998333078e-02
7.411499999994930477e-02
7.370600000001559238e-02
7.385299999998551357e-02
7.013100000000349610e-02
7.331800000002886009e-02
7.281699999998636486e-02
7.248399999997445775e-02
7.189199999999118518e-02
7.154800000000705040e-02
7.124199999998381827e-02
7.293399999997518535e-02
7.027199999998856583e-02
7.290299999999660940e-02
7.272399999999379361e-02
7.068699999996397310e-02
7.465400000000954606e-02
7.434899999998378917e-02
7.471200000003364039e-02
7.198499999998375642e-02
6.970400000000154250e-02
7.183900000001131048e-02
7.359600000000909858e-02
7.394300000004250251e-02
7.347900000002027809e-02
7.364800000004834146e-02
7.373899999998911881e-02
7.364499999999907232e-02
7.371399999999539432e-02
7.275900000001911394e-02
7.134600000000546061e-02
7.183600000001888475e-02
7.162900000002991874e-02
7.196899999996730912e-02
7.199400000001787703e-02
7.193899999998620842e-02
7.089300000001230728e-02
7.252099999999472857e-02
7.252800000003389869e-02
7.378900000003341120e-02
7.198600000003807509e-02
7.261900000003151945e-02
7.179700000000366344e-02
7.238200000000460932e-02
7.046800000000530417e-02
7.436300000000528598e-02
7.278200000001788794e-02
7.446699999997008490e-02
7.216099999999414649e-02
7.453399999997145642e-02
7.224600000000691580e-02
7.475299999998696876e-02
7.481699999999591455e-02
7.417300000003024252e-02
7.365599999997129999e-02
7.208599999995612961e-02
7.228700000001708759e-02
7.224400000001196531e-02
7.241399999998066050e-02
7.117999999996982297e-02
6.966599999998379644e-02
7.382000000001198714e-02
7.467000000002599336e-02
7.417299999997339910e-02
7.324799999997821942e-02
7.392100000004120375e-02
7.230499999997164196e-02
7.218500000004723915e-02
7.350300000001652734e-02
7.270399999998744534e-02
7.223899999996774568e-02
7.230600000002596062e-02
7.247000000000980435e-02
7.281600000004573303e-02
7.296600000000807995e-02
7.433900000000903674e-02
7.077600000002348679e-02
7.203300000003309833e-02
7.402100000001610169e-02
7.310300000000324872e-02
7.266299999997727355e-02
7.405199999999467764e-02
7.245899999998073326e-02
7.290899999998146086e-02
7.617999999996527549e-02
7.514400000002297020e-02
7.391999999998688509e-02
7.313999999996667611e-02
7.192299999996976112e-02
7.314299999995910184e-02
7.545099999998683415e-02
7.544500000000198270e-02
7.088399999997818668e-02
7.542200000000320870e-02
7.510500000000774889e-02
7.558499999998957719e-02
7.545099999998683415e-02
7.514599999996107726e-02
7.374299999997901978e-02
7.179999999999608917e-02
7.049000000000660293e-02
7.197400000001152875e-02
7.113299999997479972e-02
7.225800000003346213e-02
7.015000000001236913e-02
7.303200000001197623e-02
7.168300000000726868e-02
7.188099999996211409e-02
7.448400000004085086e-02
7.164899999997942359e-02
1.446750000000065484e-01
7.360299999999142528e-02
7.279699999998001658e-02
7.290699999998651037e-02
7.283499999999776264e-02
7.063999999996894985e-02
7.064000000002579327e-02
7.481200000000853834e-02
7.470499999999447027e-02
7.292100000000800719e-02
7.328799999999091597e-02
7.279799999997749183e-02
7.318299999997179839e-02
7.306099999999560168e-02
7.015100000000984437e-02
7.362499999999272404e-02
7.195899999999255670e-02
7.210699999995995313e-02
7.235800000000836008e-02
7.303400000000692671e-02
7.493700000003400419e-02
7.526999999998906787e-02
7.381899999995766848e-02
7.187099999998736166e-02
1.259530000000381733e-01
7.158199999997805207e-02
7.234100000005128095e-02
7.248600000002625166e-02
7.218499999999039574e-02
7.239500000002863089e-02
7.148399999999810461e-02
7.159500000000207365e-02
7.074099999999816646e-02
7.303799999999682768e-02
7.225299999998924250e-02
7.355899999998882777e-02
7.414300000004914182e-02
7.353000000000520231e-02
7.076100000000451473e-02
7.361900000000787259e-02
7.130699999999023930e-02
7.380200000000058935e-02
7.396599999998443309e-02
7.355899999998882777e-02
7.212399999997387567e-02
7.286300000004075628e-02
7.331699999997454142e-02
7.446400000003450259e-02
7.433299999996734186e-02
7.258999999999105057e-02
7.227299999999559077e-02
7.362100000000282307e-02
7.474600000000464206e-02
7.262099999996962651e-02
7.215300000001434455e-02
7.263899999998102430e-02
7.324799999997821942e-02
7.077900000001591252e-02
7.118300000001909211e-02
7.185400000003028254e-02
7.184399999999868669e-02
7.143299999995633698e-02
7.032000000003790774e-02
7.397199999996928454e-02
7.290999999997893610e-02
7.435699999996359111e-02
7.457999999996900442e-02
7.190500000001520675e-02
7.199200000002292654e-02
7.144500000003972673e-02
7.042599999999765714e-02
7.194700000002285378e-02
7.209599999998772546e-02
7.439499999998133717e-02
7.268599999997604755e-02
7.385699999997541454e-02
7.432099999999763895e-02
7.438300000001163426e-02
7.313700000003109380e-02
7.480000000003883542e-02
7.413900000000239743e-02
7.262300000002142042e-02
7.267000000001644366e-02
7.482399999997824125e-02
7.209900000003699461e-02
7.167900000001736771e-02
7.320999999996047336e-02
7.131300000003193418e-02
7.194800000002032903e-02
7.214299999998274870e-02
7.200500000004694812e-02
7.310000000001082299e-02
7.256300000000237560e-02
7.293600000002697925e-02
6.973099999999021747e-02
7.249600000000100408e-02
7.232199999998556450e-02
7.235500000001593435e-02
7.245699999998578278e-02
7.239199999997936175e-02
7.245100000000093132e-02
7.242700000000468208e-02
7.259399999998095154e-02
7.281699999998636486e-02
7.243900000003122841e-02
7.377999999999929059e-02
7.475600000003623791e-02
7.452200000000175351e-02
7.444500000002562956e-02
7.382200000000693763e-02
7.396700000003875175e-02
7.230699999996659244e-02
7.233600000000706132e-02
7.215000000002191882e-02
7.237299999997048872e-02
7.190500000001520675e-02
7.247200000000475484e-02
7.330500000000483851e-02
7.032399999997096529e-02
7.292599999999538340e-02
7.266400000003159221e-02
7.131099999998014027e-02
7.318400000002611705e-02
7.278200000001788794e-02
7.138800000001310764e-02
7.241099999998823478e-02
7.101799999998092972e-02
7.343400000002020533e-02
7.542200000000320870e-02
7.456500000000687578e-02
7.243599999998195926e-02
7.224400000001196531e-02
7.247599999999465581e-02
7.146399999999175634e-02
6.964699999997492341e-02
7.228499999996529368e-02
7.245399999999335705e-02
7.122900000001664012e-02
7.227799999998296698e-02
7.373100000000931686e-02
7.342500000004292815e-02
7.234099999999443753e-02
6.974300000001676381e-02
7.219500000002199158e-02
7.032600000002275920e-02
7.079800000002478555e-02
7.531000000000176442e-02
7.476900000000341606e-02
7.533100000000558794e-02
7.401500000003125024e-02
7.175200000000359069e-02
7.584700000001021181e-02
7.533100000000558794e-02
7.577500000002146407e-02
7.358199999998760177e-02
7.432299999999258944e-02
7.541400000002340676e-02
7.564000000002124580e-02
7.237199999997301347e-02
7.186799999999493593e-02
7.205999999996492988e-02
7.526799999999411739e-02
7.532499999996389306e-02
7.526000000001431545e-02
7.272599999998874409e-02
7.537000000002080924e-02
7.321699999999964348e-02
7.538100000004988033e-02
7.535300000000688669e-02
7.517500000000154614e-02
7.401099999998450585e-02
7.465500000000702130e-02
7.546099999996158658e-02
7.537800000000061118e-02
7.076799999998684143e-02
7.521300000001929220e-02
7.524699999999029387e-02
7.450499999998783096e-02
7.127000000002681190e-02
7.530699999995249527e-02
7.462599999996655242e-02
7.546700000000328146e-02
7.209100000000034925e-02
7.313299999998434942e-02
7.554900000002362503e-02
7.523299999996879706e-02
7.531799999998156636e-02
7.543199999997796112e-02
7.542300000000068394e-02
7.188899999994191603e-02
7.132599999999911233e-02
7.177000000001498847e-02
7.239500000002863089e-02
7.059800000001814624e-02
7.200599999998757994e-02
7.263899999998102430e-02
7.175800000004528556e-02
7.445300000006227492e-02
7.456400000000940054e-02
7.438799999999901047e-02
7.158200000003489549e-02
7.229900000004363392e-02
7.238199999994776590e-02
7.384599999988950003e-02
7.092299999999340798e-02
7.290599999998903513e-02
7.079099999998561543e-02
7.148999999992611265e-02
7.244099999991249206e-02
7.477100000005520997e-02
7.171599999992395169e-02
7.186699999999746069e-02
7.187200000009852374e-02
7.189099999993686652e-02
7.108799999991788354e-02
7.426099999997859413e-02
7.210899999995490361e-02
7.306900000003224704e-02
7.263499999999112333e-02
7.279299999993327219e-02
7.325700000001234002e-02
7.299399999999423017e-02
7.026400000006560731e-02
7.314899999994395330e-02
7.053400000006604387e-02
7.064000000002579327e-02
7.186200000001008448e-02
7.137399999999161082e-02
7.083000000000083674e-02
7.215800000005856418e-02
7.211499999993975507e-02
7.288199999993594247e-02
7.281599999998888961e-02
7.267800000010993244e-02
7.275400000003173773e-02
7.305699999994885729e-02
7.212200000003576861e-02
7.187499999997726263e-02
7.326799999998456769e-02
7.284100000003945752e-02
7.481900000004770845e-02
7.396100000005390029e-02
7.458700000006501796e-02
7.479699999998956628e-02
7.264099999997597479e-02
7.478200000002743764e-02
7.146699999998418207e-02
7.151999999996405677e-02
7.212100000003829336e-02
7.499699999993936217e-02
7.162800000003244350e-02
7.240100000001348235e-02
7.237799999995786493e-02
7.150599999999940337e-02
7.280900000000656291e-02
7.215399999995497637e-02
7.471199999997679697e-02
7.188099999996211409e-02
7.473599999991620280e-02
7.522000000005846232e-02
7.474000000001979060e-02
7.483400000000983709e-02
7.453299999997398118e-02
7.257099999992533412e-02
7.221100000003843888e-02
7.528500000000803993e-02
7.495200000005297625e-02
7.476800000006278424e-02
7.209199999999782449e-02
7.548299999996288534e-02
7.308499999999185093e-02
7.549499999993258825e-02
7.537600000000566070e-02
7.526999999993222445e-02
7.364399999994475365e-02
7.405799999992268567e-02
7.407799999998587737e-02
7.485200000007807830e-02
7.098999999993793608e-02
7.513300000005074253e-02
7.440699999995104008e-02
7.512400000007346534e-02
7.488599999999223655e-02
7.200799999998253043e-02
7.220199999994747486e-02
7.282199999997374107e-02
7.439599999997881241e-02
7.423900000003413879e-02
7.248000000004140020e-02
7.338599999991402001e-02
7.472200000006523624e-02
7.478400000002238812e-02
7.237900000006902701e-02
7.497100000000500586e-02
7.360900000003312016e-02
7.340299999998478597e-02
7.293400000003202877e-02
7.309100000009038922e-02
7.175799999993159872e-02
7.216800000003331661e-02
7.302900000001955050e-02
7.487499999990632205e-02
7.318599999996422412e-02
7.114500000000134605e-02
7.349799999997230771e-02
7.287999999994099198e-02
7.491400000003523019e-02
7.491400000003523019e-02
7.322299999998449493e-02
7.517300000006343907e-02
7.337000000006810296e-02
7.235400000001845910e-02
7.380900000009660289e-02
7.191500000010364602e-02
7.103700000004664616e-02
7.271100000002661545e-02
7.330699999999978900e-02
7.245800000009694486e-02
7.319099999995160033e-02
7.467000000008283678e-02
7.302000000004227331e-02
7.426399999997101986e-02
7.476999999994404789e-02
7.447899999999663123e-02
7.506799999998747808e-02
7.212300000003324385e-02
6.959300000005441689e-02
7.254499999999097781e-02
7.215299999995750113e-02
7.152799999994385871e-02
7.211699999993470556e-02
7.242700000006152550e-02
7.250800000008439383e-02
7.233299999995779217e-02
7.121399999994082464e-02
7.513199999993958045e-02
7.348400000000765431e-02
7.535500000005868060e-02
7.513300000005074253e-02
7.503700000006574555e-02
7.591199999990294600e-02
7.190300000002025627e-02
7.059800000001814624e-02
7.195100000001275475e-02
7.346100000006572373e-02
7.396899999992001540e-02
7.360099999993963138e-02
7.166700000004766480e-02
7.379500000001826265e-02
7.423600000004171307e-02
7.151899999996658153e-02
7.162700000003496825e-02
7.519700000000284490e-02
7.236399999999321153e-02
7.229900000004363392e-02
7.258100000001377339e-02
7.181500000001506123e-02
7.076699999993252277e-02
6.968000000006213668e-02
7.115599999997357372e-02
7.135900000002948218e-02
7.119199999999636930e-02
7.142099999998663407e-02
7.129999999995106919e-02
7.136900000000423461e-02
7.228599999996276892e-02
7.120299999996859697e-02
7.260899999994308018e-02
7.246099999997568375e-02
7.278399999995599501e-02
7.133999999996376573e-02
7.189799999991919321e-02
7.239100000003872992e-02
7.247400000005654874e-02
7.467700000006516348e-02
7.190800000000763248e-02
7.112899999992805533e-02
7.169600000008813367e-02
7.319700000005013862e-02
7.296699999994871177e-02
7.370200000002569141e-02
7.196800000008352072e-02
7.118500000001404260e-02
7.235000000002855813e-02
7.465000000001964509e-02
7.311800000002222077e-02
7.342199999993681558e-02
7.325700000001234002e-02
7.330899999999473948e-02
7.061499999997522536e-02
6.994999999994888640e-02
7.068500000002586603e-02
7.187299999998231215e-02
7.376799999997274426e-02
7.369900000003326568e-02
7.354299999997238046e-02
7.400699999993776146e-02
7.390500000008159986e-02
7.262400000001889566e-02
7.279499999992822268e-02
7.368800000006103801e-02
7.390799999996033876e-02
7.216700000003584137e-02
7.327700000007553172e-02
7.193399999994198879e-02
7.459500000004481990e-02
7.081900000002860907e-02
7.416100000000369619e-02
7.489499999996951374e-02
7.438600000000405998e-02
7.358799999997245322e-02
7.487200000002758316e-02
7.438500000000658474e-02
7.446499999991829100e-02
7.507099999997990381e-02
7.433100000002923480e-02
7.533100000000558794e-02
7.452499999999417923e-02
7.358899999996992847e-02
7.488299999999981083e-02
7.604000000003452442e-02
7.269400000006953633e-02
7.006799999999202555e-02
7.151199999998425483e-02
7.541800000001330773e-02
7.331199999998716521e-02
7.293400000003202877e-02
7.515499999999519787e-02
7.556599999998070416e-02
7.544799999993756501e-02
7.407999999998082785e-02
7.347000000004300091e-02
7.523100000003068999e-02
7.284800000002178422e-02
7.149200000003474997e-02
7.176400000003013702e-02
7.229399999994257087e-02
7.205199999998512794e-02
7.445299999994858808e-02
7.460600000001704757e-02
7.126000000005205948e-02
7.411799999999857391e-02
7.477700000004006142e-02
7.450300000004972389e-02
7.209899999998015119e-02
7.199000000002797606e-02
7.364599999993970414e-02
7.136200000002190791e-02
7.138900000006742630e-02
7.393999999999323336e-02
7.346299999994698737e-02
7.323399999995672260e-02
7.456200000001445005e-02
7.443100000000413274e-02
7.249000000001615263e-02
7.408899999995810504e-02
7.424500000001899025e-02
7.274800000004688627e-02
7.297099999993861275e-02
7.256399999994300742e-02
7.301199999994878453e-02
7.270500000004176400e-02
7.344100000000253203e-02
7.254199999999855208e-02
7.256600000005164475e-02
7.228099999997539271e-02
7.285899999999401189e-02
7.132999999998901330e-02
7.213100000001304579e-02
7.082299999990482320e-02
6.967899999995097460e-02
7.235400000001845910e-02
7.133199999998396379e-02
7.430699999997614213e-02
7.231899999999313877e-02
7.240799999999580905e-02
7.285000000001673470e-02
7.400600000005397305e-02
7.209699999998520070e-02
1.436270000000376967e-01
7.301500000005489710e-02
7.321900000010828080e-02
7.260299999995822873e-02
7.313599999997677514e-02
7.313499999997929990e-02
7.372599999996509723e-02
7.037500000001273293e-02
7.471899999995912367e-02
7.229500000005373295e-02
7.356800000002294837e-02
7.450099999994108657e-02
7.128699999998389103e-02
7.095400000002882734e-02
7.285100000001420995e-02
7.238099999995029066e-02
7.244300000002112938e-02
7.313099999998939893e-02
7.346899999993183883e-02
7.254900000009456562e-02
7.271700000001146691e-02
7.270300000004681351e-02
7.277799999997114355e-02
7.321799999999711872e-02
7.254899999998087878e-02
7.309399999996912811e-02
7.284200000003693276e-02
7.295800000008512143e-02
7.226300000002083834e-02
7.219599999996262341e-02
7.290000000000418368e-02
7.369800000003579044e-02
7.210800000007111521e-02
7.489700000007815106e-02
7.230099999992489757e-02
7.484399999998458952e-02
7.487400000002253364e-02
7.417499999996834958e-02
7.481299999994917016e-02
7.561799999996310362e-02
7.514599999990423385e-02
7.473400000003493915e-02
7.391999999993004167e-02
7.160800000008293864e-02
7.358199999998760177e-02
7.161999999993895472e-02
7.310300000006009213e-02
7.359999999994215614e-02
7.275800000002163870e-02
7.450400000004719914e-02
7.388000000003103196e-02
7.212500000002819434e-02
7.221700000002329034e-02
7.186899999999241118e-02
7.093399999996563565e-02
7.339400000000750879e-02
7.461100000000442378e-02
7.447099999990314245e-02
7.472199999995154940e-02
7.210799999995742837e-02
7.172500000001491571e-02
7.222400000000561704e-02
7.186000000001513399e-02
6.968099999994592508e-02
7.440900000005967740e-02
7.277199999998629210e-02
7.487900000000990985e-02
7.495099999994181417e-02
7.493499999998221028e-02
7.359099999996487895e-02
7.494999999994433892e-02
7.508699999993950769e-02
7.362200000000029831e-02
7.409900000004654430e-02
7.359199999996235420e-02
7.379700000001321314e-02
7.231000000001586159e-02
7.283700000004955655e-02
7.502599999997983105e-02
7.026099999995949474e-02
7.166300000005776383e-02
7.338400000003275636e-02
7.170499999995172402e-02
7.094199999994543759e-02
7.158900000001722219e-02
7.139099999994868995e-02
7.328099999995174585e-02
7.419700000002649176e-02
7.510500000000774889e-02
7.345700000007582275e-02
7.182699999998476414e-02
7.266200000003664172e-02
7.219799999995757389e-02
7.213300000000799628e-02
7.061199999998279964e-02
7.112300000005689071e-02
7.456799999999930151e-02
7.202899999992951052e-02
7.466399999998429848e-02
7.501899999999750435e-02
7.495500000004540198e-02
7.222999999999046850e-02
7.154100000002472370e-02
7.421299999998609564e-02
7.158900000001722219e-02
7.194199999992179073e-02
7.165600000007543713e-02
7.085600000004887988e-02
7.182900000009340147e-02
7.207899999991695950e-02
7.229100000006383198e-02
6.977400000005218317e-02
7.223099999998794374e-02
7.251299999995808321e-02
7.235700000001088483e-02
7.349999999996725819e-02
7.373499999994237442e-02
7.206599999994978134e-02
7.442500000001928129e-02
7.371000000000549335e-02
7.207599999992453377e-02
7.252800000003389869e-02
7.104000000003907189e-02
7.223799999997027044e-02
7.245400000010704389e-02
7.376799999997274426e-02
7.355499999994208338e-02
6.973699999991822551e-02
7.514900000001034641e-02
7.336699999996199040e-02
7.490200000006552727e-02
7.487600000001748413e-02
7.519000000002051820e-02
7.415299999991020741e-02
7.475899999997182022e-02
7.080699999994521932e-02
7.449199999996380939e-02
7.543399999997291161e-02
7.529299999998784187e-02
7.577500000002146407e-02
7.244000000002870365e-02
7.510100000001784792e-02
7.561500000008436473e-02
7.314000000008036295e-02
7.173399999999219290e-02
7.274099999995087273e-02
7.173000000000229193e-02
7.201299999996990664e-02
7.097600000008696952e-02
7.317399999999452120e-02
7.318599999996422412e-02
7.078699999999571446e-02
7.257900000001882290e-02
7.288500000004205504e-02
7.296500000006744813e-02
7.191000000000258296e-02
7.223499999997784471e-02
7.178299999998216663e-02
7.197500000006584742e-02
7.022400000005291076e-02
7.199900000000525324e-02
7.417100000009213545e-02
7.261200000004919275e-02
7.274300000005951006e-02
7.229799999993247184e-02
7.191799999998238491e-02
7.476500000007035851e-02
7.089100000007420022e-02
7.460000000003219611e-02
7.376900000008390634e-02
7.379200000002583693e-02
7.083199999999578722e-02
7.101099999999860302e-02
7.166900000004261528e-02
7.360399999993205711e-02
7.066199999997024861e-02
7.857100000001082662e-02
7.253200000002379966e-02
7.153900000002977322e-02
7.068600000002334127e-02
7.110000000000127329e-02
7.182599999998728890e-02
7.190100000002530578e-02
6.994099999997160921e-02
7.175000000006548362e-02
7.030199999996966653e-02
7.207499999992705852e-02
7.280500000001666194e-02
7.237599999996291444e-02
7.109200000002147135e-02
7.238400000005640322e-02
6.977999999992334779e-02
7.257200000003649620e-02
7.225700000003598689e-02
7.243899999991754157e-02
7.223399999998036947e-02
7.251800000005914626e-02
7.260999999994055543e-02
7.129700000007233029e-02
7.252700000003642344e-02
7.401300000003629975e-02
7.152700000006007031e-02
7.180800000003273453e-02
7.193699999993441452e-02
7.304399999998167914e-02
7.141100000001188164e-02
7.204500000000280124e-02
7.020399999998971907e-02
7.347899999990659126e-02
7.354799999995975668e-02
7.384500000000571163e-02
7.410300000003644527e-02
7.212600000002566958e-02
7.389300000011189695e-02
7.253400000001875014e-02
7.050000000003819878e-02
7.185299999991912046e-02
7.375600000000304135e-02
7.155199999999695137e-02
7.279599999992569792e-02
7.443799999998645944e-02
7.321200000001226726e-02
7.357899999999517604e-02
7.361600000001544686e-02
7.430200000010245276e-02
7.244600000001355511e-02
7.306800000003477180e-02
7.431199999996351835e-02
7.173499999998966814e-02
7.189400000004297908e-02
7.332799999994676909e-02
7.294600000000173168e-02
7.481699999993907113e-02
7.232099999998808926e-02
7.234399999993001984e-02
7.135500000003958121e-02
7.281399999999393913e-02
7.252299999993283564e-02
7.138999999995121470e-02
6.977100000005975744e-02
7.228199999997286795e-02
7.249100000001362787e-02
7.248800000002120214e-02
7.189200000004802860e-02
7.299699999998665589e-02
7.236499999999068677e-02
7.191799999998238491e-02
6.961200000000644650e-02
7.225099999993744859e-02
7.140900000001693115e-02
7.234900000003108289e-02
7.216300000004594040e-02
7.212399999991703226e-02
7.269800000005943730e-02
7.213200000001052103e-02
7.195899999999255670e-02
7.245699999998578278e-02
7.202999999992698577e-02
7.232399999998051499e-02
7.238899999993009260e-02
7.230900000001838634e-02
7.230499999991479854e-02
7.224899999994249811e-02
7.182299999999486317e-02
7.171700000003511377e-02
7.220899999992980156e-02
7.300899999995635881e-02
7.393500000000585715e-02
7.223999999996522092e-02
7.311500000002979505e-02
7.189400000004297908e-02
7.641599999999471038e-02
7.457799999997405394e-02
7.473800000002484012e-02
7.509600000003047171e-02
7.413399999995817780e-02
7.423200000005181209e-02
7.229600000005120819e-02
7.218900000009398354e-02
7.101799999998092972e-02
7.227300000010927761e-02
6.977000000006228220e-02
7.252300000004652247e-02
7.326399999999466672e-02
7.050400000002809975e-02
7.048499999996238330e-02
7.062699999994492828e-02
