# Pose Estimation timer: 2017-12-12 17:25:29.536009
1.459799999999999986e-02
8.858000000000032514e-03
7.843000000000266425e-03
1.090400000000002478e-02
1.052600000000047942e-02
1.029899999999983606e-02
1.029199999999974580e-02
1.058700000000101227e-02
8.683999999998803787e-03
8.077000000000111868e-03
8.002000000001174840e-03
7.991000000000525461e-03
7.778000000001838998e-03
8.614999999998929070e-03
8.797000000001276021e-03
8.912000000002251454e-03
8.907999999998139629e-03
1.040400000000119007e-02
8.620999999997991381e-03
8.738999999998497970e-03
8.894999999995434337e-03
9.889999999998622116e-03
8.612999999996873157e-03
9.121999999997854047e-03
9.490999999997029590e-03
9.327999999996450242e-03
1.023199999998780640e-02
9.309000000001788067e-03
8.418000000006031769e-03
7.970000000000254659e-03
1.026499999998975454e-02
9.319999999988226591e-03
8.896000000007120434e-03
9.535999999997102350e-03
1.021500000000230557e-02
9.405000000000995897e-03
8.287999999993189704e-03
9.663000000003307832e-03
9.662999999989096978e-03
8.874000000005821676e-03
8.818000000005099537e-03
8.684999999999831743e-03
8.853999999999473403e-03
9.022000000001639819e-03
8.033999999994989594e-03
8.611000000001922672e-03
9.112000000001785338e-03
8.988999999999691681e-03
9.336000000004673893e-03
9.466000000003305104e-03
8.373000000005959009e-03
9.725000000003092282e-03
1.010099999999169995e-02
9.014999999976680556e-03
9.839999999996962288e-03
8.247000000011439624e-03
9.333999999995512553e-03
9.057999999981802830e-03
8.765999999980067514e-03
8.718000000015990736e-03
9.326000000015710611e-03
8.292000000011512384e-03
9.307000000006837581e-03
9.168000000016718332e-03
8.604000000019595973e-03
8.744000000007190465e-03
1.232500000000413820e-02
9.295000000008712959e-03
1.049100000000180444e-02
8.983999999998104613e-03
8.663999999981797373e-03
9.793000000001939043e-03
1.064800000000332147e-02
9.253000000001065928e-03
9.378999999995585313e-03
9.669000000002370143e-03
9.709999999984120223e-03
9.063999999995075996e-03
8.768000000003439709e-03
9.390999999993709935e-03
9.927000000004682079e-03
8.791999999999688953e-03
1.070799999999394458e-02
1.039499999998838575e-02
8.334000000019159415e-03
8.114000000006171831e-03
8.819999999985839167e-03
9.682999999995445251e-03
1.016400000000317050e-02
1.004399999999350257e-02
8.901999999977761036e-03
9.471999999988156560e-03
1.068300000000022010e-02
8.908000000019455911e-03
7.331000000021958840e-03
1.099400000001082844e-02
8.914000000004307367e-03
8.868000000006759365e-03
1.055999999999812644e-02
1.235100000002375964e-02
9.138000000007195922e-03
9.236000000043986802e-03
9.292000000016287231e-03
8.678000000031715899e-03
9.424000000024079782e-03
1.097500000003037712e-02
8.849999999995361577e-03
8.442000000002281013e-03
9.926000000007206836e-03
9.148000000038791768e-03
1.006499999999732609e-02
9.356000000025233021e-03
1.015600000005179027e-02
1.022199999999884312e-02
9.703999999999268766e-03
1.061900000001969602e-02
8.981000000005678885e-03
8.758999999997740815e-03
1.058100000000194996e-02
1.099699999997483246e-02
9.560000000021773303e-03
1.032500000002301022e-02
9.989999999959309207e-03
8.721000000036838173e-03
9.552999999982603185e-03
1.048100000002705201e-02
8.768999999972493242e-03
1.089200000001255830e-02
9.565000000009149517e-03
9.109000000023570465e-03
9.232999999994717655e-03
1.040699999998651037e-02
8.544000000028972863e-03
8.826999999996587576e-03
9.917999999970561475e-03
8.996000000024650944e-03
1.064000000002351953e-02
8.731000000011590600e-03
1.237900000000990985e-02
9.271000000012463715e-03
1.020300000004681351e-02
1.015799999998989733e-02
9.053999999991901859e-03
8.969999999976607796e-03
9.470999999962259608e-03
9.731999999985418981e-03
8.142000000020743755e-03
9.899000000018531864e-03
9.907999999995809048e-03
1.060100000000829823e-02
1.125799999999799184e-02
9.647000000029493094e-03
1.104100000003427340e-02
8.406000000036328856e-03
8.044000000040796294e-03
1.036699999997381383e-02
8.285000000000763976e-03
7.722000000001116859e-03
8.350000000007185008e-03
8.828999999991538061e-03
8.930999999961386493e-03
7.391000000041003659e-03
9.910999999988234777e-03
9.545000000002801244e-03
1.016700000002401794e-02
9.182000000009793439e-03
9.019999999964056769e-03
9.442000000035477569e-03
8.500000000026375346e-03
1.015200000000504588e-02
1.099699999997483246e-02
1.053899999999430293e-02
9.691000000032090611e-03
8.632000000034167897e-03
9.468000000026677299e-03
9.977999999989606295e-03
1.077899999995679536e-02
8.904999999970186764e-03
9.001000000012027158e-03
8.964999999989231583e-03
1.014299999997092527e-02
9.799999999984265742e-03
9.624999999971350917e-03
9.239000000036412530e-03
9.841999999991912773e-03
9.221999999965646566e-03
8.885000000020681910e-03
9.404000000017731509e-03
9.930999999994583050e-03
7.839999999987412593e-03
8.769000000029336661e-03
9.086999999965428287e-03
8.954000000017003913e-03
1.026699999999891588e-02
8.573000000012598321e-03
9.747000000004391040e-03
8.643000000006395567e-03
9.714000000030864612e-03
9.946000000013555109e-03
9.248999999954321538e-03
1.001700000006167102e-02
9.286999999972067599e-03
8.852000000047155481e-03
7.917000000020379957e-03
9.379999999964638846e-03
8.951000000024578185e-03
7.509000000027299393e-03
8.523000000081992766e-03
1.009499999997842679e-02
1.088000000004285539e-02
9.025000000065119821e-03
9.005000000001928129e-03
1.393300000006547634e-02
8.683000000019092113e-03
8.547000000021398591e-03
9.427000000073348929e-03
8.181000000035965058e-03
1.204799999993610982e-02
9.124999999926330929e-03
1.073200000007545896e-02
8.792000000084954081e-03
9.751000000051135430e-03
8.064999999987776391e-03
8.762000000047009962e-03
1.008000000001629815e-02
8.821000000011736120e-03
9.605999999962477887e-03
1.034300000003440800e-02
8.887999999956264219e-03
8.957000000009429641e-03
1.040899999998146086e-02
8.015000000000327418e-03
8.850000000052204996e-03
9.451999999896543159e-03
8.363000000031206582e-03
9.261000000037711288e-03
8.425999999985833711e-03
9.722000000010666554e-03
8.434999999963110895e-03
9.729999999990468496e-03
8.049999999911960913e-03
9.366999999997460691e-03
9.248999999954321538e-03
6.645999999932428182e-03
7.204999999999017746e-03
8.440999999947962351e-03
8.961999999996805855e-03
8.332999999993262463e-03
8.502999999905114237e-03
9.957999999983258022e-03
1.021300000002156594e-02
8.274999999912324711e-03
1.101200000005064794e-02
8.293999999978041160e-03
8.241999999995641701e-03
9.317000000010011718e-03
8.584999999925457814e-03
8.153999999990446668e-03
9.410000000002582965e-03
7.359999999948740879e-03
8.941999999933614163e-03
8.335999999985688191e-03
9.591999999997824489e-03
8.434999999963110895e-03
1.057399999990593642e-02
9.568999999942207069e-03
9.465999999974883394e-03
8.277000000020962034e-03
9.138000000007195922e-03
