# Projection image timer: 2017-12-12 17:25:29.480814
3.570719999999999450e-01
2.000000000000000666e-01
2.000009999999998733e-01
2.000100000000000211e-01
2.000020000000000131e-01
2.732650000000000912e-01
2.000030000000001529e-01
2.000010000000003174e-01
2.497340000000001226e-01
2.000020000000000131e-01
2.000009999999998733e-01
2.000020000000000131e-01
2.000029999999997088e-01
2.000020000000004572e-01
2.000029999999997088e-01
2.000019999999995690e-01
2.511200000000002319e-01
2.000010000000003174e-01
2.000029999999997088e-01
2.000019999999995690e-01
2.000010000000003174e-01
2.000009999999994292e-01
2.000039999999998486e-01
2.000029999999997088e-01
2.447490000000005494e-01
2.000010000000003174e-01
2.000019999999995690e-01
2.000029999999988206e-01
2.000019999999995690e-01
2.000039999999998486e-01
2.000019999999995690e-01
2.000039999999998486e-01
2.404360000000007602e-01
2.000010000000003174e-01
2.000029999999988206e-01
2.000019999999995690e-01
2.000000000000010658e-01
2.000009999999985411e-01
2.000010000000003174e-01
2.000019999999995690e-01
2.494620000000011828e-01
2.000009999999985411e-01
2.000030000000005970e-01
2.000030000000005970e-01
2.000010000000003174e-01
2.000010000000003174e-01
2.000010000000003174e-01
2.000039999999998486e-01
2.472500000000010800e-01
2.000010000000003174e-01
2.000029999999988206e-01
2.000010000000003174e-01
2.000020000000013454e-01
2.000020000000013454e-01
2.000020000000013454e-01
2.000039999999998486e-01
2.479160000000000252e-01
2.000019999999977927e-01
2.000010000000003174e-01
2.000009999999967647e-01
2.000010000000003174e-01
2.000010000000003174e-01
2.000020000000013454e-01
2.000020000000013454e-01
2.386139999999983274e-01
2.000029999999988206e-01
2.000009999999967647e-01
2.000029999999988206e-01
2.000029999999988206e-01
2.000029999999988206e-01
2.000029999999988206e-01
2.000030000000023733e-01
2.450580000000002201e-01
2.000039999999998486e-01
2.000020000000013454e-01
2.000010000000003174e-01
2.000020000000013454e-01
2.000029999999988206e-01
2.000010000000003174e-01
2.000010000000003174e-01
2.506990000000008934e-01
2.000010000000003174e-01
2.000020000000013454e-01
2.000010000000003174e-01
2.000010000000003174e-01
2.000010000000003174e-01
2.000010000000003174e-01
2.000020000000013454e-01
2.449849999999997863e-01
2.000020000000013454e-01
2.000029999999988206e-01
2.000019999999977927e-01
2.000039999999998486e-01
2.000029999999988206e-01
2.000000000000028422e-01
2.000029999999988206e-01
2.433589999999981046e-01
2.000010000000003174e-01
2.000039999999998486e-01
2.000030000000023733e-01
2.000019999999977927e-01
2.000000000000028422e-01
2.000019999999977927e-01
2.000020000000048981e-01
2.517759999999995557e-01
2.000039999999998486e-01
2.000019999999977927e-01
2.000030000000023733e-01
2.000029999999952679e-01
2.000000000000028422e-01
2.000000000000028422e-01
2.000010000000003174e-01
2.497720000000001050e-01
2.000020000000048981e-01
2.000010000000003174e-01
2.000019999999977927e-01
2.000039999999998486e-01
2.000019999999977927e-01
2.000039999999998486e-01
2.000000000000028422e-01
2.486689999999995848e-01
2.000029999999952679e-01
2.000039999999998486e-01
2.086100000000001842e-01
2.000029999999952679e-01
2.000030000000023733e-01
2.000030000000023733e-01
2.000030000000023733e-01
2.500000000000000000e-01
2.000000000000028422e-01
2.000039999999998486e-01
2.000000000000028422e-01
2.000039999999998486e-01
2.000000000000028422e-01
2.000019999999977927e-01
2.000010000000003174e-01
2.507979999999960796e-01
2.000019999999977927e-01
2.000030000000023733e-01
2.000020000000048981e-01
2.000030000000023733e-01
2.000030000000023733e-01
2.000000000000028422e-01
2.000019999999977927e-01
2.420019999999993843e-01
2.000069999999993797e-01
2.000010000000003174e-01
2.000030000000023733e-01
2.000010000000003174e-01
2.000039999999998486e-01
2.000009999999932120e-01
2.000000000000028422e-01
2.457660000000032596e-01
2.000010000000003174e-01
2.000019999999977927e-01
2.000020000000048981e-01
2.000030000000023733e-01
2.000019999999977927e-01
2.000010000000003174e-01
2.000019999999977927e-01
2.477349999999987062e-01
2.000000000000028422e-01
2.000010000000003174e-01
2.000010000000003174e-01
2.000019999999977927e-01
2.000029999999952679e-01
2.000010000000003174e-01
2.000019999999977927e-01
2.547709999999980823e-01
2.000010000000003174e-01
2.000029999999952679e-01
2.000000000000028422e-01
2.000000000000028422e-01
2.000010000000003174e-01
2.000010000000003174e-01
2.000020000000048981e-01
2.486219999999974561e-01
2.000029999999952679e-01
2.000029999999952679e-01
2.000030000000023733e-01
2.000030000000023733e-01
2.000030000000023733e-01
2.000010000000003174e-01
2.000020000000048981e-01
2.422570000000021651e-01
2.000010000000003174e-01
2.000039999999998486e-01
2.000050000000044292e-01
2.000010000000003174e-01
2.000010000000003174e-01
2.000019999999977927e-01
2.000000000000028422e-01
2.557010000000019545e-01
2.000000000000028422e-01
2.000049999999973238e-01
2.000029999999952679e-01
2.000019999999977927e-01
2.000029999999952679e-01
2.000000000000028422e-01
2.000029999999952679e-01
2.358199999999897045e-01
2.000000000000028422e-01
2.000019999999977927e-01
2.000019999999977927e-01
2.000000000000028422e-01
2.000019999999977927e-01
2.000029999999952679e-01
2.000010000000003174e-01
2.511590000000012424e-01
2.000019999999977927e-01
2.000019999999977927e-01
2.000010000000003174e-01
2.000010000000003174e-01
2.000010000000003174e-01
2.000010000000003174e-01
2.000030000000094788e-01
2.495679999999964593e-01
2.000029999999952679e-01
2.000029999999952679e-01
2.000029999999952679e-01
2.000019999999977927e-01
2.000029999999952679e-01
2.000019999999977927e-01
2.000010000000003174e-01
2.351490000000069358e-01
2.000020000000120035e-01
2.000000000000028422e-01
2.000039999999927431e-01
2.000010000000003174e-01
2.000000000000028422e-01
2.000010000000003174e-01
2.000010000000003174e-01
2.439610000000129730e-01
2.000029999999952679e-01
2.000010000000003174e-01
2.000019999999977927e-01
2.000010000000003174e-01
2.000010000000003174e-01
2.000010000000003174e-01
2.000010000000003174e-01
2.531449999999892952e-01
2.000019999999977927e-01
2.000000000000028422e-01
2.000010000000003174e-01
2.000000000000028422e-01
2.000000000000028422e-01
2.000019999999977927e-01
2.000019999999977927e-01
2.511269999999967695e-01
2.000030000000094788e-01
2.000019999999977927e-01
2.000010000000003174e-01
2.000019999999977927e-01
2.000010000000003174e-01
2.000020000000120035e-01
2.000019999999977927e-01
2.381809999999973115e-01
2.000019999999977927e-01
2.000020000000120035e-01
2.000029999999952679e-01
2.000030000000094788e-01
2.000029999999952679e-01
2.000019999999977927e-01
2.000000000000028422e-01
2.484460000000012769e-01
2.000000000000028422e-01
2.000029999999952679e-01
2.000000000000028422e-01
2.000000000000028422e-01
2.000019999999977927e-01
2.000019999999977927e-01
2.000000000000028422e-01
2.489260000000115269e-01
2.000019999999977927e-01
2.000029999999952679e-01
2.000029999999952679e-01
2.000019999999977927e-01
2.000010000000003174e-01
2.000019999999977927e-01
2.000019999999977927e-01
2.475740000000001828e-01
2.000010000000003174e-01
2.000039999999927431e-01
2.000030000000094788e-01
2.000039999999927431e-01
2.000039999999927431e-01
2.000000000000028422e-01
2.000010000000003174e-01
2.372210000000052332e-01
2.000019999999977927e-01
2.000019999999977927e-01
2.000010000000003174e-01
2.000019999999977927e-01
2.000029999999952679e-01
2.000000000000028422e-01
2.000020000000120035e-01
2.413580000000052905e-01
2.000019999999977927e-01
2.000029999999952679e-01
2.000019999999977927e-01
2.000029999999952679e-01
2.000000000000028422e-01
2.000010000000003174e-01
2.000010000000003174e-01
2.450489999999945212e-01
2.000010000000003174e-01
2.000000000000028422e-01
2.000029999999952679e-01
2.296799999999876718e-01
2.000020000000120035e-01
2.000000000000028422e-01
2.000010000000003174e-01
2.424719999999922493e-01
2.000000000000028422e-01
2.000010000000003174e-01
2.000029999999952679e-01
2.000000000000028422e-01
2.000019999999977927e-01
2.000039999999927431e-01
2.000010000000003174e-01
2.697130000000100836e-01
2.000029999999952679e-01
2.000010000000003174e-01
2.000029999999952679e-01
2.000000000000028422e-01
2.000010000000003174e-01
2.000019999999977927e-01
2.000000000000028422e-01
2.427690000000097825e-01
2.000029999999952679e-01
2.000019999999977927e-01
2.000019999999977927e-01
2.000010000000003174e-01
2.000019999999977927e-01
2.000029999999952679e-01
2.000010000000003174e-01
2.433400000000034424e-01
2.000009999999861066e-01
2.000000000000028422e-01
2.000000000000028422e-01
2.000000000000028422e-01
2.000029999999952679e-01
2.000019999999977927e-01
2.000010000000003174e-01
2.449469999999962511e-01
2.000019999999977927e-01
2.000000000000028422e-01
2.000039999999927431e-01
2.000020000000120035e-01
2.000010000000003174e-01
2.000010000000003174e-01
2.000010000000003174e-01
2.397220000000004347e-01
2.000020000000120035e-01
2.000010000000003174e-01
2.000010000000003174e-01
2.000019999999977927e-01
2.000000000000028422e-01
2.000029999999952679e-01
2.000029999999952679e-01
2.434240000000045256e-01
2.000019999999977927e-01
2.000030000000094788e-01
2.488510000000019318e-01
2.000020000000120035e-01
2.000000000000028422e-01
2.000019999999977927e-01
2.000000000000028422e-01
2.456389999999970541e-01
2.000000000000028422e-01
2.000000000000028422e-01
2.000000000000028422e-01
2.000030000000094788e-01
2.000029999999952679e-01
2.000000000000028422e-01
2.000000000000028422e-01
2.467340000000035616e-01
2.000010000000003174e-01
2.000000000000028422e-01
2.000019999999977927e-01
2.000030000000094788e-01
2.000029999999952679e-01
2.000010000000003174e-01
2.000019999999977927e-01
2.471489999999931797e-01
2.358980000000059363e-01
2.000019999999977927e-01
2.000019999999977927e-01
2.000010000000003174e-01
2.000019999999977927e-01
2.000030000000094788e-01
2.000000000000028422e-01
2.450809999999847832e-01
2.000020000000120035e-01
2.000010000000145283e-01
2.000019999999835818e-01
2.000019999999835818e-01
2.000019999999835818e-01
2.000020000000120035e-01
2.000039999999785323e-01
2.511460000000056425e-01
2.000029999999810570e-01
2.000030000000094788e-01
2.000009999999861066e-01
2.000030000000094788e-01
2.000009999999861066e-01
2.000010000000145283e-01
2.000029999999810570e-01
2.462390000000027612e-01
2.000040000000069540e-01
2.000030000000094788e-01
2.000020000000120035e-01
2.000039999999785323e-01
2.000009999999861066e-01
2.000030000000094788e-01
2.000029999999810570e-01
2.541329999999959455e-01
2.000029999999810570e-01
2.000029999999810570e-01
2.000030000000094788e-01
2.000030000000094788e-01
2.000009999999861066e-01
2.000009999999861066e-01
2.000019999999835818e-01
2.488649999999950069e-01
2.000009999999861066e-01
2.000000000000170530e-01
2.000009999999861066e-01
2.000030000000094788e-01
2.000009999999861066e-01
2.000009999999861066e-01
2.000040000000069540e-01
2.464070000000049276e-01
2.000030000000094788e-01
2.000019999999835818e-01
2.000030000000094788e-01
2.000010000000145283e-01
2.000000000000170530e-01
2.000000000000170530e-01
2.000039999999785323e-01
2.418539999999893553e-01
2.000000000000170530e-01
2.000009999999861066e-01
2.000009999999861066e-01
2.000030000000094788e-01
2.000030000000094788e-01
2.000030000000094788e-01
2.000039999999785323e-01
2.439860000000066975e-01
2.000030000000094788e-01
2.000030000000094788e-01
2.000030000000094788e-01
2.000010000000145283e-01
2.000029999999810570e-01
2.000009999999861066e-01
2.000069999999993797e-01
2.513080000000229575e-01
2.000039999999785323e-01
2.000009999999861066e-01
2.000019999999835818e-01
2.000030000000094788e-01
2.000030000000094788e-01
2.000029999999810570e-01
2.000010000000145283e-01
2.554259999999999309e-01
2.000009999999861066e-01
2.000020000000120035e-01
2.000020000000120035e-01
2.000030000000094788e-01
2.000009999999861066e-01
2.000029999999810570e-01
2.000030000000094788e-01
2.458949999999902047e-01
2.000040000000069540e-01
2.000040000000069540e-01
2.000040000000069540e-01
2.000010000000145283e-01
2.000040000000069540e-01
2.000029999999810570e-01
2.000040000000069540e-01
2.575249999999869033e-01
2.000039999999785323e-01
2.000020000000120035e-01
2.000160000000050786e-01
2.000030000000094788e-01
2.000009999999861066e-01
2.000010000000145283e-01
2.000029999999810570e-01
2.433990000000108012e-01
2.000009999999861066e-01
2.000039999999785323e-01
2.000020000000120035e-01
2.000020000000120035e-01
2.000030000000094788e-01
2.000009999999861066e-01
2.000020000000120035e-01
2.419409999999970751e-01
2.000019999999835818e-01
2.000020000000120035e-01
2.000019999999835818e-01
2.000019999999835818e-01
2.000069999999993797e-01
2.000040000000069540e-01
2.000020000000120035e-01
2.479069999999978791e-01
2.000029999999810570e-01
2.000000000000170530e-01
2.000030000000094788e-01
2.000019999999835818e-01
2.000010000000145283e-01
2.000030000000094788e-01
2.000020000000120035e-01
2.366050000000257114e-01
2.000040000000069540e-01
2.000030000000094788e-01
2.000040000000069540e-01
2.000000000000170530e-01
2.000020000000120035e-01
2.000020000000120035e-01
2.000020000000120035e-01
2.375670000000127402e-01
2.000040000000069540e-01
2.000040000000069540e-01
2.000030000000094788e-01
2.000000000000170530e-01
2.000030000000094788e-01
2.000020000000120035e-01
2.000020000000120035e-01
2.497730000000046857e-01
2.000030000000094788e-01
2.000029999999810570e-01
2.000040000000069540e-01
2.000030000000094788e-01
2.000019999999835818e-01
2.000029999999810570e-01
2.000030000000094788e-01
2.427420000000211076e-01
2.000029999999810570e-01
2.000040000000069540e-01
2.000000000000170530e-01
2.000029999999810570e-01
2.000010000000145283e-01
2.000009999999861066e-01
2.000030000000094788e-01
2.566180000000031214e-01
2.000039999999785323e-01
2.000019999999835818e-01
2.000029999999810570e-01
2.000010000000145283e-01
2.000040000000069540e-01
2.000000000000170530e-01
2.000009999999861066e-01
2.395089999999981956e-01
2.000019999999835818e-01
2.000019999999835818e-01
2.000009999999861066e-01
2.000010000000145283e-01
2.000010000000145283e-01
2.000040000000069540e-01
2.000010000000145283e-01
2.400289999999927204e-01
2.000009999999861066e-01
2.000040000000069540e-01
2.000040000000069540e-01
2.000000000000170530e-01
2.000029999999810570e-01
2.000020000000120035e-01
2.000020000000120035e-01
2.446769999999958145e-01
2.000000000000170530e-01
2.000019999999835818e-01
2.000019999999835818e-01
2.000030000000094788e-01
2.000030000000094788e-01
2.000009999999861066e-01
2.000030000000094788e-01
2.497280000000046130e-01
2.000020000000120035e-01
2.000010000000145283e-01
2.000039999999785323e-01
2.000030000000094788e-01
2.000009999999861066e-01
2.000020000000120035e-01
2.000020000000120035e-01
2.436009999999839692e-01
2.000019999999835818e-01
2.000010000000145283e-01
2.000000000000170530e-01
2.000010000000145283e-01
2.000020000000120035e-01
2.000019999999835818e-01
2.000030000000094788e-01
2.467179999999871143e-01
2.000000000000170530e-01
2.000010000000145283e-01
2.000030000000094788e-01
2.000019999999835818e-01
2.000030000000094788e-01
2.000039999999785323e-01
2.000039999999785323e-01
2.502969999999891115e-01
2.000029999999810570e-01
2.000030000000094788e-01
2.000019999999835818e-01
2.000020000000120035e-01
2.000030000000094788e-01
2.000039999999785323e-01
2.000029999999810570e-01
2.423060000000134551e-01
2.000010000000145283e-01
2.000009999999861066e-01
2.000020000000120035e-01
2.000019999999835818e-01
2.000010000000145283e-01
2.000009999999861066e-01
2.000030000000094788e-01
2.398970000000133496e-01
2.000019999999835818e-01
2.000039999999785323e-01
2.000019999999835818e-01
2.000019999999835818e-01
2.000000000000170530e-01
2.000030000000094788e-01
2.000040000000069540e-01
2.434759999999869251e-01
2.000040000000069540e-01
2.000019999999835818e-01
2.000009999999861066e-01
2.000030000000094788e-01
2.000020000000120035e-01
2.000000000000170530e-01
2.000030000000094788e-01
2.487950000000012096e-01
2.000009999999861066e-01
2.000010000000145283e-01
2.000010000000145283e-01
2.000029999999810570e-01
2.000009999999861066e-01
2.000020000000120035e-01
2.000030000000094788e-01
2.455590000000142936e-01
2.000040000000069540e-01
2.000019999999835818e-01
2.000019999999835818e-01
2.000010000000145283e-01
2.000030000000094788e-01
2.000019999999835818e-01
2.000009999999861066e-01
2.508980000000065047e-01
2.000030000000094788e-01
2.000009999999861066e-01
2.000029999999810570e-01
2.000000000000170530e-01
2.000019999999835818e-01
2.000040000000069540e-01
2.000010000000145283e-01
2.434240000000045256e-01
2.000020000000120035e-01
2.000029999999810570e-01
2.000000000000170530e-01
2.000040000000069540e-01
2.000000000000170530e-01
2.000040000000069540e-01
2.000020000000120035e-01
2.485039999999969496e-01
2.000019999999835818e-01
2.000020000000120035e-01
2.000009999999861066e-01
2.000010000000145283e-01
2.000020000000120035e-01
2.000010000000145283e-01
2.000040000000069540e-01
2.445749999999975444e-01
2.000020000000120035e-01
2.000039999999785323e-01
2.000010000000145283e-01
2.000029999999810570e-01
2.000009999999861066e-01
2.000010000000145283e-01
2.000009999999861066e-01
2.497150000000090131e-01
2.000040000000069540e-01
2.000020000000120035e-01
2.000030000000094788e-01
2.000040000000069540e-01
2.000039999999785323e-01
2.000009999999861066e-01
2.000019999999835818e-01
2.480160000000068976e-01
2.000040000000069540e-01
2.000039999999785323e-01
2.000030000000094788e-01
2.000009999999861066e-01
2.000009999999861066e-01
2.000039999999785323e-01
2.000010000000145283e-01
2.388109999999983302e-01
2.000030000000094788e-01
2.000020000000120035e-01
2.000020000000120035e-01
2.000019999999835818e-01
2.000010000000145283e-01
2.000020000000120035e-01
2.000009999999861066e-01
2.431480000000192376e-01
2.000009999999861066e-01
2.000019999999835818e-01
2.000010000000145283e-01
2.000039999999785323e-01
2.000020000000120035e-01
2.000019999999835818e-01
2.000040000000069540e-01
2.422950000000128057e-01
2.000030000000094788e-01
2.328980000000058226e-01
2.000039999999785323e-01
2.000020000000120035e-01
2.000029999999810570e-01
2.000020000000120035e-01
2.000000000000170530e-01
2.438579999999888059e-01
2.000009999999861066e-01
2.000019999999835818e-01
2.000040000000069540e-01
2.000020000000120035e-01
2.000020000000120035e-01
2.000030000000094788e-01
2.000020000000120035e-01
2.465270000000145956e-01
2.000029999999810570e-01
2.000010000000145283e-01
2.000019999999835818e-01
2.000020000000120035e-01
2.000000000000170530e-01
2.000030000000094788e-01
2.000030000000094788e-01
2.453479999999785832e-01
2.000030000000094788e-01
2.000019999999835818e-01
2.000040000000069540e-01
2.000040000000069540e-01
2.000010000000145283e-01
2.000010000000145283e-01
2.000020000000120035e-01
2.489339999999913289e-01
2.000029999999810570e-01
2.000010000000145283e-01
2.000029999999810570e-01
2.000009999999861066e-01
2.000009999999861066e-01
2.000029999999810570e-01
2.000019999999835818e-01
2.399560000000064974e-01
2.000019999999835818e-01
2.000009999999861066e-01
2.000009999999861066e-01
2.000029999999810570e-01
2.000020000000120035e-01
2.000009999999861066e-01
2.000020000000120035e-01
2.408000000000072305e-01
2.000010000000145283e-01
2.000020000000120035e-01
2.000010000000145283e-01
2.000039999999785323e-01
2.000040000000069540e-01
2.000030000000094788e-01
2.000030000000094788e-01
2.465869999999767970e-01
2.000040000000069540e-01
2.000009999999861066e-01
2.000010000000145283e-01
2.000020000000120035e-01
2.000030000000094788e-01
2.000019999999835818e-01
2.000010000000145283e-01
2.446180000000026666e-01
2.000009999999861066e-01
2.457869999999786614e-01
2.000000000000170530e-01
2.000039999999785323e-01
2.000040000000069540e-01
2.000020000000120035e-01
2.000029999999810570e-01
2.510509999999896991e-01
2.000029999999810570e-01
2.000000000000170530e-01
2.000009999999861066e-01
2.000009999999861066e-01
2.000029999999810570e-01
2.000039999999785323e-01
2.000039999999785323e-01
2.506829999999808933e-01
2.000039999999785323e-01
2.000019999999835818e-01
2.000040000000353757e-01
2.000009999999861066e-01
2.000030000000379005e-01
2.000019999999835818e-01
2.000010000000429500e-01
2.788520000000289656e-01
2.000030000000379005e-01
2.000029999999810570e-01
2.000039999999785323e-01
2.000009999999861066e-01
2.000020000000404252e-01
2.000039999999785323e-01
2.000019999999835818e-01
2.402370000000360051e-01
2.000030000000379005e-01
2.000009999999861066e-01
2.000019999999835818e-01
2.000020000000404252e-01
2.000019999999835818e-01
2.000009999999861066e-01
2.000029999999810570e-01
2.457820000000197069e-01
2.000039999999785323e-01
2.000009999999861066e-01
2.000009999999861066e-01
2.000040000000353757e-01
2.000039999999785323e-01
2.000039999999785323e-01
2.000019999999835818e-01
2.338369999999940774e-01
2.000029999999810570e-01
2.000009999999861066e-01
2.000040000000353757e-01
2.000019999999835818e-01
2.000020000000404252e-01
2.000009999999861066e-01
2.000040000000353757e-01
2.418769999999881293e-01
2.000019999999835818e-01
2.000030000000379005e-01
2.000010000000429500e-01
2.000009999999861066e-01
2.000380000000063774e-01
2.000039999999785323e-01
2.000009999999861066e-01
2.414739999999824249e-01
2.000009999999861066e-01
2.000039999999785323e-01
2.000030000000379005e-01
2.000009999999861066e-01
2.000009999999861066e-01
2.000039999999785323e-01
2.000030000000379005e-01
2.411030000000096152e-01
2.000009999999861066e-01
2.000000000000454747e-01
2.000039999999785323e-01
2.000039999999785323e-01
2.000019999999835818e-01
2.000039999999785323e-01
2.000019999999835818e-01
2.441589999999678184e-01
2.000009999999861066e-01
2.000030000000379005e-01
2.000040000000353757e-01
2.000020000000404252e-01
2.000019999999835818e-01
2.000039999999785323e-01
2.000039999999785323e-01
2.443330000000401014e-01
2.000020000000404252e-01
2.000029999999810570e-01
2.000009999999861066e-01
2.000019999999835818e-01
2.000039999999785323e-01
2.000029999999810570e-01
2.000030000000379005e-01
2.411220000000184882e-01
2.000009999999861066e-01
2.000030000000379005e-01
2.000029999999810570e-01
2.000019999999835818e-01
2.000009999999861066e-01
2.000010000000429500e-01
2.000020000000404252e-01
2.505250000000387445e-01
2.000029999999810570e-01
2.000030000000379005e-01
2.000009999999861066e-01
2.000000000000454747e-01
2.000019999999835818e-01
2.000029999999810570e-01
2.000009999999861066e-01
2.497229999999603933e-01
2.000019999999835818e-01
2.000030000000379005e-01
2.000009999999861066e-01
2.000009999999861066e-01
2.000000000000454747e-01
2.000030000000379005e-01
2.000010000000429500e-01
2.499169999999821812e-01
2.000009999999861066e-01
2.000019999999835818e-01
2.000020000000404252e-01
2.000009999999861066e-01
2.000020000000404252e-01
2.000039999999785323e-01
2.000039999999785323e-01
2.497759999999971114e-01
2.000009999999861066e-01
2.000020000000404252e-01
2.000029999999810570e-01
2.000009999999861066e-01
2.000030000000379005e-01
2.000020000000404252e-01
2.000020000000404252e-01
2.466890000000034888e-01
2.000039999999785323e-01
2.000039999999785323e-01
2.000009999999861066e-01
2.000030000000379005e-01
2.000019999999835818e-01
2.000000000000454747e-01
2.000019999999835818e-01
2.496620000000007167e-01
2.000039999999785323e-01
2.000009999999861066e-01
2.000009999999861066e-01
2.000030000000379005e-01
2.000029999999810570e-01
2.000019999999835818e-01
2.000030000000379005e-01
2.549080000000003565e-01
2.000009999999861066e-01
2.000009999999861066e-01
2.000039999999785323e-01
2.000009999999861066e-01
2.000009999999861066e-01
2.000019999999835818e-01
2.000020000000404252e-01
2.499559999999974025e-01
2.000029999999810570e-01
2.000019999999835818e-01
2.000040000000353757e-01
2.000000000000454747e-01
2.000029999999810570e-01
2.000009999999861066e-01
2.000029999999810570e-01
2.494220000000382242e-01
2.000030000000379005e-01
2.000009999999861066e-01
2.000039999999785323e-01
2.000009999999861066e-01
2.000009999999861066e-01
2.000039999999785323e-01
2.000009999999861066e-01
2.533599999999864849e-01
2.000039999999785323e-01
2.000020000000404252e-01
2.000009999999861066e-01
2.000039999999785323e-01
2.000030000000379005e-01
2.000029999999810570e-01
2.000009999999861066e-01
2.373699999999985266e-01
2.000019999999835818e-01
2.000029999999810570e-01
2.000039999999785323e-01
2.000019999999835818e-01
2.000010000000429500e-01
2.000029999999810570e-01
2.000029999999810570e-01
2.461289999999962674e-01
2.000039999999785323e-01
2.000039999999785323e-01
2.000020000000404252e-01
2.000029999999810570e-01
2.000010000000429500e-01
2.000019999999835818e-01
2.000029999999810570e-01
2.447740000000067084e-01
2.000020000000404252e-01
2.000029999999810570e-01
2.000029999999810570e-01
2.000019999999835818e-01
2.000010000000429500e-01
2.000000000000454747e-01
2.000020000000404252e-01
2.455059999999775755e-01
2.000009999999861066e-01
2.000009999999861066e-01
2.000029999999810570e-01
2.000040000000353757e-01
2.000049999999760075e-01
2.000030000000379005e-01
2.000029999999810570e-01
2.403760000000261243e-01
2.000010000000429500e-01
2.000039999999785323e-01
2.000039999999785323e-01
2.000019999999835818e-01
2.000009999999861066e-01
2.000009999999861066e-01
2.000039999999785323e-01
2.463309999999978572e-01
2.000009999999861066e-01
2.000039999999785323e-01
2.000029999999810570e-01
2.000030000000379005e-01
2.000010000000429500e-01
2.000009999999861066e-01
2.000009999999861066e-01
2.548759999999674619e-01
2.000010000000429500e-01
2.000039999999785323e-01
2.000010000000429500e-01
2.000019999999835818e-01
2.000010000000429500e-01
2.000020000000404252e-01
2.000020000000404252e-01
2.412990000000263535e-01
2.000019999999835818e-01
2.000019999999835818e-01
2.000040000000353757e-01
2.000010000000429500e-01
2.000039999999785323e-01
2.000020000000404252e-01
2.000009999999861066e-01
2.486319999999864194e-01
2.000029999999810570e-01
2.000039999999785323e-01
2.000019999999835818e-01
2.000010000000429500e-01
2.000039999999785323e-01
2.000010000000429500e-01
2.000030000000379005e-01
2.543630000000121072e-01
2.000009999999861066e-01
2.000010000000429500e-01
2.000029999999810570e-01
2.000029999999810570e-01
2.000029999999810570e-01
2.000030000000379005e-01
2.000010000000429500e-01
2.499970000000075743e-01
2.000009999999861066e-01
2.000029999999810570e-01
2.000030000000379005e-01
2.000019999999835818e-01
2.000040000000353757e-01
2.000029999999810570e-01
2.000019999999835818e-01
2.485929999999711981e-01
2.000029999999810570e-01
2.000020000000404252e-01
2.000000000000454747e-01
2.000029999999810570e-01
2.000039999999785323e-01
2.000009999999861066e-01
2.000020000000404252e-01
2.497290000000020882e-01
2.000019999999835818e-01
2.000010000000429500e-01
2.000030000000379005e-01
2.000039999999785323e-01
2.000029999999810570e-01
2.000039999999785323e-01
2.000010000000429500e-01
2.522040000000060900e-01
2.000029999999810570e-01
2.000019999999835818e-01
2.000009999999861066e-01
2.000019999999835818e-01
2.000040000000353757e-01
2.000020000000404252e-01
2.000009999999861066e-01
2.487189999999941392e-01
2.000019999999835818e-01
2.000049999999760075e-01
2.000009999999861066e-01
2.000010000000429500e-01
2.000009999999861066e-01
2.000030000000379005e-01
2.000019999999835818e-01
2.402339999999867359e-01
2.000039999999785323e-01
2.000019999999835818e-01
2.000020000000404252e-01
2.000020000000404252e-01
2.000009999999861066e-01
2.000010000000429500e-01
2.000000000000454747e-01
2.500430000000051223e-01
2.000009999999861066e-01
2.000009999999861066e-01
2.000009999999861066e-01
2.000039999999785323e-01
2.000019999999835818e-01
2.000020000000404252e-01
2.000049999999760075e-01
2.473909999999932552e-01
2.000009999999861066e-01
2.000019999999835818e-01
2.000020000000404252e-01
2.000050000000328509e-01
2.000370000000089021e-01
2.000029999999810570e-01
2.000009999999861066e-01
2.417560000000094078e-01
2.000029999999810570e-01
2.000020000000404252e-01
2.000019999999835818e-01
2.000009999999861066e-01
2.000020000000404252e-01
2.000009999999861066e-01
2.000039999999785323e-01
2.416910000000029868e-01
2.000010000000429500e-01
2.000039999999785323e-01
2.000009999999861066e-01
2.000019999999835818e-01
2.000019999999835818e-01
2.000030000000379005e-01
2.000020000000404252e-01
2.450249999999982720e-01
2.000000000000454747e-01
2.000009999999861066e-01
2.000030000000379005e-01
2.000019999999835818e-01
2.000019999999835818e-01
2.000019999999835818e-01
2.000039999999785323e-01
2.473900000000526234e-01
2.000029999999810570e-01
2.000020000000404252e-01
2.000019999999835818e-01
2.000020000000404252e-01
2.000019999999835818e-01
2.000039999999785323e-01
2.000029999999810570e-01
2.397060000000124091e-01
2.000039999999785323e-01
2.000039999999785323e-01
2.000019999999835818e-01
2.000000000000454747e-01
2.000029999999810570e-01
2.000030000000379005e-01
2.000039999999785323e-01
2.463789999999903557e-01
2.000020000000404252e-01
2.000010000000429500e-01
2.000000000000454747e-01
2.000040000000353757e-01
2.000030000000379005e-01
2.000009999999861066e-01
2.000020000000404252e-01
2.517220000000293112e-01
2.000029999999810570e-01
2.000000000000454747e-01
2.000020000000404252e-01
2.000000000000454747e-01
2.000019999999835818e-01
2.000009999999861066e-01
2.000009999999861066e-01
2.477900000000090586e-01
2.000009999999861066e-01
2.000020000000404252e-01
2.000039999999785323e-01
2.000029999999810570e-01
2.000029999999810570e-01
2.000019999999835818e-01
2.000019999999835818e-01
2.424350000000004002e-01
2.000000000000454747e-01
2.000019999999835818e-01
2.000009999999861066e-01
2.000019999999835818e-01
2.000029999999810570e-01
2.000029999999810570e-01
2.000010000000429500e-01
2.490819999999871470e-01
2.000020000000404252e-01
2.000019999999835818e-01
2.000000000000454747e-01
2.000039999999785323e-01
2.000029999999810570e-01
2.000040000000353757e-01
2.000029999999810570e-01
2.424510000000168475e-01
2.000009999999861066e-01
2.000009999999861066e-01
2.000029999999810570e-01
2.000029999999810570e-01
2.000019999999835818e-01
2.000030000000379005e-01
2.000040000000353757e-01
2.437130000000138352e-01
2.000029999999810570e-01
2.000019999999835818e-01
2.000029999999810570e-01
2.000009999999861066e-01
2.000029999999810570e-01
2.000040000000353757e-01
2.000039999999785323e-01
2.511959999999930915e-01
2.000040000000353757e-01
2.000019999999835818e-01
2.000040000000353757e-01
2.000029999999810570e-01
2.000009999999861066e-01
2.000040000000353757e-01
2.000010000000429500e-01
2.485149999999975989e-01
2.000009999999861066e-01
2.000019999999835818e-01
2.000009999999861066e-01
2.000030000000379005e-01
2.000009999999861066e-01
2.000010000000429500e-01
2.000020000000404252e-01
2.421919999999886386e-01
2.000019999999835818e-01
2.000029999999810570e-01
2.000010000000429500e-01
2.000030000000379005e-01
2.000020000000404252e-01
2.000030000000379005e-01
2.000009999999861066e-01
2.464959999999791762e-01
2.000019999999835818e-01
2.000040000000353757e-01
2.000039999999785323e-01
2.000009999999861066e-01
2.000009999999861066e-01
2.000030000000379005e-01
2.000040000000353757e-01
2.348779999999806023e-01
2.000050000000328509e-01
2.000030000000379005e-01
2.000000000000454747e-01
2.000009999999861066e-01
2.000029999999810570e-01
2.000039999999785323e-01
2.000029999999810570e-01
2.450589999999692736e-01
2.000010000000429500e-01
2.000009999999861066e-01
2.000029999999810570e-01
2.000030000000379005e-01
2.000020000000404252e-01
2.000029999999810570e-01
2.000000000000454747e-01
2.464229999999929532e-01
2.000039999999785323e-01
2.000019999999835818e-01
2.000029999999810570e-01
2.000009999999861066e-01
2.000029999999810570e-01
2.000039999999785323e-01
2.000009999999861066e-01
2.388189999999781321e-01
2.000010000000429500e-01
2.000019999999835818e-01
2.000009999999861066e-01
2.000039999999785323e-01
2.000039999999785323e-01
2.000019999999835818e-01
2.000019999999835818e-01
2.460590000000024702e-01
2.000019999999835818e-01
2.000029999999810570e-01
2.000019999999835818e-01
2.000019999999835818e-01
2.000029999999810570e-01
2.000019999999835818e-01
2.000009999999861066e-01
2.378110000000219770e-01
2.000029999999810570e-01
2.000020000000404252e-01
2.000029999999810570e-01
2.000020000000404252e-01
2.000019999999835818e-01
2.000039999999785323e-01
2.000039999999785323e-01
2.439149999999585816e-01
2.000029999999810570e-01
2.000019999999835818e-01
2.000009999999861066e-01
2.000009999999861066e-01
2.000009999999861066e-01
2.000009999999861066e-01
2.000040000000353757e-01
2.423469999999952051e-01
2.000049999999760075e-01
2.000009999999861066e-01
2.000019999999835818e-01
2.000030000000379005e-01
2.000039999999785323e-01
2.000020000000404252e-01
2.000019999999835818e-01
2.426879999999869142e-01
2.000039999999785323e-01
2.000009999999861066e-01
2.000030000000379005e-01
2.000000000000454747e-01
2.000009999999861066e-01
2.000020000000404252e-01
2.000009999999861066e-01
2.456680000000233122e-01
2.000029999999810570e-01
2.000019999999835818e-01
2.000039999999785323e-01
2.000040000000353757e-01
2.000030000000379005e-01
2.000040000000353757e-01
2.000019999999835818e-01
2.404720000000111213e-01
2.000010000000429500e-01
2.000039999999785323e-01
2.000019999999835818e-01
2.000009999999861066e-01
2.000009999999861066e-01
2.000019999999835818e-01
2.000009999999861066e-01
2.521350000000097680e-01
2.000019999999835818e-01
2.000040000000353757e-01
2.000020000000404252e-01
2.000029999999810570e-01
2.000019999999835818e-01
2.000060000000303262e-01
2.000019999999835818e-01
2.486269999999990432e-01
2.000029999999810570e-01
2.000009999999861066e-01
2.000009999999861066e-01
2.000009999999861066e-01
2.000009999999861066e-01
2.000000000000454747e-01
2.000040000000353757e-01
2.491440000000011423e-01
2.000019999999835818e-01
2.000029999999810570e-01
2.000039999999785323e-01
2.000029999999810570e-01
2.000000000000454747e-01
2.000000000000454747e-01
2.000020000000404252e-01
2.436680000000137625e-01
2.000029999999810570e-01
2.000009999999861066e-01
2.000009999999861066e-01
2.000019999999835818e-01
2.000030000000379005e-01
2.000019999999835818e-01
2.000009999999861066e-01
2.482530000000338077e-01
2.000009999999861066e-01
2.000009999999861066e-01
2.000039999999785323e-01
2.000009999999861066e-01
2.000009999999861066e-01
2.000040000000353757e-01
2.000009999999861066e-01
2.536339999999768224e-01
2.000040000000353757e-01
2.000010000000429500e-01
2.000030000000379005e-01
2.000009999999861066e-01
2.000039999999785323e-01
2.000019999999835818e-01
2.000029999999810570e-01
2.441210000000069158e-01
2.000019999999835818e-01
2.000009999999861066e-01
2.000029999999810570e-01
2.000009999999861066e-01
2.000010000000429500e-01
2.000020000000404252e-01
2.000019999999835818e-01
2.436419999999657193e-01
2.000039999999785323e-01
2.000009999999861066e-01
2.000030000000379005e-01
2.000009999999861066e-01
2.000129999999558095e-01
2.000019999999835818e-01
2.000039999999785323e-01
2.525949999999852480e-01
2.000030000000379005e-01
2.344929999999862957e-01
2.000009999999861066e-01
2.000029999999810570e-01
2.000009999999861066e-01
2.000040000000353757e-01
2.000019999999835818e-01
2.478399999999965075e-01
2.000029999999810570e-01
2.000000000000454747e-01
2.000009999999861066e-01
2.000029999999810570e-01
2.000009999999861066e-01
2.000009999999861066e-01
2.000039999999785323e-01
2.374290000000200962e-01
2.000019999999835818e-01
2.000030000000379005e-01
2.000019999999835818e-01
2.000029999999810570e-01
2.000039999999785323e-01
2.000020000000404252e-01
2.000030000000379005e-01
2.558399999999778629e-01
2.000009999999861066e-01
2.141290000000140026e-01
2.000039999999785323e-01
2.000019999999835818e-01
2.000040000000353757e-01
2.000029999999810570e-01
2.000019999999835818e-01
2.518740000000434520e-01
2.000029999999810570e-01
2.000039999999785323e-01
2.000000000000454747e-01
2.000009999999861066e-01
2.000010000000429500e-01
2.000000000000454747e-01
2.000039999999785323e-01
2.529329999999845313e-01
2.000029999999810570e-01
2.000009999999861066e-01
2.000010000000429500e-01
2.000029999999810570e-01
2.000009999999861066e-01
2.000019999999835818e-01
2.000019999999835818e-01
2.570320000000378968e-01
2.000029999999810570e-01
2.000009999999861066e-01
2.000010000000429500e-01
2.000019999999835818e-01
2.000019999999835818e-01
2.000010000000429500e-01
2.000029999999810570e-01
2.493339999999761858e-01
2.000009999999861066e-01
2.000010000000429500e-01
2.000039999999785323e-01
2.000000000000454747e-01
2.000020000000404252e-01
2.000009999999861066e-01
2.000010000000429500e-01
2.425029999999992469e-01
2.000029999999810570e-01
2.000029999999810570e-01
2.000039999999785323e-01
2.000010000000429500e-01
2.000029999999810570e-01
2.000019999999835818e-01
2.000020000000404252e-01
2.371850000000108594e-01
2.000040000000353757e-01
2.000039999999785323e-01
2.000009999999861066e-01
2.000009999999861066e-01
2.000039999999785323e-01
2.000039999999785323e-01
2.000019999999835818e-01
2.475220000000035725e-01
2.000010000000429500e-01
2.000029999999810570e-01
2.000039999999785323e-01
2.000009999999861066e-01
2.000040000000353757e-01
2.000019999999835818e-01
2.000019999999835818e-01
2.455069999999750507e-01
2.000029999999810570e-01
2.000010000000429500e-01
2.000019999999835818e-01
2.000039999999785323e-01
2.000009999999861066e-01
2.000009999999861066e-01
2.000010000000429500e-01
2.416990000000396321e-01
2.000010000000429500e-01
2.000009999999861066e-01
2.000029999999810570e-01
2.000009999999861066e-01
2.000009999999861066e-01
2.000020000000404252e-01
2.000040000000353757e-01
2.468349999999759348e-01
2.000039999999785323e-01
2.000000000000454747e-01
2.000020000000404252e-01
2.000039999999785323e-01
2.000020000000404252e-01
2.000019999999835818e-01
2.000010000000429500e-01
2.456010000000219407e-01
2.000039999999785323e-01
2.000030000000379005e-01
2.000019999999835818e-01
2.000019999999835818e-01
2.000009999999861066e-01
2.000009999999861066e-01
2.000019999999835818e-01
2.465239999999653264e-01
2.000029999999810570e-01
2.000009999999861066e-01
2.000009999999861066e-01
2.000009999999861066e-01
2.000019999999835818e-01
2.000019999999835818e-01
2.000069999999709580e-01
2.514890000000491455e-01
2.000019999999835818e-01
2.000010000000429500e-01
2.000029999999810570e-01
2.000019999999835818e-01
2.000000000000454747e-01
2.000029999999810570e-01
2.000019999999835818e-01
2.343470000000138498e-01
2.000009999999861066e-01
2.000009999999861066e-01
2.000020000000404252e-01
2.000039999999785323e-01
2.000040000000353757e-01
2.000009999999861066e-01
2.000019999999835818e-01
2.437550000000214823e-01
2.000039999999785323e-01
2.000009999999861066e-01
2.000009999999861066e-01
2.000009999999861066e-01
2.000010000000429500e-01
2.000020000000404252e-01
2.000029999999810570e-01
2.488969999999994798e-01
2.000030000000379005e-01
2.000020000000404252e-01
2.000039999999785323e-01
2.000019999999835818e-01
2.000019999999835818e-01
2.000009999999861066e-01
2.000040000000353757e-01
2.521530000000211658e-01
2.000009999999861066e-01
2.000030000000379005e-01
2.000030000000379005e-01
2.000009999999861066e-01
2.000039999999785323e-01
2.000009999999861066e-01
2.000039999999785323e-01
2.521709999999757201e-01
2.000009999999861066e-01
2.000039999999785323e-01
2.000019999999835818e-01
2.000019999999835818e-01
2.000020000000404252e-01
2.000029999999810570e-01
2.000029999999810570e-01
2.492790000000013606e-01
2.000030000000379005e-01
2.000019999999835818e-01
2.000009999999861066e-01
2.000039999999785323e-01
2.000039999999785323e-01
2.000009999999861066e-01
2.000010000000429500e-01
2.516039999999861720e-01
2.000019999999835818e-01
2.000019999999835818e-01
2.000029999999810570e-01
2.000009999999861066e-01
2.000039999999785323e-01
2.000009999999861066e-01
2.000000000000454747e-01
2.567030000000158907e-01
2.000050000000328509e-01
2.000010000000429500e-01
2.000009999999292631e-01
2.000039999999216889e-01
2.000600000000076761e-01
2.000020000000404252e-01
2.000019999999267384e-01
2.515140000000428699e-01
2.000029999999242136e-01
2.000019999999267384e-01
2.000009999999292631e-01
2.000000000000454747e-01
2.000009999999292631e-01
2.000020000000404252e-01
2.000020000000404252e-01
2.502739999999903375e-01
2.000010000000429500e-01
2.000000000000454747e-01
2.000020000000404252e-01
2.000000000000454747e-01
2.000010000000429500e-01
2.000000000000454747e-01
2.000009999999292631e-01
2.422409999999217689e-01
2.000009999999292631e-01
2.000090000000227519e-01
2.000000000000454747e-01
2.000010000000429500e-01
2.000029999999242136e-01
2.000000000000454747e-01
2.000020000000404252e-01
2.477810000000317814e-01
2.000009999999292631e-01
2.000010000000429500e-01
2.000009999999292631e-01
2.000000000000454747e-01
2.000029999999242136e-01
2.000010000000429500e-01
2.000009999999292631e-01
2.407109999999192951e-01
2.000000000000454747e-01
2.000020000000404252e-01
2.000030000000379005e-01
2.000029999999242136e-01
2.000030000000379005e-01
2.000010000000429500e-01
2.000010000000429500e-01
2.439470000000483196e-01
2.000080000000252767e-01
2.000020000000404252e-01
2.000029999999242136e-01
2.000000000000454747e-01
2.000030000000379005e-01
2.000020000000404252e-01
2.000020000000404252e-01
2.515329999999948996e-01
2.000009999999292631e-01
2.000020000000404252e-01
2.000020000000404252e-01
2.000040000000353757e-01
2.000000000000454747e-01
2.000030000000379005e-01
2.000029999999242136e-01
2.456470000000763321e-01
2.000000000000454747e-01
2.000030000000379005e-01
2.000030000000379005e-01
2.000019999999267384e-01
2.000030000000379005e-01
2.000030000000379005e-01
2.000029999999242136e-01
2.477340000000367581e-01
2.000010000000429500e-01
2.000020000000404252e-01
2.000020000000404252e-01
2.000000000000454747e-01
2.000019999999267384e-01
2.000030000000379005e-01
2.000020000000404252e-01
2.472769999999400170e-01
2.000000000000454747e-01
2.000010000000429500e-01
2.000010000000429500e-01
2.000030000000379005e-01
2.000009999999292631e-01
2.000039999999216889e-01
2.000020000000404252e-01
2.535420000000385699e-01
2.000030000000379005e-01
2.000019999999267384e-01
2.000029999999242136e-01
2.000020000000404252e-01
2.000029999999242136e-01
2.000039999999216889e-01
2.000009999999292631e-01
2.501849999999876673e-01
2.000009999999292631e-01
2.000029999999242136e-01
2.000000000000454747e-01
2.000020000000404252e-01
2.000039999999216889e-01
2.000009999999292631e-01
2.000029999999242136e-01
2.455260000000407672e-01
2.000030000000379005e-01
2.000029999999242136e-01
2.000039999999216889e-01
2.000010000000429500e-01
2.000000000000454747e-01
2.000030000000379005e-01
2.000030000000379005e-01
2.432599999999638385e-01
2.000039999999216889e-01
2.000020000000404252e-01
2.000010000000429500e-01
2.000069999999141146e-01
2.000010000000429500e-01
2.000029999999242136e-01
2.000030000000379005e-01
2.520220000000108485e-01
2.000029999999242136e-01
2.000030000000379005e-01
2.000000000000454747e-01
2.000010000000429500e-01
2.000010000000429500e-01
2.000030000000379005e-01
2.000019999999267384e-01
2.405039999999871725e-01
2.000020000000404252e-01
2.000010000000429500e-01
2.000019999999267384e-01
2.000020000000404252e-01
2.000000000000454747e-01
2.000030000000379005e-01
2.000009999999292631e-01
2.347399999999879583e-01
2.000010000000429500e-01
2.000010000000429500e-01
2.000020000000404252e-01
2.000030000000379005e-01
2.000020000000404252e-01
2.000030000000379005e-01
2.000009999999292631e-01
3.064920000000483924e-01
2.000030000000379005e-01
2.000020000000404252e-01
2.000030000000379005e-01
2.000000000000454747e-01
2.000019999999267384e-01
2.000030000000379005e-01
2.000009999999292631e-01
2.500180000000682412e-01
2.000000000000454747e-01
2.000019999999267384e-01
2.000029999999242136e-01
2.000020000000404252e-01
2.000030000000379005e-01
2.000019999999267384e-01
2.000000000000454747e-01
2.430880000000570362e-01
2.000030000000379005e-01
2.000039999999216889e-01
2.000000000000454747e-01
2.000020000000404252e-01
2.000000000000454747e-01
2.000020000000404252e-01
2.000000000000454747e-01
2.421809999999595675e-01
2.000009999999292631e-01
2.000010000000429500e-01
2.000039999999216889e-01
2.000030000000379005e-01
2.000010000000429500e-01
2.000019999999267384e-01
2.000039999999216889e-01
2.412679999999909342e-01
2.000010000000429500e-01
2.000020000000404252e-01
2.000010000000429500e-01
2.000000000000454747e-01
2.000010000000429500e-01
2.000009999999292631e-01
2.000010000000429500e-01
2.542899999999690408e-01
2.000010000000429500e-01
2.000040000000353757e-01
2.000010000000429500e-01
2.000030000000379005e-01
2.000029999999242136e-01
2.000039999999216889e-01
2.000020000000404252e-01
2.500660000000607397e-01
2.000030000000379005e-01
2.000020000000404252e-01
2.000030000000379005e-01
2.000000000000454747e-01
2.000019999999267384e-01
2.000020000000404252e-01
2.000020000000404252e-01
2.375409999999646971e-01
2.000030000000379005e-01
2.000020000000404252e-01
2.000029999999242136e-01
2.000029999999242136e-01
2.000029999999242136e-01
2.000019999999267384e-01
2.000000000000454747e-01
2.480110000000195214e-01
2.000009999999292631e-01
2.000020000000404252e-01
2.000030000000379005e-01
2.000009999999292631e-01
2.000029999999242136e-01
2.000030000000379005e-01
2.000010000000429500e-01
2.501489999999648717e-01
2.000000000000454747e-01
2.000020000000404252e-01
2.000059999999166394e-01
2.000669999999900028e-01
2.000019999999267384e-01
2.000000000000454747e-01
2.000010000000429500e-01
2.465990000000601867e-01
2.000009999999292631e-01
2.000030000000379005e-01
2.000020000000404252e-01
2.000029999999242136e-01
2.000030000000379005e-01
2.000020000000404252e-01
2.000000000000454747e-01
2.425869999999576976e-01
2.000030000000379005e-01
2.000010000000429500e-01
2.000029999999242136e-01
2.000000000000454747e-01
2.000000000000454747e-01
2.000040000000353757e-01
2.000020000000404252e-01
2.536949999999933425e-01
2.000000000000454747e-01
2.000010000000429500e-01
2.000010000000429500e-01
2.000010000000429500e-01
2.000010000000429500e-01
2.000030000000379005e-01
2.000000000000454747e-01
2.494420000000445725e-01
2.000010000000429500e-01
2.000030000000379005e-01
2.000029999999242136e-01
2.000010000000429500e-01
2.000020000000404252e-01
2.000030000000379005e-01
2.000009999999292631e-01
2.399309999999559295e-01
2.000000000000454747e-01
2.000000000000454747e-01
2.000000000000454747e-01
2.000020000000404252e-01
2.000000000000454747e-01
2.000000000000454747e-01
2.000020000000404252e-01
2.441800000000284854e-01
2.000020000000404252e-01
2.000040000000353757e-01
2.000029999999242136e-01
2.000029999999242136e-01
2.000030000000379005e-01
2.000030000000379005e-01
2.000000000000454747e-01
2.449819999999363063e-01
2.000029999999242136e-01
2.000030000000379005e-01
2.000020000000404252e-01
2.000039999999216889e-01
2.000030000000379005e-01
2.000020000000404252e-01
2.000040000000353757e-01
2.428800000000137516e-01
2.000010000000429500e-01
2.000029999999242136e-01
2.000030000000379005e-01
2.000029999999242136e-01
2.000019999999267384e-01
2.000030000000379005e-01
2.000030000000379005e-01
2.475600000000213186e-01
2.340839999999388965e-01
2.000019999999267384e-01
2.000020000000404252e-01
2.000009999999292631e-01
2.000000000000454747e-01
2.000010000000429500e-01
2.000020000000404252e-01
2.488130000000410291e-01
2.000009999999292631e-01
2.000059999999166394e-01
2.000000000000454747e-01
2.000009999999292631e-01
2.000039999999216889e-01
2.000030000000379005e-01
2.000029999999242136e-01
2.346569999999701395e-01
2.000010000000429500e-01
2.000000000000454747e-01
2.000019999999267384e-01
2.000020000000404252e-01
2.000029999999242136e-01
2.000010000000429500e-01
2.000029999999242136e-01
2.469879999999875508e-01
2.000020000000404252e-01
2.000009999999292631e-01
2.000010000000429500e-01
2.000010000000429500e-01
2.000019999999267384e-01
2.000020000000404252e-01
2.000000000000454747e-01
2.477679999999509164e-01
2.000020000000404252e-01
2.000020000000404252e-01
2.000020000000404252e-01
2.000029999999242136e-01
2.000030000000379005e-01
2.000010000000429500e-01
2.000020000000404252e-01
2.483460000000832224e-01
2.000029999999242136e-01
2.000030000000379005e-01
2.000029999999242136e-01
2.000029999999242136e-01
2.000399999999444844e-01
2.000010000000429500e-01
2.000030000000379005e-01
2.490109999999958745e-01
2.000030000000379005e-01
2.000020000000404252e-01
2.000040000000353757e-01
2.000020000000404252e-01
2.000040000000353757e-01
2.000039999999216889e-01
2.000030000000379005e-01
2.498449999999365900e-01
2.000030000000379005e-01
2.000010000000429500e-01
2.000019999999267384e-01
2.000000000000454747e-01
2.000009999999292631e-01
2.000019999999267384e-01
2.000000000000454747e-01
2.556680000000142172e-01
2.000030000000379005e-01
2.000009999999292631e-01
2.000020000000404252e-01
2.000020000000404252e-01
2.000029999999242136e-01
2.000020000000404252e-01
2.000039999999216889e-01
2.515599999999267311e-01
2.000030000000379005e-01
2.000109999999040156e-01
2.000010000000429500e-01
2.000009999999292631e-01
2.000010000000429500e-01
2.000030000000379005e-01
2.000020000000404252e-01
2.533900000000812724e-01
2.000030000000379005e-01
2.000020000000404252e-01
2.000020000000404252e-01
2.000030000000379005e-01
2.000000000000454747e-01
2.000010000000429500e-01
2.000009999999292631e-01
2.529600000000300497e-01
2.000019999999267384e-01
2.000070000000278014e-01
2.000039999999216889e-01
2.000010000000429500e-01
2.000029999999242136e-01
2.000039999999216889e-01
2.000009999999292631e-01
2.424590000000534928e-01
2.000010000000429500e-01
2.000010000000429500e-01
2.000039999999216889e-01
2.000000000000454747e-01
2.000000000000454747e-01
2.000010000000429500e-01
2.000000000000454747e-01
2.472179999999752908e-01
2.000029999999242136e-01
2.000029999999242136e-01
2.000010000000429500e-01
2.000030000000379005e-01
2.000009999999292631e-01
2.000020000000404252e-01
2.000010000000429500e-01
2.403120000000171785e-01
2.000020000000404252e-01
2.000009999999292631e-01
2.000020000000404252e-01
2.000010000000429500e-01
2.000000000000454747e-01
2.000009999999292631e-01
2.000030000000379005e-01
2.446419999999989159e-01
2.000000000000454747e-01
2.000000000000454747e-01
2.000010000000429500e-01
2.000039999999216889e-01
2.000000000000454747e-01
2.000020000000404252e-01
2.000030000000379005e-01
2.428699999999253123e-01
2.000029999999242136e-01
2.000040000000353757e-01
2.000010000000429500e-01
2.000010000000429500e-01
2.000020000000404252e-01
2.000000000000454747e-01
2.000029999999242136e-01
2.440909999999121283e-01
2.000000000000454747e-01
2.000029999999242136e-01
2.000029999999242136e-01
2.000029999999242136e-01
2.000020000000404252e-01
2.000039999999216889e-01
2.000010000000429500e-01
2.462459999999282445e-01
2.000019999999267384e-01
2.000009999999292631e-01
2.000009999999292631e-01
2.000030000000379005e-01
2.000000000000454747e-01
2.000040000000353757e-01
2.000010000000429500e-01
2.426840000000538566e-01
2.000010000000429500e-01
2.000000000000454747e-01
2.000019999999267384e-01
2.000030000000379005e-01
2.000009999999292631e-01
2.000039999999216889e-01
2.000020000000404252e-01
2.397860000000946457e-01
2.000029999999242136e-01
2.000679999999874781e-01
2.000010000000429500e-01
2.000010000000429500e-01
2.000019999999267384e-01
2.000020000000404252e-01
2.000009999999292631e-01
2.458289999999578868e-01
2.000020000000404252e-01
2.000019999999267384e-01
2.000000000000454747e-01
2.000030000000379005e-01
2.000020000000404252e-01
2.000010000000429500e-01
2.000019999999267384e-01
2.508060000000114087e-01
2.048529999999573192e-01
2.000000000000454747e-01
2.000000000000454747e-01
2.000039999999216889e-01
2.000010000000429500e-01
2.000019999999267384e-01
2.000010000000429500e-01
2.415590000000520376e-01
2.000019999999267384e-01
2.000029999999242136e-01
2.000030000000379005e-01
2.000020000000404252e-01
2.000019999999267384e-01
2.000020000000404252e-01
2.000020000000404252e-01
2.439500000000407454e-01
2.000020000000404252e-01
2.000000000000454747e-01
2.000009999999292631e-01
2.000009999999292631e-01
2.000000000000454747e-01
2.000029999999242136e-01
2.000010000000429500e-01
2.406529999999520442e-01
2.000029999999242136e-01
2.000039999999216889e-01
2.000020000000404252e-01
2.000039999999216889e-01
2.000039999999216889e-01
2.000020000000404252e-01
2.000030000000379005e-01
2.426949999999123975e-01
2.000029999999242136e-01
2.000000000000454747e-01
2.000009999999292631e-01
2.000029999999242136e-01
2.000040000000353757e-01
2.000000000000454747e-01
2.000000000000454747e-01
2.369350000000167711e-01
2.000019999999267384e-01
2.000030000000379005e-01
2.000009999999292631e-01
2.000020000000404252e-01
2.000000000000454747e-01
2.000010000000429500e-01
2.000000000000454747e-01
2.499109999999973297e-01
2.000020000000404252e-01
2.000029999999242136e-01
2.000039999999216889e-01
2.000009999999292631e-01
2.000019999999267384e-01
2.000040000000353757e-01
2.000030000000379005e-01
2.412540000000262808e-01
2.000000000000454747e-01
2.000020000000404252e-01
2.000019999999267384e-01
2.000020000000404252e-01
2.000039999999216889e-01
2.000020000000404252e-01
2.000000000000454747e-01
2.458209999999780848e-01
2.000009999999292631e-01
2.000059999999166394e-01
2.000030000000379005e-01
2.000020000000404252e-01
2.000010000000429500e-01
2.000009999999292631e-01
2.000000000000454747e-01
2.458850000000438740e-01
2.000000000000454747e-01
2.000000000000454747e-01
2.000020000000404252e-01
2.000039999999216889e-01
2.000030000000379005e-01
2.000010000000429500e-01
2.000030000000379005e-01
2.429610000000366199e-01
2.000010000000429500e-01
2.000039999999216889e-01
2.000010000000429500e-01
2.000030000000379005e-01
2.000009999999292631e-01
2.000030000000379005e-01
2.000010000000429500e-01
2.470419999999649008e-01
2.000000000000454747e-01
2.000020000000404252e-01
2.000000000000454747e-01
2.000009999999292631e-01
2.000010000000429500e-01
2.000030000000379005e-01
2.000030000000379005e-01
2.445280000000593645e-01
2.000020000000404252e-01
2.000000000000454747e-01
2.000020000000404252e-01
2.000039999999216889e-01
2.000039999999216889e-01
2.000010000000429500e-01
2.000019999999267384e-01
2.463399999999182910e-01
2.000020000000404252e-01
2.000009999999292631e-01
2.000020000000404252e-01
2.000009999999292631e-01
2.000059999999166394e-01
2.000100000000202272e-01
2.000029999999242136e-01
