# Rotation Matrix timer: 2017-12-12 17:25:29.541734
2.169000000000087525e-03
9.900000000002684430e-04
9.860000000001534204e-04
1.079000000000718273e-03
9.490000000003107061e-04
9.329999999998506155e-04
1.770000000000493401e-03
9.720000000008610641e-04
9.450000000015279511e-04
9.410000000009688392e-04
9.560000000021773303e-04
9.220000000027539500e-04
9.900000000016007107e-04
8.949999999998681233e-04
9.940000000057125362e-04
9.729999999947835931e-04
9.690000000048826223e-04
9.689999999977771949e-04
9.690000000048826223e-04
9.700000000023578650e-04
1.063000000002034540e-03
9.619999999941342139e-04
9.220000000027539500e-04
9.459999999990031938e-04
1.072000000000628006e-03
9.340000000008785719e-04
9.450000000015279511e-04
9.639999999961901267e-04
9.419999999948913683e-04
9.560000000021773303e-04
9.320000000059280865e-04
9.629999999987148840e-04
1.023000000003548848e-03
9.309999999942419890e-04
1.058000000000447471e-03
9.189999999961173671e-04
1.014000000012060809e-03
9.689999999977771949e-04
9.289999999992915036e-04
9.720000000044137778e-04
9.389999999882547854e-04
9.340000000008785719e-04
1.001999999999725333e-03
9.620000000012396413e-04
1.018999999999437023e-03
1.107000000004632057e-03
1.163999999988618583e-03
9.560000000021773303e-04
9.299999999967667463e-04
9.429999999923666110e-04
9.760000000085256033e-04
1.032000000009247742e-03
9.799999999984265742e-04
9.319999999775063770e-04
9.709999999927276804e-04
9.619999999870287866e-04
9.749999999826286512e-04
9.440000000040527084e-04
9.729999999876781658e-04
1.035000000001673470e-03
9.770000000060008460e-04
1.017999999987750925e-03
1.042000000012421879e-03
9.599999999920783011e-04
9.870000000091749826e-04
9.359999999958290573e-04
1.048999999994748578e-03
9.479999999939536792e-04
1.042000000012421879e-03
9.829999999908523023e-04
1.015999999992800440e-03
9.770000000060008460e-04
9.510000000148011168e-04
1.007000000015523256e-03
9.540000000072268449e-04
9.819999999933770596e-04
1.023000000003548848e-03
1.091999999999870852e-03
9.490000000198506314e-04
9.230000000002291927e-04
9.340000000008785719e-04
9.029999999938809196e-04
9.519999999838546501e-04
9.569999999996525730e-04
9.200000000078034645e-04
9.310000000084528438e-04
9.429999999781557563e-04
1.035999999999148713e-03
9.389999999882547854e-04
9.709999999927276804e-04
9.379999999907795427e-04
9.749999999826286512e-04
9.379999999907795427e-04
9.690000000261989044e-04
9.650000000078762241e-04
9.430000000065774657e-04
9.479999999939536792e-04
9.629999999845040293e-04
1.742000000007237759e-03
9.220000000027539500e-04
9.580000000255495252e-04
9.560000000305990397e-04
9.559999999737556209e-04
9.420000000091022230e-04
1.166000000011990778e-03
9.469999999964784365e-04
9.529999999813298928e-04
1.030000000014297257e-03
9.919999999965511961e-04
9.459999999990031938e-04
1.133999999979096174e-03
9.410000000116269803e-04
1.027000000021871529e-03
9.839999999599058356e-04
9.660000000053514668e-04
9.640000000104009814e-04
9.900000000016007107e-04
9.600000000205000106e-04
9.370000000217260094e-04
9.450000000015279511e-04
9.410000000116269803e-04
9.420000000091022230e-04
9.650000000078762241e-04
9.860000000116997398e-04
1.081999999996696715e-03
9.740000000419968273e-04
9.369999999648825906e-04
9.140000000229520083e-04
9.789999999725296220e-04
9.580000000255495252e-04
1.133999999979096174e-03
9.620000000154504960e-04
9.790000000293730409e-04
9.479999999939536792e-04
9.420000000091022230e-04
1.476000000025123882e-03
2.394000000037976861e-03
9.719999999902029231e-04
1.260000000002037268e-03
9.440000000040527084e-04
1.066999999977724656e-03
9.559999999737556209e-04
1.007000000015523256e-03
9.440000000040527084e-04
9.389999999598330760e-04
9.719999999902029231e-04
9.440000000040527084e-04
9.280000000444488251e-04
1.009000000010473741e-03
9.689999999977771949e-04
2.048000000002048182e-03
9.739999999851534085e-04
9.380000000192012521e-04
9.430000000065774657e-04
9.640000000104009814e-04
9.459999999990031938e-04
1.008000000012998498e-03
9.339999999724568625e-04
9.660000000053514668e-04
9.200000000078034645e-04
9.389999999598330760e-04
9.590000000230247679e-04
1.159999999970295903e-03
9.350000000267755240e-04
9.720000000470463419e-04
9.840000000167492544e-04
9.409999999547835614e-04
9.719999999902029231e-04
9.420000000091022230e-04
9.790000000293730409e-04
1.660999999955947715e-03
9.640000000104009814e-04
9.509999999863794073e-04
9.420000000091022230e-04
9.479999999939536792e-04
9.309999999800311343e-04
9.549999999762803782e-04
9.430000000065774657e-04
9.830000000192740117e-04
1.012000000002899469e-03
9.760000000369473128e-04
9.599999999636565917e-04
9.349999999699321052e-04
9.379999999623578333e-04
1.025999999967552867e-03
1.096999999958825356e-03
9.440000000040527084e-04
9.430000000065774657e-04
9.390000000166764949e-04
1.075999999955001840e-03
9.680000000003019522e-04
9.329999999749816197e-04
1.058999999997922714e-03
9.590000000230247679e-04
9.539999999788051355e-04
9.580000000255495252e-04
9.600000000205000106e-04
9.440000000040527084e-04
9.979999999814026523e-04
9.029999999938809196e-04
1.866000000063650077e-03
9.840000000167492544e-04
9.600000000773434294e-04
9.659999999485080480e-04
9.659999999485080480e-04
1.353999999992083758e-03
9.329999999181382009e-04
9.519999999838546501e-04
1.811999999972613296e-03
9.549999999762803782e-04
9.509999999863794073e-04
9.450000000015279511e-04
1.039999999989049684e-03
9.349999999130886863e-04
9.620000000722939149e-04
1.877999999919666152e-03
1.113000000032116077e-03
1.125000000001818989e-03
9.640000000672444003e-04
9.790000000293730409e-04
9.459999999990031938e-04
9.399999999004648998e-04
9.669999999459832907e-04
9.370000000217260094e-04
1.092999999968924385e-03
9.349999999130886863e-04
9.880000000066502253e-04
1.082999999994171958e-03
9.300000000393993105e-04
9.789999999156862032e-04
9.509999999863794073e-04
9.519999999838546501e-04
9.679999999434585334e-04
9.570000000849177013e-04
9.730000000445215846e-04
9.420000000091022230e-04
9.400000000141517376e-04
1.110000000039690349e-03
9.400000000141517376e-04
1.783000000045831257e-03
9.539999999788051355e-04
1.826999999934741936e-03
1.067000000034568075e-03
9.830000000192740117e-04
1.009000000067317160e-03
9.479999999939536792e-04
9.699999999384090188e-04
1.037999999994099198e-03
9.710000000495710992e-04
9.949999999889769242e-04
9.640000000672444003e-04
9.670000000596701284e-04
9.909999999990759534e-04
1.022999999918283720e-03
9.320000000343497959e-04
9.810000000243235263e-04
1.171999999996842234e-03
9.410000000116269803e-04
1.062000000047191861e-03
9.609999999611318344e-04
9.340000000293002813e-04
9.789999999156862032e-04
9.459999999990031938e-04
9.630000000697691576e-04
9.660000000621948857e-04
9.209999999484352884e-04
9.979999999814026523e-04
9.589999999661813490e-04
9.289999999282372301e-04
