0.323495
0.200002
0.200004
0.200001
0.2
0.250477
0.200002
0.200004
0.358674
0.244972
0.200002
0.200003
0.200002
0.200003
0.205598
0.200002
0.357685
0.244147
0.200003
0.200003
0.200002
0.200003
0.200002
0.200004
0.356693
0.243686
0.200004
0.2
0.200002
0.200003
0.200002
0.200002
0.353343
0.200002
0.244259
0.2
0.2
0.2
0.200002
0.2
0.372521
0.200003
0.200001
0.200003
0.200001
0.200001
0.265549
0.200001
0.358046
0.246133
0.200003
0.2
0.2
0.200004
0.200002
0.200001
0.353006
0.244462
0.200002
0.200002
0.200003
0.200003
0.2
0.200002
0.350575
0.245249
0.200002
0.2
0.200001
0.200002
0.2
0.200001
0.354205
0.244524
0.200003
0.200001
0.200003
0.2
0.200004
0.200004
9.456467
0.242819
0.200002
0.200004
0.2
0.200004
0.2
0.200001
1.1924
0.246208
0.200002
0.200001
0.200002
0.200002
0.200003
0.200001
0.34465
0.244322
0.200001
0.200001
0.200004
0.200003
0.200004
0.200001
0.342452
0.24452
0.200002
0.2
0.200002
0.200002
0.200003
0.2
0.342881
0.244868
0.200003
0.200003
0.200001
0.200001
0.200001
0.200002
0.340304
0.245121
0.200003
0.200004
0.200002
0.200001
0.200003
0.200002
10.110569
0.245542
0.200003
0.200002
0.200001
0.200002
0.200001
0.2
1.20731
0.243459
0.200004
0.200001
0.200002
0.200002
0.200003
0.200002
0.341038
0.246732
0.200001
0.200002
0.200003
0.200003
0.200003
0.200001
0.345562
0.244018
0.200002
0.200002
0.2
0.200002
0.2
0.200003
0.345153
0.244409
0.2
0.200002
0.200003
0.200002
0.200002
0.200002
0.348326
0.245259
0.2
0.2
0.2
0.200003
0.200001
0.200004
56.606167
0.200002
0.200003
0.200003
0.2
0.200001
0.2
0.2
