Num IDs: 6
0.299131
0.200003
0.200005
0.200003
0.200003
0.200004
0.257497
0.200001
Num IDs: 6
0.333927
0.248512
0.200002
0.2
0.2
0.200002
0.2
0.200002
Num IDs: 6
0.354674
0.247467
0.200002
0.200003
0.2
0.200003
0.200003
0.200002
Num IDs: 6
0.361649
0.245074
0.2
0.200001
0.200003
0.2
0.200001
0.200004
Num IDs: 6
0.362399
0.246511
0.200004
0.200002
0.200001
0.200001
0.200002
0.200001
Num IDs: 3
0.35737
0.24601
0.200004
0.2
0.200003
0.200002
0.200003
0.200003
Num IDs: 5
0.345892
0.244445
0.200004
0.200002
0.200005
0.200003
0.200001
0.200001
Num IDs: 4
0.354836
0.244624
0.200004
0.200001
0.200003
0.200001
0.200012
0.200004
Num IDs: 5
0.354
0.245199
0.200002
0.2
0.200001
0.2
0.200002
0.200007
Num IDs: 5
0.352928
0.245071
0.200002
0.200003
0.200001
0.200002
0.200002
0.200004
Num IDs: 6
0.358704
0.245467
0.200002
0.200001
0.200004
0.200002
0.200001
0.200003
Num IDs: 6
0.364969
0.248438
0.200003
0.200002
0.200002
0.200003
0.200001
0.200004
Num IDs: 6
0.357493
0.248243
0.200001
0.2
0.200001
0.200004
0.200003
0.200002
Num IDs: 5
0.355436
0.245325
0.200002
0.200004
0.2
0.200004
0.200001
0.200002
Num IDs: 5
0.350919
0.244814
0.200002
0.200003
0.200001
0.200002
0.200002
0.2
Num IDs: 5
0.352658
0.245905
0.200003
0.2
0.200003
0.200002
0.2
0.200003
Num IDs: 5
0.352227
0.244263
0.2
0.2
0.200001
0.2
0.200003
0.200003
Num IDs: 5
0.351737
0.242624
0.200003
0.200001
0.200003
0.200001
0.200003
0.2
Num IDs: 5
0.353264
0.245666
0.2
0.200001
0.200002
0.200003
0.200001
0.2
Num IDs: 5
0.363542
0.245419
0.200003
0.200003
0.200003
0.200003
0.200025
0.200003
Num IDs: 5
0.360404
0.246118
0.200001
0.200004
0.200002
0.2
0.2
0.200002
Num IDs: 5
0.350934
0.244362
0.2
0.200001
0.200003
0.200002
0.200002
0.200001
Num IDs: 5
0.357071
0.246031
0.200001
0.200002
0.200001
0.2
0.200003
0.200001
Num IDs: 6
0.355052
0.249596
0.200003
0.2
0.200002
0.2
0.200003
0.200003
Num IDs: 5
0.357194
0.245964
0.200001
0.200003
0.200003
0.2
0.200002
0.200003
Num IDs: 5
0.358394
0.246315
0.200002
0.200002
0.200002
0.200003
0.200001
0.200002
Num IDs: 5
0.35808
0.245505
0.200004
0.200003
0.200002
0.200003
0.2
0.200003
Num IDs: 5
0.362042
0.245264
0.200002
0.2
0.200001
0.200003
0.200003
0.200001
Num IDs: 5
0.358926
0.245091
0.200002
0.2
0.200001
0.200003
0.200001
0.2
Num IDs: 5
0.357301
0.246192
0.200002
0.200002
0.200001
0.200003
0.200002
0.200001
Num IDs: 6
0.36346
0.246453
0.200001
0.2
0.2
0.200001
0.2
0.2
Num IDs: 6
0.361549
0.245965
0.200003
0.200002
0.2
0.2
0.2
0.2
Num IDs: 5
0.359435
0.245914
0.200003
0.200001
0.200001
0.200001
0.200001
0.200002
Num IDs: 5
0.357495
0.245778
0.200002
0.200002
0.200003
0.200003
0.200001
0.2
Num IDs: 5
0.354582
0.245912
0.200003
0.200002
0.200002
0.200002
0.200003
0.200002
Num IDs: 5
0.363209
0.249067
0.200002
0.200003
0.200003
0.200003
0.200002
0.200002
Num IDs: 4
0.346928
0.245123
0.200002
0.200001
0.200002
0.200003
0.200004
0.2
Num IDs: 5
0.352528
0.243522
0.200003
0.200001
0.2
0.200004
0.2
0.200003
Num IDs: 5
0.354948
0.245057
0.200002
0.2
0.200001
0.2
0.200003
0.200003
Num IDs: 5
0.361749
0.24868
0.200002
0.200004
0.200004
0.200001
0.200003
0.200003
Num IDs: 5
0.351264
0.245043
0.2
0.200002
0.200002
0.200003
0.200003
0.200003
Num IDs: 6
0.357195
0.245075
0.200002
0.200002
0.200001
0.200002
0.200002
0.200003
Num IDs: 5
0.358807
0.245329
0.200002
0.200003
0.200001
0.200001
0.200003
0.200002
Num IDs: 5
0.359754
0.244715
0.200002
0.200003
0.200001
0.200001
0.200001
0.2
Num IDs: 5
0.359339
0.24587
0.200001
0.200004
0.200002
0.200001
0.200001
0.200002
Num IDs: 5
0.356223
0.243974
0.200001
0.2
0.200001
0.200002
0.200001
0.2
Num IDs: 4
0.356555
0.244735
0.200001
0.200002
0.200003
0.200002
0.200003
0.200001
Num IDs: 5
0.349087
0.245424
0.200002
0.200001
0.200001
0.2
0.200004
0.200004
Num IDs: 5
0.358154
0.24511
0.200003
0.2
0.200001
0.200001
0.200003
0.200004
Num IDs: 5
0.351506
0.244452
0.200003
0.200001
0.200001
0.200004
0.200003
0.200003
Num IDs: 5
0.354024
0.245791
0.200002
0.200003
0.200002
0.200002
0.200002
0.200004
Num IDs: 6
0.36419
0.247226
0.200004
0.200002
0.200001
0.200001
0.200003
0.200001
Num IDs: 5
0.361004
0.245479
0.200001
0.200004
0.200002
0.200004
0.200003
0.2
Num IDs: 5
0.358638
0.246307
0.200002
0.200002
0.200003
0.200001
0.200001
0.2
Num IDs: 5
0.357774
0.248128
0.200001
0.200001
0.200003
0.200001
0.200003
0.200003
Num IDs: 5
0.36495
0.248501
0.200001
0.200002
0.200004
0.200003
0.200003
0.200001
Num IDs: 5
0.354992
0.245765
0.200001
0.200002
0.200002
0.200003
0.200003
0.200003
Num IDs: 5
0.361705
0.249364
0.200001
0.200001
0.200003
0.200003
0.200001
0.200004
Num IDs: 5
0.356567
0.247906
0.200002
0.200004
0.200001
0.200003
0.200003
0.200004
Num IDs: 5
0.358342
0.248355
0.200002
0.2
0.2
0.200002
0.200004
0.200003
Num IDs: 5
0.361689
0.250893
0.200002
0.200003
0.200002
0.200001
0.2
0.200001
Num IDs: 5
0.354152
0.244445
0.200003
0.2
0.200002
0.200004
0.200003
0.200003
Num IDs: 5
0.356233
0.245132
0.200001
0.200002
0.200001
0.200001
0.200002
0.200001
Num IDs: 5
0.3498
0.246077
0.200001
0.200001
0.2
0.200004
0.200003
0.200003
Num IDs: 5
0.352769
0.245707
0.2
0.200001
0.200001
0.2
0.200002
0.200003
Num IDs: 5
0.352316
0.245344
0.200003
0.200001
0.2
0.200002
0.200004
0.2
Num IDs: 5
0.352155
0.245023
0.200001
0.200003
0.200003
0.200001
0.200001
0.2
Num IDs: 5
0.353366
0.245635
0.2
0.200003
0.200003
0.200001
0.200003
0.200004
Num IDs: 5
0.361709
0.246101
0.200003
0.200001
0.200004
0.200004
0.200003
0.200002
Num IDs: 5
0.356003
0.247047
0.200003
0.200002
0.200001
0.200002
0.200004
0.200001
Num IDs: 5
0.354772
0.24549
0.200002
0.200003
0.200003
0.200003
0.200001
0.200001
Num IDs: 5
0.350893
0.244936
0.200001
0.200004
0.200001
0.200002
0.200004
0.200003
Num IDs: 5
0.357159
0.245203
0.2
0.200001
0.200002
0.200003
0.200003
0.200001
Num IDs: 5
0.353282
0.246087
0.2
0.2
0.2
0.200002
0.200003
0.200002
Num IDs: 5
0.359126
0.248354
0.200015
0.200003
0.200003
0.200003
0.200003
0.200003
Num IDs: 5
0.35612
0.245384
0.200003
0.200001
0.200004
0.2
0.200001
0.200004
Num IDs: 5
0.362136
0.24657
0.2
0.200001
0.200002
0.200002
0.200002
0.2
