Num IDs: 2
0.294381
0.200002
0.200004
0.2
0.200003
0.25102
0.2
0.200003
Num IDs: 2
0.358579
0.243416
0.200001
0.200003
0.2
0.2
0.2
0.200001
Num IDs: 2
0.35923
0.243995
0.200001
0.200002
0.200001
0.2
0.2
0.200004
Num IDs: 2
0.356986
0.246348
0.200003
0.200002
0.200002
0.200003
0.2
0.200001
Num IDs: 2
0.35872
0.243543
0.200002
0.200002
0.200004
0.200001
0.200004
0.2
Num IDs: 1
0.347989
0.244492
0.200001
0.200001
0.200001
0.2
0.200001
0.200001
Num IDs: 1
0.564048
0.243872
0.200004
0.200001
0.200001
0.2
0.200002
0.200002
Num IDs: 1
0.344628
0.243362
0.200003
0.200003
0.200003
0.200003
0.200004
0.200001
Num IDs: 1
0.341491
0.243269
0.200004
0.200001
0.2
0.200002
0.200004
0.200001
Num IDs: 1
0.336507
0.243292
0.200002
0.200001
0.200003
0.200003
0.200001
0.200002
Num IDs: 1
0.339085
0.243828
0.200003
0.200001
0.200002
0.200004
0.200002
0.200002
Num IDs: 1
0.345684
0.243341
0.200003
0.200004
0.200003
0.200001
0.200002
0.200004
Num IDs: 1
0.347505
0.246119
0.200001
0.200004
0.200003
0.200003
0.200001
0.200001
Num IDs: 1
0.340903
0.244175
0.200001
0.200003
0.2
0.2
0.200002
0.200002
Num IDs: 1
0.337369
0.243342
0.2
0.200002
0.200002
0.200003
0.2
0.200002
Num IDs: 1
0.345238
0.244018
0.2
0.2
0.200004
0.200003
0.200001
0.200003
Num IDs: 1
0.342937
0.246506
0.200002
0.2
0.200001
0.2
0.2
0.200002
Num IDs: 1
0.343531
0.243723
0.200001
0.200003
0.2
0.2
0.200001
0.200001
Num IDs: 1
0.34345
0.243103
0.200001
0.200003
0.200002
0.200001
0.200003
0.200003
Num IDs: 1
0.343164
0.243441
0.200004
0.2
0.200003
0.200002
0.200002
0.200004
Num IDs: 1
0.344615
0.245744
0.200003
0.200003
0.200001
0.200004
0.200001
0.200001
Num IDs: 1
0.345671
0.243964
0.200001
0.200003
0.200001
0.200001
0.200002
0.200002
Num IDs: 1
0.343599
0.243702
0.200003
0.200001
0.200001
0.2
0.200002
0.200002
Num IDs: 1
0.342409
0.244057
0.200002
0.2
0.2
0.200002
0.2
0.200003
Num IDs: 1
0.33885
0.243927
0.200001
0.200001
0.200003
0.200003
0.200002
0.200002
Num IDs: 1
0.343614
0.244052
0.200001
0.2
0.200001
0.200002
0.200001
0.2
Num IDs: 1
0.34341
0.243512
0.2
0.200002
0.200003
0.200001
0.2
0.200002
Num IDs: 1
0.340273
0.243247
0.200003
0.200002
0.200001
0.200002
0.200002
0.200003
Num IDs: 1
0.346105
0.24323
0.200002
0.200002
0.200001
0.200003
0.2
0.2
Num IDs: 1
0.344515
0.244349
0.200003
0.2
0.200003
0.200002
0.200002
0.200002
Num IDs: 1
0.345523
0.246765
0.2
0.200004
0.200002
0.200002
0.2
0.2
Num IDs: 1
0.341034
0.246267
0.2
0.200002
0.2
0.200003
0.200002
0.200001
Num IDs: 1
0.343814
0.243981
0.200003
0.200002
0.2
0.200001
0.200003
0.200001
Num IDs: 1
0.342176
0.243684
0.200001
0.200003
0.200001
0.200003
0.2
0.200002
Num IDs: 1
0.344141
0.200003
0.244175
0.200004
0.200003
0.200001
0.200001
0.2
