# Image grab timer: 2017-12-12 17:52:02.321652
1.092589999999999950e-01
2.158349000000000295e+00
2.601871000000000045e+00
2.612249999999999517e+00
2.616904999999999148e+00
2.607851999999999393e+00
2.612923000000000329e+00
2.613391000000001796e+00
2.605074000000001888e+00
2.596389999999999532e+00
2.603926000000001295e+00
2.596056999999998283e+00
2.594787000000000177e+00
2.602353000000000804e+00
2.601203000000005261e+00
2.613517000000001644e+00
2.602627999999995723e+00
2.605035000000000878e+00
2.610424999999999329e+00
2.612424000000004298e+00
2.616044999999999732e+00
2.611671000000001186e+00
2.624602000000002988e+00
2.609342999999995527e+00
2.609209999999997365e+00
2.595955000000003565e+00
2.587423000000001139e+00
2.612780999999998244e+00
2.604570000000009600e+00
2.601356999999993036e+00
2.632387000000008470e+00
2.601041999999992527e+00
2.615460999999996261e+00
2.611917000000005373e+00
2.611485999999999308e+00
2.604860999999999649e+00
2.595116000000004419e+00
2.608889999999988163e+00
2.600805000000008249e+00
2.597183999999998605e+00
2.601955000000003793e+00
2.605013999999997054e+00
2.592595000000002869e+00
2.597142999999988433e+00
2.606296000000000390e+00
2.613939000000002011e+00
2.617103000000000179e+00
2.596338000000002921e+00
2.598714000000001079e+00
2.594045999999991636e+00
2.597912000000007993e+00
2.607020999999974720e+00
2.599520000000012487e+00
2.608773000000013553e+00
2.600949000000014166e+00
2.612592000000006465e+00
2.589288999999979524e+00
2.613938000000018747e+00
2.605105000000008886e+00
2.588233000000002448e+00
2.607411000000013246e+00
2.659931000000000267e+00
2.598314000000016222e+00
2.614749999999986585e+00
2.640856000000013637e+00
2.605440999999984797e+00
2.602125999999998385e+00
2.592452000000008638e+00
2.593412999999998192e+00
2.628183000000007041e+00
2.612425999999999249e+00
2.601878999999996722e+00
2.583485999999993510e+00
2.606639000000001261e+00
2.611035999999984369e+00
2.633115000000003647e+00
2.605179999999990059e+00
2.599040999999999713e+00
2.601360999999997148e+00
2.608395999999999049e+00
2.602789999999998827e+00
2.607573999999999614e+00
2.612338999999991529e+00
2.596172000000024127e+00
2.599004999999976917e+00
2.598607999999984486e+00
2.649553999999994858e+00
2.618804000000011456e+00
2.715252000000020871e+00
2.614886999999981754e+00
2.599734000000012202e+00
2.609319999999996753e+00
2.606960999999984097e+00
2.598070000000006985e+00
2.599218000000007578e+00
2.597030000000017935e+00
2.605854999999991151e+00
2.607110000000005812e+00
2.603395999999975174e+00
2.605952999999999520e+00
2.599108000000001084e+00
2.606619999999963966e+00
2.605119999999999436e+00
2.598523999999997613e+00
2.584665999999970154e+00
2.607242000000042026e+00
2.599998000000027787e+00
2.591940000000022337e+00
2.613195000000018808e+00
2.621944999999982429e+00
2.599621000000013282e+00
2.603345999999987725e+00
2.610523000000000593e+00
2.604681999999968411e+00
2.595242999999982203e+00
2.589682999999979529e+00
2.596032000000036533e+00
2.599471999999991567e+00
2.599875999999994747e+00
2.598904000000004544e+00
2.599777000000017324e+00
2.607891999999992549e+00
2.607045000000027812e+00
2.601374999999961801e+00
2.603299999999990177e+00
2.610472000000015669e+00
2.604812999999978729e+00
2.602155999999979485e+00
2.608267000000012104e+00
2.600662999999997282e+00
2.613375000000019099e+00
2.601547999999979766e+00
2.594421000000011190e+00
2.588280999999994947e+00
2.598232999999993353e+00
2.598913000000038664e+00
2.605225000000018554e+00
2.600076999999998861e+00
2.595067000000028656e+00
2.597818000000017946e+00
2.606545999999980268e+00
2.597083999999995285e+00
2.596434999999985394e+00
2.649266000000011445e+00
2.588583000000028278e+00
2.591070999999999458e+00
2.604611999999974614e+00
2.610939000000030319e+00
2.605704000000002907e+00
2.597194999999999254e+00
2.608378999999956704e+00
2.598114000000009582e+00
2.601847000000020671e+00
2.601059999999961292e+00
2.630173000000013417e+00
2.590568000000018856e+00
2.612702999999953590e+00
2.603118999999992411e+00
2.603981000000032964e+00
2.722726999999963482e+00
2.612350999999989654e+00
2.608457999999984622e+00
2.648701999999957479e+00
2.614091999999970994e+00
2.605909999999994398e+00
2.592878999999982170e+00
2.596242000000017924e+00
2.645742999999981748e+00
2.616738999999995485e+00
2.598595999999986361e+00
2.715345999999954074e+00
2.600695999999970809e+00
2.614512999999988097e+00
2.692269000000010237e+00
2.603940000000022792e+00
2.595121000000006006e+00
2.598777000000040971e+00
2.599755999999956657e+00
2.610673999999960415e+00
2.594210000000032323e+00
2.613800000000026102e+00
2.598199000000022352e+00
2.597910999999953674e+00
2.592489000000000487e+00
2.608217999999965286e+00
2.600048000000015236e+00
2.594694000000004053e+00
2.611603000000002339e+00
2.587441999999953168e+00
2.640169000000014421e+00
2.605795000000000528e+00
2.600353999999981625e+00
2.593359999999961474e+00
2.599722999999983131e+00
2.609002999999972872e+00
2.714182999999991353e+00
2.598839999999995598e+00
2.602196999999989657e+00
2.610993000000007669e+00
2.607031000000006316e+00
2.609452000000032967e+00
2.607330999999931009e+00
2.607898999999974876e+00
2.692143999999984771e+00
2.604087999999933345e+00
2.597992999999974018e+00
2.603570999999988089e+00
2.593566000000009808e+00
2.606177000000002408e+00
2.595614000000068700e+00
2.595363000000020293e+00
2.590307000000052540e+00
2.596165000000041800e+00
2.615797000000043226e+00
2.614102000000002590e+00
2.620146000000090680e+00
2.591660000000047148e+00
2.598875000000020918e+00
2.593005000000061955e+00
2.595911999999998443e+00
2.587390000000027612e+00
2.591785000000072614e+00
2.595402999999919302e+00
2.606379999999944630e+00
2.596759000000020023e+00
2.604777000000012777e+00
2.599163999999973385e+00
2.602756999999996879e+00
2.611563999999930274e+00
2.605412999999998647e+00
2.699182000000064363e+00
2.603400000000078762e+00
2.607294000000024425e+00
2.599944000000050437e+00
2.595669000000043525e+00
2.594685999999910564e+00
2.593173000000092543e+00
2.600467999999978019e+00
2.621627000000103180e+00
2.614084000000048036e+00
2.599456000000031963e+00
2.592692000000056396e+00
