# Marker Detection timer: 2017-12-12 17:52:02.316261
6.199099999999990729e-02
6.659599999999965547e-02
7.203900000000018622e-02
7.406299999999887973e-02
6.661900000000109401e-02
7.138500000000114198e-02
6.831999999999993634e-02
7.131700000000051887e-02
6.355199999999783245e-02
6.333899999999914598e-02
6.781000000000148020e-02
6.003600000000020032e-02
6.718799999999802708e-02
6.623099999999482179e-02
7.056200000000245609e-02
6.929299999999471993e-02
7.045500000000259888e-02
7.489499999999793545e-02
7.820399999999949614e-02
7.532699999999437068e-02
7.165700000000185810e-02
8.057399999999859119e-02
6.996700000000544151e-02
7.169499999999828788e-02
6.490799999999552483e-02
6.952400000000125146e-02
7.742399999999349802e-02
6.721499999999025476e-02
6.932000000000471118e-02
6.668899999999666761e-02
6.624600000000668842e-02
7.239200000000778346e-02
7.054999999999722604e-02
6.801299999999343981e-02
6.888899999999864576e-02
6.401699999999266311e-02
7.049000000000660293e-02
6.961200000000644650e-02
6.655899999999803640e-02
6.881400000000326145e-02
6.678399999999840020e-02
6.319900000001155149e-02
6.758700000000317232e-02
7.124699999999961619e-02
7.194899999998938256e-02
7.639799999999752345e-02
6.640799999999558167e-02
6.728300000000331238e-02
6.596999999999297870e-02
6.438099999999735701e-02
7.096699999999600550e-02
6.441100000000687942e-02
7.163299999999139800e-02
6.683199999997668783e-02
7.267799999999624561e-02
6.814500000001544322e-02
7.757200000000352702e-02
7.350500000001147782e-02
6.264300000000844193e-02
7.625400000000581713e-02
7.261800000000562250e-02
6.738800000002242996e-02
7.556999999999902684e-02
7.405499999998710337e-02
7.959800000000427644e-02
6.563799999997854684e-02
6.193899999999530337e-02
6.747899999999162901e-02
6.763900000001399349e-02
6.901199999998652856e-02
6.547800000001302578e-02
6.054800000001137050e-02
7.114199999998049861e-02
6.493000000000392902e-02
6.230700000000410910e-02
6.416699999999764259e-02
6.166899999999486681e-02
6.294400000001587614e-02
6.548799999998777821e-02
6.513899999998784551e-02
6.522200000000566433e-02
6.642099999999118154e-02
6.471199999998589192e-02
6.569900000002348861e-02
6.522900000001641274e-02
6.005399999997962368e-02
7.068699999999239481e-02
6.659799999999904685e-02
6.834600000001955777e-02
6.199899999998592648e-02
6.791300000000433101e-02
6.949899999997910527e-02
6.624800000000163891e-02
6.527399999998806379e-02
6.813300000001731860e-02
6.809099999998124986e-02
6.944000000001437911e-02
6.847400000000902764e-02
7.119899999997869600e-02
6.598999999999932697e-02
6.825700000001688750e-02
6.065300000000206637e-02
6.602300000002969682e-02
5.809099999999034480e-02
6.639699999999493230e-02
6.583600000004707908e-02
6.464099999999461943e-02
7.322900000002618981e-02
7.779599999997799387e-02
6.239299999998593194e-02
6.558499999999867214e-02
6.859800000000859654e-02
6.844599999999445572e-02
6.500200000004952017e-02
6.552900000002637171e-02
6.691099999994776226e-02
6.491399999998748171e-02
7.231900000004998219e-02
6.755299999997532723e-02
6.524099999995769394e-02
6.658499999997502528e-02
6.462399999998069688e-02
6.796600000001262742e-02
6.344699999999647844e-02
6.893500000001040462e-02
6.750000000005229595e-02
6.405499999999619831e-02
6.472699999994802056e-02
6.301700000000209911e-02
6.879800000001523586e-02
6.719299999997474515e-02
6.326799999999366264e-02
6.256400000000894579e-02
6.762499999996407496e-02
6.680799999998043859e-02
6.376999999997678970e-02
6.396900000004279718e-02
6.506400000000667205e-02
6.456300000002102024e-02
6.441399999999930515e-02
6.455599999998185012e-02
6.083000000000993168e-02
6.593299999997270788e-02
6.122499999997899067e-02
6.129500000002963134e-02
7.019700000000739237e-02
6.682699999998931162e-02
6.767499999995152393e-02
6.454299999995782855e-02
7.146700000004102549e-02
6.742400000001680382e-02
6.305000000003246896e-02
6.869299999999611828e-02
6.477799999998978819e-02
6.369799999998804196e-02
6.984199999999418651e-02
6.347599999998010389e-02
6.158799999997199848e-02
7.090599999997948544e-02
7.103699999998980275e-02
7.367399999998269777e-02
7.526099999995494727e-02
7.731699999999364081e-02
6.766700000002856541e-02
6.023699999997234045e-02
6.541499999997313353e-02
6.957499999998617568e-02
7.316199999996797487e-02
6.314300000002504021e-02
6.714400000004161484e-02
6.144900000003872265e-02
6.938300000001618173e-02
7.103299999999990177e-02
6.972600000000284126e-02
6.182400000000143336e-02
6.713400000001001899e-02
6.388099999998075873e-02
7.735800000000381260e-02
6.029499999999643478e-02
7.061699999997017585e-02
6.716999999997597115e-02
6.565999999997984560e-02
5.985400000002982779e-02
6.604799999996657789e-02
6.424900000001798617e-02
6.553900000000112414e-02
6.684000000001333319e-02
6.011999999998351996e-02
6.987099999997781197e-02
6.800600000002532397e-02
6.470200000001113949e-02
6.245800000004919639e-02
6.859700000001112130e-02
6.809900000001789522e-02
6.653099999999767533e-02
6.340999999997620762e-02
6.605100000001584704e-02
6.784800000002633169e-02
7.040400000005320180e-02
7.055100000002312299e-02
6.760800000006383925e-02
6.998599999997168197e-02
6.377800000007027847e-02
6.654400000002169691e-02
6.624399999998331623e-02
6.910200000004351750e-02
6.644600000004174944e-02
6.646000000000640284e-02
6.080599999995683902e-02
6.503700000007484050e-02
6.240900000000237924e-02
6.636800000001130684e-02
7.260099999996327824e-02
6.904299999996510451e-02
7.035499999994954123e-02
6.345900000007986819e-02
6.158200000004399044e-02
5.887199999995118560e-02
6.633399999998346175e-02
6.564600000001519220e-02
6.072000000006028131e-02
6.780900000001111039e-02
7.271800000000894215e-02
6.598100000007889321e-02
6.786099999999350985e-02
6.214699999998174462e-02
6.389200000000982982e-02
7.035199999995711551e-02
6.297000000006391929e-02
6.813699999997879786e-02
6.790499999999610736e-02
7.049300000005587208e-02
6.252699999993183155e-02
6.205700000009528594e-02
5.916500000000723958e-02
6.576799999993454549e-02
6.220000000007530616e-02
6.753900000001067383e-02
7.050300000003062451e-02
6.362200000000939326e-02
6.702999999993153324e-02
6.615499999998064595e-02
