# Homography application timer: 2017-12-12 17:52:02.337385
7.149500000000008626e-02
7.105600000000000804e-02
6.986199999999997967e-02
7.024199999999991562e-02
7.024900000000000588e-02
7.252099999999983559e-02
7.262299999999966005e-02
6.980699999999995242e-02
7.075500000000012335e-02
7.251099999999999213e-02
7.231299999999984962e-02
7.271699999999992059e-02
7.255500000000036920e-02
7.308200000000031338e-02
7.147000000000058861e-02
7.250099999999992662e-02
7.110400000000005605e-02
7.449300000000036448e-02
7.415199999999977365e-02
7.556699999999949569e-02
7.265600000000027592e-02
7.274899999999995259e-02
7.148999999999983146e-02
7.216199999999961534e-02
7.142699999999990723e-02
7.280599999999992633e-02
7.567200000000084970e-02
7.451999999999969759e-02
7.487700000000074851e-02
7.418499999999994543e-02
7.234200000000079456e-02
7.437399999999882994e-02
7.082899999999980878e-02
7.406899999999971840e-02
7.246699999999961506e-02
7.409299999999952036e-02
7.283699999999981856e-02
7.511899999999904765e-02
7.550500000000148759e-02
7.560499999999947818e-02
7.216500000000003467e-02
7.379099999999993997e-02
7.560400000000022658e-02
7.134899999999966269e-02
7.273200000000024090e-02
7.534399999999941144e-02
7.504799999999889337e-02
7.470400000000054774e-02
7.136099999999956367e-02
7.505099999999842453e-02
7.508400000000037267e-02
7.508800000000093178e-02
7.484099999999926922e-02
7.484499999999982833e-02
7.324399999999897659e-02
7.486399999999804322e-02
7.059500000000085151e-02
7.265100000000046521e-02
7.316700000000153636e-02
7.273100000000098930e-02
7.124799999999709144e-02
7.350100000000026057e-02
7.444100000000020145e-02
7.338099999999769807e-02
7.060599999999794818e-02
7.348500000000157684e-02
7.301199999999852253e-02
7.342099999999973647e-02
7.319700000000040063e-02
7.350399999999979173e-02
7.130000000000080718e-02
7.187599999999960687e-02
7.373499999999921783e-02
7.260799999999889565e-02
7.196899999999928355e-02
7.561800000000218347e-02
7.488499999999831402e-02
7.507200000000224804e-02
7.504000000000132786e-02
7.510100000000008436e-02
7.192200000000070759e-02
7.210999999999856414e-02
7.196500000000227715e-02
7.216199999999872716e-02
7.140199999999907732e-02
7.227599999999867464e-02
7.055800000000189698e-02
7.050900000000126511e-02
6.984399999999979514e-02
7.140099999999804936e-02
7.343099999999935790e-02
7.474800000000314526e-02
7.406100000000037653e-02
7.417599999999779925e-02
7.430399999999792726e-02
7.380300000000161731e-02
7.091300000000089199e-02
7.191900000000117643e-02
7.460499999999825604e-02
7.479700000000377713e-02
7.487299999999663669e-02
7.335799999999892407e-02
7.309100000000512409e-02
7.210599999999800502e-02
7.008199999999931151e-02
7.340699999999600323e-02
7.309200000000259934e-02
7.341100000000011505e-02
7.445300000000543150e-02
7.446199999999691954e-02
7.350000000000278533e-02
7.451700000000016644e-02
7.094299999999975626e-02
7.439999999999713509e-02
7.235100000000471709e-02
7.436400000000276123e-02
7.457999999999742613e-02
7.460700000000031196e-02
7.457799999999537022e-02
7.346400000000130603e-02
7.074399999999769761e-02
7.415200000000510272e-02
7.509300000000251885e-02
7.429199999999980264e-02
7.430699999999745842e-02
7.478100000000154068e-02
7.475500000000323553e-02
7.321600000000216824e-02
7.118100000000282535e-02
7.197900000000601040e-02
7.285499999999700549e-02
7.555699999999632155e-02
7.314099999999967849e-02
7.409200000000026876e-02
7.409499999999979991e-02
7.412599999999969214e-02
7.078200000000123282e-02
7.190099999999688407e-02
7.414299999999940383e-02
7.382899999999636975e-02
7.318599999999975125e-02
7.402199999999936608e-02
7.410799999999539978e-02
7.574699999999978672e-02
7.144999999999868123e-02
7.554300000000324644e-02
7.380400000000264527e-02
7.239200000000067803e-02
7.402799999999842839e-02
7.442900000000207683e-02
7.299499999999881084e-02
7.357900000000228147e-02
7.150000000000034106e-02
7.560699999999798138e-02
7.564599999999899183e-02
7.570299999999718921e-02
7.532500000000652562e-02
7.562300000000021782e-02
7.360500000000058662e-02
7.587900000000047385e-02
7.115299999999535885e-02
7.574999999999931788e-02
7.443500000000113914e-02
7.355400000000145155e-02
7.394200000000239470e-02
7.209600000000193631e-02
7.270699999999408192e-02
7.138499999999936563e-02
7.071000000000537966e-02
7.381099999999918282e-02
7.371700000000203090e-02
7.460599999999573129e-02
7.256899999999433248e-02
7.512300000000493583e-02
7.562000000000068667e-02
7.588799999999906731e-02
7.324199999999336796e-02
7.394599999999940110e-02
7.378500000000087766e-02
7.237300000000601585e-02
7.415600000000210912e-02
7.406800000000401951e-02
7.426699999999897273e-02
7.438799999999901047e-02
7.381099999999918282e-02
7.425700000000290402e-02
7.413199999999875445e-02
7.400699999999460488e-02
7.232399999999472584e-02
7.420899999999619467e-02
7.478300000000359660e-02
7.366100000000130876e-02
7.056500000000198725e-02
7.238799999999656620e-02
7.482100000000002638e-02
7.217399999999685178e-02
7.237200000000143518e-02
7.205700000000092587e-02
7.202800000000308955e-02
7.156799999999918782e-02
6.885599999999669762e-02
7.138400000000899581e-02
7.198900000000207910e-02
7.258199999999703778e-02
7.164899999999363445e-02
7.201500000000748969e-02
7.217400000000395721e-02
7.457899999999995089e-02
7.087299999999174815e-02
7.318200000000274486e-02
7.270599999999660668e-02
7.374799999999481770e-02
7.454800000000716409e-02
7.452899999999829106e-02
7.291099999999062220e-02
7.210700000000258569e-02
7.461499999999432475e-02
7.214400000000864566e-02
7.398700000000246746e-02
7.438600000000405998e-02
7.431900000000268847e-02
7.267999999999119609e-02
7.248299999999119336e-02
7.453800000000398995e-02
6.983999999999923602e-02
7.200300000000936507e-02
7.362799999999936063e-02
7.155400000000611271e-02
7.364499999999907232e-02
7.254899999999508964e-02
7.302099999999711599e-02
7.064300000000400814e-02
7.167800000000568161e-02
7.295999999999480679e-02
7.102199999999925240e-02
7.362799999999936063e-02
7.512600000001157241e-02
7.476300000000435375e-02
1.473470000000105529e-01
7.496299999999678221e-02
6.963799999999764623e-02
7.473400000000651744e-02
7.258399999999198826e-02
7.476799999999172996e-02
7.441400000000442105e-02
7.251699999999061674e-02
7.284799999999336251e-02
7.205400000000850014e-02
7.095599999999535612e-02
7.327800000000195269e-02
7.491399999999259762e-02
7.450599999999951706e-02
7.487299999999663669e-02
7.425800000000037926e-02
7.361699999999871125e-02
7.277399999999545344e-02
7.088599999998734802e-02
7.526900000000580349e-02
7.391899999998940984e-02
7.555500000000847649e-02
7.550100000000270484e-02
7.526999999998906787e-02
7.565599999999506053e-02
7.552400000000147884e-02
7.097600000000170439e-02
7.396300000000621822e-02
7.313800000000014734e-02
7.154800000000705040e-02
7.438299999999742340e-02
7.340899999999805914e-02
7.393100000000174532e-02
7.187799999999811007e-02
7.089500000000725777e-02
7.281800000001226181e-02
7.366800000001205717e-02
7.417399999999929605e-02
7.413400000000081036e-02
7.158200000000647378e-02
7.344600000000411910e-02
7.050800000000378986e-02
6.937100000000384625e-02
7.070199999999715601e-02
7.385000000000729869e-02
7.380999999999460215e-02
7.381900000000030104e-02
7.543200000000638283e-02
7.558899999999368902e-02
7.544699999999693318e-02
7.216900000000237014e-02
7.361399999999207466e-02
7.491400000000680848e-02
7.461800000000096134e-02
7.224500000000944056e-02
7.519899999999779538e-02
7.434000000000651198e-02
7.196399999999414376e-02
7.115899999999442116e-02
7.440599999999619740e-02
7.343600000000094496e-02
7.278999999999768988e-02
7.464399999999216107e-02
7.219499999999356987e-02
7.192400000000986893e-02
7.104000000001065018e-02
7.076199999998777912e-02
7.147000000000502951e-02
7.366899999999532156e-02
7.427699999999504143e-02
7.426900000000102864e-02
7.392300000000773252e-02
7.416999999999518423e-02
7.452600000000586533e-02
7.186699999999746069e-02
7.184399999999868669e-02
7.434200000000146247e-02
7.459000000000060027e-02
7.502000000000919044e-02
7.499599999999873035e-02
7.275700000000995260e-02
7.241999999999393367e-02
7.215899999999919601e-02
7.280000000000086402e-02
7.294900000000836826e-02
7.249700000001269018e-02
7.477400000000500313e-02
7.289500000000259661e-02
7.290700000000072123e-02
7.287800000000288492e-02
7.058999999999571173e-02
7.459900000000629916e-02
7.342599999999777083e-02
7.145400000000279306e-02
7.210900000001174703e-02
7.199499999998693056e-02
8.756699999999284501e-02
7.262599999999963529e-02
6.971199999999555530e-02
7.251899999999977808e-02
7.147399999999493048e-02
7.300499999999487954e-02
7.395000000001061835e-02
7.383400000000506225e-02
7.489499999999793545e-02
7.475600000000781620e-02
7.217900000000554428e-02
7.479600000000630189e-02
7.505299999999692773e-02
7.527699999999981628e-02
7.316600000000050841e-02
7.499699999999620559e-02
7.390399999999885949e-02
7.356100000001219996e-02
7.088199999999744705e-02
7.461399999999684951e-02
7.378699999999582815e-02
7.466200000000355885e-02
7.271600000001399167e-02
7.434899999999800002e-02
7.465200000000038472e-02
7.627999999999701686e-02
7.124799999999709144e-02
7.511600000000839827e-02
7.242999999999710781e-02
7.488099999999064948e-02
7.439899999999965985e-02
7.383400000000506225e-02
7.473500000000399268e-02
7.494199999999295869e-02
7.075299999999629108e-02
7.207799999999053853e-02
7.215999999999667125e-02
7.118699999999478223e-02
7.456099999998855310e-02
7.241100000000244563e-02
7.201399999999580359e-02
7.492599999999072224e-02
7.133899999999471220e-02
7.491799999999670945e-02
7.448099999999158172e-02
7.242899999999963256e-02
7.219399999999609463e-02
7.277000000000555247e-02
7.300099999999076772e-02
7.421800000000189357e-02
7.233300000000042473e-02
7.291600000000642012e-02
7.365899999999214742e-02
7.077300000000263935e-02
7.214399999999443480e-02
7.372699999999099418e-02
7.328799999999091597e-02
7.213300000000799628e-02
7.313700000000267210e-02
7.165999999998007297e-02
7.142799999999738247e-02
7.265800000001831904e-02
7.532600000001821172e-02
7.251399999998398016e-02
7.413399999998659951e-02
7.393799999999828287e-02
7.249100000001362787e-02
7.281299999999646388e-02
7.283500000002618435e-02
7.280000000000086402e-02
7.316399999999134707e-02
7.283699999999271313e-02
7.267099999998549720e-02
7.389099999997483792e-02
6.971899999999209285e-02
7.269400000001269291e-02
7.523700000001554145e-02
7.484599999997954001e-02
7.546199999998748353e-02
7.441800000000853288e-02
7.263099999997280065e-02
7.454000000001315129e-02
7.079999999999131433e-02
7.556399999998575367e-02
7.407499999999345164e-02
7.331600000000548789e-02
7.129700000001548688e-02
7.400699999999460488e-02
7.287600000000793443e-02
7.163099999999644751e-02
7.057100000000104956e-02
7.183499999999298780e-02
7.509899999999447573e-02
7.131199999997761552e-02
7.273299999999949250e-02
7.138800000001310764e-02
7.209699999998520070e-02
7.201699999998822932e-02
7.466600000000767068e-02
7.479000000000723958e-02
7.517699999999649663e-02
7.504700000001207627e-02
7.490799999999353531e-02
7.467099999999504689e-02
7.480000000001041371e-02
7.483400000000983709e-02
7.011600000001294575e-02
7.161800000000084765e-02
7.133699999999976171e-02
7.143200000001570515e-02
7.261099999999487409e-02
7.268100000001709304e-02
7.231399999997734085e-02
7.272800000001211629e-02
7.022600000001943954e-02
7.598699999999780630e-02
7.433600000001661101e-02
7.070799999999621832e-02
7.362200000000029831e-02
7.384099999998738895e-02
7.393899999999575812e-02
7.451699999998595558e-02
7.154199999999377724e-02
7.288700000000858381e-02
7.164400000002046909e-02
7.224299999998606836e-02
7.334399999999163811e-02
7.180399999998599014e-02
7.353699999998752901e-02
7.229399999999941429e-02
7.000899999999887768e-02
7.241100000001665649e-02
7.240200000001095759e-02
7.163799999997877421e-02
7.247599999999465581e-02
7.266100000001074477e-02
7.274300000000266664e-02
7.121399999999766806e-02
7.045500000000970431e-02
7.250400000000922773e-02
7.250300000001175249e-02
7.195799999999508145e-02
7.359900000000152431e-02
7.412200000001689659e-02
7.361000000000217369e-02
7.428299999997989289e-02
7.066499999999109605e-02
7.432499999998753992e-02
7.510800000000017462e-02
7.193499999999630745e-02
7.233200000001716035e-02
7.196999999999320607e-02
1.486209999999914544e-01
7.454500000000052751e-02
7.096599999999853026e-02
7.504800000000955151e-02
7.511499999998250132e-02
7.208399999998960084e-02
7.539900000000443470e-02
7.228200000000128966e-02
7.221000000001254193e-02
7.133899999999471220e-02
7.253199999999537795e-02
7.466900000000009641e-02
7.510000000002037268e-02
7.318600000002106754e-02
7.469199999999887041e-02
7.210000000000604814e-02
7.328100000000858927e-02
7.145800000000690488e-02
7.210999999998080057e-02
7.286700000000223554e-02
7.254399999999350257e-02
7.142900000002327943e-02
1.268369999999947595e-01
7.268799999999941974e-02
7.166000000000849468e-02
7.253199999999537795e-02
7.035899999999628562e-02
7.514199999999959800e-02
7.513099999999894862e-02
7.445599999999785723e-02
7.554400000000782711e-02
7.244699999998260864e-02
7.082199999999261308e-02
7.214899999999602187e-02
7.007699999999772444e-02
7.216300000001751869e-02
7.077000000001021363e-02
7.427799999999251668e-02
7.375500000000556611e-02
7.269399999998427120e-02
7.389200000000073487e-02
7.397800000001097942e-02
7.087300000000595901e-02
7.248200000000792897e-02
7.330600000000231375e-02
7.376600000000621549e-02
7.393899999999575812e-02
7.171499999998331987e-02
7.204000000001542503e-02
7.313300000001277112e-02
7.428400000000578984e-02
7.129399999999463944e-02
7.272399999999379361e-02
7.267600000000129512e-02
7.268700000000194450e-02
7.249299999998015664e-02
7.196699999997235864e-02
7.192799999998555904e-02
7.022399999999606734e-02
7.237599999999133615e-02
7.229800000001773697e-02
7.201700000001665103e-02
7.438100000001668377e-02
7.386700000000701039e-02
7.394700000000398177e-02
7.233600000000706132e-02
7.472699999999576903e-02
7.308100000000194996e-02
7.556600000000912587e-02
7.365799999999467218e-02
7.452000000000680302e-02
7.380200000000058935e-02
7.488499999999476131e-02
7.362299999999777356e-02
7.191599999998743442e-02
7.449500000001307853e-02
7.470599999999194551e-02
7.274100000000771615e-02
7.113699999999312240e-02
7.238100000000713408e-02
7.203599999999710235e-02
7.212499999999977263e-02
6.976500000001806256e-02
7.215999999999667125e-02
7.222400000000561704e-02
7.362799999998514977e-02
7.476500000001351509e-02
7.207799999997632767e-02
7.176000000001181434e-02
7.100499999998532985e-02
7.266799999999307147e-02
7.387299999999186184e-02
7.407200000000102591e-02
7.075699999998619205e-02
7.372900000001436638e-02
7.221999999998729436e-02
7.375199999998471867e-02
7.421600000000694308e-02
7.243699999997943451e-02
7.084000000000401087e-02
7.196100000001592889e-02
7.376800000000116597e-02
7.274000000001024091e-02
7.260100000002012166e-02
7.192299999999818283e-02
7.200299999999515421e-02
7.115399999997862324e-02
7.307000000000130058e-02
7.562699999999722422e-02
1.059070000000019718e-01
7.527399999997896884e-02
7.396500000001537956e-02
7.364999999998644853e-02
7.327399999999784086e-02
7.091900000000350701e-02
7.281599999998888961e-02
7.483499999997889063e-02
7.445000000001300577e-02
7.446300000000860564e-02
7.481399999997506711e-02
7.388399999999251122e-02
7.201100000000337786e-02
7.060599999999794818e-02
7.341300000001638182e-02
7.285199999998326348e-02
7.344299999999748252e-02
7.327800000001616354e-02
7.234500000001276021e-02
7.331999999999538886e-02
7.346400000000130603e-02
7.321699999999964348e-02
7.344200000000000728e-02
7.291000000000735781e-02
7.325799999998139356e-02
7.327000000000793989e-02
7.274599999999509237e-02
7.222099999998476960e-02
7.313800000000014734e-02
7.114199999998049861e-02
7.267500000000381988e-02
7.344200000000000728e-02
7.122999999998569365e-02
7.332600000000866203e-02
7.302599999999870306e-02
7.369099999999662032e-02
7.355800000001977423e-02
7.326100000000224099e-02
7.381200000000376349e-02
7.488099999997643863e-02
7.182299999999486317e-02
7.243199999999205829e-02
7.286300000001233457e-02
7.148899999998548083e-02
7.482400000000666296e-02
7.096999999998843123e-02
7.174100000000294131e-02
7.175499999999601641e-02
7.409699999999475040e-02
7.410100000001307308e-02
7.392400000000520777e-02
7.255500000002257366e-02
7.305000000002337401e-02
7.137000000000170985e-02
7.183900000001131048e-02
7.329699999999661486e-02
7.287800000000288492e-02
7.125199999998699241e-02
7.305400000001327498e-02
7.329799999999409010e-02
7.339600000000245927e-02
7.131200000000603723e-02
7.167400000000156979e-02
7.231799999999566353e-02
7.202099999997813029e-02
7.221000000001254193e-02
7.187999999999306056e-02
7.121999999998251951e-02
7.302300000000627733e-02
6.980100000001243643e-02
7.212300000000482214e-02
7.255599999999162719e-02
7.098200000001497756e-02
7.265800000001831904e-02
7.283600000002365960e-02
7.241799999999898318e-02
7.295799999999985630e-02
7.013800000001424451e-02
7.169500000000539330e-02
7.248999999998773092e-02
7.285299999998073872e-02
7.244900000000598084e-02
7.157300000000077489e-02
7.267299999998044768e-02
7.178899999999543979e-02
7.256100000000742511e-02
7.543599999999628380e-02
1.423649999999838656e-01
7.338699999999676038e-02
7.516899999998827298e-02
7.519999999999527063e-02
7.551600000002167690e-02
7.536000000001763510e-02
7.605699999999160354e-02
7.172200000002248998e-02
7.206000000002177330e-02
7.575299999999174361e-02
7.562399999997637678e-02
7.574700000000689215e-02
7.344399999999495776e-02
7.240300000000843283e-02
6.969800000001669105e-02
7.252900000000295222e-02
7.207400000001484841e-02
7.044300000001157969e-02
7.039799999998308522e-02
7.240300000000843283e-02
7.216900000000237014e-02
7.265599999999494685e-02
7.361699999998450039e-02
7.423900000000571708e-02
7.265699999999242209e-02
7.197999999999638021e-02
7.263399999999364809e-02
7.510900000002607158e-02
7.344899999998233397e-02
7.173199999999724241e-02
7.088100000001418266e-02
7.391400000000203363e-02
7.179600000000618820e-02
7.354200000000332693e-02
7.307600000001457374e-02
7.312300000000959699e-02
7.161800000000084765e-02
7.367800000000102045e-02
7.307299999999372631e-02
7.321199999998384556e-02
7.264699999998924795e-02
7.279299999999011561e-02
7.294699999999920692e-02
7.486000000000103682e-02
7.371499999999286956e-02
7.454200000000810178e-02
7.122300000000336695e-02
7.442499999999085958e-02
7.258600000000114960e-02
7.474400000000969158e-02
7.490500000000110958e-02
7.201299999999832835e-02
7.386600000000953514e-02
7.248400000000287946e-02
7.347699999999690590e-02
7.173700000001304034e-02
7.345200000000318141e-02
7.270199999999249485e-02
7.219399999999609463e-02
7.189900000000193359e-02
7.187400000000820910e-02
7.308900000001017361e-02
7.024699999999484135e-02
7.359100000002172237e-02
7.497299999999995634e-02
7.173299999999471765e-02
7.173499999998966814e-02
7.146200000002522756e-02
7.209299999999529973e-02
7.151600000000257751e-02
7.321799999999711872e-02
7.315300000001911940e-02
7.338100000001190892e-02
7.297399999998788189e-02
7.322500000000786713e-02
7.306300000001897388e-02
7.342499999998608473e-02
7.281900000000973705e-02
7.042599999999765714e-02
7.345100000000570617e-02
7.191000000000258296e-02
7.364499999999907232e-02
7.304499999997915438e-02
7.346699999999373176e-02
7.296900000000050568e-02
7.303900000002272463e-02
7.032399999999938700e-02
7.340600000000563341e-02
7.275099999998246858e-02
7.325399999999149259e-02
7.171800000000416730e-02
7.160700000000019827e-02
7.336499999999546162e-02
7.346200000000635555e-02
7.339799999999740976e-02
7.212200000000734690e-02
7.210599999999089960e-02
7.134199999998713793e-02
7.129999999997949089e-02
7.277700000000209002e-02
7.277300000001218905e-02
7.461100000000442378e-02
7.241200000001413173e-02
7.264000000003534296e-02
7.271800000000894215e-02
7.426700000002028901e-02
7.310499999999819920e-02
7.384500000000571163e-02
7.311099999998305066e-02
7.284900000001925946e-02
6.906199999997397754e-02
7.324099999999589272e-02
7.488299999999981083e-02
7.383800000002338493e-02
7.481799999999338979e-02
7.157999999998310159e-02
7.436999999998761268e-02
7.354699999996228144e-02
7.149499999997033228e-02
7.336099999997713894e-02
7.284600000002683373e-02
7.252599999998210478e-02
7.256799999998975181e-02
7.495499999998855856e-02
7.491499999997586201e-02
7.236500000004753019e-02
7.082599999995409235e-02
7.264600000002019442e-02
7.144499999998288331e-02
7.237299999997048872e-02
7.509000000004562025e-02
7.527800000002571323e-02
7.247699999999213105e-02
7.177400000000488944e-02
7.343399999996336192e-02
7.228600000001961234e-02
7.351699999998118074e-02
7.181299999996326733e-02
7.386299999996026600e-02
7.336900000001378430e-02
7.334700000001248554e-02
7.115999999996347469e-02
7.054499999998142812e-02
7.137099999999918509e-02
7.118300000001909211e-02
7.019699999995054895e-02
7.230399999997416671e-02
7.237400000002480738e-02
7.203700000002299930e-02
7.148799999998800558e-02
7.308399999999437568e-02
7.215599999994992686e-02
7.320999999996047336e-02
7.465700000000197178e-02
7.271500000001651642e-02
7.377700000000686487e-02
7.143600000000560613e-02
7.230100000003858440e-02
6.991399999998293424e-02
7.229899999998679050e-02
7.221599999996897168e-02
7.200299999999515421e-02
7.474500000000716682e-02
7.490199999995184044e-02
7.278199999996104452e-02
7.456100000001697481e-02
6.972899999999526699e-02
7.204300000000785076e-02
7.213100000001304579e-02
7.193899999998620842e-02
7.211499999999659849e-02
7.189199999999118518e-02
7.198099999999385545e-02
7.225499999998419298e-02
7.139700000004722824e-02
7.201499999996485712e-02
7.192400000002407978e-02
7.262200000002394518e-02
7.255900000001247463e-02
7.245100000000093132e-02
7.370299999996632323e-02
7.427200000000766522e-02
7.113399999997227496e-02
7.694600000002083107e-02
7.530800000000681393e-02
7.568600000001879380e-02
7.498099999997975829e-02
7.366100000001551962e-02
7.472999999998819476e-02
7.399400000002742672e-02
7.308799999998427666e-02
7.407200000000102591e-02
7.437700000002678280e-02
7.392000000004372851e-02
7.184399999999868669e-02
7.206600000000662476e-02
7.154900000000452565e-02
7.241200000004255344e-02
7.064300000001821900e-02
7.207999999997127816e-02
7.507400000002917295e-02
7.481500000000096406e-02
7.174400000002378874e-02
7.445599999999785723e-02
7.529199999999036663e-02
7.486699999998336352e-02
7.303000000001702574e-02
7.365499999997382474e-02
7.299399999999423017e-02
7.320100000004003959e-02
7.237500000002228262e-02
7.223899999996774568e-02
7.436100000001033550e-02
7.524900000004208778e-02
7.211499999999659849e-02
7.393099999995911276e-02
7.462799999996150291e-02
7.276300000000901491e-02
7.165800000001354420e-02
7.181300000002011075e-02
7.252199999999220381e-02
7.162399999998569911e-02
7.067499999999427018e-02
7.201500000002170054e-02
7.193300000000135697e-02
7.132899999999153806e-02
7.199300000002040179e-02
7.202200000000402724e-02
7.169299999998202111e-02
7.223099999998794374e-02
6.993800000003602690e-02
7.201099999997495615e-02
7.207499999998390194e-02
7.248500000002877641e-02
7.147800000001325316e-02
7.167000000004009053e-02
7.229100000000698856e-02
7.151500000003352397e-02
6.975299999999151623e-02
7.240799999999580905e-02
7.243799999997690975e-02
7.167599999996809856e-02
7.238200000000460932e-02
7.172700000000986620e-02
7.242700000000468208e-02
7.192100000003165405e-02
7.018399999998337080e-02
7.224499999995259714e-02
7.214799999997012492e-02
7.131999999995741746e-02
7.122799999996232145e-02
7.216399999998657222e-02
7.345700000001897934e-02
7.492799999999988358e-02
7.157699999999067586e-02
7.364300000000412183e-02
7.283899999998766361e-02
7.275299999997741907e-02
7.153900000002977322e-02
7.110199999999622378e-02
7.195699999999760621e-02
7.168999999998959538e-02
7.169999999996434781e-02
7.210299999997005216e-02
7.101399999999102874e-02
7.323000000002366505e-02
7.199299999996355837e-02
7.356899999996358019e-02
7.278800000000273940e-02
7.188100000001895751e-02
7.206200000001672379e-02
7.359100000002172237e-02
7.371299999999791908e-02
7.315499999998564817e-02
7.300400000002582601e-02
7.297600000003967580e-02
7.323200000001861554e-02
7.375700000000051659e-02
7.415699999995695180e-02
7.321400000000721775e-02
7.320599999997057239e-02
7.303999999999177817e-02
7.231799999999566353e-02
7.336000000003650712e-02
7.182699999998476414e-02
7.278999999999768988e-02
7.397799999995413600e-02
7.354700000001912485e-02
7.530000000002701199e-02
7.505299999996850602e-02
7.470799999998689600e-02
7.553199999995285907e-02
7.398699999998825660e-02
7.148499999999557986e-02
7.019600000000991713e-02
7.287900000000036016e-02
7.250300000004017420e-02
7.245000000000345608e-02
7.137500000004592948e-02
7.271100000002661545e-02
7.190700000001015724e-02
7.552399999997305713e-02
7.082699999995156759e-02
7.527899999996634506e-02
7.551699999999073043e-02
7.544799999999440843e-02
7.368999999999914507e-02
7.345000000003665264e-02
7.262300000002142042e-02
7.227599999998801650e-02
7.411700000000109867e-02
7.358600000003434616e-02
7.272000000000389264e-02
7.301799999999047941e-02
7.189499999998361091e-02
7.227699999998549174e-02
7.355799999999135252e-02
7.377399999995759572e-02
7.086499999996931365e-02
7.226700000001073931e-02
7.287200000001803346e-02
7.362499999999272404e-02
7.475900000002866364e-02
7.477699999998321800e-02
7.202599999999392821e-02
7.332999999999856300e-02
7.089999999999463398e-02
7.253300000002127490e-02
7.452999999998155545e-02
7.463200000000824730e-02
7.419299999997974737e-02
7.432099999999763895e-02
7.296300000001565422e-02
7.274100000000771615e-02
7.042899999999008287e-02
7.455999999996265615e-02
7.466600000003609239e-02
7.477500000004511094e-02
7.502299999998740532e-02
7.242800000000215732e-02
7.223399999998036947e-02
7.307800000000952423e-02
7.083799999998063868e-02
7.266900000001896842e-02
7.150799999999435386e-02
7.272000000000389264e-02
7.226900000000568980e-02
7.450999999997520717e-02
7.196499999997740815e-02
7.509900000002289744e-02
7.354800000001660010e-02
7.458499999995638063e-02
7.294200000001183071e-02
7.377300000001696390e-02
7.478099999997311897e-02
7.239799999996421320e-02
7.298300000002200250e-02
7.266300000003411697e-02
7.185000000004038156e-02
7.341400000001385706e-02
7.227699999998549174e-02
7.326499999999214197e-02
7.276000000001658918e-02
7.312699999999949796e-02
7.118600000001151784e-02
7.207700000003569585e-02
7.272199999999884312e-02
7.086199999997688792e-02
7.200299999999515421e-02
7.141300000000683212e-02
7.473499999997557097e-02
7.518900000002304296e-02
7.350300000001652734e-02
7.474000000001979060e-02
7.210800000001427179e-02
7.187399999997978739e-02
7.202100000000655200e-02
7.238899999998693602e-02
7.218000000000301952e-02
7.193499999999630745e-02
7.198699999997870691e-02
7.219299999997019768e-02
7.414199999999482316e-02
7.227799999998296698e-02
7.236299999999573629e-02
7.120399999996607221e-02
7.231200000001081207e-02
7.194799999996348561e-02
7.219200000002956585e-02
7.220599999999421925e-02
6.973800000002938759e-02
7.206300000001419903e-02
7.295900000002575325e-02
7.371200000000044383e-02
7.274899999998751809e-02
7.231600000000071304e-02
7.285099999995736653e-02
7.173699999998461863e-02
7.258999999999105057e-02
7.445100000001048102e-02
7.450000000000045475e-02
7.266699999996717452e-02
7.159400000000459841e-02
7.353499999999257852e-02
7.486199999999598731e-02
7.472000000001344233e-02
7.362899999998262501e-02
7.499800000005052425e-02
7.174600000001873923e-02
7.184999999998353815e-02
7.448699999997643317e-02
7.309099999997670238e-02
7.307300000002214801e-02
7.290499999999155989e-02
6.980899999996381666e-02
7.227599999998801650e-02
7.231899999999313877e-02
7.204000000001542503e-02
7.243399999998700878e-02
7.482099999998581552e-02
7.250299999998333078e-02
7.440900000000283399e-02
6.962199999998119893e-02
7.387499999998681233e-02
7.333399999998846397e-02
7.230199999997921623e-02
7.324899999997569466e-02
7.283699999999271313e-02
7.306799999997792838e-02
7.475900000002866364e-02
7.205800000002682282e-02
7.495900000003530295e-02
7.508000000001402441e-02
7.465799999999944703e-02
7.472599999999829379e-02
7.465899999999692227e-02
7.475700000003371315e-02
7.468000000000074579e-02
7.094899999998460771e-02
7.259799999997085251e-02
7.443100000000413274e-02
7.206999999999652573e-02
7.315399999998817293e-02
7.278199999996104452e-02
7.212600000002566958e-02
7.357500000000527507e-02
7.249000000001615263e-02
7.317600000004631511e-02
7.332800000000361251e-02
7.300599999996393308e-02
7.304400000003852256e-02
7.208900000000539876e-02
7.370099999997137274e-02
7.297100000005229958e-02
7.454599999999800275e-02
7.430299999998624116e-02
7.346700000005057518e-02
7.296500000001060471e-02
7.350600000000895307e-02
7.303100000001450098e-02
7.230599999996911720e-02
7.368800000000419459e-02
7.241999999996551196e-02
7.271700000001146691e-02
7.319700000005013862e-02
7.300899999995635881e-02
7.347100000004047615e-02
7.383299999997916530e-02
7.294200000001183071e-02
7.075400000002218803e-02
6.976900000000796354e-02
7.310400000000072396e-02
7.350800000000390355e-02
7.372299999997267150e-02
7.373799999999164356e-02
7.234699999997928899e-02
7.380100000000311411e-02
7.211699999999154898e-02
7.441099999999778447e-02
7.172300000001996523e-02
7.159899999999197462e-02
7.255200000003014793e-02
7.234599999998181374e-02
7.249699999999847932e-02
7.252799999997705527e-02
7.194300000003295281e-02
7.470800000004373942e-02
7.263699999998607382e-02
7.372100000003456444e-02
7.180299999998851490e-02
7.501800000000002910e-02
7.282700000001796070e-02
7.475699999997686973e-02
7.340300000004162939e-02
7.340499999997973646e-02
7.497499999999490683e-02
7.482499999997571649e-02
7.553599999999960346e-02
7.272000000000389264e-02
7.191000000000258296e-02
7.249400000000605360e-02
7.435800000001790977e-02
7.296900000000050568e-02
7.217599999995627513e-02
7.222300000000814180e-02
7.215099999996255065e-02
7.220100000000684304e-02
7.447199999995746111e-02
7.486500000004525646e-02
7.405599999998457861e-02
7.091700000000855653e-02
7.274400000000014188e-02
7.329599999997071791e-02
7.232500000003483365e-02
7.326299999999719148e-02
7.470100000000456930e-02
7.291300000002820525e-02
7.526100000001179069e-02
7.327499999996689439e-02
7.450499999998783096e-02
7.298700000001190347e-02
7.238300000000208456e-02
7.220900000004348840e-02
7.135899999997263876e-02
7.121300000000019281e-02
7.218299999999544525e-02
7.347800000002280285e-02
7.274800000004688627e-02
7.247800000004644971e-02
7.270099999999501961e-02
7.223000000004731191e-02
7.250999999996565748e-02
7.145900000000438013e-02
7.255999999995310645e-02
7.472500000000081855e-02
7.246099999997568375e-02
7.180199999999103966e-02
7.222899999999299325e-02
7.210700000001679655e-02
7.229599999999436477e-02
7.241699999997308623e-02
7.195999999999003194e-02
7.446399999997765917e-02
7.145100000002457818e-02
1.154740000000060718e-01
7.127400000001671287e-02
7.129099999997379200e-02
7.069300000000566797e-02
7.174099999997451960e-02
7.259899999996832776e-02
6.963799999999764623e-02
7.041099999997868508e-02
7.116800000000012005e-02
7.337400000000116052e-02
7.339500000000498403e-02
7.256599999999480133e-02
7.389100000000325963e-02
7.396399999998948260e-02
7.514100000003054447e-02
7.058900000004086905e-02
7.255000000003519744e-02
7.203600000002552406e-02
7.253900000000612636e-02
7.172000000002753950e-02
7.253399999996190672e-02
7.284700000002430897e-02
7.053000000001929948e-02
7.397899999995161124e-02
7.497799999998733256e-02
7.401300000003629975e-02
7.490400000000363434e-02
7.428600000002916204e-02
7.488599999999223655e-02
7.408699999996315455e-02
7.393400000000838190e-02
7.233199999996031693e-02
7.515899999998509884e-02
7.520399999998517160e-02
7.509299999998120256e-02
7.494300000001885564e-02
7.265899999998737258e-02
7.489099999997961277e-02
7.403799999997318082e-02
7.347999999996090992e-02
7.516700000002174420e-02
7.294899999999415741e-02
7.179000000002133675e-02
7.274400000000014188e-02
7.506599999999252759e-02
7.228099999997539271e-02
7.487199999997073974e-02
7.477499999998826752e-02
7.513699999998380008e-02
7.502199999998993007e-02
7.493900000002895467e-02
7.501800000000002910e-02
7.277699999997366831e-02
7.185500000002775778e-02
7.047799999998005660e-02
7.370299999996632323e-02
7.555500000000847649e-02
7.386600000000953514e-02
7.259099999998852581e-02
7.243799999997690975e-02
7.181400000001758599e-02
7.574399999998604471e-02
7.163100000002486922e-02
7.323000000002366505e-02
7.255600000002004890e-02
1.241059999999833963e-01
7.250400000003764944e-02
7.264300000002776869e-02
7.275999999995974576e-02
7.149100000003727473e-02
7.083899999997811392e-02
7.405199999999467764e-02
7.353600000004689718e-02
7.423499999998739440e-02
7.493399999998473504e-02
7.527399999997896884e-02
7.324599999998326894e-02
7.348400000000765431e-02
7.086099999997941268e-02
7.249500000000352884e-02
7.495200000005297625e-02
7.496500000002015440e-02
7.519500000000789441e-02
7.487500000002000888e-02
7.287199999996119004e-02
7.233399999995526741e-02
7.014299999997319901e-02
7.057900000000927321e-02
7.203100000003814785e-02
7.101799999998092972e-02
7.132400000000416185e-02
7.215999999999667125e-02
7.305300000001579974e-02
7.269100000002026718e-02
7.103699999998980275e-02
7.233600000000706132e-02
7.167999999995799953e-02
7.237299999997048872e-02
7.210299999997005216e-02
7.076399999999694046e-02
7.205200000004197136e-02
7.332900000000108776e-02
7.141200000000935688e-02
7.488000000000738510e-02
7.531799999998156636e-02
7.541900000001078297e-02
7.470100000000456930e-02
7.390199999997548730e-02
7.509300000003804598e-02
7.493900000002895467e-02
7.266300000003411697e-02
7.375999999999294232e-02
7.504099999999880310e-02
7.510600000000522414e-02
7.365500000003066816e-02
7.481199999995169492e-02
7.420999999999366992e-02
7.375799999999799184e-02
7.094100000000480577e-02
7.454699999999547799e-02
7.360099999999647480e-02
7.489199999997708801e-02
7.500199999998358180e-02
7.197600000000647924e-02
7.211000000000922228e-02
7.469300000002476736e-02
7.432999999997491614e-02
7.179200000001628723e-02
7.181700000001001172e-02
7.258500000000367436e-02
7.342399999998860949e-02
7.471200000003364039e-02
7.244900000000598084e-02
7.261200000004919275e-02
7.094000000000733053e-02
7.253100000002632441e-02
7.238499999999703505e-02
7.249400000000605360e-02
7.257299999997712803e-02
7.502299999998740532e-02
7.213000000001557055e-02
7.387199999999438660e-02
7.336199999997461418e-02
7.407000000000607542e-02
7.426700000002028901e-02
7.400400000000217915e-02
7.152700000000322689e-02
7.271299999996472252e-02
7.483900000005405673e-02
7.237599999996291444e-02
7.235399999996161569e-02
7.261299999998982457e-02
7.413800000000492219e-02
7.512300000001914668e-02
7.494099999996706174e-02
7.354500000002417437e-02
7.481599999999843931e-02
7.500499999997600753e-02
7.071600000000444197e-02
7.487900000000990985e-02
7.142500000003337846e-02
7.217500000001564331e-02
7.202100000000655200e-02
7.229600000005120819e-02
7.136199999996506449e-02
7.213799999999537249e-02
7.443099999994728933e-02
7.211300000000164800e-02
7.230199999997921623e-02
7.198999999997113264e-02
7.218200000005481343e-02
7.227599999998801650e-02
7.159199999995280450e-02
7.229799999998931526e-02
7.254000000000360160e-02
7.217100000002574234e-02
7.230299999997669147e-02
7.150500000000192813e-02
7.183599999996204133e-02
7.232900000002473462e-02
7.215700000000424552e-02
7.166499999999587089e-02
7.196399999997993291e-02
7.278600000000778891e-02
7.350800000000390355e-02
7.455500000003212335e-02
7.494800000000623186e-02
7.232300000003988316e-02
7.525000000003956302e-02
7.455099999998537896e-02
7.108600000003661989e-02
7.197599999994963582e-02
7.472300000000586806e-02
7.386999999999943611e-02
7.354800000001660010e-02
7.334500000001753506e-02
7.199900000000525324e-02
7.347799999996595943e-02
7.059499999996887709e-02
7.235200000002350862e-02
7.176600000002508750e-02
7.437600000002930756e-02
7.307299999996530460e-02
7.293099999998275962e-02
7.289900000000670843e-02
7.475099999999201827e-02
7.366799999999784632e-02
7.463599999999814827e-02
7.503700000000890213e-02
7.503200000002152592e-02
7.374699999996892075e-02
7.250499999997828127e-02
7.228500000002213710e-02
7.277800000002798697e-02
6.981999999999288775e-02
7.267799999999624561e-02
7.230800000002091110e-02
7.260700000000497312e-02
7.263799999998354906e-02
7.254000000000360160e-02
7.139200000000300861e-02
7.446799999996756014e-02
7.415599999995947655e-02
7.249400000000605360e-02
7.182499999998981366e-02
7.247599999999465581e-02
7.221299999997654595e-02
7.230899999996154293e-02
7.255800000001499939e-02
7.200599999998757994e-02
7.096999999998843123e-02
7.275399999997489431e-02
7.129799999995611870e-02
7.248199999997950727e-02
7.234399999998686326e-02
7.388500000001840817e-02
7.406500000001869921e-02
7.121399999999766806e-02
7.338300000003528112e-02
7.562000000001489752e-02
7.515399999999772263e-02
7.513999999997622581e-02
7.485400000001618537e-02
7.529799999997521809e-02
7.303500000000440195e-02
7.291700000001810622e-02
7.197800000000142973e-02
7.323800000000346699e-02
7.308499999999185093e-02
7.290799999998398562e-02
7.311199999998052590e-02
7.298900000000685395e-02
7.127000000002681190e-02
7.356999999996105544e-02
7.292799999999033389e-02
7.427999999998746716e-02
7.173499999998966814e-02
7.327500000002373781e-02
7.233100000001968510e-02
7.304599999997662962e-02
7.336999999995441613e-02
7.324600000004011235e-02
7.385199999998803833e-02
7.297699999998030762e-02
7.471499999996922270e-02
7.503800000000637738e-02
7.373300000000426735e-02
7.453099999997903069e-02
7.280999999994719474e-02
7.501600000000507862e-02
7.059900000001562148e-02
7.196900000002415254e-02
7.226399999996147017e-02
7.075299999996786937e-02
7.258699999999862484e-02
7.249300000000857835e-02
7.247899999998708154e-02
7.399100000003500099e-02
7.295399999998153362e-02
1.423409999999876163e-01
7.224800000000186628e-02
7.511999999996987754e-02
7.354599999996480619e-02
7.223399999998036947e-02
7.227300000005243419e-02
7.491299999998091153e-02
7.497299999999995634e-02
7.338600000002770685e-02
7.196799999996983388e-02
7.249200000001110311e-02
7.113199999997732448e-02
7.133199999998396379e-02
7.345800000001645458e-02
7.304900000002589877e-02
7.194800000002032903e-02
7.255299999997077975e-02
7.361199999996870247e-02
7.346699999999373176e-02
7.364599999999654756e-02
7.287999999999783540e-02
7.466600000003609239e-02
7.373400000000174259e-02
7.033000000001266017e-02
7.288799999997763734e-02
7.328999999998586645e-02
7.272399999999379361e-02
7.162700000003496825e-02
7.135900000002948218e-02
7.298700000001190347e-02
7.265599999999494685e-02
7.032400000002780871e-02
7.220000000000936780e-02
7.187700000002905654e-02
7.349199999998745625e-02
7.334400000002005982e-02
7.100900000000365253e-02
7.305500000001075023e-02
7.344000000000505679e-02
7.427100000001018998e-02
7.197899999999890497e-02
7.446499999997513441e-02
7.317699999998694693e-02
7.465299999995522739e-02
7.335899999998218846e-02
7.498799999996208498e-02
7.520999999997002305e-02
7.086800000001858280e-02
7.488499999999476131e-02
7.472899999999071952e-02
7.463599999999814827e-02
7.477900000003501191e-02
7.497200000000248110e-02
7.472799999999324427e-02
7.477500000004511094e-02
7.113100000003669265e-02
7.194699999996601036e-02
7.160499999997682607e-02
7.140299999997523628e-02
7.219099999997524719e-02
7.194500000002790330e-02
7.232899999996789120e-02
7.208399999996117913e-02
7.335000000000491127e-02
7.090999999996938641e-02
7.094300000005659967e-02
7.208100000002559682e-02
7.489599999996698898e-02
7.295999999996638508e-02
7.181199999990894867e-02
7.363199999997505074e-02
7.236199999999826105e-02
7.216700000003584137e-02
7.299199999999927968e-02
7.175899999992907397e-02
7.344699999998738349e-02
7.523000000003321475e-02
7.557000000008429197e-02
7.349199999998745625e-02
7.155799999998180283e-02
7.230499999991479854e-02
7.234799999991992081e-02
7.274399999994329846e-02
7.281800000009752694e-02
7.113900000001649460e-02
7.542100000000573345e-02
7.513599999992948142e-02
7.445000000006984919e-02
7.399399999997058330e-02
7.137399999999161082e-02
7.380899999998291605e-02
7.425399999999626743e-02
7.399600000007922063e-02
7.399500000008174538e-02
7.300999999995383405e-02
7.436299999994844256e-02
7.402500000000600267e-02
7.371100000000296859e-02
7.215999999993982783e-02
7.140200000003460445e-02
7.244200000002365414e-02
7.408899999995810504e-02
7.220599999993737583e-02
6.971299999997881969e-02
7.397899999989476783e-02
7.412099999999099964e-02
7.415199999991273216e-02
7.157499999993888196e-02
7.409399999994548125e-02
7.234000000005380571e-02
7.433900000000903674e-02
7.475199999998949352e-02
7.391800000004877802e-02
7.423600000004171307e-02
7.319900000004508911e-02
7.348200000001270382e-02
7.420000000001891749e-02
7.421999999996842234e-02
7.435900000007222843e-02
7.043899999996483530e-02
7.185399999991659570e-02
7.170100000007550989e-02
7.159000000001469743e-02
7.260799999994560494e-02
7.374800000002323941e-02
7.245800000009694486e-02
7.305799999994633254e-02
7.217400000001816807e-02
7.311800000002222077e-02
7.309599999996407860e-02
7.344699999998738349e-02
7.311499999991610821e-02
7.313099999998939893e-02
7.311900000001969602e-02
7.328399999994417158e-02
7.025899999996454426e-02
7.461299999999937427e-02
7.485300000007555354e-02
7.316900000000714499e-02
7.212400000003071909e-02
7.340899999996963743e-02
7.277599999997619307e-02
7.281799999998384010e-02
7.052200000009634095e-02
7.314499999995405233e-02
7.333600000004025787e-02
7.195400000000518048e-02
7.051000000001295120e-02
7.191799999998238491e-02
7.164000000000214641e-02
7.320900000001984154e-02
7.321000000001731678e-02
7.305500000006759365e-02
7.224999999993997335e-02
7.299199999999927968e-02
7.292700000004970207e-02
7.262600000001384615e-02
7.236899999998058775e-02
7.343200000002525485e-02
7.233599999995021790e-02
7.155899999997927807e-02
7.319199999994907557e-02
7.317299999999704596e-02
7.347400000003290188e-02
7.236599999998816202e-02
7.118200000002161687e-02
7.263699999998607382e-02
7.265299999994567770e-02
7.347600000002785237e-02
7.294600000000173168e-02
7.144099999993613892e-02
7.183900000006815389e-02
7.339600000000245927e-02
7.276899999999386637e-02
7.155900000009296491e-02
6.995099999994636164e-02
7.356099999992693483e-02
7.315800000003491732e-02
7.217800000000806904e-02
7.238700000004882895e-02
7.113800000001901935e-02
7.161899999994147947e-02
7.148300000005747279e-02
7.021099999997204577e-02
7.207799999991948425e-02
7.217900000000554428e-02
7.235199999990982178e-02
7.237399999996796396e-02
7.273099999997612031e-02
7.291199999997388659e-02
7.236699999998563726e-02
7.564000000002124580e-02
7.504600000004302274e-02
7.357300000001032458e-02
7.560899999998582643e-02
7.536700000002838351e-02
7.565599999998084968e-02
7.485899999994671816e-02
7.464500000003226887e-02
7.410799999991013465e-02
7.573200000001634180e-02
7.564600000000609725e-02
7.611599999995632970e-02
7.327599999996436964e-02
7.210000000009131327e-02
7.303000000001702574e-02
7.145700000000942964e-02
7.618999999999687134e-02
7.525399999997262057e-02
7.550199999991491495e-02
7.563900000002377055e-02
7.546300000001338049e-02
7.306300000004739559e-02
7.547699999997803388e-02
7.422199999996337283e-02
7.306099999993875826e-02
7.255899999995563121e-02
7.167100000003756577e-02
7.122700000002168963e-02
7.245899999998073326e-02
7.206399999995483086e-02
7.339600000000245927e-02
7.247800000004644971e-02
7.462699999996402767e-02
7.484900000008565257e-02
7.518300000003819150e-02
7.547599999998055864e-02
7.484199999998963904e-02
7.402999999999337888e-02
7.394099999999070860e-02
7.546400000001085573e-02
7.202599999993708479e-02
7.383900000002086017e-02
7.565499999998337444e-02
7.148000000006504706e-02
7.555999999999585270e-02
7.194699999990916695e-02
7.393400000000838190e-02
7.423399999993307574e-02
7.056599999998525163e-02
7.388599999990219658e-02
7.415500000001884473e-02
7.143600000006244954e-02
7.115099999998619751e-02
7.160699999997177656e-02
7.250299999998333078e-02
7.182499999998981366e-02
6.994699999995646067e-02
7.269500000006701157e-02
7.249400000000605360e-02
7.258100000001377339e-02
7.230200000003605965e-02
7.268499999997857230e-02
7.267500000000381988e-02
7.158300000003237074e-02
7.166499999993902748e-02
7.128699999998389103e-02
7.277899999996861879e-02
7.232299999998303974e-02
7.271200000002409070e-02
7.263899999998102430e-02
7.202100000006339542e-02
7.289200000002438173e-02
6.990899999993871461e-02
7.203200000003562309e-02
7.145400000001700391e-02
7.276899999999386637e-02
7.144500000003972673e-02
7.275600000002668821e-02
7.618700000000444561e-02
7.346000000006824848e-02
7.095900000001620356e-02
7.243400000004385220e-02
7.502899999997225677e-02
7.483300000001236185e-02
7.500500000003285095e-02
7.507299999997485429e-02
7.200699999998505518e-02
7.205000000010386429e-02
6.970300000000406726e-02
7.169499999997697159e-02
7.236399999999321153e-02
7.197999999993953679e-02
7.249400000000605360e-02
7.093200000008437200e-02
7.360000000005584297e-02
7.307100000002719753e-02
7.006000000001222361e-02
7.185099999992416997e-02
7.357599999988906347e-02
7.434099999989030039e-02
7.475500000009560608e-02
7.300799999995888356e-02
7.320099999992635276e-02
7.277799999997114355e-02
7.237000000009174983e-02
7.459100000005491893e-02
7.478400000002238812e-02
7.456999999999425199e-02
7.423799999992297671e-02
7.222400000000561704e-02
7.208099999991190998e-02
7.077600000002348679e-02
7.056799999998020212e-02
7.321100000001479202e-02
7.091000000002622983e-02
7.484399999998458952e-02
7.519000000002051820e-02
8.955200000002605520e-02
7.443599999999150896e-02
7.490400000006047776e-02
7.088699999997061241e-02
7.523500000002059096e-02
7.455699999991338700e-02
7.187100000010104850e-02
7.346700000005057518e-02
7.318799999995917460e-02
7.305300000007264316e-02
7.314799999994647806e-02
7.288100000005215406e-02
7.117799999991802906e-02
7.590300000003935565e-02
7.563300000003891910e-02
7.577300000002651359e-02
7.573200000001634180e-02
7.476999999994404789e-02
7.576599999993050005e-02
7.491600000003018067e-02
7.195400000000518048e-02
7.151199999998425483e-02
7.304800000008526695e-02
7.335700000010092481e-02
7.338299999992159428e-02
7.220199999994747486e-02
7.356200000003809691e-02
7.053600000006099435e-02
7.500300000003790046e-02
7.478499999990617653e-02
7.321999999999206921e-02
7.367099999999027204e-02
7.496700000001510489e-02
7.469500000001971785e-02
7.431900000005953189e-02
7.235000000002855813e-02
7.199399999990419019e-02
7.308399999999437568e-02
7.139000000006490154e-02
7.468200000005253969e-02
7.491199999992659286e-02
7.461899999998422572e-02
7.267100000001391891e-02
7.147700000007262133e-02
7.482199999992644734e-02
7.183800000007067865e-02
7.421599999997852137e-02
7.351299999993443635e-02
7.262100000002646993e-02
7.203900000001794979e-02
7.164399999999204738e-02
7.122000000003936293e-02
7.138200000008509960e-02
7.175199999994674727e-02
7.162700000003496825e-02
7.217099999991205550e-02
7.274599999993824895e-02
7.335399999999481224e-02
7.363700000007611379e-02
7.052399999997760460e-02
7.211099999994985410e-02
7.290599999998903513e-02
7.178000000010342774e-02
7.263499999999112333e-02
7.175600000005033507e-02
7.150200000000950240e-02
7.251800000005914626e-02
7.033000000001266017e-02
7.137099999999918509e-02
7.209100000000034925e-02
7.146599999998670683e-02
7.287200000007487688e-02
7.214399999998022395e-02
7.228399999996781844e-02
7.213699999999789725e-02
7.407000000000607542e-02
7.391199999995023973e-02
7.498199999997723353e-02
7.256900000004407048e-02
7.255199999997330451e-02
7.296200000007502240e-02
7.325199999991127697e-02
7.210900000006859045e-02
7.039899999995213875e-02
7.222999999999046850e-02
7.232499999997799023e-02
7.153600000003734749e-02
1.348130000000082873e-01
7.342999999991661753e-02
7.491900000002260640e-02
7.483600000000478758e-02
7.467199999996410043e-02
7.352699999989908974e-02
7.483899999999721331e-02
7.492899999999735883e-02
7.309899999995650433e-02
7.378599999992729863e-02
7.276600000000144064e-02
7.398399999999583088e-02
7.064500000001316948e-02
7.151500000009036739e-02
7.219400000008135976e-02
7.506300000000010186e-02
7.356900000002042361e-02
7.515999999998257408e-02
7.388000000003103196e-02
7.434899999998378917e-02
7.090800000003127934e-02
7.497599999999238207e-02
7.219999999995252438e-02
7.203499999991436198e-02
7.120000000008985808e-02
7.164000000000214641e-02
7.141200000000935688e-02
7.104499999991276127e-02
6.987199999991844379e-02
7.217100000002574234e-02
7.232999999996536644e-02
7.236699999998563726e-02
6.999200000007022027e-02
7.136800000000675936e-02
7.224499999995259714e-02
7.072499999992487574e-02
