# Pose Estimation timer: 2017-12-12 17:52:02.326930
1.556299999999999351e-02
1.311600000000012756e-02
1.479000000000052495e-02
1.586400000000054433e-02
1.841100000000039927e-02
1.384700000000016473e-02
1.208500000000078956e-02
1.433099999999853935e-02
1.260599999999811871e-02
1.300000000000167688e-02
1.360000000000027853e-02
1.258800000000093178e-02
1.351000000000013301e-02
1.452199999999947977e-02
1.491399999999742931e-02
1.191599999999937154e-02
1.350099999999798683e-02
1.261799999999624333e-02
1.359400000000476894e-02
1.503499999999746706e-02
1.371699999999975716e-02
1.295300000000310092e-02
1.538899999999898682e-02
1.205999999999818328e-02
1.553700000000191039e-02
1.304500000000530235e-02
1.305200000000183991e-02
1.167099999999265947e-02
1.275599999999599277e-02
1.420699999999897045e-02
1.208299999998985186e-02
1.450499999999976808e-02
1.248200000000565524e-02
1.334300000000609998e-02
1.308500000000378805e-02
1.250500000000442924e-02
1.215299999999785996e-02
1.400300000000243017e-02
1.371699999999975716e-02
1.215200000000038472e-02
1.413200000000358614e-02
1.182299999999258944e-02
1.335600000000169985e-02
1.397000000000048203e-02
1.381200000000148975e-02
1.518599999999992178e-02
1.290199999999686042e-02
1.184899999999800002e-02
1.221700000000680575e-02
1.383000000001288754e-02
1.373599999999441934e-02
1.311100000000919863e-02
1.440299999998728708e-02
1.339100000001280932e-02
1.384600000000091313e-02
1.308099999999967622e-02
1.454200000000582804e-02
1.240799999999353531e-02
1.310200000000349974e-02
1.120900000000801811e-02
1.321599999999989450e-02
1.313600000000292312e-02
1.569399999999632200e-02
1.438100000001441003e-02
1.336100000000328691e-02
1.247800000001575427e-02
1.413399999998432577e-02
1.313200000001302215e-02
1.410199999997985287e-02
1.805000000001655280e-02
1.703399999999533065e-02
1.621000000000094587e-02
1.583800000000223918e-02
1.997800000000893306e-02
1.966699999999832471e-02
2.006299999999328065e-02
2.078899999997929626e-02
1.965100000001029912e-02
2.012400000000980071e-02
1.566100000002279558e-02
1.875300000000379441e-02
1.874899999998547173e-02
1.821400000000039654e-02
1.817500000001359695e-02
1.792399999999361171e-02
1.934400000001801345e-02
1.860999999999535248e-02
1.821300000000292130e-02
1.721900000001141962e-02
2.012600000000475120e-02
1.421799999999961983e-02
1.544400000000223372e-02
1.404999999999745341e-02
1.535599999999703869e-02
1.435399999999731335e-02
2.263600000000565160e-02
1.873799999998482235e-02
1.369399999998677231e-02
1.460299999999392639e-02
1.847800000001598164e-02
1.414699999997992563e-02
1.929099999995287362e-02
1.574199999998882049e-02
1.613100000002987144e-02
1.821699999999282227e-02
1.405499999998482963e-02
1.399100000003272726e-02
1.902900000004592584e-02
2.010899999999082866e-02
1.852400000001352964e-02
1.985100000001693843e-02
2.037399999994704558e-02
1.412400000003799505e-02
1.577700000001414082e-02
1.435099999997646592e-02
1.473299999997834675e-02
1.824200000004339017e-02
1.475900000002638990e-02
1.391100000000733417e-02
1.486999999997351551e-02
1.479499999999234205e-02
1.479799999998476778e-02
1.431999999999788997e-02
1.619499999998197382e-02
1.509100000004082176e-02
1.646599999997988562e-02
1.818399999996245242e-02
2.037899999999126521e-02
1.479000000000496584e-02
1.860199999998712883e-02
1.599800000002460365e-02
1.450999999997293344e-02
1.332500000000891305e-02
1.636200000001508670e-02
1.499300000000403088e-02
1.822299999997767372e-02
1.566300000001774606e-02
1.603099999999813008e-02
1.441400000004477988e-02
1.722799999998869680e-02
1.473200000003771493e-02
1.538800000002993329e-02
1.480000000003656169e-02
1.544200000000728323e-02
1.486299999999118882e-02
1.573799999999891952e-02
1.458999999999832653e-02
1.391300000000228465e-02
1.466499999997949999e-02
1.475500000003648893e-02
1.589599999999791180e-02
1.568000000003166861e-02
1.472799999999097054e-02
1.460200000002487286e-02
1.437800000002198431e-02
1.479000000000496584e-02
1.579800000001796434e-02
1.616000000001349690e-02
1.569000000000642103e-02
1.507900000001427543e-02
1.460900000000719956e-02
1.600700000000188084e-02
1.611800000000584987e-02
1.517999999998664862e-02
1.409999999998490239e-02
1.516799999996010229e-02
1.621699999998327257e-02
1.672999999999547072e-02
1.447100000001455555e-02
1.560999999998102794e-02
1.555500000000620275e-02
1.612000000000080036e-02
1.520800000002964225e-02
1.449300000001585431e-02
1.485100000002148590e-02
1.451299999996535917e-02
1.587000000000671207e-02
1.456699999999955253e-02
1.392400000003135574e-02
1.760500000000320142e-02
1.464599999997062696e-02
1.390699999996058978e-02
1.399400000002515299e-02
1.535899999998946441e-02
1.476999999999861757e-02
1.437000000004218236e-02
1.479799999998476778e-02
1.416899999998122439e-02
1.512800000000424916e-02
1.535200000000713771e-02
1.498700000001917942e-02
1.608500000003232344e-02
1.480000000003656169e-02
1.466499999997949999e-02
1.566200000002027082e-02
1.628499999998211933e-02
1.488100000000258660e-02
1.553999999998723069e-02
1.599600000008649658e-02
1.516200000003209425e-02
1.527099999998426938e-02
1.466500000003634341e-02
1.468499999998584826e-02
1.648599999998623389e-02
1.510999999993600795e-02
1.491199999998116255e-02
1.589000000001306034e-02
1.525499999991097866e-02
1.747699999998530984e-02
1.472400000000106957e-02
1.547000000005027687e-02
1.739600000007612834e-02
1.458700000000590080e-02
1.489700000001903391e-02
1.508599999999660213e-02
1.419799999996484985e-02
1.484600000003410969e-02
1.490300000000388536e-02
1.448299999992741505e-02
1.453600000002097659e-02
1.458100000002104935e-02
1.459899999997560371e-02
1.496900000006462506e-02
1.416099999994457903e-02
1.783000000000356522e-02
1.594499999998788553e-02
1.599099999998543353e-02
1.639299999999366264e-02
1.606499999991228833e-02
1.495699999998123531e-02
1.432499999998526619e-02
1.541899999995166581e-02
1.521400000001449371e-02
1.551199999994423706e-02
1.454599999999572901e-02
1.462500000002364686e-02
1.562400000000252476e-02
1.491800000007970084e-02
1.452400000005127367e-02
1.523399999996399856e-02
1.481999999998606654e-02
1.452500000004874892e-02
