# Projection image timer: 2017-12-12 17:52:02.276101
2.885159999999999947e-01
2.000020000000000131e-01
2.000020000000000131e-01
2.000009999999998733e-01
2.000010000000000954e-01
3.003850000000001241e-01
2.000029999999997088e-01
2.000009999999998733e-01
2.795399999999998997e-01
2.000000000000001776e-01
2.000020000000000131e-01
2.000000000000001776e-01
2.000019999999995690e-01
2.000020000000004572e-01
2.000029999999997088e-01
2.000000000000001776e-01
2.618629999999999569e-01
2.000019999999995690e-01
2.000020000000004572e-01
2.000019999999995690e-01
2.000010000000003174e-01
2.000029999999997088e-01
2.000010000000003174e-01
2.000010000000003174e-01
2.692189999999996530e-01
2.000019999999995690e-01
2.000020000000013454e-01
2.000000000000010658e-01
2.000030000000005970e-01
2.000039999999998486e-01
2.000019999999995690e-01
2.000039999999998486e-01
2.558530000000001081e-01
2.000030000000005970e-01
2.000020000000013454e-01
2.000010000000003174e-01
2.000029999999988206e-01
2.000030000000005970e-01
2.000000000000010658e-01
2.000039999999998486e-01
2.586140000000014538e-01
2.000010000000003174e-01
2.000039999999998486e-01
2.000010000000003174e-01
2.000030000000005970e-01
2.000000000000010658e-01
2.000039999999998486e-01
2.000029999999988206e-01
2.521719999999998407e-01
2.000029999999988206e-01
2.000010000000003174e-01
2.000020000000013454e-01
2.000039999999998486e-01
2.000010000000003174e-01
2.000019999999977927e-01
2.000020000000013454e-01
2.651319999999977028e-01
2.000010000000003174e-01
2.000009999999967647e-01
2.000010000000003174e-01
2.000020000000013454e-01
2.000029999999988206e-01
2.000010000000003174e-01
2.000010000000003174e-01
2.510459999999987701e-01
2.000009999999967647e-01
2.000010000000003174e-01
2.000019999999977927e-01
2.000010000000003174e-01
2.000039999999998486e-01
2.000039999999998486e-01
2.000009999999967647e-01
2.511740000000024509e-01
2.000029999999988206e-01
2.000010000000003174e-01
2.000039999999998486e-01
2.000039999999998486e-01
2.000020000000013454e-01
2.000020000000013454e-01
2.000029999999988206e-01
2.551909999999999457e-01
2.000039999999998486e-01
2.000029999999988206e-01
2.000039999999998486e-01
2.000029999999988206e-01
2.000009999999967647e-01
2.000000000000028422e-01
2.000020000000013454e-01
2.442759999999992715e-01
2.000010000000003174e-01
2.000039999999998486e-01
2.000010000000003174e-01
2.000039999999998486e-01
2.000010000000003174e-01
2.000010000000003174e-01
2.000039999999998486e-01
2.546420000000004791e-01
2.000000000000028422e-01
2.000019999999977927e-01
2.000000000000028422e-01
2.000010000000003174e-01
2.000000000000028422e-01
2.000029999999952679e-01
2.000000000000028422e-01
2.496439999999964243e-01
2.000030000000023733e-01
2.000000000000028422e-01
2.000019999999977927e-01
2.000039999999998486e-01
2.000000000000028422e-01
2.000019999999977927e-01
2.000010000000003174e-01
2.616000000000013870e-01
2.000039999999998486e-01
2.000039999999998486e-01
2.000030000000023733e-01
2.000029999999952679e-01
2.000000000000028422e-01
2.000010000000003174e-01
2.000030000000023733e-01
2.560380000000037626e-01
2.000029999999952679e-01
2.000010000000003174e-01
2.000010000000003174e-01
2.000000000000028422e-01
2.000019999999977927e-01
2.000029999999952679e-01
2.000060000000019045e-01
2.554700000000025284e-01
2.000010000000003174e-01
2.000010000000003174e-01
2.000029999999952679e-01
2.000020000000048981e-01
2.000030000000023733e-01
2.000019999999977927e-01
2.000039999999998486e-01
2.591140000000038413e-01
2.000019999999977927e-01
2.000010000000003174e-01
2.000030000000023733e-01
2.000010000000003174e-01
2.000039999999998486e-01
2.000019999999977927e-01
2.000010000000003174e-01
2.630339999999975475e-01
2.000030000000023733e-01
2.000000000000028422e-01
2.000010000000003174e-01
2.000029999999952679e-01
2.000010000000003174e-01
2.000039999999998486e-01
2.000019999999977927e-01
2.623810000000048603e-01
2.000000000000028422e-01
2.000010000000003174e-01
2.000029999999952679e-01
2.000010000000003174e-01
2.000010000000003174e-01
2.000039999999998486e-01
2.000010000000003174e-01
2.611109999999996489e-01
2.000029999999952679e-01
2.000010000000003174e-01
2.000000000000028422e-01
2.000000000000028422e-01
2.000039999999998486e-01
2.000019999999977927e-01
2.000010000000003174e-01
2.686350000000032878e-01
2.000000000000028422e-01
2.000000000000028422e-01
2.000019999999977927e-01
2.000090000000014356e-01
2.000030000000023733e-01
2.000029999999952679e-01
2.000019999999977927e-01
2.638329999999982078e-01
2.000030000000023733e-01
2.000039999999998486e-01
2.000029999999952679e-01
2.000039999999998486e-01
2.000000000000028422e-01
2.000019999999977927e-01
2.000000000000028422e-01
2.576060000000026662e-01
2.000030000000023733e-01
2.000010000000003174e-01
2.000010000000003174e-01
2.000010000000003174e-01
2.000030000000023733e-01
2.000039999999998486e-01
2.000000000000028422e-01
2.531829999999999359e-01
2.000019999999977927e-01
2.000000000000028422e-01
2.000010000000003174e-01
2.000000000000028422e-01
2.000000000000028422e-01
2.000019999999977927e-01
2.000019999999977927e-01
2.537850000000076989e-01
2.000030000000094788e-01
2.000020000000120035e-01
2.000000000000028422e-01
2.000019999999977927e-01
2.000010000000003174e-01
2.000019999999977927e-01
2.000030000000094788e-01
2.597939999999994143e-01
2.000019999999977927e-01
2.000029999999952679e-01
2.000010000000003174e-01
2.000609999999909405e-01
2.000019999999977927e-01
2.000019999999977927e-01
2.000029999999952679e-01
2.561029999999959728e-01
2.000020000000120035e-01
2.000019999999977927e-01
2.000219999999899301e-01
2.000030000000094788e-01
2.000010000000003174e-01
2.000029999999952679e-01
2.000030000000094788e-01
2.535130000000123118e-01
2.000029999999952679e-01
2.000000000000028422e-01
2.000030000000094788e-01
2.000000000000028422e-01
2.000019999999977927e-01
2.000010000000003174e-01
2.000020000000120035e-01
2.533849999999944203e-01
2.000019999999977927e-01
2.000029999999952679e-01
2.000019999999977927e-01
2.000010000000003174e-01
2.000010000000003174e-01
2.313600000000093360e-01
2.000010000000003174e-01
2.530020000000092750e-01
2.000000000000028422e-01
2.000030000000094788e-01
2.000020000000120035e-01
2.000000000000028422e-01
2.000029999999952679e-01
2.000010000000003174e-01
2.000019999999977927e-01
2.583759999999983847e-01
2.000039999999927431e-01
2.000010000000003174e-01
2.000010000000003174e-01
2.000010000000003174e-01
2.000019999999977927e-01
2.000010000000003174e-01
2.000030000000094788e-01
2.614710000000002310e-01
2.000029999999952679e-01
2.000030000000094788e-01
2.000000000000028422e-01
2.000029999999952679e-01
2.000000000000028422e-01
2.000010000000003174e-01
2.000010000000003174e-01
2.565660000000065111e-01
2.000039999999927431e-01
2.000030000000094788e-01
2.000019999999977927e-01
2.000000000000028422e-01
2.000019999999977927e-01
2.000029999999952679e-01
2.000039999999927431e-01
2.572850000000102000e-01
2.000000000000028422e-01
2.000019999999977927e-01
2.000010000000003174e-01
2.000010000000003174e-01
2.000570000000010396e-01
2.000019999999977927e-01
2.000019999999977927e-01
2.527129999999999654e-01
2.000010000000003174e-01
2.000000000000028422e-01
2.000019999999977927e-01
2.000019999999977927e-01
2.000029999999952679e-01
2.000000000000028422e-01
2.000000000000028422e-01
2.551569999999969696e-01
2.000029999999952679e-01
2.000010000000003174e-01
2.000000000000028422e-01
2.000019999999977927e-01
2.000019999999977927e-01
2.000019999999977927e-01
2.000019999999977927e-01
2.589219999999983202e-01
2.000000000000028422e-01
2.000019999999977927e-01
2.000000000000028422e-01
2.000000000000028422e-01
2.000039999999927431e-01
2.000000000000028422e-01
2.000019999999977927e-01
2.509440000000040527e-01
2.000000000000028422e-01
2.000019999999977927e-01
2.000019999999977927e-01
2.000000000000028422e-01
2.000029999999952679e-01
2.000000000000028422e-01
2.000010000000003174e-01
2.545029999999997017e-01
2.000019999999977927e-01
2.000010000000003174e-01
2.000010000000003174e-01
2.000010000000003174e-01
2.000000000000028422e-01
2.000000000000028422e-01
2.000019999999977927e-01
2.540029999999973143e-01
2.000010000000003174e-01
2.000010000000003174e-01
2.000029999999952679e-01
2.000010000000003174e-01
2.000000000000028422e-01
2.000010000000003174e-01
2.000039999999927431e-01
2.489829999999955135e-01
2.000030000000094788e-01
2.000019999999977927e-01
2.000029999999952679e-01
2.000000000000028422e-01
2.000029999999952679e-01
2.000000000000028422e-01
2.000010000000003174e-01
2.508909999999957563e-01
2.000000000000028422e-01
2.000029999999952679e-01
2.000019999999977927e-01
2.000010000000003174e-01
2.000029999999952679e-01
2.000010000000003174e-01
2.000029999999952679e-01
2.576679999999953452e-01
2.000000000000028422e-01
2.000010000000003174e-01
2.000010000000003174e-01
2.000019999999977927e-01
2.000000000000028422e-01
2.000010000000003174e-01
2.000010000000003174e-01
2.570170000000047139e-01
2.000019999999977927e-01
2.000009999999861066e-01
2.000000000000028422e-01
2.000029999999952679e-01
2.000019999999977927e-01
2.000019999999977927e-01
2.000000000000028422e-01
2.639379999999960091e-01
2.000010000000003174e-01
2.000010000000003174e-01
2.000000000000028422e-01
2.000030000000094788e-01
2.000000000000028422e-01
2.000000000000028422e-01
2.000010000000003174e-01
2.543950000000023692e-01
2.000010000000003174e-01
2.000010000000003174e-01
2.000010000000003174e-01
2.000030000000094788e-01
2.000010000000003174e-01
2.000039999999927431e-01
2.000019999999977927e-01
2.512519999999938136e-01
2.000020000000120035e-01
2.000010000000003174e-01
2.000030000000094788e-01
2.000020000000120035e-01
2.000019999999977927e-01
2.000010000000003174e-01
2.000010000000003174e-01
2.509029999999938809e-01
2.000000000000028422e-01
2.000010000000003174e-01
2.000029999999952679e-01
2.000010000000003174e-01
2.000010000000003174e-01
2.000029999999952679e-01
2.000019999999977927e-01
2.539699999999953661e-01
2.000020000000120035e-01
2.000000000000170530e-01
2.000020000000120035e-01
2.000040000000069540e-01
2.000030000000094788e-01
2.000010000000145283e-01
2.000039999999785323e-01
2.563330000000121345e-01
2.000009999999861066e-01
2.000020000000120035e-01
2.000019999999835818e-01
2.000020000000120035e-01
2.000020000000120035e-01
2.000029999999810570e-01
2.000030000000094788e-01
2.507789999999943120e-01
2.000000000000170530e-01
2.000020000000120035e-01
2.000029999999810570e-01
2.000040000000069540e-01
2.000010000000145283e-01
2.000030000000094788e-01
2.000040000000069540e-01
2.576789999999959946e-01
2.000030000000094788e-01
2.000030000000094788e-01
2.000000000000170530e-01
2.000019999999835818e-01
2.000010000000145283e-01
2.000030000000094788e-01
2.000040000000069540e-01
2.533310000000028595e-01
2.000010000000145283e-01
2.000029999999810570e-01
2.000029999999810570e-01
2.000039999999785323e-01
2.000040000000069540e-01
2.000009999999861066e-01
2.000030000000094788e-01
2.614299999999900592e-01
2.000030000000094788e-01
2.000010000000145283e-01
2.000009999999861066e-01
2.000030000000094788e-01
2.000030000000094788e-01
2.000019999999835818e-01
2.000000000000170530e-01
2.510679999999751999e-01
2.000009999999861066e-01
2.000040000000069540e-01
2.000020000000120035e-01
2.000020000000120035e-01
2.000020000000120035e-01
2.000009999999861066e-01
2.000029999999810570e-01
2.675999999999874035e-01
2.000020000000120035e-01
2.000079999999968550e-01
2.000020000000120035e-01
2.000019999999835818e-01
2.000010000000145283e-01
2.000049999999760075e-01
2.000010000000145283e-01
2.579479999999989559e-01
2.000040000000069540e-01
2.000020000000120035e-01
2.000020000000120035e-01
2.000030000000094788e-01
2.000000000000170530e-01
2.000019999999835818e-01
2.000040000000069540e-01
2.462950000000034834e-01
2.000030000000094788e-01
2.000040000000069540e-01
2.000040000000069540e-01
2.000019999999835818e-01
2.000009999999861066e-01
2.000020000000120035e-01
2.000020000000120035e-01
2.569050000000174805e-01
2.000010000000145283e-01
2.000009999999861066e-01
2.000020000000120035e-01
2.000009999999861066e-01
2.000010000000145283e-01
2.000010000000145283e-01
2.000030000000094788e-01
2.561980000000119162e-01
2.000019999999835818e-01
2.000010000000145283e-01
2.000010000000145283e-01
2.000030000000094788e-01
2.000019999999835818e-01
2.509469999999964784e-01
2.000010000000145283e-01
2.539820000000077016e-01
2.000000000000170530e-01
2.000020000000120035e-01
2.000029999999810570e-01
2.000010000000145283e-01
2.000030000000094788e-01
2.000020000000120035e-01
2.000009999999861066e-01
2.629259999999931097e-01
2.000010000000145283e-01
2.000009999999861066e-01
2.000030000000094788e-01
2.000019999999835818e-01
2.000009999999861066e-01
2.000040000000069540e-01
2.000009999999861066e-01
2.597460000000069158e-01
2.000020000000120035e-01
2.000019999999835818e-01
2.000000000000170530e-01
2.361680000000205837e-01
2.000019999999835818e-01
2.000000000000170530e-01
2.000030000000094788e-01
2.669000000000210093e-01
2.000020000000120035e-01
2.000029999999810570e-01
2.000029999999810570e-01
2.000030000000094788e-01
2.000009999999861066e-01
2.000009999999861066e-01
2.000039999999785323e-01
2.473139999999887095e-01
2.000020000000120035e-01
2.000010000000145283e-01
2.000029999999810570e-01
2.000020000000120035e-01
2.000009999999861066e-01
2.000010000000145283e-01
2.000030000000094788e-01
2.480840000000057444e-01
2.000009999999861066e-01
2.000020000000120035e-01
2.000000000000170530e-01
2.000000000000170530e-01
2.000010000000145283e-01
2.000020000000120035e-01
2.000000000000170530e-01
2.546230000000093696e-01
2.000029999999810570e-01
2.000009999999861066e-01
2.000020000000120035e-01
2.000039999999785323e-01
2.000030000000094788e-01
2.000000000000170530e-01
2.000010000000145283e-01
2.557070000000010168e-01
2.000020000000120035e-01
2.000009999999861066e-01
2.000010000000145283e-01
2.000010000000145283e-01
2.000039999999785323e-01
2.000000000000170530e-01
2.000019999999835818e-01
2.875070000000050641e-01
2.000009999999861066e-01
2.000000000000170530e-01
2.000009999999861066e-01
2.000009999999861066e-01
2.000020000000120035e-01
2.000020000000120035e-01
2.000009999999861066e-01
2.561639999999840711e-01
2.000040000000069540e-01
2.000020000000120035e-01
2.000010000000145283e-01
2.000009999999861066e-01
2.000010000000145283e-01
2.000010000000145283e-01
2.000000000000170530e-01
2.483839999999872816e-01
2.000020000000120035e-01
2.000019999999835818e-01
2.000000000000170530e-01
2.000009999999861066e-01
2.000019999999835818e-01
2.000040000000069540e-01
2.000019999999835818e-01
2.607509999999990669e-01
2.000010000000145283e-01
2.000000000000170530e-01
2.000010000000145283e-01
2.000010000000145283e-01
2.000040000000069540e-01
2.000019999999835818e-01
2.000020000000120035e-01
2.627339999999946940e-01
2.000559999999893535e-01
2.000020000000120035e-01
2.000009999999861066e-01
2.000020000000120035e-01
2.000030000000094788e-01
2.000009999999861066e-01
2.000010000000145283e-01
2.554030000000011569e-01
2.000009999999861066e-01
2.000000000000170530e-01
2.311370000000181335e-01
2.000000000000170530e-01
2.000009999999861066e-01
2.000030000000094788e-01
2.000009999999861066e-01
2.553979999999853590e-01
2.000030000000094788e-01
2.000020000000120035e-01
2.000040000000069540e-01
2.000039999999785323e-01
2.000009999999861066e-01
2.000000000000170530e-01
2.000009999999861066e-01
2.521009999999819229e-01
2.000010000000145283e-01
2.000029999999810570e-01
2.000019999999835818e-01
2.000029999999810570e-01
2.000030000000094788e-01
2.000009999999861066e-01
2.000000000000170530e-01
2.559880000000021028e-01
2.000030000000094788e-01
2.000030000000094788e-01
2.000030000000094788e-01
2.000020000000120035e-01
2.000040000000069540e-01
2.000020000000120035e-01
2.000030000000094788e-01
2.623289999999940392e-01
2.000089999999943302e-01
2.000019999999835818e-01
2.000010000000145283e-01
2.000040000000069540e-01
2.000040000000069540e-01
2.000010000000145283e-01
2.000009999999861066e-01
2.568920000000218806e-01
2.000019999999835818e-01
2.000000000000170530e-01
2.000010000000145283e-01
2.000009999999861066e-01
2.000010000000145283e-01
2.000030000000094788e-01
2.000009999999861066e-01
2.551709999999900447e-01
2.000000000000170530e-01
2.000020000000120035e-01
2.000009999999861066e-01
2.000010000000145283e-01
2.000000000000170530e-01
2.000039999999785323e-01
2.000039999999785323e-01
2.575539999999989504e-01
2.000030000000094788e-01
2.000029999999810570e-01
2.000010000000145283e-01
2.000009999999861066e-01
2.000019999999835818e-01
2.000000000000170530e-01
2.000040000000069540e-01
2.601779999999962456e-01
2.000030000000094788e-01
2.000030000000094788e-01
2.000029999999810570e-01
2.000020000000120035e-01
2.000020000000120035e-01
2.000030000000094788e-01
2.000009999999861066e-01
2.536570000000040181e-01
2.000009999999861066e-01
2.000010000000145283e-01
2.000020000000120035e-01
2.000030000000094788e-01
2.000009999999861066e-01
2.000020000000120035e-01
2.000020000000120035e-01
2.570709999999962747e-01
2.000029999999810570e-01
2.000000000000170530e-01
2.000009999999861066e-01
2.000000000000170530e-01
2.000010000000145283e-01
2.000029999999810570e-01
2.000039999999785323e-01
2.540630000000021482e-01
2.000020000000120035e-01
2.469260000000019772e-01
2.000030000000094788e-01
2.000020000000120035e-01
2.000009999999861066e-01
2.000039999999785323e-01
2.000020000000120035e-01
2.668189999999981410e-01
2.000029999999810570e-01
2.000010000000145283e-01
2.000010000000145283e-01
2.000019999999835818e-01
2.000009999999861066e-01
2.000009999999861066e-01
2.000000000000170530e-01
2.551729999999849952e-01
2.000030000000094788e-01
2.000040000000069540e-01
2.000040000000069540e-01
2.000020000000120035e-01
2.000020000000120035e-01
2.000019999999835818e-01
2.000029999999810570e-01
2.717000000000098225e-01
2.000010000000145283e-01
2.000020000000120035e-01
2.000010000000145283e-01
2.000020000000120035e-01
2.000030000000094788e-01
2.000030000000094788e-01
2.000020000000120035e-01
2.584919999999897300e-01
2.000040000000069540e-01
2.000000000000170530e-01
2.000010000000145283e-01
2.000020000000120035e-01
2.000000000000170530e-01
2.000040000000069540e-01
2.000000000000170530e-01
2.567260000000146647e-01
2.000030000000094788e-01
2.000000000000170530e-01
2.000009999999861066e-01
2.000040000000069540e-01
2.000019999999835818e-01
2.000000000000170530e-01
2.000009999999861066e-01
2.604389999999909833e-01
2.000030000000094788e-01
2.000020000000120035e-01
2.000030000000094788e-01
2.000009999999861066e-01
2.000030000000094788e-01
2.000030000000094788e-01
2.000010000000145283e-01
2.536019999999723495e-01
2.000009999999861066e-01
2.000030000000094788e-01
2.000030000000094788e-01
2.000040000000069540e-01
2.000010000000145283e-01
2.000030000000094788e-01
2.000009999999861066e-01
2.532789999999920383e-01
2.000009999999861066e-01
2.000010000000145283e-01
2.000000000000170530e-01
2.000020000000120035e-01
2.000029999999810570e-01
2.000000000000170530e-01
2.000020000000120035e-01
2.547800000000108867e-01
2.000000000000170530e-01
2.000030000000094788e-01
2.000029999999810570e-01
2.000020000000120035e-01
2.000000000000170530e-01
2.000010000000145283e-01
2.000040000000069540e-01
2.616100000000187720e-01
2.000029999999810570e-01
2.000030000000094788e-01
2.000029999999810570e-01
2.000020000000120035e-01
2.000010000000145283e-01
2.000029999999810570e-01
2.000020000000120035e-01
2.571899999999800457e-01
2.000000000000170530e-01
2.000010000000145283e-01
2.000030000000094788e-01
2.000009999999861066e-01
2.000009999999861066e-01
2.000030000000094788e-01
2.000030000000094788e-01
2.597780000000113887e-01
2.000029999999810570e-01
2.000000000000170530e-01
2.000030000000094788e-01
2.000010000000145283e-01
2.000040000000069540e-01
2.000029999999810570e-01
2.000030000000094788e-01
2.596149999999965985e-01
2.000019999999835818e-01
2.000030000000379005e-01
2.000009999999861066e-01
2.000029999999810570e-01
2.000019999999835818e-01
2.000040000000353757e-01
2.000659999999925276e-01
2.518709999999941829e-01
2.000030000000379005e-01
2.000039999999785323e-01
2.000009999999861066e-01
2.000009999999861066e-01
2.000020000000404252e-01
2.000029999999810570e-01
2.000029999999810570e-01
2.544399999999882311e-01
2.000030000000379005e-01
2.000039999999785323e-01
2.000029999999810570e-01
2.000009999999861066e-01
2.000030000000379005e-01
2.000039999999785323e-01
2.000039999999785323e-01
2.509660000000053515e-01
2.000030000000379005e-01
2.000000000000454747e-01
2.000039999999785323e-01
2.000019999999835818e-01
2.000009999999861066e-01
2.000039999999785323e-01
2.000009999999861066e-01
2.572370000000319124e-01
2.000009999999861066e-01
2.000039999999785323e-01
2.000020000000404252e-01
2.000019999999835818e-01
2.000019999999835818e-01
2.000010000000429500e-01
2.000039999999785323e-01
2.476010000000314903e-01
2.000029999999810570e-01
2.000019999999835818e-01
2.000000000000454747e-01
2.000029999999810570e-01
2.000030000000379005e-01
2.000029999999810570e-01
2.000009999999861066e-01
2.583180000000311338e-01
2.000039999999785323e-01
2.000019999999835818e-01
2.000029999999810570e-01
2.000010000000429500e-01
2.000029999999810570e-01
2.000029999999810570e-01
2.000019999999835818e-01
2.517379999999889151e-01
2.000029999999810570e-01
2.000069999999709580e-01
2.000029999999810570e-01
2.000009999999861066e-01
2.000009999999861066e-01
2.000030000000379005e-01
2.000039999999785323e-01
2.516619999999534230e-01
2.000019999999835818e-01
2.000000000000454747e-01
2.000009999999861066e-01
2.000019999999835818e-01
2.000039999999785323e-01
2.000000000000454747e-01
2.000010000000429500e-01
2.663000000000010914e-01
2.000030000000379005e-01
2.000029999999810570e-01
2.000029999999810570e-01
2.000019999999835818e-01
2.000009999999861066e-01
2.000009999999861066e-01
2.000030000000379005e-01
2.696740000000090731e-01
2.000040000000353757e-01
2.000039999999785323e-01
2.000029999999810570e-01
2.000000000000454747e-01
2.000020000000404252e-01
2.000039999999785323e-01
2.000009999999861066e-01
2.561509999999884712e-01
2.000020000000404252e-01
2.000009999999861066e-01
2.000020000000404252e-01
2.000029999999810570e-01
2.000009999999861066e-01
2.000009999999861066e-01
2.000009999999861066e-01
2.589919999999779066e-01
2.000019999999835818e-01
2.000039999999785323e-01
2.000029999999810570e-01
2.000019999999835818e-01
2.000030000000379005e-01
2.000019999999835818e-01
2.000030000000379005e-01
2.613109999999778665e-01
2.000039999999785323e-01
2.000029999999810570e-01
2.000009999999861066e-01
2.000089999999659085e-01
2.000009999999861066e-01
2.000019999999835818e-01
2.000009999999861066e-01
2.571859999999901447e-01
2.000039999999785323e-01
2.000039999999785323e-01
2.000009999999861066e-01
2.000039999999785323e-01
2.000019999999835818e-01
2.000040000000353757e-01
2.000039999999785323e-01
2.508910000000241780e-01
2.000030000000379005e-01
2.000009999999861066e-01
2.000029999999810570e-01
2.000000000000454747e-01
2.000029999999810570e-01
2.000010000000429500e-01
2.000029999999810570e-01
2.521350000000097680e-01
2.000019999999835818e-01
2.000029999999810570e-01
2.000000000000454747e-01
2.000009999999861066e-01
2.000030000000379005e-01
2.000039999999785323e-01
2.000030000000379005e-01
2.518300000000408545e-01
2.000009999999861066e-01
2.000009999999861066e-01
2.000009999999861066e-01
2.000039999999785323e-01
2.000029999999810570e-01
2.000019999999835818e-01
2.000029999999810570e-01
2.546510000000239415e-01
2.000030000000379005e-01
2.000029999999810570e-01
2.000019999999835818e-01
2.000020000000404252e-01
2.000020000000404252e-01
2.000029999999810570e-01
2.000039999999785323e-01
2.595929999999952997e-01
2.000019999999835818e-01
2.000019999999835818e-01
2.000180000000000291e-01
2.000009999999861066e-01
2.000009999999861066e-01
2.000009999999861066e-01
2.000010000000429500e-01
2.519940000000246982e-01
2.000019999999835818e-01
2.000029999999810570e-01
2.000029999999810570e-01
2.000010000000429500e-01
2.000019999999835818e-01
2.000029999999810570e-01
2.000029999999810570e-01
2.517639999999801148e-01
2.000029999999810570e-01
2.000009999999861066e-01
2.000029999999810570e-01
2.000039999999785323e-01
2.000039999999785323e-01
2.000019999999835818e-01
2.000029999999810570e-01
2.554889999999545580e-01
2.000009999999861066e-01
2.000009999999861066e-01
2.000029999999810570e-01
2.000009999999861066e-01
2.000009999999861066e-01
2.000019999999835818e-01
2.000039999999785323e-01
2.583689999999592146e-01
2.000019999999835818e-01
2.000030000000379005e-01
2.000019999999835818e-01
2.000039999999785323e-01
2.000039999999785323e-01
2.000019999999835818e-01
2.000019999999835818e-01
2.533799999999928332e-01
2.000029999999810570e-01
2.000029999999810570e-01
2.000039999999785323e-01
2.000039999999785323e-01
2.000040000000353757e-01
2.000009999999861066e-01
2.000009999999861066e-01
2.526890000000321379e-01
2.000019999999835818e-01
2.000010000000429500e-01
2.000009999999861066e-01
2.000029999999810570e-01
2.000039999999785323e-01
2.000009999999861066e-01
2.000019999999835818e-01
2.571669999999812717e-01
2.000029999999810570e-01
2.000019999999835818e-01
2.000030000000379005e-01
2.000009999999861066e-01
2.000029999999810570e-01
2.000019999999835818e-01
2.000010000000429500e-01
2.559610000000134278e-01
2.000030000000379005e-01
2.000009999999861066e-01
2.000029999999810570e-01
2.000039999999785323e-01
2.000010000000429500e-01
2.000030000000379005e-01
2.000029999999810570e-01
2.540270000000077744e-01
2.000030000000379005e-01
2.000019999999835818e-01
2.000029999999810570e-01
2.000010000000429500e-01
2.000019999999835818e-01
2.000029999999810570e-01
2.000010000000429500e-01
2.565730000000030486e-01
2.000020000000404252e-01
2.000000000000454747e-01
2.000030000000379005e-01
2.000020000000404252e-01
2.000020000000404252e-01
2.000030000000379005e-01
2.000019999999835818e-01
2.489439999999945030e-01
2.000019999999835818e-01
2.000060000000303262e-01
2.000030000000379005e-01
2.000030000000379005e-01
2.000030000000379005e-01
2.000029999999810570e-01
2.000019999999835818e-01
2.638109999999755928e-01
2.000009999999861066e-01
2.000019999999835818e-01
2.000030000000379005e-01
2.000019999999835818e-01
2.000039999999785323e-01
2.000010000000429500e-01
2.000030000000379005e-01
2.552349999999705688e-01
2.000010000000429500e-01
2.000029999999810570e-01
2.000009999999861066e-01
2.000000000000454747e-01
2.000019999999835818e-01
2.000020000000404252e-01
2.000009999999861066e-01
2.512150000000019645e-01
2.000019999999835818e-01
2.000030000000379005e-01
2.000029999999810570e-01
2.000010000000429500e-01
2.000030000000379005e-01
2.000029999999810570e-01
2.000029999999810570e-01
2.494609999999966021e-01
2.000010000000429500e-01
2.000039999999785323e-01
2.000039999999785323e-01
2.000029999999810570e-01
2.000000000000454747e-01
2.000029999999810570e-01
2.000020000000404252e-01
2.611499999999864485e-01
2.000020000000404252e-01
2.000020000000404252e-01
2.000030000000379005e-01
2.000030000000379005e-01
2.000009999999861066e-01
2.000019999999835818e-01
2.000039999999785323e-01
2.501079999999546999e-01
2.000039999999785323e-01
2.000029999999810570e-01
2.000039999999785323e-01
2.000000000000454747e-01
2.000040000000353757e-01
2.000000000000454747e-01
2.000029999999810570e-01
2.556139999999800239e-01
2.000039999999785323e-01
2.000020000000404252e-01
2.000010000000429500e-01
2.000040000000353757e-01
2.000039999999785323e-01
2.000009999999861066e-01
2.000029999999810570e-01
2.552820000000224354e-01
2.000030000000379005e-01
2.000019999999835818e-01
2.000019999999835818e-01
2.000029999999810570e-01
2.000030000000379005e-01
2.000040000000353757e-01
2.000009999999861066e-01
2.511999999999829924e-01
2.000019999999835818e-01
2.000009999999861066e-01
2.000030000000379005e-01
2.000030000000379005e-01
2.000039999999785323e-01
2.000000000000454747e-01
2.000029999999810570e-01
2.472300000000018372e-01
2.000019999999835818e-01
2.000019999999835818e-01
2.000030000000379005e-01
2.000039999999785323e-01
2.000020000000404252e-01
2.000029999999810570e-01
2.000059999999734828e-01
2.568630000000098335e-01
2.000009999999861066e-01
2.000039999999785323e-01
2.000039999999785323e-01
2.000029999999810570e-01
2.000020000000404252e-01
2.000009999999861066e-01
2.000009999999861066e-01
2.533020000000192340e-01
2.000010000000429500e-01
2.000019999999835818e-01
2.000020000000404252e-01
2.000009999999861066e-01
2.000029999999810570e-01
2.000019999999835818e-01
2.000039999999785323e-01
2.517009999999686443e-01
2.000030000000379005e-01
2.000029999999810570e-01
2.000019999999835818e-01
2.000039999999785323e-01
2.000030000000379005e-01
2.000009999999861066e-01
2.000010000000429500e-01
2.567689999999629435e-01
2.000009999999861066e-01
2.000009999999861066e-01
2.000060000000303262e-01
2.000030000000379005e-01
2.000030000000379005e-01
2.000009999999861066e-01
2.000039999999785323e-01
2.504799999999818283e-01
2.000039999999785323e-01
2.000000000000454747e-01
2.000039999999785323e-01
2.000009999999861066e-01
2.000039999999785323e-01
2.000019999999835818e-01
2.000000000000454747e-01
2.482360000000198852e-01
2.000029999999810570e-01
2.000029999999810570e-01
2.000010000000429500e-01
2.000040000000353757e-01
2.000039999999785323e-01
2.000039999999785323e-01
2.000019999999835818e-01
2.606010000000082982e-01
2.000009999999861066e-01
2.000030000000379005e-01
2.000039999999785323e-01
2.000009999999861066e-01
2.000010000000429500e-01
2.000040000000353757e-01
2.000019999999835818e-01
2.561549999999783722e-01
2.000020000000404252e-01
2.000009999999861066e-01
2.000009999999861066e-01
2.000019999999835818e-01
2.000019999999835818e-01
2.000009999999861066e-01
2.000019999999835818e-01
2.612709999999651700e-01
2.000019999999835818e-01
2.000029999999810570e-01
2.000030000000379005e-01
2.000039999999785323e-01
2.000040000000353757e-01
2.000039999999785323e-01
2.000029999999810570e-01
2.508919999999648098e-01
2.000029999999810570e-01
2.000010000000429500e-01
2.000019999999835818e-01
2.000030000000379005e-01
2.000019999999835818e-01
2.000039999999785323e-01
2.000039999999785323e-01
2.613489999999956126e-01
2.000039999999785323e-01
2.000029999999810570e-01
2.000019999999835818e-01
2.000039999999785323e-01
2.000009999999861066e-01
2.000009999999861066e-01
2.000019999999835818e-01
2.569000000000301043e-01
2.000039999999785323e-01
2.000039999999785323e-01
2.000039999999785323e-01
2.000029999999810570e-01
2.000019999999835818e-01
2.000039999999785323e-01
2.000009999999861066e-01
2.545479999999997744e-01
2.000029999999810570e-01
2.000029999999810570e-01
2.000029999999810570e-01
2.000030000000379005e-01
2.000030000000379005e-01
2.000019999999835818e-01
2.000009999999861066e-01
2.621759999999540014e-01
2.000019999999835818e-01
2.000029999999810570e-01
2.000019999999835818e-01
2.000010000000429500e-01
2.000009999999861066e-01
2.000010000000429500e-01
2.000029999999810570e-01
2.525949999999852480e-01
2.000039999999785323e-01
2.301190000000019609e-01
2.000019999999835818e-01
2.000019999999835818e-01
2.000029999999810570e-01
2.000030000000379005e-01
2.000019999999835818e-01
2.519780000000082509e-01
2.000029999999810570e-01
2.000000000000454747e-01
2.000009999999861066e-01
2.000019999999835818e-01
2.000030000000379005e-01
2.000030000000379005e-01
2.000010000000429500e-01
2.639609999999947831e-01
2.000030000000379005e-01
2.000010000000429500e-01
2.000029999999810570e-01
2.000029999999810570e-01
2.000019999999835818e-01
2.000029999999810570e-01
2.000019999999835818e-01
2.541639999999460997e-01
2.000009999999861066e-01
2.000029999999810570e-01
2.000000000000454747e-01
2.000639999999975771e-01
2.000029999999810570e-01
2.000009999999861066e-01
2.000020000000404252e-01
2.525530000000344444e-01
2.000009999999861066e-01
2.000029999999810570e-01
2.000039999999785323e-01
2.000039999999785323e-01
2.000010000000429500e-01
2.000039999999785323e-01
2.000039999999785323e-01
2.606079999999906249e-01
2.000000000000454747e-01
2.000029999999810570e-01
2.000040000000353757e-01
2.000000000000454747e-01
2.000060000000303262e-01
2.000029999999810570e-01
2.000019999999835818e-01
2.624050000000011096e-01
2.000039999999785323e-01
2.000019999999835818e-01
2.000019999999835818e-01
2.000019999999835818e-01
2.000019999999835818e-01
2.000050000000328509e-01
2.000020000000404252e-01
2.585480000000188738e-01
2.000019999999835818e-01
2.000039999999785323e-01
2.000039999999785323e-01
2.000019999999835818e-01
2.000009999999861066e-01
2.000009999999861066e-01
2.000040000000353757e-01
2.655639999999834799e-01
2.000029999999810570e-01
2.000019999999835818e-01
2.371640000000070359e-01
2.000020000000404252e-01
2.000010000000429500e-01
2.000010000000429500e-01
2.000019999999835818e-01
2.631759999999871980e-01
2.000019999999835818e-01
2.000009999999861066e-01
2.000019999999835818e-01
2.000039999999785323e-01
2.000029999999810570e-01
2.000029999999810570e-01
2.000029999999810570e-01
2.530729999999721258e-01
2.000039999999785323e-01
2.000029999999810570e-01
2.000040000000353757e-01
2.000020000000404252e-01
2.000039999999785323e-01
2.000029999999810570e-01
2.000030000000379005e-01
2.472960000000057335e-01
2.000019999999835818e-01
2.000009999999861066e-01
2.000029999999810570e-01
2.000029999999810570e-01
2.000019999999835818e-01
2.000039999999785323e-01
2.000029999999810570e-01
2.517700000000218097e-01
2.000019999999835818e-01
2.000009999999861066e-01
2.000029999999810570e-01
2.000039999999785323e-01
2.000009999999861066e-01
2.000039999999785323e-01
2.000010000000429500e-01
2.578919999999698121e-01
2.000040000000353757e-01
2.000019999999835818e-01
2.000039999999785323e-01
2.000029999999810570e-01
2.000009999999861066e-01
2.000110000000177024e-01
2.000019999999835818e-01
2.618039999999837164e-01
2.000009999999861066e-01
2.000020000000404252e-01
2.000020000000404252e-01
2.000019999999835818e-01
2.000019999999835818e-01
2.000039999999785323e-01
2.000010000000429500e-01
2.486509999999952925e-01
2.000009999999861066e-01
2.000039999999785323e-01
2.000019999999835818e-01
2.000029999999810570e-01
2.000030000000379005e-01
2.000009999999861066e-01
2.000019999999835818e-01
2.580900000000383443e-01
2.000040000000353757e-01
2.000019999999835818e-01
2.000030000000379005e-01
2.000060000000303262e-01
2.000039999999785323e-01
2.000010000000429500e-01
2.000009999999861066e-01
2.492009999999709180e-01
2.000039999999785323e-01
2.000009999999861066e-01
2.000039999999785323e-01
2.000019999999835818e-01
2.000029999999810570e-01
2.000029999999810570e-01
2.000009999999861066e-01
2.593380000000138352e-01
2.000009999999861066e-01
2.000020000000404252e-01
2.000019999999835818e-01
2.000029999999810570e-01
2.000019999999835818e-01
2.000029999999810570e-01
2.000009999999861066e-01
2.613529999999855136e-01
2.000009999999861066e-01
2.000050000000328509e-01
2.000009999999861066e-01
2.000020000000404252e-01
2.000009999999861066e-01
2.000039999999785323e-01
2.000019999999835818e-01
2.555140000000051259e-01
2.000040000000353757e-01
2.000009999999861066e-01
2.000019999999835818e-01
2.000029999999810570e-01
2.000019999999835818e-01
2.000019999999835818e-01
2.000019999999835818e-01
2.535469999999691026e-01
2.000040000000353757e-01
2.000009999999861066e-01
2.000039999999785323e-01
2.000009999999861066e-01
2.000000000000454747e-01
2.000030000000379005e-01
2.000020000000404252e-01
2.574210000000221044e-01
2.000009999999861066e-01
2.000409999999988031e-01
2.000000000000454747e-01
2.000019999999835818e-01
2.000029999999810570e-01
2.000019999999835818e-01
2.000039999999785323e-01
2.504089999999905558e-01
2.000019999999835818e-01
2.000000000000454747e-01
2.000019999999835818e-01
2.000030000000379005e-01
2.000019999999835818e-01
2.000009999999861066e-01
2.000029999999810570e-01
2.640589999999747306e-01
2.000029999999810570e-01
2.000009999999861066e-01
2.000010000000429500e-01
2.000030000000379005e-01
2.000040000000353757e-01
2.000000000000454747e-01
2.000010000000429500e-01
2.460599999999999454e-01
2.000009999999861066e-01
2.000029999999810570e-01
2.000019999999835818e-01
2.000029999999810570e-01
2.000039999999785323e-01
2.000019999999835818e-01
2.000039999999785323e-01
2.616170000000010987e-01
2.000010000000429500e-01
2.000020000000404252e-01
2.000039999999785323e-01
2.000009999999861066e-01
2.000029999999810570e-01
2.000029999999810570e-01
2.000029999999810570e-01
2.559099999999716601e-01
2.000039999999785323e-01
2.000009999999861066e-01
2.000009999999861066e-01
2.000019999999835818e-01
2.000019999999835818e-01
2.000020000000404252e-01
2.000020000000404252e-01
2.546360000000049695e-01
2.000009999999861066e-01
2.000029999999810570e-01
2.000040000000353757e-01
2.000029999999810570e-01
2.000039999999785323e-01
2.000029999999810570e-01
2.000039999999785323e-01
2.457420000000070104e-01
2.000029999999810570e-01
2.000030000000379005e-01
2.000000000000454747e-01
2.000039999999785323e-01
2.000009999999861066e-01
2.000029999999810570e-01
2.000009999999861066e-01
2.545400000000199725e-01
2.000009999999861066e-01
2.000020000000404252e-01
2.000009999999861066e-01
2.000000000000454747e-01
2.000009999999861066e-01
2.000039999999785323e-01
2.000010000000429500e-01
2.534739999999828797e-01
2.000009999999861066e-01
2.000019999999835818e-01
2.000010000000429500e-01
2.000019999999835818e-01
2.000029999999810570e-01
2.000000000000454747e-01
2.000029999999810570e-01
2.567799999999920146e-01
2.000000000000454747e-01
2.000009999999861066e-01
2.000020000000404252e-01
2.000030000000379005e-01
2.000039999999785323e-01
2.000040000000353757e-01
2.000019999999835818e-01
2.546999999999570719e-01
2.000019999999835818e-01
2.000100000000202272e-01
2.000000000000454747e-01
2.000010000000429500e-01
2.000010000000429500e-01
2.000009999999861066e-01
2.000039999999785323e-01
2.511639999999601969e-01
2.000030000000379005e-01
2.000009999999861066e-01
2.000019999999835818e-01
2.000009999999861066e-01
2.000029999999810570e-01
2.000039999999785323e-01
2.000020000000404252e-01
2.570699999999987995e-01
2.326610000000073342e-01
2.000019999999835818e-01
2.000029999999810570e-01
2.000020000000404252e-01
2.000009999999861066e-01
2.000040000000353757e-01
2.000010000000429500e-01
2.630390000000488726e-01
2.000000000000454747e-01
2.000029999999810570e-01
2.000039999999785323e-01
2.000019999999835818e-01
2.000029999999810570e-01
2.000000000000454747e-01
2.000029999999810570e-01
2.534899999999993270e-01
2.000040000000353757e-01
2.000019999999835818e-01
2.000029999999810570e-01
2.000019999999835818e-01
2.000029999999810570e-01
2.000009999999861066e-01
2.000029999999810570e-01
2.489519999999743050e-01
2.000010000000429500e-01
2.000269999999773063e-01
2.000010000000429500e-01
2.000039999999785323e-01
2.000010000000429500e-01
2.000040000000353757e-01
2.000040000000353757e-01
2.582060000000296895e-01
2.000040000000353757e-01
2.000039999999785323e-01
2.000010000000429500e-01
2.000020000000404252e-01
2.000009999999861066e-01
2.000019999999835818e-01
2.000020000000404252e-01
2.577440000000024156e-01
2.000039999999785323e-01
2.000029999999810570e-01
2.000009999999861066e-01
2.000019999999835818e-01
2.000019999999835818e-01
2.000029999999810570e-01
2.000019999999835818e-01
2.678779999999960637e-01
2.000029999999810570e-01
2.000039999999785323e-01
2.000039999999785323e-01
2.000009999999861066e-01
2.000000000000454747e-01
2.000019999999835818e-01
2.000040000000353757e-01
2.523739999999747852e-01
2.000019999999835818e-01
2.000020000000404252e-01
2.000030000000379005e-01
2.000009999999861066e-01
2.000030000000379005e-01
2.000020000000404252e-01
2.000009999999861066e-01
2.571349999999483771e-01
2.000030000000379005e-01
2.000019999999267384e-01
2.000010000000429500e-01
2.000040000000353757e-01
2.000030000000379005e-01
2.000010000000429500e-01
2.000009999999292631e-01
2.568599999999605643e-01
2.000029999999242136e-01
2.000000000000454747e-01
2.000010000000429500e-01
2.000030000000379005e-01
2.000009999999292631e-01
2.000010000000429500e-01
2.000000000000454747e-01
2.646099999999478314e-01
2.000340000000733198e-01
2.000020000000404252e-01
2.000020000000404252e-01
2.000000000000454747e-01
2.000019999999267384e-01
2.000010000000429500e-01
2.000030000000379005e-01
2.592740000000048894e-01
2.000030000000379005e-01
2.000000000000454747e-01
2.000000000000454747e-01
2.000010000000429500e-01
2.000010000000429500e-01
2.000009999999292631e-01
2.000010000000429500e-01
2.584970000000339496e-01
2.000029999999242136e-01
2.000030000000379005e-01
2.000009999999292631e-01
2.000030000000379005e-01
2.000000000000454747e-01
2.000010000000429500e-01
2.000000000000454747e-01
2.603449999999156717e-01
2.000020000000404252e-01
2.000009999999292631e-01
2.000030000000379005e-01
2.000000000000454747e-01
2.000010000000429500e-01
2.000010000000429500e-01
2.000030000000379005e-01
2.569110000000591754e-01
2.000050000000328509e-01
2.000030000000379005e-01
2.000030000000379005e-01
2.000010000000429500e-01
2.000039999999216889e-01
2.000000000000454747e-01
2.000020000000404252e-01
2.610789999999951760e-01
2.000010000000429500e-01
2.000030000000379005e-01
2.000009999999292631e-01
2.000039999999216889e-01
2.000030000000379005e-01
2.000019999999267384e-01
2.000030000000379005e-01
2.546280000000251675e-01
2.000009999999292631e-01
2.000030000000379005e-01
2.000000000000454747e-01
2.000020000000404252e-01
2.000039999999216889e-01
2.000020000000404252e-01
2.000020000000404252e-01
2.569240000000263535e-01
2.000019999999267384e-01
2.000020000000404252e-01
2.000030000000379005e-01
2.000020000000404252e-01
2.000030000000379005e-01
2.000029999999242136e-01
2.000009999999292631e-01
2.537360000000035143e-01
2.000030000000379005e-01
2.000019999999267384e-01
2.000020000000404252e-01
2.000020000000404252e-01
2.000030000000379005e-01
2.000009999999292631e-01
2.000020000000404252e-01
2.550840000000107466e-01
2.000039999999216889e-01
2.000000000000454747e-01
2.000030000000379005e-01
2.000020000000404252e-01
2.000030000000379005e-01
2.000000000000454747e-01
2.000000000000454747e-01
2.525400000000672662e-01
2.000020000000404252e-01
2.000029999999242136e-01
2.000019999999267384e-01
2.000010000000429500e-01
2.000030000000379005e-01
2.000000000000454747e-01
2.000019999999267384e-01
2.508330000000569271e-01
2.000030000000379005e-01
2.000030000000379005e-01
2.000010000000429500e-01
2.000039999999216889e-01
2.000030000000379005e-01
2.000009999999292631e-01
2.000030000000379005e-01
2.488009999999576394e-01
2.000000000000454747e-01
2.000010000000429500e-01
2.000000000000454747e-01
2.000030000000379005e-01
2.000019999999267384e-01
2.000010000000429500e-01
2.000000000000454747e-01
2.550320000000283471e-01
2.000029999999242136e-01
2.000019999999267384e-01
2.000020000000404252e-01
2.000030000000379005e-01
2.000019999999267384e-01
2.000000000000454747e-01
2.000030000000379005e-01
2.656700000000000728e-01
2.000029999999242136e-01
2.000039999999216889e-01
2.000020000000404252e-01
2.000019999999267384e-01
2.000000000000454747e-01
2.000040000000353757e-01
2.000030000000379005e-01
2.599800000000414002e-01
2.000010000000429500e-01
2.000010000000429500e-01
2.000020000000404252e-01
2.000000000000454747e-01
2.000000000000454747e-01
2.000030000000379005e-01
2.000000000000454747e-01
2.654009999999971114e-01
2.000040000000353757e-01
2.000029999999242136e-01
2.000039999999216889e-01
2.000010000000429500e-01
2.000030000000379005e-01
2.000019999999267384e-01
2.000029999999242136e-01
2.554360000000315267e-01
2.000010000000429500e-01
2.000000000000454747e-01
2.000019999999267384e-01
2.000010000000429500e-01
2.000000000000454747e-01
2.000020000000404252e-01
2.000020000000404252e-01
2.509720000000470463e-01
2.000029999999242136e-01
2.000029999999242136e-01
2.000029999999242136e-01
2.000000000000454747e-01
2.000000000000454747e-01
2.000019999999267384e-01
2.000029999999242136e-01
2.454450000000178989e-01
2.000030000000379005e-01
2.000000000000454747e-01
2.000019999999267384e-01
2.000009999999292631e-01
2.000009999999292631e-01
2.000010000000429500e-01
2.000010000000429500e-01
2.501620000000457367e-01
2.000010000000429500e-01
2.000010000000429500e-01
2.000020000000404252e-01
2.000009999999292631e-01
2.000049999999191641e-01
2.000030000000379005e-01
2.000020000000404252e-01
2.527019999999993161e-01
2.000030000000379005e-01
2.000000000000454747e-01
2.000009999999292631e-01
2.000029999999242136e-01
2.000010000000429500e-01
2.000010000000429500e-01
2.000010000000429500e-01
2.470540000000482905e-01
2.000030000000379005e-01
2.000000000000454747e-01
2.000030000000379005e-01
2.000030000000379005e-01
2.000030000000379005e-01
2.000000000000454747e-01
2.000030000000379005e-01
2.527530000000979271e-01
2.000010000000429500e-01
2.000000000000454747e-01
2.000550000000202999e-01
2.000009999999292631e-01
2.000010000000429500e-01
2.000030000000379005e-01
2.000020000000404252e-01
2.587210000000368382e-01
2.000019999999267384e-01
2.000040000000353757e-01
2.000009999999292631e-01
2.000020000000404252e-01
2.000039999999216889e-01
2.000030000000379005e-01
2.000030000000379005e-01
2.497610000000349828e-01
2.000020000000404252e-01
2.000009999999292631e-01
2.000029999999242136e-01
2.000020000000404252e-01
2.000019999999267384e-01
2.000010000000429500e-01
2.000019999999267384e-01
2.585050000000137516e-01
2.000020000000404252e-01
2.000040000000353757e-01
2.000030000000379005e-01
2.000010000000429500e-01
2.000000000000454747e-01
2.000039999999216889e-01
2.000030000000379005e-01
2.548010000000431319e-01
2.000009999999292631e-01
2.000010000000429500e-01
2.000020000000404252e-01
2.000039999999216889e-01
2.000020000000404252e-01
2.000029999999242136e-01
2.000010000000429500e-01
2.533149999999295687e-01
2.000029999999242136e-01
2.000020000000404252e-01
2.000020000000404252e-01
2.000030000000379005e-01
2.000029999999242136e-01
2.000039999999216889e-01
2.000020000000404252e-01
2.580319999999574065e-01
2.000020000000404252e-01
2.000040000000353757e-01
2.000030000000379005e-01
2.000030000000379005e-01
2.000019999999267384e-01
2.000000000000454747e-01
2.000019999999267384e-01
2.596140000000559667e-01
2.000010000000429500e-01
2.000029999999242136e-01
2.000010000000429500e-01
2.000009999999292631e-01
2.000020000000404252e-01
2.000019999999267384e-01
2.000010000000429500e-01
2.575100000000247746e-01
2.000039999999216889e-01
2.000010000000429500e-01
2.000009999999292631e-01
2.000009999999292631e-01
2.000010000000429500e-01
2.000029999999242136e-01
2.000039999999216889e-01
2.543929999999363645e-01
2.000030000000379005e-01
2.000009999999292631e-01
2.000029999999242136e-01
2.000029999999242136e-01
2.000009999999292631e-01
2.000000000000454747e-01
2.000029999999242136e-01
2.576970000000073924e-01
2.000000000000454747e-01
2.000019999999267384e-01
2.000000000000454747e-01
2.000030000000379005e-01
2.000030000000379005e-01
2.000039999999216889e-01
2.000010000000429500e-01
2.542300000000068394e-01
2.000039999999216889e-01
2.000030000000379005e-01
2.000019999999267384e-01
2.000010000000429500e-01
2.000020000000404252e-01
2.000000000000454747e-01
2.000039999999216889e-01
2.482469999999921129e-01
2.000030000000379005e-01
2.000019999999267384e-01
2.000020000000404252e-01
2.000099999999065403e-01
2.000030000000379005e-01
2.000000000000454747e-01
2.000030000000379005e-01
2.446580000000722066e-01
2.000029999999242136e-01
2.000010000000429500e-01
2.000029999999242136e-01
2.000010000000429500e-01
2.000009999999292631e-01
2.000019999999267384e-01
2.000030000000379005e-01
2.548550000000204818e-01
2.000020000000404252e-01
2.000000000000454747e-01
2.000010000000429500e-01
2.000020000000404252e-01
2.000000000000454747e-01
2.000000000000454747e-01
2.000029999999242136e-01
2.540040000000090004e-01
2.000030000000379005e-01
2.000029999999242136e-01
2.000029999999242136e-01
2.000010000000429500e-01
2.000009999999292631e-01
2.000009999999292631e-01
2.000010000000429500e-01
2.557590000000118380e-01
2.000000000000454747e-01
2.000009999999292631e-01
2.000029999999242136e-01
2.221700000000055297e-01
2.000030000000379005e-01
2.000029999999242136e-01
2.000000000000454747e-01
2.607339999999567226e-01
2.000009999999292631e-01
2.000009999999292631e-01
2.000010000000429500e-01
2.000000000000454747e-01
2.000020000000404252e-01
2.000009999999292631e-01
2.000010000000429500e-01
2.573110000000724540e-01
2.000000000000454747e-01
2.000009999999292631e-01
2.000020000000404252e-01
2.000009999999292631e-01
2.000030000000379005e-01
2.000000000000454747e-01
2.000029999999242136e-01
2.529539999999315114e-01
2.000039999999216889e-01
2.000019999999267384e-01
2.000029999999242136e-01
2.000030000000379005e-01
2.000009999999292631e-01
2.000009999999292631e-01
2.000000000000454747e-01
2.506039999999529755e-01
2.000030000000379005e-01
2.000009999999292631e-01
2.000039999999216889e-01
2.000010000000429500e-01
2.000030000000379005e-01
2.000009999999292631e-01
2.000020000000404252e-01
