# Rotation Matrix timer: 2017-12-12 17:52:02.332203
2.130999999999994010e-03
1.468999999999720529e-03
1.494000000000106354e-03
2.380999999999744432e-03
1.453999999998956127e-03
1.471999999999695774e-03
1.447999999999893816e-03
1.727000000002476554e-03
1.521000000000327645e-03
1.500000000000056843e-03
1.578999999999552983e-03
1.521000000000327645e-03
1.471000000002220531e-03
1.471000000002220531e-03
2.097999999996602583e-03
1.472999999997171017e-03
1.454999999999984084e-03
1.464999999996052793e-03
1.480999999998289240e-03
1.453999999995403414e-03
2.349000000002376964e-03
1.635000000000275122e-03
1.533999999999480224e-03
1.484000000004925823e-03
1.498000000005106358e-03
1.465000000010263648e-03
1.452999999997928171e-03
1.470999999995115104e-03
1.479000000003338755e-03
1.549999999994611244e-03
2.328000000005658876e-03
1.504999999994538484e-03
1.508000000001175067e-03
1.688000000001466105e-03
1.452999999997928171e-03
1.508000000001175067e-03
1.574000000005071342e-03
2.425999999999817192e-03
1.863999999997645318e-03
1.467000000005214133e-03
1.515999999995187864e-03
1.603000000002907655e-03
1.453000000012139026e-03
1.559000000000310138e-03
1.497000000000525688e-03
1.463999999998577550e-03
1.492999999996413862e-03
1.476999999994177415e-03
1.565999999996847691e-03
1.491999999998938620e-03
1.494000000008099960e-03
1.502000000016323611e-03
1.502999999985377144e-03
1.583999999979823770e-03
1.456999999987829142e-03
1.460000000008676579e-03
2.291000000013809768e-03
1.473000000004276444e-03
1.483000000007450581e-03
1.446999999984655005e-03
1.456000000018775609e-03
1.467999999988478521e-03
1.425000000011777956e-03
1.449999999977080734e-03
1.489999999989777280e-03
1.598000000001320586e-03
1.556999999991148798e-03
1.508999999998650310e-03
1.677000000000816726e-03
1.465999999993528036e-03
1.576999999997497071e-03
1.491000000015674232e-03
1.493000000010624717e-03
1.521999999994250174e-03
1.459000000011201337e-03
1.450000000005502443e-03
1.491000000015674232e-03
1.488999999992302037e-03
2.374000000003206878e-03
1.557999999988624040e-03
1.457999999985304385e-03
1.458000000013726094e-03
1.546999999987974661e-03
1.458000000013726094e-03
1.517000000006873961e-03
1.501999999987901901e-03
1.546000000018921128e-03
1.459000000011201337e-03
2.488999999997076884e-03
1.504000000011274096e-03
1.514999999983501766e-03
1.502000000016323611e-03
1.482000000009975338e-03
1.504000000011274096e-03
1.481000000012500095e-03
1.455999999990353899e-03
1.472000000006801201e-03
1.552000000003772584e-03
1.536999999984800525e-03
1.461000000006151822e-03
1.493999999979678250e-03
1.461000000006151822e-03
1.497000000028947397e-03
1.467999999988478521e-03
1.730000000009113137e-03
1.502000000016323611e-03
1.461000000006151822e-03
1.547000000016396370e-03
1.485999999999876309e-03
1.550999999949453922e-03
1.458000000013726094e-03
1.454000000023825123e-03
1.534999999989850039e-03
1.576000000000021828e-03
1.475000000027648639e-03
1.546000000018921128e-03
1.561999999978525011e-03
1.468999999985953764e-03
1.472000000035222911e-03
1.486999999997351551e-03
1.477999999963230948e-03
1.508999999998650310e-03
1.494999999977153493e-03
1.468000000045321940e-03
1.451999999972031219e-03
1.472999999975854735e-03
1.482000000009975338e-03
1.468999999985953764e-03
1.464999999996052793e-03
1.496000000031472155e-03
1.531999999997424311e-03
1.487999999994826794e-03
1.509999999996125553e-03
1.463000000001102308e-03
1.458999999954357918e-03
1.470000000040272425e-03
1.491999999984727765e-03
1.516000000037820428e-03
1.576999999997497071e-03
1.504000000011274096e-03
1.513999999986026523e-03
1.498999999967054464e-03
1.493000000039046427e-03
1.457000000016250851e-03
1.517999999975927494e-03
1.538999999979751010e-03
1.456000000018775609e-03
1.929000000018277206e-03
1.484000000004925823e-03
1.470999999980904249e-03
1.470999999980904249e-03
1.492000000041571184e-03
1.499000000023897883e-03
1.463000000001102308e-03
1.591000000018993887e-03
1.493999999979678250e-03
1.567000000022744644e-03
1.498000000026422640e-03
1.532999999994899554e-03
1.512999999988551281e-03
1.507000000003699824e-03
1.515999999980977009e-03
1.480000000015024852e-03
1.485999999999876309e-03
1.502000000016323611e-03
1.458000000013726094e-03
1.500999999962004949e-03
1.483000000007450581e-03
1.460000000008676579e-03
1.503000000013798854e-03
1.538000000039119186e-03
1.463999999998577550e-03
1.503000000013798854e-03
1.459000000011201337e-03
1.453999999966981704e-03
1.576000000000021828e-03
1.469999999983429007e-03
1.581999999984873284e-03
1.443999999992229277e-03
1.498000000026422640e-03
1.527000000010048097e-03
1.491000000044095941e-03
1.551000000006297341e-03
1.486999999997351551e-03
1.462000000003627065e-03
1.490999999987252522e-03
1.484000000004925823e-03
1.513999999986026523e-03
1.453999999966981704e-03
1.486999999997351551e-03
1.455999999961932190e-03
1.465999999993528036e-03
1.538999999979751010e-03
1.527000000010048097e-03
1.491999999984727765e-03
1.545000000021445885e-03
1.484000000004925823e-03
1.458999999954357918e-03
1.505000000065592758e-03
1.469999999926585588e-03
1.513999999929183105e-03
1.502999999956955435e-03
1.506000000063068001e-03
1.537999999982275767e-03
1.482000000009975338e-03
1.498000000083266059e-03
1.489999999989777280e-03
1.510999999936757376e-03
1.565000000027794158e-03
1.463999999941734131e-03
1.570000000015170372e-03
1.874999999927240424e-03
1.470000000040272425e-03
1.527000000010048097e-03
1.523000000020147127e-03
1.505999999949381163e-03
1.541999999972176738e-03
1.477000000022599124e-03
1.466999999934159860e-03
1.540999999974701495e-03
1.456000000075619027e-03
1.477000000022599124e-03
1.467000000047846697e-03
1.540999999974701495e-03
1.488999999992302037e-03
2.384000000006381015e-03
1.629999999977371772e-03
1.462000000060470484e-03
2.321999999935542291e-03
1.453999999966981704e-03
1.463000000057945726e-03
1.546999999959552952e-03
2.428000000008978532e-03
1.567999999906533048e-03
1.479000000017549610e-03
1.497000000085790816e-03
1.479000000017549610e-03
1.644000000055712007e-03
1.496000000088315574e-03
1.677000000086081855e-03
1.509000000055493729e-03
1.472000000035222911e-03
